[2025-06-12T20:04:28.318+0000] {taskinstance.py:1956} INFO - Dependencies all met for dep_context=non-requeueable deps ti=<TaskInstance: score_missing_articles_pipeline.score_missing_articles manual__2025-06-12T20:04:22.787762+00:00 [queued]>
[2025-06-12T20:04:28.330+0000] {taskinstance.py:1956} INFO - Dependencies all met for dep_context=requeueable deps ti=<TaskInstance: score_missing_articles_pipeline.score_missing_articles manual__2025-06-12T20:04:22.787762+00:00 [queued]>
[2025-06-12T20:04:28.331+0000] {taskinstance.py:2170} INFO - Starting attempt 1 of 2
[2025-06-12T20:04:28.346+0000] {taskinstance.py:2191} INFO - Executing <Task(PythonOperator): score_missing_articles> on 2025-06-12 20:04:22.787762+00:00
[2025-06-12T20:04:28.358+0000] {standard_task_runner.py:60} INFO - Started process 205 to run task
[2025-06-12T20:04:28.364+0000] {standard_task_runner.py:87} INFO - Running: ['***', 'tasks', 'run', 'score_missing_articles_pipeline', 'score_missing_articles', 'manual__2025-06-12T20:04:22.787762+00:00', '--job-id', '355', '--raw', '--subdir', 'DAGS_FOLDER/score_missing_dag.py', '--cfg-path', '/tmp/tmp0i_gdmgw']
[2025-06-12T20:04:28.371+0000] {standard_task_runner.py:88} INFO - Job 355: Subtask score_missing_articles
[2025-06-12T20:04:28.459+0000] {task_command.py:423} INFO - Running <TaskInstance: score_missing_articles_pipeline.score_missing_articles manual__2025-06-12T20:04:22.787762+00:00 [running]> on host ae5839759441
[2025-06-12T20:04:28.533+0000] {taskinstance.py:2480} INFO - Exporting env vars: AIRFLOW_CTX_DAG_OWNER='***' AIRFLOW_CTX_DAG_ID='score_missing_articles_pipeline' AIRFLOW_CTX_TASK_ID='score_missing_articles' AIRFLOW_CTX_EXECUTION_DATE='2025-06-12T20:04:22.787762+00:00' AIRFLOW_CTX_TRY_NUMBER='1' AIRFLOW_CTX_DAG_RUN_ID='manual__2025-06-12T20:04:22.787762+00:00'
[2025-06-12T20:04:28.535+0000] {score_missing_articles.py:19} INFO - Initialisation du client BigQuery...
[2025-06-12T20:04:28.576+0000] {score_missing_articles.py:32} INFO - Chargement des modèles de langage...
[2025-06-12T20:04:30.334+0000] {score_missing_articles.py:41} INFO - Modèle ClassCat/gpt2-base-french chargé.
[2025-06-12T20:04:34.575+0000] {score_missing_articles.py:41} INFO - Modèle asi/gpt-fr-cased-base chargé.
[2025-06-12T20:04:36.058+0000] {score_missing_articles.py:41} INFO - Modèle asi/gpt-fr-cased-small chargé.
[2025-06-12T20:04:37.046+0000] {score_missing_articles.py:41} INFO - Modèle dbddv01/gpt2-french-small chargé.
[2025-06-12T20:04:37.049+0000] {score_missing_articles.py:49} INFO - Exécution de la requête BigQuery pour récupérer les articles à scorer...
[2025-06-12T20:04:37.924+0000] {score_missing_articles.py:56} INFO - Traitement de l'article b9380d484c126eb86f26be25cdb22c5a...
[2025-06-12T20:04:39.156+0000] {log.py:232} WARNING - `loss_type=None` was set in the config but it is unrecognised.Using the default loss: `ForCausalLMLoss`.
[2025-06-12T20:04:39.245+0000] {score_missing_articles.py:63} INFO - score_cat => score=325.9336
[2025-06-12T20:04:47.452+0000] {score_missing_articles.py:63} INFO - score_base => score=16.2541
[2025-06-12T20:04:48.625+0000] {score_missing_articles.py:63} INFO - score_small => score=28.4585
[2025-06-12T20:04:49.946+0000] {score_missing_articles.py:63} INFO - score_dbdd => score=80.6796
[2025-06-12T20:04:49.947+0000] {score_missing_articles.py:56} INFO - Traitement de l'article 3de1882e2ef27bf5df41a5690183c835...
[2025-06-12T20:04:50.422+0000] {score_missing_articles.py:63} INFO - score_cat => score=210.7558
[2025-06-12T20:04:53.929+0000] {score_missing_articles.py:63} INFO - score_base => score=13.5926
[2025-06-12T20:04:54.437+0000] {score_missing_articles.py:63} INFO - score_small => score=24.9220
[2025-06-12T20:04:54.931+0000] {score_missing_articles.py:63} INFO - score_dbdd => score=61.1344
[2025-06-12T20:04:54.932+0000] {score_missing_articles.py:56} INFO - Traitement de l'article 5ee1a94452b0c78a3c704f5c79d78fd5...
[2025-06-12T20:04:56.270+0000] {score_missing_articles.py:63} INFO - score_cat => score=406.5005
[2025-06-12T20:05:04.315+0000] {score_missing_articles.py:63} INFO - score_base => score=23.6512
[2025-06-12T20:05:05.516+0000] {score_missing_articles.py:63} INFO - score_small => score=42.9857
[2025-06-12T20:05:06.800+0000] {score_missing_articles.py:63} INFO - score_dbdd => score=151.3460
[2025-06-12T20:05:06.800+0000] {score_missing_articles.py:56} INFO - Traitement de l'article 2fc7a985938921a19b855d6675544c29...
[2025-06-12T20:05:07.626+0000] {score_missing_articles.py:63} INFO - score_cat => score=239.5112
[2025-06-12T20:05:13.584+0000] {score_missing_articles.py:63} INFO - score_base => score=16.0467
[2025-06-12T20:05:14.472+0000] {score_missing_articles.py:63} INFO - score_small => score=30.6811
[2025-06-12T20:05:15.389+0000] {score_missing_articles.py:63} INFO - score_dbdd => score=98.3770
[2025-06-12T20:05:15.390+0000] {score_missing_articles.py:56} INFO - Traitement de l'article 4bc0fd151d88dc1c0f534f4674a3869c...
[2025-06-12T20:05:15.927+0000] {score_missing_articles.py:63} INFO - score_cat => score=335.0670
[2025-06-12T20:05:19.670+0000] {score_missing_articles.py:63} INFO - score_base => score=19.5936
[2025-06-12T20:05:20.282+0000] {score_missing_articles.py:63} INFO - score_small => score=41.6503
[2025-06-12T20:05:20.846+0000] {score_missing_articles.py:63} INFO - score_dbdd => score=137.3536
[2025-06-12T20:05:20.846+0000] {score_missing_articles.py:56} INFO - Traitement de l'article 4c8def08682560e3fb9328a82bc2726e...
[2025-06-12T20:05:21.607+0000] {score_missing_articles.py:63} INFO - score_cat => score=400.8392
[2025-06-12T20:05:26.564+0000] {score_missing_articles.py:63} INFO - score_base => score=18.6144
[2025-06-12T20:05:27.283+0000] {score_missing_articles.py:63} INFO - score_small => score=37.1514
[2025-06-12T20:05:28.034+0000] {score_missing_articles.py:63} INFO - score_dbdd => score=149.3435
[2025-06-12T20:05:28.035+0000] {score_missing_articles.py:56} INFO - Traitement de l'article 2b3677b8c529497c2148c9a5e10e368e...
[2025-06-12T20:05:28.819+0000] {score_missing_articles.py:63} INFO - score_cat => score=187.8074
[2025-06-12T20:05:34.205+0000] {score_missing_articles.py:63} INFO - score_base => score=13.0753
[2025-06-12T20:05:35.001+0000] {score_missing_articles.py:63} INFO - score_small => score=22.4476
[2025-06-12T20:05:35.826+0000] {score_missing_articles.py:63} INFO - score_dbdd => score=65.5614
[2025-06-12T20:05:35.827+0000] {score_missing_articles.py:56} INFO - Traitement de l'article 01631aa83c0c677aa529f7d94cfb90b3...
[2025-06-12T20:05:36.493+0000] {score_missing_articles.py:63} INFO - score_cat => score=283.4806
[2025-06-12T20:05:40.894+0000] {score_missing_articles.py:63} INFO - score_base => score=14.4263
[2025-06-12T20:05:41.527+0000] {score_missing_articles.py:63} INFO - score_small => score=30.1557
[2025-06-12T20:05:42.222+0000] {score_missing_articles.py:63} INFO - score_dbdd => score=92.8955
[2025-06-12T20:05:42.223+0000] {score_missing_articles.py:56} INFO - Traitement de l'article 7128e934ca69d85950687bd81400e145...
[2025-06-12T20:05:43.495+0000] {score_missing_articles.py:63} INFO - score_cat => score=299.3855
[2025-06-12T20:05:51.782+0000] {score_missing_articles.py:63} INFO - score_base => score=19.5629
[2025-06-12T20:05:53.085+0000] {score_missing_articles.py:63} INFO - score_small => score=34.1733
[2025-06-12T20:05:54.434+0000] {score_missing_articles.py:63} INFO - score_dbdd => score=96.8785
[2025-06-12T20:05:54.434+0000] {score_missing_articles.py:56} INFO - Traitement de l'article 0685198d93d79d74feab4f4123d7d7e3...
[2025-06-12T20:05:55.322+0000] {score_missing_articles.py:63} INFO - score_cat => score=674.7722
[2025-06-12T20:06:02.610+0000] {score_missing_articles.py:63} INFO - score_base => score=28.9159
[2025-06-12T20:06:03.580+0000] {score_missing_articles.py:63} INFO - score_small => score=68.5592
[2025-06-12T20:06:04.515+0000] {score_missing_articles.py:63} INFO - score_dbdd => score=183.1235
[2025-06-12T20:06:04.516+0000] {score_missing_articles.py:74} INFO - 10 lignes à mettre à jour dans BigQuery.
[2025-06-12T20:06:07.480+0000] {score_missing_articles.py:89} INFO - Mise à jour BigQuery terminée.
[2025-06-12T20:06:07.693+0000] {python.py:201} INFO - Done. Returned value was: None
[2025-06-12T20:06:07.703+0000] {taskinstance.py:1138} INFO - Marking task as SUCCESS. dag_id=score_missing_articles_pipeline, task_id=score_missing_articles, execution_date=20250612T200422, start_date=20250612T200428, end_date=20250612T200607
[2025-06-12T20:06:08.150+0000] {local_task_job_runner.py:234} INFO - Task exited with return code 0
[2025-06-12T20:06:08.163+0000] {taskinstance.py:3280} INFO - 0 downstream tasks scheduled from follow-on schedule check
