[2025-06-10T06:54:36.883+0000] {processor.py:161} INFO - Started process (PID=33) to work on /opt/airflow/dags/rss_scrap_dag.py
[2025-06-10T06:54:36.885+0000] {processor.py:830} INFO - Processing file /opt/airflow/dags/rss_scrap_dag.py for tasks to queue
[2025-06-10T06:54:36.888+0000] {logging_mixin.py:188} INFO - [2025-06-10T06:54:36.887+0000] {dagbag.py:538} INFO - Filling up the DagBag from /opt/airflow/dags/rss_scrap_dag.py
[2025-06-10T06:54:39.218+0000] {processor.py:840} INFO - DAG(s) 'news_ingestion_pipeline' retrieved from /opt/airflow/dags/rss_scrap_dag.py
[2025-06-10T06:54:39.283+0000] {logging_mixin.py:188} INFO - [2025-06-10T06:54:39.282+0000] {dag.py:3036} INFO - Sync 1 DAGs
[2025-06-10T06:54:39.313+0000] {logging_mixin.py:188} INFO - [2025-06-10T06:54:39.313+0000] {dag.py:3823} INFO - Setting next_dagrun for news_ingestion_pipeline to None, run_after=None
[2025-06-10T06:54:39.461+0000] {processor.py:183} INFO - Processing /opt/airflow/dags/rss_scrap_dag.py took 2.584 seconds
[2025-06-10T06:55:09.796+0000] {processor.py:161} INFO - Started process (PID=41) to work on /opt/airflow/dags/rss_scrap_dag.py
[2025-06-10T06:55:09.798+0000] {processor.py:830} INFO - Processing file /opt/airflow/dags/rss_scrap_dag.py for tasks to queue
[2025-06-10T06:55:09.808+0000] {logging_mixin.py:188} INFO - [2025-06-10T06:55:09.801+0000] {dagbag.py:538} INFO - Filling up the DagBag from /opt/airflow/dags/rss_scrap_dag.py
[2025-06-10T06:55:10.949+0000] {processor.py:840} INFO - DAG(s) 'news_ingestion_pipeline' retrieved from /opt/airflow/dags/rss_scrap_dag.py
[2025-06-10T06:55:11.036+0000] {logging_mixin.py:188} INFO - [2025-06-10T06:55:11.035+0000] {dag.py:3036} INFO - Sync 1 DAGs
[2025-06-10T06:55:11.047+0000] {logging_mixin.py:188} INFO - [2025-06-10T06:55:11.046+0000] {dag.py:3823} INFO - Setting next_dagrun for news_ingestion_pipeline to None, run_after=None
[2025-06-10T06:55:11.067+0000] {processor.py:183} INFO - Processing /opt/airflow/dags/rss_scrap_dag.py took 1.281 seconds
[2025-06-10T06:55:41.320+0000] {processor.py:161} INFO - Started process (PID=45) to work on /opt/airflow/dags/rss_scrap_dag.py
[2025-06-10T06:55:41.321+0000] {processor.py:830} INFO - Processing file /opt/airflow/dags/rss_scrap_dag.py for tasks to queue
[2025-06-10T06:55:41.323+0000] {logging_mixin.py:188} INFO - [2025-06-10T06:55:41.323+0000] {dagbag.py:538} INFO - Filling up the DagBag from /opt/airflow/dags/rss_scrap_dag.py
[2025-06-10T06:55:41.961+0000] {processor.py:840} INFO - DAG(s) 'news_ingestion_pipeline' retrieved from /opt/airflow/dags/rss_scrap_dag.py
[2025-06-10T06:55:41.979+0000] {logging_mixin.py:188} INFO - [2025-06-10T06:55:41.979+0000] {dag.py:3036} INFO - Sync 1 DAGs
[2025-06-10T06:55:41.988+0000] {logging_mixin.py:188} INFO - [2025-06-10T06:55:41.987+0000] {dag.py:3823} INFO - Setting next_dagrun for news_ingestion_pipeline to None, run_after=None
[2025-06-10T06:55:42.003+0000] {processor.py:183} INFO - Processing /opt/airflow/dags/rss_scrap_dag.py took 0.687 seconds
[2025-06-10T06:56:12.247+0000] {processor.py:161} INFO - Started process (PID=51) to work on /opt/airflow/dags/rss_scrap_dag.py
[2025-06-10T06:56:12.248+0000] {processor.py:830} INFO - Processing file /opt/airflow/dags/rss_scrap_dag.py for tasks to queue
[2025-06-10T06:56:12.250+0000] {logging_mixin.py:188} INFO - [2025-06-10T06:56:12.250+0000] {dagbag.py:538} INFO - Filling up the DagBag from /opt/airflow/dags/rss_scrap_dag.py
[2025-06-10T06:56:12.884+0000] {processor.py:840} INFO - DAG(s) 'news_ingestion_pipeline' retrieved from /opt/airflow/dags/rss_scrap_dag.py
[2025-06-10T06:56:12.903+0000] {logging_mixin.py:188} INFO - [2025-06-10T06:56:12.902+0000] {dag.py:3036} INFO - Sync 1 DAGs
[2025-06-10T06:56:12.912+0000] {logging_mixin.py:188} INFO - [2025-06-10T06:56:12.911+0000] {dag.py:3823} INFO - Setting next_dagrun for news_ingestion_pipeline to None, run_after=None
[2025-06-10T06:56:12.927+0000] {processor.py:183} INFO - Processing /opt/airflow/dags/rss_scrap_dag.py took 0.684 seconds
[2025-06-10T06:56:43.179+0000] {processor.py:161} INFO - Started process (PID=57) to work on /opt/airflow/dags/rss_scrap_dag.py
[2025-06-10T06:56:43.180+0000] {processor.py:830} INFO - Processing file /opt/airflow/dags/rss_scrap_dag.py for tasks to queue
[2025-06-10T06:56:43.182+0000] {logging_mixin.py:188} INFO - [2025-06-10T06:56:43.182+0000] {dagbag.py:538} INFO - Filling up the DagBag from /opt/airflow/dags/rss_scrap_dag.py
[2025-06-10T06:56:43.835+0000] {processor.py:840} INFO - DAG(s) 'news_ingestion_pipeline' retrieved from /opt/airflow/dags/rss_scrap_dag.py
[2025-06-10T06:56:43.853+0000] {logging_mixin.py:188} INFO - [2025-06-10T06:56:43.853+0000] {dag.py:3036} INFO - Sync 1 DAGs
[2025-06-10T06:56:43.862+0000] {logging_mixin.py:188} INFO - [2025-06-10T06:56:43.862+0000] {dag.py:3823} INFO - Setting next_dagrun for news_ingestion_pipeline to None, run_after=None
[2025-06-10T06:56:43.878+0000] {processor.py:183} INFO - Processing /opt/airflow/dags/rss_scrap_dag.py took 0.703 seconds
[2025-06-10T06:57:14.129+0000] {processor.py:161} INFO - Started process (PID=63) to work on /opt/airflow/dags/rss_scrap_dag.py
[2025-06-10T06:57:14.131+0000] {processor.py:830} INFO - Processing file /opt/airflow/dags/rss_scrap_dag.py for tasks to queue
[2025-06-10T06:57:14.133+0000] {logging_mixin.py:188} INFO - [2025-06-10T06:57:14.132+0000] {dagbag.py:538} INFO - Filling up the DagBag from /opt/airflow/dags/rss_scrap_dag.py
[2025-06-10T06:57:14.870+0000] {processor.py:840} INFO - DAG(s) 'news_ingestion_pipeline' retrieved from /opt/airflow/dags/rss_scrap_dag.py
[2025-06-10T06:57:14.895+0000] {logging_mixin.py:188} INFO - [2025-06-10T06:57:14.895+0000] {dag.py:3036} INFO - Sync 1 DAGs
[2025-06-10T06:57:14.904+0000] {logging_mixin.py:188} INFO - [2025-06-10T06:57:14.904+0000] {dag.py:3823} INFO - Setting next_dagrun for news_ingestion_pipeline to None, run_after=None
[2025-06-10T06:57:14.923+0000] {processor.py:183} INFO - Processing /opt/airflow/dags/rss_scrap_dag.py took 0.798 seconds
[2025-06-10T06:57:45.192+0000] {processor.py:161} INFO - Started process (PID=69) to work on /opt/airflow/dags/rss_scrap_dag.py
[2025-06-10T06:57:45.193+0000] {processor.py:830} INFO - Processing file /opt/airflow/dags/rss_scrap_dag.py for tasks to queue
[2025-06-10T06:57:45.195+0000] {logging_mixin.py:188} INFO - [2025-06-10T06:57:45.195+0000] {dagbag.py:538} INFO - Filling up the DagBag from /opt/airflow/dags/rss_scrap_dag.py
[2025-06-10T06:57:45.860+0000] {processor.py:840} INFO - DAG(s) 'news_ingestion_pipeline' retrieved from /opt/airflow/dags/rss_scrap_dag.py
[2025-06-10T06:57:45.880+0000] {logging_mixin.py:188} INFO - [2025-06-10T06:57:45.880+0000] {dag.py:3036} INFO - Sync 1 DAGs
[2025-06-10T06:57:45.890+0000] {logging_mixin.py:188} INFO - [2025-06-10T06:57:45.890+0000] {dag.py:3823} INFO - Setting next_dagrun for news_ingestion_pipeline to None, run_after=None
[2025-06-10T06:57:45.907+0000] {processor.py:183} INFO - Processing /opt/airflow/dags/rss_scrap_dag.py took 0.719 seconds
[2025-06-10T06:58:16.144+0000] {processor.py:161} INFO - Started process (PID=75) to work on /opt/airflow/dags/rss_scrap_dag.py
[2025-06-10T06:58:16.145+0000] {processor.py:830} INFO - Processing file /opt/airflow/dags/rss_scrap_dag.py for tasks to queue
[2025-06-10T06:58:16.147+0000] {logging_mixin.py:188} INFO - [2025-06-10T06:58:16.147+0000] {dagbag.py:538} INFO - Filling up the DagBag from /opt/airflow/dags/rss_scrap_dag.py
[2025-06-10T06:58:16.784+0000] {processor.py:840} INFO - DAG(s) 'news_ingestion_pipeline' retrieved from /opt/airflow/dags/rss_scrap_dag.py
[2025-06-10T06:58:16.803+0000] {logging_mixin.py:188} INFO - [2025-06-10T06:58:16.802+0000] {dag.py:3036} INFO - Sync 1 DAGs
[2025-06-10T06:58:16.812+0000] {logging_mixin.py:188} INFO - [2025-06-10T06:58:16.812+0000] {dag.py:3823} INFO - Setting next_dagrun for news_ingestion_pipeline to None, run_after=None
[2025-06-10T06:58:16.829+0000] {processor.py:183} INFO - Processing /opt/airflow/dags/rss_scrap_dag.py took 0.689 seconds
[2025-06-10T06:58:47.122+0000] {processor.py:161} INFO - Started process (PID=81) to work on /opt/airflow/dags/rss_scrap_dag.py
[2025-06-10T06:58:47.123+0000] {processor.py:830} INFO - Processing file /opt/airflow/dags/rss_scrap_dag.py for tasks to queue
[2025-06-10T06:58:47.125+0000] {logging_mixin.py:188} INFO - [2025-06-10T06:58:47.125+0000] {dagbag.py:538} INFO - Filling up the DagBag from /opt/airflow/dags/rss_scrap_dag.py
[2025-06-10T06:58:47.759+0000] {processor.py:840} INFO - DAG(s) 'news_ingestion_pipeline' retrieved from /opt/airflow/dags/rss_scrap_dag.py
[2025-06-10T06:58:47.778+0000] {logging_mixin.py:188} INFO - [2025-06-10T06:58:47.778+0000] {dag.py:3036} INFO - Sync 1 DAGs
[2025-06-10T06:58:47.786+0000] {logging_mixin.py:188} INFO - [2025-06-10T06:58:47.786+0000] {dag.py:3823} INFO - Setting next_dagrun for news_ingestion_pipeline to None, run_after=None
[2025-06-10T06:58:47.803+0000] {processor.py:183} INFO - Processing /opt/airflow/dags/rss_scrap_dag.py took 0.685 seconds
[2025-06-10T06:59:18.025+0000] {processor.py:161} INFO - Started process (PID=87) to work on /opt/airflow/dags/rss_scrap_dag.py
[2025-06-10T06:59:18.026+0000] {processor.py:830} INFO - Processing file /opt/airflow/dags/rss_scrap_dag.py for tasks to queue
[2025-06-10T06:59:18.029+0000] {logging_mixin.py:188} INFO - [2025-06-10T06:59:18.029+0000] {dagbag.py:538} INFO - Filling up the DagBag from /opt/airflow/dags/rss_scrap_dag.py
[2025-06-10T06:59:18.691+0000] {processor.py:840} INFO - DAG(s) 'news_ingestion_pipeline' retrieved from /opt/airflow/dags/rss_scrap_dag.py
[2025-06-10T06:59:18.714+0000] {logging_mixin.py:188} INFO - [2025-06-10T06:59:18.714+0000] {dag.py:3036} INFO - Sync 1 DAGs
[2025-06-10T06:59:18.725+0000] {logging_mixin.py:188} INFO - [2025-06-10T06:59:18.724+0000] {dag.py:3823} INFO - Setting next_dagrun for news_ingestion_pipeline to None, run_after=None
[2025-06-10T06:59:18.741+0000] {processor.py:183} INFO - Processing /opt/airflow/dags/rss_scrap_dag.py took 0.719 seconds
[2025-06-10T06:59:49.066+0000] {processor.py:161} INFO - Started process (PID=93) to work on /opt/airflow/dags/rss_scrap_dag.py
[2025-06-10T06:59:49.067+0000] {processor.py:830} INFO - Processing file /opt/airflow/dags/rss_scrap_dag.py for tasks to queue
[2025-06-10T06:59:49.070+0000] {logging_mixin.py:188} INFO - [2025-06-10T06:59:49.069+0000] {dagbag.py:538} INFO - Filling up the DagBag from /opt/airflow/dags/rss_scrap_dag.py
[2025-06-10T06:59:49.711+0000] {processor.py:840} INFO - DAG(s) 'news_ingestion_pipeline' retrieved from /opt/airflow/dags/rss_scrap_dag.py
[2025-06-10T06:59:49.729+0000] {logging_mixin.py:188} INFO - [2025-06-10T06:59:49.729+0000] {dag.py:3036} INFO - Sync 1 DAGs
[2025-06-10T06:59:49.737+0000] {logging_mixin.py:188} INFO - [2025-06-10T06:59:49.737+0000] {dag.py:3823} INFO - Setting next_dagrun for news_ingestion_pipeline to None, run_after=None
[2025-06-10T06:59:49.753+0000] {processor.py:183} INFO - Processing /opt/airflow/dags/rss_scrap_dag.py took 0.690 seconds
[2025-06-10T07:00:20.074+0000] {processor.py:161} INFO - Started process (PID=99) to work on /opt/airflow/dags/rss_scrap_dag.py
[2025-06-10T07:00:20.076+0000] {processor.py:830} INFO - Processing file /opt/airflow/dags/rss_scrap_dag.py for tasks to queue
[2025-06-10T07:00:20.078+0000] {logging_mixin.py:188} INFO - [2025-06-10T07:00:20.077+0000] {dagbag.py:538} INFO - Filling up the DagBag from /opt/airflow/dags/rss_scrap_dag.py
[2025-06-10T07:00:20.713+0000] {processor.py:840} INFO - DAG(s) 'news_ingestion_pipeline' retrieved from /opt/airflow/dags/rss_scrap_dag.py
[2025-06-10T07:00:20.733+0000] {logging_mixin.py:188} INFO - [2025-06-10T07:00:20.733+0000] {dag.py:3036} INFO - Sync 1 DAGs
[2025-06-10T07:00:20.745+0000] {logging_mixin.py:188} INFO - [2025-06-10T07:00:20.744+0000] {dag.py:3823} INFO - Setting next_dagrun for news_ingestion_pipeline to None, run_after=None
[2025-06-10T07:00:20.761+0000] {processor.py:183} INFO - Processing /opt/airflow/dags/rss_scrap_dag.py took 0.690 seconds
[2025-06-10T07:00:51.045+0000] {processor.py:161} INFO - Started process (PID=105) to work on /opt/airflow/dags/rss_scrap_dag.py
[2025-06-10T07:00:51.046+0000] {processor.py:830} INFO - Processing file /opt/airflow/dags/rss_scrap_dag.py for tasks to queue
[2025-06-10T07:00:51.048+0000] {logging_mixin.py:188} INFO - [2025-06-10T07:00:51.048+0000] {dagbag.py:538} INFO - Filling up the DagBag from /opt/airflow/dags/rss_scrap_dag.py
[2025-06-10T07:00:51.683+0000] {processor.py:840} INFO - DAG(s) 'news_ingestion_pipeline' retrieved from /opt/airflow/dags/rss_scrap_dag.py
[2025-06-10T07:00:51.701+0000] {logging_mixin.py:188} INFO - [2025-06-10T07:00:51.701+0000] {dag.py:3036} INFO - Sync 1 DAGs
[2025-06-10T07:00:51.710+0000] {logging_mixin.py:188} INFO - [2025-06-10T07:00:51.709+0000] {dag.py:3823} INFO - Setting next_dagrun for news_ingestion_pipeline to None, run_after=None
[2025-06-10T07:00:51.725+0000] {processor.py:183} INFO - Processing /opt/airflow/dags/rss_scrap_dag.py took 0.684 seconds
[2025-06-10T07:01:21.960+0000] {processor.py:161} INFO - Started process (PID=111) to work on /opt/airflow/dags/rss_scrap_dag.py
[2025-06-10T07:01:21.961+0000] {processor.py:830} INFO - Processing file /opt/airflow/dags/rss_scrap_dag.py for tasks to queue
[2025-06-10T07:01:21.963+0000] {logging_mixin.py:188} INFO - [2025-06-10T07:01:21.963+0000] {dagbag.py:538} INFO - Filling up the DagBag from /opt/airflow/dags/rss_scrap_dag.py
[2025-06-10T07:01:22.616+0000] {processor.py:840} INFO - DAG(s) 'news_ingestion_pipeline' retrieved from /opt/airflow/dags/rss_scrap_dag.py
[2025-06-10T07:01:22.636+0000] {logging_mixin.py:188} INFO - [2025-06-10T07:01:22.636+0000] {dag.py:3036} INFO - Sync 1 DAGs
[2025-06-10T07:01:22.645+0000] {logging_mixin.py:188} INFO - [2025-06-10T07:01:22.645+0000] {dag.py:3823} INFO - Setting next_dagrun for news_ingestion_pipeline to None, run_after=None
[2025-06-10T07:01:22.661+0000] {processor.py:183} INFO - Processing /opt/airflow/dags/rss_scrap_dag.py took 0.705 seconds
[2025-06-10T07:01:52.902+0000] {processor.py:161} INFO - Started process (PID=117) to work on /opt/airflow/dags/rss_scrap_dag.py
[2025-06-10T07:01:52.903+0000] {processor.py:830} INFO - Processing file /opt/airflow/dags/rss_scrap_dag.py for tasks to queue
[2025-06-10T07:01:52.905+0000] {logging_mixin.py:188} INFO - [2025-06-10T07:01:52.905+0000] {dagbag.py:538} INFO - Filling up the DagBag from /opt/airflow/dags/rss_scrap_dag.py
[2025-06-10T07:01:53.567+0000] {processor.py:840} INFO - DAG(s) 'news_ingestion_pipeline' retrieved from /opt/airflow/dags/rss_scrap_dag.py
[2025-06-10T07:01:53.587+0000] {logging_mixin.py:188} INFO - [2025-06-10T07:01:53.586+0000] {dag.py:3036} INFO - Sync 1 DAGs
[2025-06-10T07:01:53.596+0000] {logging_mixin.py:188} INFO - [2025-06-10T07:01:53.596+0000] {dag.py:3823} INFO - Setting next_dagrun for news_ingestion_pipeline to None, run_after=None
[2025-06-10T07:01:53.612+0000] {processor.py:183} INFO - Processing /opt/airflow/dags/rss_scrap_dag.py took 0.714 seconds
[2025-06-10T07:02:23.917+0000] {processor.py:161} INFO - Started process (PID=123) to work on /opt/airflow/dags/rss_scrap_dag.py
[2025-06-10T07:02:23.919+0000] {processor.py:830} INFO - Processing file /opt/airflow/dags/rss_scrap_dag.py for tasks to queue
[2025-06-10T07:02:23.921+0000] {logging_mixin.py:188} INFO - [2025-06-10T07:02:23.920+0000] {dagbag.py:538} INFO - Filling up the DagBag from /opt/airflow/dags/rss_scrap_dag.py
[2025-06-10T07:02:24.532+0000] {processor.py:840} INFO - DAG(s) 'news_ingestion_pipeline' retrieved from /opt/airflow/dags/rss_scrap_dag.py
[2025-06-10T07:02:24.550+0000] {logging_mixin.py:188} INFO - [2025-06-10T07:02:24.549+0000] {dag.py:3036} INFO - Sync 1 DAGs
[2025-06-10T07:02:24.559+0000] {logging_mixin.py:188} INFO - [2025-06-10T07:02:24.558+0000] {dag.py:3823} INFO - Setting next_dagrun for news_ingestion_pipeline to None, run_after=None
[2025-06-10T07:02:24.575+0000] {processor.py:183} INFO - Processing /opt/airflow/dags/rss_scrap_dag.py took 0.661 seconds
[2025-06-10T07:02:54.819+0000] {processor.py:161} INFO - Started process (PID=129) to work on /opt/airflow/dags/rss_scrap_dag.py
[2025-06-10T07:02:54.821+0000] {processor.py:830} INFO - Processing file /opt/airflow/dags/rss_scrap_dag.py for tasks to queue
[2025-06-10T07:02:54.823+0000] {logging_mixin.py:188} INFO - [2025-06-10T07:02:54.822+0000] {dagbag.py:538} INFO - Filling up the DagBag from /opt/airflow/dags/rss_scrap_dag.py
[2025-06-10T07:02:55.475+0000] {processor.py:840} INFO - DAG(s) 'news_ingestion_pipeline' retrieved from /opt/airflow/dags/rss_scrap_dag.py
[2025-06-10T07:02:55.494+0000] {logging_mixin.py:188} INFO - [2025-06-10T07:02:55.494+0000] {dag.py:3036} INFO - Sync 1 DAGs
[2025-06-10T07:02:55.503+0000] {logging_mixin.py:188} INFO - [2025-06-10T07:02:55.503+0000] {dag.py:3823} INFO - Setting next_dagrun for news_ingestion_pipeline to None, run_after=None
[2025-06-10T07:02:55.519+0000] {processor.py:183} INFO - Processing /opt/airflow/dags/rss_scrap_dag.py took 0.703 seconds
[2025-06-10T07:03:25.772+0000] {processor.py:161} INFO - Started process (PID=135) to work on /opt/airflow/dags/rss_scrap_dag.py
[2025-06-10T07:03:25.774+0000] {processor.py:830} INFO - Processing file /opt/airflow/dags/rss_scrap_dag.py for tasks to queue
[2025-06-10T07:03:25.776+0000] {logging_mixin.py:188} INFO - [2025-06-10T07:03:25.775+0000] {dagbag.py:538} INFO - Filling up the DagBag from /opt/airflow/dags/rss_scrap_dag.py
[2025-06-10T07:03:26.403+0000] {processor.py:840} INFO - DAG(s) 'news_ingestion_pipeline' retrieved from /opt/airflow/dags/rss_scrap_dag.py
[2025-06-10T07:03:26.421+0000] {logging_mixin.py:188} INFO - [2025-06-10T07:03:26.421+0000] {dag.py:3036} INFO - Sync 1 DAGs
[2025-06-10T07:03:26.431+0000] {logging_mixin.py:188} INFO - [2025-06-10T07:03:26.431+0000] {dag.py:3823} INFO - Setting next_dagrun for news_ingestion_pipeline to None, run_after=None
[2025-06-10T07:03:26.448+0000] {processor.py:183} INFO - Processing /opt/airflow/dags/rss_scrap_dag.py took 0.679 seconds
[2025-06-10T07:03:56.691+0000] {processor.py:161} INFO - Started process (PID=141) to work on /opt/airflow/dags/rss_scrap_dag.py
[2025-06-10T07:03:56.692+0000] {processor.py:830} INFO - Processing file /opt/airflow/dags/rss_scrap_dag.py for tasks to queue
[2025-06-10T07:03:56.694+0000] {logging_mixin.py:188} INFO - [2025-06-10T07:03:56.693+0000] {dagbag.py:538} INFO - Filling up the DagBag from /opt/airflow/dags/rss_scrap_dag.py
[2025-06-10T07:03:57.338+0000] {processor.py:840} INFO - DAG(s) 'news_ingestion_pipeline' retrieved from /opt/airflow/dags/rss_scrap_dag.py
[2025-06-10T07:03:57.356+0000] {logging_mixin.py:188} INFO - [2025-06-10T07:03:57.355+0000] {dag.py:3036} INFO - Sync 1 DAGs
[2025-06-10T07:03:57.364+0000] {logging_mixin.py:188} INFO - [2025-06-10T07:03:57.364+0000] {dag.py:3823} INFO - Setting next_dagrun for news_ingestion_pipeline to None, run_after=None
[2025-06-10T07:03:57.379+0000] {processor.py:183} INFO - Processing /opt/airflow/dags/rss_scrap_dag.py took 0.692 seconds
[2025-06-10T07:04:27.633+0000] {processor.py:161} INFO - Started process (PID=147) to work on /opt/airflow/dags/rss_scrap_dag.py
[2025-06-10T07:04:27.634+0000] {processor.py:830} INFO - Processing file /opt/airflow/dags/rss_scrap_dag.py for tasks to queue
[2025-06-10T07:04:27.636+0000] {logging_mixin.py:188} INFO - [2025-06-10T07:04:27.636+0000] {dagbag.py:538} INFO - Filling up the DagBag from /opt/airflow/dags/rss_scrap_dag.py
[2025-06-10T07:04:28.285+0000] {processor.py:840} INFO - DAG(s) 'news_ingestion_pipeline' retrieved from /opt/airflow/dags/rss_scrap_dag.py
[2025-06-10T07:04:28.304+0000] {logging_mixin.py:188} INFO - [2025-06-10T07:04:28.303+0000] {dag.py:3036} INFO - Sync 1 DAGs
[2025-06-10T07:04:28.312+0000] {logging_mixin.py:188} INFO - [2025-06-10T07:04:28.312+0000] {dag.py:3823} INFO - Setting next_dagrun for news_ingestion_pipeline to None, run_after=None
[2025-06-10T07:04:28.328+0000] {processor.py:183} INFO - Processing /opt/airflow/dags/rss_scrap_dag.py took 0.698 seconds
[2025-06-10T07:04:58.615+0000] {processor.py:161} INFO - Started process (PID=153) to work on /opt/airflow/dags/rss_scrap_dag.py
[2025-06-10T07:04:58.616+0000] {processor.py:830} INFO - Processing file /opt/airflow/dags/rss_scrap_dag.py for tasks to queue
[2025-06-10T07:04:58.618+0000] {logging_mixin.py:188} INFO - [2025-06-10T07:04:58.618+0000] {dagbag.py:538} INFO - Filling up the DagBag from /opt/airflow/dags/rss_scrap_dag.py
[2025-06-10T07:04:59.278+0000] {processor.py:840} INFO - DAG(s) 'news_ingestion_pipeline' retrieved from /opt/airflow/dags/rss_scrap_dag.py
[2025-06-10T07:04:59.297+0000] {logging_mixin.py:188} INFO - [2025-06-10T07:04:59.296+0000] {dag.py:3036} INFO - Sync 1 DAGs
[2025-06-10T07:04:59.305+0000] {logging_mixin.py:188} INFO - [2025-06-10T07:04:59.305+0000] {dag.py:3823} INFO - Setting next_dagrun for news_ingestion_pipeline to None, run_after=None
[2025-06-10T07:04:59.321+0000] {processor.py:183} INFO - Processing /opt/airflow/dags/rss_scrap_dag.py took 0.710 seconds
[2025-06-10T07:05:29.562+0000] {processor.py:161} INFO - Started process (PID=159) to work on /opt/airflow/dags/rss_scrap_dag.py
[2025-06-10T07:05:29.563+0000] {processor.py:830} INFO - Processing file /opt/airflow/dags/rss_scrap_dag.py for tasks to queue
[2025-06-10T07:05:29.566+0000] {logging_mixin.py:188} INFO - [2025-06-10T07:05:29.565+0000] {dagbag.py:538} INFO - Filling up the DagBag from /opt/airflow/dags/rss_scrap_dag.py
[2025-06-10T07:05:30.210+0000] {processor.py:840} INFO - DAG(s) 'news_ingestion_pipeline' retrieved from /opt/airflow/dags/rss_scrap_dag.py
[2025-06-10T07:05:30.228+0000] {logging_mixin.py:188} INFO - [2025-06-10T07:05:30.228+0000] {dag.py:3036} INFO - Sync 1 DAGs
[2025-06-10T07:05:30.236+0000] {logging_mixin.py:188} INFO - [2025-06-10T07:05:30.236+0000] {dag.py:3823} INFO - Setting next_dagrun for news_ingestion_pipeline to None, run_after=None
[2025-06-10T07:05:30.254+0000] {processor.py:183} INFO - Processing /opt/airflow/dags/rss_scrap_dag.py took 0.695 seconds
[2025-06-10T07:06:00.508+0000] {processor.py:161} INFO - Started process (PID=165) to work on /opt/airflow/dags/rss_scrap_dag.py
[2025-06-10T07:06:00.509+0000] {processor.py:830} INFO - Processing file /opt/airflow/dags/rss_scrap_dag.py for tasks to queue
[2025-06-10T07:06:00.511+0000] {logging_mixin.py:188} INFO - [2025-06-10T07:06:00.511+0000] {dagbag.py:538} INFO - Filling up the DagBag from /opt/airflow/dags/rss_scrap_dag.py
[2025-06-10T07:06:01.147+0000] {processor.py:840} INFO - DAG(s) 'news_ingestion_pipeline' retrieved from /opt/airflow/dags/rss_scrap_dag.py
[2025-06-10T07:06:01.165+0000] {logging_mixin.py:188} INFO - [2025-06-10T07:06:01.165+0000] {dag.py:3036} INFO - Sync 1 DAGs
[2025-06-10T07:06:01.174+0000] {logging_mixin.py:188} INFO - [2025-06-10T07:06:01.174+0000] {dag.py:3823} INFO - Setting next_dagrun for news_ingestion_pipeline to None, run_after=None
[2025-06-10T07:06:01.190+0000] {processor.py:183} INFO - Processing /opt/airflow/dags/rss_scrap_dag.py took 0.686 seconds
[2025-06-10T07:06:31.456+0000] {processor.py:161} INFO - Started process (PID=171) to work on /opt/airflow/dags/rss_scrap_dag.py
[2025-06-10T07:06:31.457+0000] {processor.py:830} INFO - Processing file /opt/airflow/dags/rss_scrap_dag.py for tasks to queue
[2025-06-10T07:06:31.459+0000] {logging_mixin.py:188} INFO - [2025-06-10T07:06:31.459+0000] {dagbag.py:538} INFO - Filling up the DagBag from /opt/airflow/dags/rss_scrap_dag.py
[2025-06-10T07:06:32.097+0000] {processor.py:840} INFO - DAG(s) 'news_ingestion_pipeline' retrieved from /opt/airflow/dags/rss_scrap_dag.py
[2025-06-10T07:06:32.116+0000] {logging_mixin.py:188} INFO - [2025-06-10T07:06:32.116+0000] {dag.py:3036} INFO - Sync 1 DAGs
[2025-06-10T07:06:32.125+0000] {logging_mixin.py:188} INFO - [2025-06-10T07:06:32.125+0000] {dag.py:3823} INFO - Setting next_dagrun for news_ingestion_pipeline to None, run_after=None
[2025-06-10T07:06:32.143+0000] {processor.py:183} INFO - Processing /opt/airflow/dags/rss_scrap_dag.py took 0.691 seconds
[2025-06-10T07:07:02.395+0000] {processor.py:161} INFO - Started process (PID=177) to work on /opt/airflow/dags/rss_scrap_dag.py
[2025-06-10T07:07:02.396+0000] {processor.py:830} INFO - Processing file /opt/airflow/dags/rss_scrap_dag.py for tasks to queue
[2025-06-10T07:07:02.398+0000] {logging_mixin.py:188} INFO - [2025-06-10T07:07:02.397+0000] {dagbag.py:538} INFO - Filling up the DagBag from /opt/airflow/dags/rss_scrap_dag.py
[2025-06-10T07:07:03.012+0000] {processor.py:840} INFO - DAG(s) 'news_ingestion_pipeline' retrieved from /opt/airflow/dags/rss_scrap_dag.py
[2025-06-10T07:07:03.031+0000] {logging_mixin.py:188} INFO - [2025-06-10T07:07:03.031+0000] {dag.py:3036} INFO - Sync 1 DAGs
[2025-06-10T07:07:03.040+0000] {logging_mixin.py:188} INFO - [2025-06-10T07:07:03.040+0000] {dag.py:3823} INFO - Setting next_dagrun for news_ingestion_pipeline to None, run_after=None
[2025-06-10T07:07:03.056+0000] {processor.py:183} INFO - Processing /opt/airflow/dags/rss_scrap_dag.py took 0.666 seconds
[2025-06-10T07:07:33.293+0000] {processor.py:161} INFO - Started process (PID=183) to work on /opt/airflow/dags/rss_scrap_dag.py
[2025-06-10T07:07:33.294+0000] {processor.py:830} INFO - Processing file /opt/airflow/dags/rss_scrap_dag.py for tasks to queue
[2025-06-10T07:07:33.296+0000] {logging_mixin.py:188} INFO - [2025-06-10T07:07:33.296+0000] {dagbag.py:538} INFO - Filling up the DagBag from /opt/airflow/dags/rss_scrap_dag.py
[2025-06-10T07:07:33.923+0000] {processor.py:840} INFO - DAG(s) 'news_ingestion_pipeline' retrieved from /opt/airflow/dags/rss_scrap_dag.py
[2025-06-10T07:07:33.943+0000] {logging_mixin.py:188} INFO - [2025-06-10T07:07:33.942+0000] {dag.py:3036} INFO - Sync 1 DAGs
[2025-06-10T07:07:33.951+0000] {logging_mixin.py:188} INFO - [2025-06-10T07:07:33.951+0000] {dag.py:3823} INFO - Setting next_dagrun for news_ingestion_pipeline to None, run_after=None
[2025-06-10T07:07:33.968+0000] {processor.py:183} INFO - Processing /opt/airflow/dags/rss_scrap_dag.py took 0.678 seconds
[2025-06-10T07:08:04.211+0000] {processor.py:161} INFO - Started process (PID=189) to work on /opt/airflow/dags/rss_scrap_dag.py
[2025-06-10T07:08:04.212+0000] {processor.py:830} INFO - Processing file /opt/airflow/dags/rss_scrap_dag.py for tasks to queue
[2025-06-10T07:08:04.214+0000] {logging_mixin.py:188} INFO - [2025-06-10T07:08:04.214+0000] {dagbag.py:538} INFO - Filling up the DagBag from /opt/airflow/dags/rss_scrap_dag.py
[2025-06-10T07:08:04.860+0000] {processor.py:840} INFO - DAG(s) 'news_ingestion_pipeline' retrieved from /opt/airflow/dags/rss_scrap_dag.py
[2025-06-10T07:08:04.879+0000] {logging_mixin.py:188} INFO - [2025-06-10T07:08:04.878+0000] {dag.py:3036} INFO - Sync 1 DAGs
[2025-06-10T07:08:04.887+0000] {logging_mixin.py:188} INFO - [2025-06-10T07:08:04.887+0000] {dag.py:3823} INFO - Setting next_dagrun for news_ingestion_pipeline to None, run_after=None
[2025-06-10T07:08:04.904+0000] {processor.py:183} INFO - Processing /opt/airflow/dags/rss_scrap_dag.py took 0.697 seconds
[2025-06-10T07:08:35.140+0000] {processor.py:161} INFO - Started process (PID=195) to work on /opt/airflow/dags/rss_scrap_dag.py
[2025-06-10T07:08:35.141+0000] {processor.py:830} INFO - Processing file /opt/airflow/dags/rss_scrap_dag.py for tasks to queue
[2025-06-10T07:08:35.143+0000] {logging_mixin.py:188} INFO - [2025-06-10T07:08:35.143+0000] {dagbag.py:538} INFO - Filling up the DagBag from /opt/airflow/dags/rss_scrap_dag.py
[2025-06-10T07:08:35.770+0000] {processor.py:840} INFO - DAG(s) 'news_ingestion_pipeline' retrieved from /opt/airflow/dags/rss_scrap_dag.py
[2025-06-10T07:08:35.789+0000] {logging_mixin.py:188} INFO - [2025-06-10T07:08:35.789+0000] {dag.py:3036} INFO - Sync 1 DAGs
[2025-06-10T07:08:35.798+0000] {logging_mixin.py:188} INFO - [2025-06-10T07:08:35.798+0000] {dag.py:3823} INFO - Setting next_dagrun for news_ingestion_pipeline to None, run_after=None
[2025-06-10T07:08:35.814+0000] {processor.py:183} INFO - Processing /opt/airflow/dags/rss_scrap_dag.py took 0.678 seconds
[2025-06-10T07:09:06.058+0000] {processor.py:161} INFO - Started process (PID=201) to work on /opt/airflow/dags/rss_scrap_dag.py
[2025-06-10T07:09:06.060+0000] {processor.py:830} INFO - Processing file /opt/airflow/dags/rss_scrap_dag.py for tasks to queue
[2025-06-10T07:09:06.062+0000] {logging_mixin.py:188} INFO - [2025-06-10T07:09:06.061+0000] {dagbag.py:538} INFO - Filling up the DagBag from /opt/airflow/dags/rss_scrap_dag.py
[2025-06-10T07:09:06.713+0000] {processor.py:840} INFO - DAG(s) 'news_ingestion_pipeline' retrieved from /opt/airflow/dags/rss_scrap_dag.py
[2025-06-10T07:09:06.732+0000] {logging_mixin.py:188} INFO - [2025-06-10T07:09:06.732+0000] {dag.py:3036} INFO - Sync 1 DAGs
[2025-06-10T07:09:06.742+0000] {logging_mixin.py:188} INFO - [2025-06-10T07:09:06.742+0000] {dag.py:3823} INFO - Setting next_dagrun for news_ingestion_pipeline to None, run_after=None
[2025-06-10T07:09:06.759+0000] {processor.py:183} INFO - Processing /opt/airflow/dags/rss_scrap_dag.py took 0.704 seconds
[2025-06-10T07:09:37.005+0000] {processor.py:161} INFO - Started process (PID=207) to work on /opt/airflow/dags/rss_scrap_dag.py
[2025-06-10T07:09:37.006+0000] {processor.py:830} INFO - Processing file /opt/airflow/dags/rss_scrap_dag.py for tasks to queue
[2025-06-10T07:09:37.009+0000] {logging_mixin.py:188} INFO - [2025-06-10T07:09:37.008+0000] {dagbag.py:538} INFO - Filling up the DagBag from /opt/airflow/dags/rss_scrap_dag.py
[2025-06-10T07:09:37.665+0000] {processor.py:840} INFO - DAG(s) 'news_ingestion_pipeline' retrieved from /opt/airflow/dags/rss_scrap_dag.py
[2025-06-10T07:09:37.685+0000] {logging_mixin.py:188} INFO - [2025-06-10T07:09:37.684+0000] {dag.py:3036} INFO - Sync 1 DAGs
[2025-06-10T07:09:37.693+0000] {logging_mixin.py:188} INFO - [2025-06-10T07:09:37.693+0000] {dag.py:3823} INFO - Setting next_dagrun for news_ingestion_pipeline to None, run_after=None
[2025-06-10T07:09:37.709+0000] {processor.py:183} INFO - Processing /opt/airflow/dags/rss_scrap_dag.py took 0.708 seconds
[2025-06-10T07:10:07.963+0000] {processor.py:161} INFO - Started process (PID=213) to work on /opt/airflow/dags/rss_scrap_dag.py
[2025-06-10T07:10:07.964+0000] {processor.py:830} INFO - Processing file /opt/airflow/dags/rss_scrap_dag.py for tasks to queue
[2025-06-10T07:10:07.966+0000] {logging_mixin.py:188} INFO - [2025-06-10T07:10:07.966+0000] {dagbag.py:538} INFO - Filling up the DagBag from /opt/airflow/dags/rss_scrap_dag.py
[2025-06-10T07:10:08.641+0000] {processor.py:840} INFO - DAG(s) 'news_ingestion_pipeline' retrieved from /opt/airflow/dags/rss_scrap_dag.py
[2025-06-10T07:10:08.660+0000] {logging_mixin.py:188} INFO - [2025-06-10T07:10:08.660+0000] {dag.py:3036} INFO - Sync 1 DAGs
[2025-06-10T07:10:08.669+0000] {logging_mixin.py:188} INFO - [2025-06-10T07:10:08.669+0000] {dag.py:3823} INFO - Setting next_dagrun for news_ingestion_pipeline to None, run_after=None
[2025-06-10T07:10:08.685+0000] {processor.py:183} INFO - Processing /opt/airflow/dags/rss_scrap_dag.py took 0.726 seconds
[2025-06-10T07:10:38.924+0000] {processor.py:161} INFO - Started process (PID=219) to work on /opt/airflow/dags/rss_scrap_dag.py
[2025-06-10T07:10:38.925+0000] {processor.py:830} INFO - Processing file /opt/airflow/dags/rss_scrap_dag.py for tasks to queue
[2025-06-10T07:10:38.927+0000] {logging_mixin.py:188} INFO - [2025-06-10T07:10:38.927+0000] {dagbag.py:538} INFO - Filling up the DagBag from /opt/airflow/dags/rss_scrap_dag.py
[2025-06-10T07:10:39.610+0000] {processor.py:840} INFO - DAG(s) 'news_ingestion_pipeline' retrieved from /opt/airflow/dags/rss_scrap_dag.py
[2025-06-10T07:10:39.633+0000] {logging_mixin.py:188} INFO - [2025-06-10T07:10:39.633+0000] {dag.py:3036} INFO - Sync 1 DAGs
[2025-06-10T07:10:39.646+0000] {logging_mixin.py:188} INFO - [2025-06-10T07:10:39.646+0000] {dag.py:3823} INFO - Setting next_dagrun for news_ingestion_pipeline to None, run_after=None
[2025-06-10T07:10:39.676+0000] {processor.py:183} INFO - Processing /opt/airflow/dags/rss_scrap_dag.py took 0.756 seconds
[2025-06-10T07:11:09.910+0000] {processor.py:161} INFO - Started process (PID=225) to work on /opt/airflow/dags/rss_scrap_dag.py
[2025-06-10T07:11:09.911+0000] {processor.py:830} INFO - Processing file /opt/airflow/dags/rss_scrap_dag.py for tasks to queue
[2025-06-10T07:11:09.913+0000] {logging_mixin.py:188} INFO - [2025-06-10T07:11:09.912+0000] {dagbag.py:538} INFO - Filling up the DagBag from /opt/airflow/dags/rss_scrap_dag.py
[2025-06-10T07:11:10.564+0000] {processor.py:840} INFO - DAG(s) 'news_ingestion_pipeline' retrieved from /opt/airflow/dags/rss_scrap_dag.py
[2025-06-10T07:11:10.583+0000] {logging_mixin.py:188} INFO - [2025-06-10T07:11:10.583+0000] {dag.py:3036} INFO - Sync 1 DAGs
[2025-06-10T07:11:10.592+0000] {logging_mixin.py:188} INFO - [2025-06-10T07:11:10.592+0000] {dag.py:3823} INFO - Setting next_dagrun for news_ingestion_pipeline to None, run_after=None
[2025-06-10T07:11:10.608+0000] {processor.py:183} INFO - Processing /opt/airflow/dags/rss_scrap_dag.py took 0.702 seconds
[2025-06-10T07:11:40.846+0000] {processor.py:161} INFO - Started process (PID=231) to work on /opt/airflow/dags/rss_scrap_dag.py
[2025-06-10T07:11:40.847+0000] {processor.py:830} INFO - Processing file /opt/airflow/dags/rss_scrap_dag.py for tasks to queue
[2025-06-10T07:11:40.849+0000] {logging_mixin.py:188} INFO - [2025-06-10T07:11:40.849+0000] {dagbag.py:538} INFO - Filling up the DagBag from /opt/airflow/dags/rss_scrap_dag.py
[2025-06-10T07:11:41.497+0000] {processor.py:840} INFO - DAG(s) 'news_ingestion_pipeline' retrieved from /opt/airflow/dags/rss_scrap_dag.py
[2025-06-10T07:11:41.516+0000] {logging_mixin.py:188} INFO - [2025-06-10T07:11:41.516+0000] {dag.py:3036} INFO - Sync 1 DAGs
[2025-06-10T07:11:41.525+0000] {logging_mixin.py:188} INFO - [2025-06-10T07:11:41.525+0000] {dag.py:3823} INFO - Setting next_dagrun for news_ingestion_pipeline to None, run_after=None
[2025-06-10T07:11:41.541+0000] {processor.py:183} INFO - Processing /opt/airflow/dags/rss_scrap_dag.py took 0.699 seconds
[2025-06-10T07:12:11.776+0000] {processor.py:161} INFO - Started process (PID=237) to work on /opt/airflow/dags/rss_scrap_dag.py
[2025-06-10T07:12:11.777+0000] {processor.py:830} INFO - Processing file /opt/airflow/dags/rss_scrap_dag.py for tasks to queue
[2025-06-10T07:12:11.779+0000] {logging_mixin.py:188} INFO - [2025-06-10T07:12:11.779+0000] {dagbag.py:538} INFO - Filling up the DagBag from /opt/airflow/dags/rss_scrap_dag.py
[2025-06-10T07:12:12.425+0000] {processor.py:840} INFO - DAG(s) 'news_ingestion_pipeline' retrieved from /opt/airflow/dags/rss_scrap_dag.py
[2025-06-10T07:12:12.443+0000] {logging_mixin.py:188} INFO - [2025-06-10T07:12:12.443+0000] {dag.py:3036} INFO - Sync 1 DAGs
[2025-06-10T07:12:12.452+0000] {logging_mixin.py:188} INFO - [2025-06-10T07:12:12.452+0000] {dag.py:3823} INFO - Setting next_dagrun for news_ingestion_pipeline to None, run_after=None
[2025-06-10T07:12:12.469+0000] {processor.py:183} INFO - Processing /opt/airflow/dags/rss_scrap_dag.py took 0.696 seconds
[2025-06-10T07:12:42.698+0000] {processor.py:161} INFO - Started process (PID=243) to work on /opt/airflow/dags/rss_scrap_dag.py
[2025-06-10T07:12:42.700+0000] {processor.py:830} INFO - Processing file /opt/airflow/dags/rss_scrap_dag.py for tasks to queue
[2025-06-10T07:12:42.702+0000] {logging_mixin.py:188} INFO - [2025-06-10T07:12:42.701+0000] {dagbag.py:538} INFO - Filling up the DagBag from /opt/airflow/dags/rss_scrap_dag.py
[2025-06-10T07:12:43.383+0000] {processor.py:840} INFO - DAG(s) 'news_ingestion_pipeline' retrieved from /opt/airflow/dags/rss_scrap_dag.py
[2025-06-10T07:12:43.402+0000] {logging_mixin.py:188} INFO - [2025-06-10T07:12:43.402+0000] {dag.py:3036} INFO - Sync 1 DAGs
[2025-06-10T07:12:43.411+0000] {logging_mixin.py:188} INFO - [2025-06-10T07:12:43.411+0000] {dag.py:3823} INFO - Setting next_dagrun for news_ingestion_pipeline to None, run_after=None
[2025-06-10T07:12:43.428+0000] {processor.py:183} INFO - Processing /opt/airflow/dags/rss_scrap_dag.py took 0.733 seconds
[2025-06-10T07:13:13.675+0000] {processor.py:161} INFO - Started process (PID=249) to work on /opt/airflow/dags/rss_scrap_dag.py
[2025-06-10T07:13:13.676+0000] {processor.py:830} INFO - Processing file /opt/airflow/dags/rss_scrap_dag.py for tasks to queue
[2025-06-10T07:13:13.678+0000] {logging_mixin.py:188} INFO - [2025-06-10T07:13:13.678+0000] {dagbag.py:538} INFO - Filling up the DagBag from /opt/airflow/dags/rss_scrap_dag.py
[2025-06-10T07:13:14.330+0000] {processor.py:840} INFO - DAG(s) 'news_ingestion_pipeline' retrieved from /opt/airflow/dags/rss_scrap_dag.py
[2025-06-10T07:13:14.349+0000] {logging_mixin.py:188} INFO - [2025-06-10T07:13:14.349+0000] {dag.py:3036} INFO - Sync 1 DAGs
[2025-06-10T07:13:14.358+0000] {logging_mixin.py:188} INFO - [2025-06-10T07:13:14.358+0000] {dag.py:3823} INFO - Setting next_dagrun for news_ingestion_pipeline to None, run_after=None
[2025-06-10T07:13:14.374+0000] {processor.py:183} INFO - Processing /opt/airflow/dags/rss_scrap_dag.py took 0.703 seconds
[2025-06-10T07:13:44.609+0000] {processor.py:161} INFO - Started process (PID=255) to work on /opt/airflow/dags/rss_scrap_dag.py
[2025-06-10T07:13:44.610+0000] {processor.py:830} INFO - Processing file /opt/airflow/dags/rss_scrap_dag.py for tasks to queue
[2025-06-10T07:13:44.612+0000] {logging_mixin.py:188} INFO - [2025-06-10T07:13:44.612+0000] {dagbag.py:538} INFO - Filling up the DagBag from /opt/airflow/dags/rss_scrap_dag.py
[2025-06-10T07:13:45.231+0000] {processor.py:840} INFO - DAG(s) 'news_ingestion_pipeline' retrieved from /opt/airflow/dags/rss_scrap_dag.py
[2025-06-10T07:13:45.250+0000] {logging_mixin.py:188} INFO - [2025-06-10T07:13:45.249+0000] {dag.py:3036} INFO - Sync 1 DAGs
[2025-06-10T07:13:45.259+0000] {logging_mixin.py:188} INFO - [2025-06-10T07:13:45.258+0000] {dag.py:3823} INFO - Setting next_dagrun for news_ingestion_pipeline to None, run_after=None
[2025-06-10T07:13:45.274+0000] {processor.py:183} INFO - Processing /opt/airflow/dags/rss_scrap_dag.py took 0.668 seconds
[2025-06-10T07:14:15.514+0000] {processor.py:161} INFO - Started process (PID=261) to work on /opt/airflow/dags/rss_scrap_dag.py
[2025-06-10T07:14:15.515+0000] {processor.py:830} INFO - Processing file /opt/airflow/dags/rss_scrap_dag.py for tasks to queue
[2025-06-10T07:14:15.517+0000] {logging_mixin.py:188} INFO - [2025-06-10T07:14:15.517+0000] {dagbag.py:538} INFO - Filling up the DagBag from /opt/airflow/dags/rss_scrap_dag.py
[2025-06-10T07:14:16.166+0000] {processor.py:840} INFO - DAG(s) 'news_ingestion_pipeline' retrieved from /opt/airflow/dags/rss_scrap_dag.py
[2025-06-10T07:14:16.184+0000] {logging_mixin.py:188} INFO - [2025-06-10T07:14:16.183+0000] {dag.py:3036} INFO - Sync 1 DAGs
[2025-06-10T07:14:16.194+0000] {logging_mixin.py:188} INFO - [2025-06-10T07:14:16.194+0000] {dag.py:3823} INFO - Setting next_dagrun for news_ingestion_pipeline to None, run_after=None
[2025-06-10T07:14:16.210+0000] {processor.py:183} INFO - Processing /opt/airflow/dags/rss_scrap_dag.py took 0.700 seconds
[2025-06-10T07:14:46.450+0000] {processor.py:161} INFO - Started process (PID=267) to work on /opt/airflow/dags/rss_scrap_dag.py
[2025-06-10T07:14:46.451+0000] {processor.py:830} INFO - Processing file /opt/airflow/dags/rss_scrap_dag.py for tasks to queue
[2025-06-10T07:14:46.453+0000] {logging_mixin.py:188} INFO - [2025-06-10T07:14:46.452+0000] {dagbag.py:538} INFO - Filling up the DagBag from /opt/airflow/dags/rss_scrap_dag.py
[2025-06-10T07:14:47.090+0000] {processor.py:840} INFO - DAG(s) 'news_ingestion_pipeline' retrieved from /opt/airflow/dags/rss_scrap_dag.py
[2025-06-10T07:14:47.108+0000] {logging_mixin.py:188} INFO - [2025-06-10T07:14:47.108+0000] {dag.py:3036} INFO - Sync 1 DAGs
[2025-06-10T07:14:47.117+0000] {logging_mixin.py:188} INFO - [2025-06-10T07:14:47.116+0000] {dag.py:3823} INFO - Setting next_dagrun for news_ingestion_pipeline to None, run_after=None
[2025-06-10T07:14:47.133+0000] {processor.py:183} INFO - Processing /opt/airflow/dags/rss_scrap_dag.py took 0.687 seconds
[2025-06-10T07:15:17.373+0000] {processor.py:161} INFO - Started process (PID=273) to work on /opt/airflow/dags/rss_scrap_dag.py
[2025-06-10T07:15:17.374+0000] {processor.py:830} INFO - Processing file /opt/airflow/dags/rss_scrap_dag.py for tasks to queue
[2025-06-10T07:15:17.376+0000] {logging_mixin.py:188} INFO - [2025-06-10T07:15:17.376+0000] {dagbag.py:538} INFO - Filling up the DagBag from /opt/airflow/dags/rss_scrap_dag.py
[2025-06-10T07:15:18.005+0000] {processor.py:840} INFO - DAG(s) 'news_ingestion_pipeline' retrieved from /opt/airflow/dags/rss_scrap_dag.py
[2025-06-10T07:15:18.026+0000] {logging_mixin.py:188} INFO - [2025-06-10T07:15:18.026+0000] {dag.py:3036} INFO - Sync 1 DAGs
[2025-06-10T07:15:18.036+0000] {logging_mixin.py:188} INFO - [2025-06-10T07:15:18.036+0000] {dag.py:3823} INFO - Setting next_dagrun for news_ingestion_pipeline to None, run_after=None
[2025-06-10T07:15:18.053+0000] {processor.py:183} INFO - Processing /opt/airflow/dags/rss_scrap_dag.py took 0.684 seconds
[2025-06-10T07:15:48.296+0000] {processor.py:161} INFO - Started process (PID=279) to work on /opt/airflow/dags/rss_scrap_dag.py
[2025-06-10T07:15:48.297+0000] {processor.py:830} INFO - Processing file /opt/airflow/dags/rss_scrap_dag.py for tasks to queue
[2025-06-10T07:15:48.299+0000] {logging_mixin.py:188} INFO - [2025-06-10T07:15:48.299+0000] {dagbag.py:538} INFO - Filling up the DagBag from /opt/airflow/dags/rss_scrap_dag.py
[2025-06-10T07:15:48.912+0000] {processor.py:840} INFO - DAG(s) 'news_ingestion_pipeline' retrieved from /opt/airflow/dags/rss_scrap_dag.py
[2025-06-10T07:15:48.932+0000] {logging_mixin.py:188} INFO - [2025-06-10T07:15:48.932+0000] {dag.py:3036} INFO - Sync 1 DAGs
[2025-06-10T07:15:48.942+0000] {logging_mixin.py:188} INFO - [2025-06-10T07:15:48.941+0000] {dag.py:3823} INFO - Setting next_dagrun for news_ingestion_pipeline to None, run_after=None
[2025-06-10T07:15:48.957+0000] {processor.py:183} INFO - Processing /opt/airflow/dags/rss_scrap_dag.py took 0.665 seconds
[2025-06-10T07:16:19.222+0000] {processor.py:161} INFO - Started process (PID=285) to work on /opt/airflow/dags/rss_scrap_dag.py
[2025-06-10T07:16:19.223+0000] {processor.py:830} INFO - Processing file /opt/airflow/dags/rss_scrap_dag.py for tasks to queue
[2025-06-10T07:16:19.225+0000] {logging_mixin.py:188} INFO - [2025-06-10T07:16:19.225+0000] {dagbag.py:538} INFO - Filling up the DagBag from /opt/airflow/dags/rss_scrap_dag.py
[2025-06-10T07:16:19.899+0000] {processor.py:840} INFO - DAG(s) 'news_ingestion_pipeline' retrieved from /opt/airflow/dags/rss_scrap_dag.py
[2025-06-10T07:16:19.918+0000] {logging_mixin.py:188} INFO - [2025-06-10T07:16:19.918+0000] {dag.py:3036} INFO - Sync 1 DAGs
[2025-06-10T07:16:19.927+0000] {logging_mixin.py:188} INFO - [2025-06-10T07:16:19.927+0000] {dag.py:3823} INFO - Setting next_dagrun for news_ingestion_pipeline to None, run_after=None
[2025-06-10T07:16:19.943+0000] {processor.py:183} INFO - Processing /opt/airflow/dags/rss_scrap_dag.py took 0.725 seconds
[2025-06-10T07:16:50.187+0000] {processor.py:161} INFO - Started process (PID=291) to work on /opt/airflow/dags/rss_scrap_dag.py
[2025-06-10T07:16:50.188+0000] {processor.py:830} INFO - Processing file /opt/airflow/dags/rss_scrap_dag.py for tasks to queue
[2025-06-10T07:16:50.190+0000] {logging_mixin.py:188} INFO - [2025-06-10T07:16:50.190+0000] {dagbag.py:538} INFO - Filling up the DagBag from /opt/airflow/dags/rss_scrap_dag.py
[2025-06-10T07:16:50.819+0000] {processor.py:840} INFO - DAG(s) 'news_ingestion_pipeline' retrieved from /opt/airflow/dags/rss_scrap_dag.py
[2025-06-10T07:16:50.839+0000] {logging_mixin.py:188} INFO - [2025-06-10T07:16:50.838+0000] {dag.py:3036} INFO - Sync 1 DAGs
[2025-06-10T07:16:50.848+0000] {logging_mixin.py:188} INFO - [2025-06-10T07:16:50.848+0000] {dag.py:3823} INFO - Setting next_dagrun for news_ingestion_pipeline to None, run_after=None
[2025-06-10T07:16:50.864+0000] {processor.py:183} INFO - Processing /opt/airflow/dags/rss_scrap_dag.py took 0.681 seconds
[2025-06-10T07:17:21.108+0000] {processor.py:161} INFO - Started process (PID=297) to work on /opt/airflow/dags/rss_scrap_dag.py
[2025-06-10T07:17:21.110+0000] {processor.py:830} INFO - Processing file /opt/airflow/dags/rss_scrap_dag.py for tasks to queue
[2025-06-10T07:17:21.112+0000] {logging_mixin.py:188} INFO - [2025-06-10T07:17:21.112+0000] {dagbag.py:538} INFO - Filling up the DagBag from /opt/airflow/dags/rss_scrap_dag.py
[2025-06-10T07:17:21.844+0000] {processor.py:840} INFO - DAG(s) 'news_ingestion_pipeline' retrieved from /opt/airflow/dags/rss_scrap_dag.py
[2025-06-10T07:17:21.866+0000] {logging_mixin.py:188} INFO - [2025-06-10T07:17:21.866+0000] {dag.py:3036} INFO - Sync 1 DAGs
[2025-06-10T07:17:21.876+0000] {logging_mixin.py:188} INFO - [2025-06-10T07:17:21.875+0000] {dag.py:3823} INFO - Setting next_dagrun for news_ingestion_pipeline to None, run_after=None
[2025-06-10T07:17:21.893+0000] {processor.py:183} INFO - Processing /opt/airflow/dags/rss_scrap_dag.py took 0.788 seconds
[2025-06-10T07:17:52.139+0000] {processor.py:161} INFO - Started process (PID=303) to work on /opt/airflow/dags/rss_scrap_dag.py
[2025-06-10T07:17:52.140+0000] {processor.py:830} INFO - Processing file /opt/airflow/dags/rss_scrap_dag.py for tasks to queue
[2025-06-10T07:17:52.142+0000] {logging_mixin.py:188} INFO - [2025-06-10T07:17:52.142+0000] {dagbag.py:538} INFO - Filling up the DagBag from /opt/airflow/dags/rss_scrap_dag.py
[2025-06-10T07:17:52.798+0000] {processor.py:840} INFO - DAG(s) 'news_ingestion_pipeline' retrieved from /opt/airflow/dags/rss_scrap_dag.py
[2025-06-10T07:17:52.816+0000] {logging_mixin.py:188} INFO - [2025-06-10T07:17:52.816+0000] {dag.py:3036} INFO - Sync 1 DAGs
[2025-06-10T07:17:52.825+0000] {logging_mixin.py:188} INFO - [2025-06-10T07:17:52.824+0000] {dag.py:3823} INFO - Setting next_dagrun for news_ingestion_pipeline to None, run_after=None
[2025-06-10T07:17:52.841+0000] {processor.py:183} INFO - Processing /opt/airflow/dags/rss_scrap_dag.py took 0.705 seconds
[2025-06-10T07:18:23.090+0000] {processor.py:161} INFO - Started process (PID=309) to work on /opt/airflow/dags/rss_scrap_dag.py
[2025-06-10T07:18:23.091+0000] {processor.py:830} INFO - Processing file /opt/airflow/dags/rss_scrap_dag.py for tasks to queue
[2025-06-10T07:18:23.094+0000] {logging_mixin.py:188} INFO - [2025-06-10T07:18:23.093+0000] {dagbag.py:538} INFO - Filling up the DagBag from /opt/airflow/dags/rss_scrap_dag.py
[2025-06-10T07:18:23.763+0000] {processor.py:840} INFO - DAG(s) 'news_ingestion_pipeline' retrieved from /opt/airflow/dags/rss_scrap_dag.py
[2025-06-10T07:18:23.781+0000] {logging_mixin.py:188} INFO - [2025-06-10T07:18:23.781+0000] {dag.py:3036} INFO - Sync 1 DAGs
[2025-06-10T07:18:23.790+0000] {logging_mixin.py:188} INFO - [2025-06-10T07:18:23.790+0000] {dag.py:3823} INFO - Setting next_dagrun for news_ingestion_pipeline to None, run_after=None
[2025-06-10T07:18:23.805+0000] {processor.py:183} INFO - Processing /opt/airflow/dags/rss_scrap_dag.py took 0.719 seconds
[2025-06-10T07:18:54.047+0000] {processor.py:161} INFO - Started process (PID=315) to work on /opt/airflow/dags/rss_scrap_dag.py
[2025-06-10T07:18:54.048+0000] {processor.py:830} INFO - Processing file /opt/airflow/dags/rss_scrap_dag.py for tasks to queue
[2025-06-10T07:18:54.050+0000] {logging_mixin.py:188} INFO - [2025-06-10T07:18:54.050+0000] {dagbag.py:538} INFO - Filling up the DagBag from /opt/airflow/dags/rss_scrap_dag.py
[2025-06-10T07:18:54.696+0000] {processor.py:840} INFO - DAG(s) 'news_ingestion_pipeline' retrieved from /opt/airflow/dags/rss_scrap_dag.py
[2025-06-10T07:18:54.716+0000] {logging_mixin.py:188} INFO - [2025-06-10T07:18:54.715+0000] {dag.py:3036} INFO - Sync 1 DAGs
[2025-06-10T07:18:54.724+0000] {logging_mixin.py:188} INFO - [2025-06-10T07:18:54.724+0000] {dag.py:3823} INFO - Setting next_dagrun for news_ingestion_pipeline to None, run_after=None
[2025-06-10T07:18:54.742+0000] {processor.py:183} INFO - Processing /opt/airflow/dags/rss_scrap_dag.py took 0.699 seconds
[2025-06-10T07:19:24.979+0000] {processor.py:161} INFO - Started process (PID=321) to work on /opt/airflow/dags/rss_scrap_dag.py
[2025-06-10T07:19:24.980+0000] {processor.py:830} INFO - Processing file /opt/airflow/dags/rss_scrap_dag.py for tasks to queue
[2025-06-10T07:19:24.982+0000] {logging_mixin.py:188} INFO - [2025-06-10T07:19:24.982+0000] {dagbag.py:538} INFO - Filling up the DagBag from /opt/airflow/dags/rss_scrap_dag.py
[2025-06-10T07:19:25.608+0000] {processor.py:840} INFO - DAG(s) 'news_ingestion_pipeline' retrieved from /opt/airflow/dags/rss_scrap_dag.py
[2025-06-10T07:19:25.628+0000] {logging_mixin.py:188} INFO - [2025-06-10T07:19:25.628+0000] {dag.py:3036} INFO - Sync 1 DAGs
[2025-06-10T07:19:25.638+0000] {logging_mixin.py:188} INFO - [2025-06-10T07:19:25.637+0000] {dag.py:3823} INFO - Setting next_dagrun for news_ingestion_pipeline to None, run_after=None
[2025-06-10T07:19:25.653+0000] {processor.py:183} INFO - Processing /opt/airflow/dags/rss_scrap_dag.py took 0.678 seconds
[2025-06-10T07:19:55.880+0000] {processor.py:161} INFO - Started process (PID=327) to work on /opt/airflow/dags/rss_scrap_dag.py
[2025-06-10T07:19:55.881+0000] {processor.py:830} INFO - Processing file /opt/airflow/dags/rss_scrap_dag.py for tasks to queue
[2025-06-10T07:19:55.883+0000] {logging_mixin.py:188} INFO - [2025-06-10T07:19:55.883+0000] {dagbag.py:538} INFO - Filling up the DagBag from /opt/airflow/dags/rss_scrap_dag.py
[2025-06-10T07:19:56.518+0000] {processor.py:840} INFO - DAG(s) 'news_ingestion_pipeline' retrieved from /opt/airflow/dags/rss_scrap_dag.py
[2025-06-10T07:19:56.537+0000] {logging_mixin.py:188} INFO - [2025-06-10T07:19:56.537+0000] {dag.py:3036} INFO - Sync 1 DAGs
[2025-06-10T07:19:56.545+0000] {logging_mixin.py:188} INFO - [2025-06-10T07:19:56.545+0000] {dag.py:3823} INFO - Setting next_dagrun for news_ingestion_pipeline to None, run_after=None
[2025-06-10T07:19:56.561+0000] {processor.py:183} INFO - Processing /opt/airflow/dags/rss_scrap_dag.py took 0.685 seconds
[2025-06-10T07:20:26.795+0000] {processor.py:161} INFO - Started process (PID=333) to work on /opt/airflow/dags/rss_scrap_dag.py
[2025-06-10T07:20:26.796+0000] {processor.py:830} INFO - Processing file /opt/airflow/dags/rss_scrap_dag.py for tasks to queue
[2025-06-10T07:20:26.798+0000] {logging_mixin.py:188} INFO - [2025-06-10T07:20:26.798+0000] {dagbag.py:538} INFO - Filling up the DagBag from /opt/airflow/dags/rss_scrap_dag.py
[2025-06-10T07:20:27.436+0000] {processor.py:840} INFO - DAG(s) 'news_ingestion_pipeline' retrieved from /opt/airflow/dags/rss_scrap_dag.py
[2025-06-10T07:20:27.455+0000] {logging_mixin.py:188} INFO - [2025-06-10T07:20:27.454+0000] {dag.py:3036} INFO - Sync 1 DAGs
[2025-06-10T07:20:27.463+0000] {logging_mixin.py:188} INFO - [2025-06-10T07:20:27.463+0000] {dag.py:3823} INFO - Setting next_dagrun for news_ingestion_pipeline to None, run_after=None
[2025-06-10T07:20:27.481+0000] {processor.py:183} INFO - Processing /opt/airflow/dags/rss_scrap_dag.py took 0.689 seconds
[2025-06-10T07:20:57.718+0000] {processor.py:161} INFO - Started process (PID=339) to work on /opt/airflow/dags/rss_scrap_dag.py
[2025-06-10T07:20:57.719+0000] {processor.py:830} INFO - Processing file /opt/airflow/dags/rss_scrap_dag.py for tasks to queue
[2025-06-10T07:20:57.721+0000] {logging_mixin.py:188} INFO - [2025-06-10T07:20:57.720+0000] {dagbag.py:538} INFO - Filling up the DagBag from /opt/airflow/dags/rss_scrap_dag.py
[2025-06-10T07:20:58.390+0000] {processor.py:840} INFO - DAG(s) 'news_ingestion_pipeline' retrieved from /opt/airflow/dags/rss_scrap_dag.py
[2025-06-10T07:20:58.412+0000] {logging_mixin.py:188} INFO - [2025-06-10T07:20:58.412+0000] {dag.py:3036} INFO - Sync 1 DAGs
[2025-06-10T07:20:58.422+0000] {logging_mixin.py:188} INFO - [2025-06-10T07:20:58.422+0000] {dag.py:3823} INFO - Setting next_dagrun for news_ingestion_pipeline to None, run_after=None
[2025-06-10T07:20:58.439+0000] {processor.py:183} INFO - Processing /opt/airflow/dags/rss_scrap_dag.py took 0.725 seconds
[2025-06-10T07:21:28.673+0000] {processor.py:161} INFO - Started process (PID=345) to work on /opt/airflow/dags/rss_scrap_dag.py
[2025-06-10T07:21:28.675+0000] {processor.py:830} INFO - Processing file /opt/airflow/dags/rss_scrap_dag.py for tasks to queue
[2025-06-10T07:21:28.677+0000] {logging_mixin.py:188} INFO - [2025-06-10T07:21:28.676+0000] {dagbag.py:538} INFO - Filling up the DagBag from /opt/airflow/dags/rss_scrap_dag.py
[2025-06-10T07:21:29.322+0000] {processor.py:840} INFO - DAG(s) 'news_ingestion_pipeline' retrieved from /opt/airflow/dags/rss_scrap_dag.py
[2025-06-10T07:21:29.340+0000] {logging_mixin.py:188} INFO - [2025-06-10T07:21:29.340+0000] {dag.py:3036} INFO - Sync 1 DAGs
[2025-06-10T07:21:29.349+0000] {logging_mixin.py:188} INFO - [2025-06-10T07:21:29.348+0000] {dag.py:3823} INFO - Setting next_dagrun for news_ingestion_pipeline to None, run_after=None
[2025-06-10T07:21:29.366+0000] {processor.py:183} INFO - Processing /opt/airflow/dags/rss_scrap_dag.py took 0.696 seconds
[2025-06-10T07:21:59.619+0000] {processor.py:161} INFO - Started process (PID=351) to work on /opt/airflow/dags/rss_scrap_dag.py
[2025-06-10T07:21:59.620+0000] {processor.py:830} INFO - Processing file /opt/airflow/dags/rss_scrap_dag.py for tasks to queue
[2025-06-10T07:21:59.622+0000] {logging_mixin.py:188} INFO - [2025-06-10T07:21:59.622+0000] {dagbag.py:538} INFO - Filling up the DagBag from /opt/airflow/dags/rss_scrap_dag.py
[2025-06-10T07:22:00.277+0000] {processor.py:840} INFO - DAG(s) 'news_ingestion_pipeline' retrieved from /opt/airflow/dags/rss_scrap_dag.py
[2025-06-10T07:22:00.297+0000] {logging_mixin.py:188} INFO - [2025-06-10T07:22:00.296+0000] {dag.py:3036} INFO - Sync 1 DAGs
[2025-06-10T07:22:00.306+0000] {logging_mixin.py:188} INFO - [2025-06-10T07:22:00.306+0000] {dag.py:3823} INFO - Setting next_dagrun for news_ingestion_pipeline to None, run_after=None
[2025-06-10T07:22:00.322+0000] {processor.py:183} INFO - Processing /opt/airflow/dags/rss_scrap_dag.py took 0.707 seconds
[2025-06-10T07:22:30.567+0000] {processor.py:161} INFO - Started process (PID=357) to work on /opt/airflow/dags/rss_scrap_dag.py
[2025-06-10T07:22:30.568+0000] {processor.py:830} INFO - Processing file /opt/airflow/dags/rss_scrap_dag.py for tasks to queue
[2025-06-10T07:22:30.570+0000] {logging_mixin.py:188} INFO - [2025-06-10T07:22:30.570+0000] {dagbag.py:538} INFO - Filling up the DagBag from /opt/airflow/dags/rss_scrap_dag.py
[2025-06-10T07:22:31.213+0000] {processor.py:840} INFO - DAG(s) 'news_ingestion_pipeline' retrieved from /opt/airflow/dags/rss_scrap_dag.py
[2025-06-10T07:22:31.232+0000] {logging_mixin.py:188} INFO - [2025-06-10T07:22:31.232+0000] {dag.py:3036} INFO - Sync 1 DAGs
[2025-06-10T07:22:31.242+0000] {logging_mixin.py:188} INFO - [2025-06-10T07:22:31.242+0000] {dag.py:3823} INFO - Setting next_dagrun for news_ingestion_pipeline to None, run_after=None
[2025-06-10T07:22:31.258+0000] {processor.py:183} INFO - Processing /opt/airflow/dags/rss_scrap_dag.py took 0.695 seconds
[2025-06-10T07:23:01.497+0000] {processor.py:161} INFO - Started process (PID=363) to work on /opt/airflow/dags/rss_scrap_dag.py
[2025-06-10T07:23:01.499+0000] {processor.py:830} INFO - Processing file /opt/airflow/dags/rss_scrap_dag.py for tasks to queue
[2025-06-10T07:23:01.501+0000] {logging_mixin.py:188} INFO - [2025-06-10T07:23:01.501+0000] {dagbag.py:538} INFO - Filling up the DagBag from /opt/airflow/dags/rss_scrap_dag.py
[2025-06-10T07:23:02.138+0000] {processor.py:840} INFO - DAG(s) 'news_ingestion_pipeline' retrieved from /opt/airflow/dags/rss_scrap_dag.py
[2025-06-10T07:23:02.157+0000] {logging_mixin.py:188} INFO - [2025-06-10T07:23:02.156+0000] {dag.py:3036} INFO - Sync 1 DAGs
[2025-06-10T07:23:02.166+0000] {logging_mixin.py:188} INFO - [2025-06-10T07:23:02.166+0000] {dag.py:3823} INFO - Setting next_dagrun for news_ingestion_pipeline to None, run_after=None
[2025-06-10T07:23:02.182+0000] {processor.py:183} INFO - Processing /opt/airflow/dags/rss_scrap_dag.py took 0.689 seconds
[2025-06-10T07:23:32.417+0000] {processor.py:161} INFO - Started process (PID=369) to work on /opt/airflow/dags/rss_scrap_dag.py
[2025-06-10T07:23:32.418+0000] {processor.py:830} INFO - Processing file /opt/airflow/dags/rss_scrap_dag.py for tasks to queue
[2025-06-10T07:23:32.420+0000] {logging_mixin.py:188} INFO - [2025-06-10T07:23:32.420+0000] {dagbag.py:538} INFO - Filling up the DagBag from /opt/airflow/dags/rss_scrap_dag.py
[2025-06-10T07:23:33.035+0000] {processor.py:840} INFO - DAG(s) 'news_ingestion_pipeline' retrieved from /opt/airflow/dags/rss_scrap_dag.py
[2025-06-10T07:23:33.053+0000] {logging_mixin.py:188} INFO - [2025-06-10T07:23:33.053+0000] {dag.py:3036} INFO - Sync 1 DAGs
[2025-06-10T07:23:33.062+0000] {logging_mixin.py:188} INFO - [2025-06-10T07:23:33.062+0000] {dag.py:3823} INFO - Setting next_dagrun for news_ingestion_pipeline to None, run_after=None
[2025-06-10T07:23:33.077+0000] {processor.py:183} INFO - Processing /opt/airflow/dags/rss_scrap_dag.py took 0.664 seconds
[2025-06-10T07:24:03.323+0000] {processor.py:161} INFO - Started process (PID=375) to work on /opt/airflow/dags/rss_scrap_dag.py
[2025-06-10T07:24:03.324+0000] {processor.py:830} INFO - Processing file /opt/airflow/dags/rss_scrap_dag.py for tasks to queue
[2025-06-10T07:24:03.326+0000] {logging_mixin.py:188} INFO - [2025-06-10T07:24:03.326+0000] {dagbag.py:538} INFO - Filling up the DagBag from /opt/airflow/dags/rss_scrap_dag.py
[2025-06-10T07:24:03.966+0000] {processor.py:840} INFO - DAG(s) 'news_ingestion_pipeline' retrieved from /opt/airflow/dags/rss_scrap_dag.py
[2025-06-10T07:24:03.984+0000] {logging_mixin.py:188} INFO - [2025-06-10T07:24:03.984+0000] {dag.py:3036} INFO - Sync 1 DAGs
[2025-06-10T07:24:03.993+0000] {logging_mixin.py:188} INFO - [2025-06-10T07:24:03.993+0000] {dag.py:3823} INFO - Setting next_dagrun for news_ingestion_pipeline to None, run_after=None
[2025-06-10T07:24:04.010+0000] {processor.py:183} INFO - Processing /opt/airflow/dags/rss_scrap_dag.py took 0.692 seconds
[2025-06-10T07:24:34.258+0000] {processor.py:161} INFO - Started process (PID=381) to work on /opt/airflow/dags/rss_scrap_dag.py
[2025-06-10T07:24:34.260+0000] {processor.py:830} INFO - Processing file /opt/airflow/dags/rss_scrap_dag.py for tasks to queue
[2025-06-10T07:24:34.262+0000] {logging_mixin.py:188} INFO - [2025-06-10T07:24:34.261+0000] {dagbag.py:538} INFO - Filling up the DagBag from /opt/airflow/dags/rss_scrap_dag.py
[2025-06-10T07:24:34.885+0000] {processor.py:840} INFO - DAG(s) 'news_ingestion_pipeline' retrieved from /opt/airflow/dags/rss_scrap_dag.py
[2025-06-10T07:24:34.904+0000] {logging_mixin.py:188} INFO - [2025-06-10T07:24:34.904+0000] {dag.py:3036} INFO - Sync 1 DAGs
[2025-06-10T07:24:34.915+0000] {logging_mixin.py:188} INFO - [2025-06-10T07:24:34.914+0000] {dag.py:3823} INFO - Setting next_dagrun for news_ingestion_pipeline to None, run_after=None
[2025-06-10T07:24:34.930+0000] {processor.py:183} INFO - Processing /opt/airflow/dags/rss_scrap_dag.py took 0.675 seconds
[2025-06-10T07:25:05.174+0000] {processor.py:161} INFO - Started process (PID=387) to work on /opt/airflow/dags/rss_scrap_dag.py
[2025-06-10T07:25:05.175+0000] {processor.py:830} INFO - Processing file /opt/airflow/dags/rss_scrap_dag.py for tasks to queue
[2025-06-10T07:25:05.178+0000] {logging_mixin.py:188} INFO - [2025-06-10T07:25:05.177+0000] {dagbag.py:538} INFO - Filling up the DagBag from /opt/airflow/dags/rss_scrap_dag.py
[2025-06-10T07:25:05.824+0000] {processor.py:840} INFO - DAG(s) 'news_ingestion_pipeline' retrieved from /opt/airflow/dags/rss_scrap_dag.py
[2025-06-10T07:25:05.844+0000] {logging_mixin.py:188} INFO - [2025-06-10T07:25:05.844+0000] {dag.py:3036} INFO - Sync 1 DAGs
[2025-06-10T07:25:05.853+0000] {logging_mixin.py:188} INFO - [2025-06-10T07:25:05.853+0000] {dag.py:3823} INFO - Setting next_dagrun for news_ingestion_pipeline to None, run_after=None
[2025-06-10T07:25:05.871+0000] {processor.py:183} INFO - Processing /opt/airflow/dags/rss_scrap_dag.py took 0.700 seconds
[2025-06-10T07:25:36.111+0000] {processor.py:161} INFO - Started process (PID=393) to work on /opt/airflow/dags/rss_scrap_dag.py
[2025-06-10T07:25:36.112+0000] {processor.py:830} INFO - Processing file /opt/airflow/dags/rss_scrap_dag.py for tasks to queue
[2025-06-10T07:25:36.114+0000] {logging_mixin.py:188} INFO - [2025-06-10T07:25:36.114+0000] {dagbag.py:538} INFO - Filling up the DagBag from /opt/airflow/dags/rss_scrap_dag.py
[2025-06-10T07:25:36.756+0000] {processor.py:840} INFO - DAG(s) 'news_ingestion_pipeline' retrieved from /opt/airflow/dags/rss_scrap_dag.py
[2025-06-10T07:25:36.775+0000] {logging_mixin.py:188} INFO - [2025-06-10T07:25:36.775+0000] {dag.py:3036} INFO - Sync 1 DAGs
[2025-06-10T07:25:36.784+0000] {logging_mixin.py:188} INFO - [2025-06-10T07:25:36.783+0000] {dag.py:3823} INFO - Setting next_dagrun for news_ingestion_pipeline to None, run_after=None
[2025-06-10T07:25:36.800+0000] {processor.py:183} INFO - Processing /opt/airflow/dags/rss_scrap_dag.py took 0.693 seconds
[2025-06-10T07:26:07.038+0000] {processor.py:161} INFO - Started process (PID=399) to work on /opt/airflow/dags/rss_scrap_dag.py
[2025-06-10T07:26:07.039+0000] {processor.py:830} INFO - Processing file /opt/airflow/dags/rss_scrap_dag.py for tasks to queue
[2025-06-10T07:26:07.041+0000] {logging_mixin.py:188} INFO - [2025-06-10T07:26:07.041+0000] {dagbag.py:538} INFO - Filling up the DagBag from /opt/airflow/dags/rss_scrap_dag.py
[2025-06-10T07:26:07.670+0000] {processor.py:840} INFO - DAG(s) 'news_ingestion_pipeline' retrieved from /opt/airflow/dags/rss_scrap_dag.py
[2025-06-10T07:26:07.690+0000] {logging_mixin.py:188} INFO - [2025-06-10T07:26:07.690+0000] {dag.py:3036} INFO - Sync 1 DAGs
[2025-06-10T07:26:07.699+0000] {logging_mixin.py:188} INFO - [2025-06-10T07:26:07.698+0000] {dag.py:3823} INFO - Setting next_dagrun for news_ingestion_pipeline to None, run_after=None
[2025-06-10T07:26:07.715+0000] {processor.py:183} INFO - Processing /opt/airflow/dags/rss_scrap_dag.py took 0.680 seconds
[2025-06-10T07:26:37.955+0000] {processor.py:161} INFO - Started process (PID=405) to work on /opt/airflow/dags/rss_scrap_dag.py
[2025-06-10T07:26:37.956+0000] {processor.py:830} INFO - Processing file /opt/airflow/dags/rss_scrap_dag.py for tasks to queue
[2025-06-10T07:26:37.958+0000] {logging_mixin.py:188} INFO - [2025-06-10T07:26:37.958+0000] {dagbag.py:538} INFO - Filling up the DagBag from /opt/airflow/dags/rss_scrap_dag.py
[2025-06-10T07:26:38.587+0000] {processor.py:840} INFO - DAG(s) 'news_ingestion_pipeline' retrieved from /opt/airflow/dags/rss_scrap_dag.py
[2025-06-10T07:26:38.607+0000] {logging_mixin.py:188} INFO - [2025-06-10T07:26:38.607+0000] {dag.py:3036} INFO - Sync 1 DAGs
[2025-06-10T07:26:38.616+0000] {logging_mixin.py:188} INFO - [2025-06-10T07:26:38.616+0000] {dag.py:3823} INFO - Setting next_dagrun for news_ingestion_pipeline to None, run_after=None
[2025-06-10T07:26:38.633+0000] {processor.py:183} INFO - Processing /opt/airflow/dags/rss_scrap_dag.py took 0.682 seconds
[2025-06-10T07:27:08.872+0000] {processor.py:161} INFO - Started process (PID=411) to work on /opt/airflow/dags/rss_scrap_dag.py
[2025-06-10T07:27:08.873+0000] {processor.py:830} INFO - Processing file /opt/airflow/dags/rss_scrap_dag.py for tasks to queue
[2025-06-10T07:27:08.875+0000] {logging_mixin.py:188} INFO - [2025-06-10T07:27:08.875+0000] {dagbag.py:538} INFO - Filling up the DagBag from /opt/airflow/dags/rss_scrap_dag.py
[2025-06-10T07:27:09.544+0000] {processor.py:840} INFO - DAG(s) 'news_ingestion_pipeline' retrieved from /opt/airflow/dags/rss_scrap_dag.py
[2025-06-10T07:27:09.562+0000] {logging_mixin.py:188} INFO - [2025-06-10T07:27:09.561+0000] {dag.py:3036} INFO - Sync 1 DAGs
[2025-06-10T07:27:09.571+0000] {logging_mixin.py:188} INFO - [2025-06-10T07:27:09.571+0000] {dag.py:3823} INFO - Setting next_dagrun for news_ingestion_pipeline to None, run_after=None
[2025-06-10T07:27:09.586+0000] {processor.py:183} INFO - Processing /opt/airflow/dags/rss_scrap_dag.py took 0.718 seconds
[2025-06-10T07:27:39.806+0000] {processor.py:161} INFO - Started process (PID=417) to work on /opt/airflow/dags/rss_scrap_dag.py
[2025-06-10T07:27:39.807+0000] {processor.py:830} INFO - Processing file /opt/airflow/dags/rss_scrap_dag.py for tasks to queue
[2025-06-10T07:27:39.810+0000] {logging_mixin.py:188} INFO - [2025-06-10T07:27:39.809+0000] {dagbag.py:538} INFO - Filling up the DagBag from /opt/airflow/dags/rss_scrap_dag.py
[2025-06-10T07:27:40.484+0000] {processor.py:840} INFO - DAG(s) 'news_ingestion_pipeline' retrieved from /opt/airflow/dags/rss_scrap_dag.py
[2025-06-10T07:27:40.506+0000] {logging_mixin.py:188} INFO - [2025-06-10T07:27:40.506+0000] {dag.py:3036} INFO - Sync 1 DAGs
[2025-06-10T07:27:40.516+0000] {logging_mixin.py:188} INFO - [2025-06-10T07:27:40.515+0000] {dag.py:3823} INFO - Setting next_dagrun for news_ingestion_pipeline to None, run_after=None
[2025-06-10T07:27:40.531+0000] {processor.py:183} INFO - Processing /opt/airflow/dags/rss_scrap_dag.py took 0.729 seconds
[2025-06-10T07:28:10.741+0000] {processor.py:161} INFO - Started process (PID=423) to work on /opt/airflow/dags/rss_scrap_dag.py
[2025-06-10T07:28:10.743+0000] {processor.py:830} INFO - Processing file /opt/airflow/dags/rss_scrap_dag.py for tasks to queue
[2025-06-10T07:28:10.745+0000] {logging_mixin.py:188} INFO - [2025-06-10T07:28:10.745+0000] {dagbag.py:538} INFO - Filling up the DagBag from /opt/airflow/dags/rss_scrap_dag.py
[2025-06-10T07:28:11.401+0000] {processor.py:840} INFO - DAG(s) 'news_ingestion_pipeline' retrieved from /opt/airflow/dags/rss_scrap_dag.py
[2025-06-10T07:28:11.421+0000] {logging_mixin.py:188} INFO - [2025-06-10T07:28:11.421+0000] {dag.py:3036} INFO - Sync 1 DAGs
[2025-06-10T07:28:11.431+0000] {logging_mixin.py:188} INFO - [2025-06-10T07:28:11.431+0000] {dag.py:3823} INFO - Setting next_dagrun for news_ingestion_pipeline to None, run_after=None
[2025-06-10T07:28:11.448+0000] {processor.py:183} INFO - Processing /opt/airflow/dags/rss_scrap_dag.py took 0.710 seconds
[2025-06-10T07:28:41.686+0000] {processor.py:161} INFO - Started process (PID=429) to work on /opt/airflow/dags/rss_scrap_dag.py
[2025-06-10T07:28:41.687+0000] {processor.py:830} INFO - Processing file /opt/airflow/dags/rss_scrap_dag.py for tasks to queue
[2025-06-10T07:28:41.689+0000] {logging_mixin.py:188} INFO - [2025-06-10T07:28:41.688+0000] {dagbag.py:538} INFO - Filling up the DagBag from /opt/airflow/dags/rss_scrap_dag.py
[2025-06-10T07:28:42.347+0000] {processor.py:840} INFO - DAG(s) 'news_ingestion_pipeline' retrieved from /opt/airflow/dags/rss_scrap_dag.py
[2025-06-10T07:28:42.365+0000] {logging_mixin.py:188} INFO - [2025-06-10T07:28:42.364+0000] {dag.py:3036} INFO - Sync 1 DAGs
[2025-06-10T07:28:42.373+0000] {logging_mixin.py:188} INFO - [2025-06-10T07:28:42.373+0000] {dag.py:3823} INFO - Setting next_dagrun for news_ingestion_pipeline to None, run_after=None
[2025-06-10T07:28:42.389+0000] {processor.py:183} INFO - Processing /opt/airflow/dags/rss_scrap_dag.py took 0.707 seconds
[2025-06-10T07:29:12.632+0000] {processor.py:161} INFO - Started process (PID=435) to work on /opt/airflow/dags/rss_scrap_dag.py
[2025-06-10T07:29:12.633+0000] {processor.py:830} INFO - Processing file /opt/airflow/dags/rss_scrap_dag.py for tasks to queue
[2025-06-10T07:29:12.636+0000] {logging_mixin.py:188} INFO - [2025-06-10T07:29:12.635+0000] {dagbag.py:538} INFO - Filling up the DagBag from /opt/airflow/dags/rss_scrap_dag.py
[2025-06-10T07:29:13.264+0000] {processor.py:840} INFO - DAG(s) 'news_ingestion_pipeline' retrieved from /opt/airflow/dags/rss_scrap_dag.py
[2025-06-10T07:29:13.282+0000] {logging_mixin.py:188} INFO - [2025-06-10T07:29:13.282+0000] {dag.py:3036} INFO - Sync 1 DAGs
[2025-06-10T07:29:13.291+0000] {logging_mixin.py:188} INFO - [2025-06-10T07:29:13.290+0000] {dag.py:3823} INFO - Setting next_dagrun for news_ingestion_pipeline to None, run_after=None
[2025-06-10T07:29:13.307+0000] {processor.py:183} INFO - Processing /opt/airflow/dags/rss_scrap_dag.py took 0.678 seconds
[2025-06-10T07:29:43.591+0000] {processor.py:161} INFO - Started process (PID=441) to work on /opt/airflow/dags/rss_scrap_dag.py
[2025-06-10T07:29:43.592+0000] {processor.py:830} INFO - Processing file /opt/airflow/dags/rss_scrap_dag.py for tasks to queue
[2025-06-10T07:29:43.594+0000] {logging_mixin.py:188} INFO - [2025-06-10T07:29:43.594+0000] {dagbag.py:538} INFO - Filling up the DagBag from /opt/airflow/dags/rss_scrap_dag.py
[2025-06-10T07:29:44.222+0000] {processor.py:840} INFO - DAG(s) 'news_ingestion_pipeline' retrieved from /opt/airflow/dags/rss_scrap_dag.py
[2025-06-10T07:29:44.241+0000] {logging_mixin.py:188} INFO - [2025-06-10T07:29:44.241+0000] {dag.py:3036} INFO - Sync 1 DAGs
[2025-06-10T07:29:44.253+0000] {logging_mixin.py:188} INFO - [2025-06-10T07:29:44.253+0000] {dag.py:3823} INFO - Setting next_dagrun for news_ingestion_pipeline to None, run_after=None
[2025-06-10T07:29:44.269+0000] {processor.py:183} INFO - Processing /opt/airflow/dags/rss_scrap_dag.py took 0.682 seconds
[2025-06-10T07:30:14.510+0000] {processor.py:161} INFO - Started process (PID=447) to work on /opt/airflow/dags/rss_scrap_dag.py
[2025-06-10T07:30:14.512+0000] {processor.py:830} INFO - Processing file /opt/airflow/dags/rss_scrap_dag.py for tasks to queue
[2025-06-10T07:30:14.514+0000] {logging_mixin.py:188} INFO - [2025-06-10T07:30:14.513+0000] {dagbag.py:538} INFO - Filling up the DagBag from /opt/airflow/dags/rss_scrap_dag.py
[2025-06-10T07:30:15.143+0000] {processor.py:840} INFO - DAG(s) 'news_ingestion_pipeline' retrieved from /opt/airflow/dags/rss_scrap_dag.py
[2025-06-10T07:30:15.163+0000] {logging_mixin.py:188} INFO - [2025-06-10T07:30:15.162+0000] {dag.py:3036} INFO - Sync 1 DAGs
[2025-06-10T07:30:15.171+0000] {logging_mixin.py:188} INFO - [2025-06-10T07:30:15.171+0000] {dag.py:3823} INFO - Setting next_dagrun for news_ingestion_pipeline to None, run_after=None
[2025-06-10T07:30:15.188+0000] {processor.py:183} INFO - Processing /opt/airflow/dags/rss_scrap_dag.py took 0.682 seconds
[2025-06-10T07:30:45.435+0000] {processor.py:161} INFO - Started process (PID=453) to work on /opt/airflow/dags/rss_scrap_dag.py
[2025-06-10T07:30:45.436+0000] {processor.py:830} INFO - Processing file /opt/airflow/dags/rss_scrap_dag.py for tasks to queue
[2025-06-10T07:30:45.438+0000] {logging_mixin.py:188} INFO - [2025-06-10T07:30:45.437+0000] {dagbag.py:538} INFO - Filling up the DagBag from /opt/airflow/dags/rss_scrap_dag.py
[2025-06-10T07:30:46.082+0000] {processor.py:840} INFO - DAG(s) 'news_ingestion_pipeline' retrieved from /opt/airflow/dags/rss_scrap_dag.py
[2025-06-10T07:30:46.101+0000] {logging_mixin.py:188} INFO - [2025-06-10T07:30:46.101+0000] {dag.py:3036} INFO - Sync 1 DAGs
[2025-06-10T07:30:46.109+0000] {logging_mixin.py:188} INFO - [2025-06-10T07:30:46.109+0000] {dag.py:3823} INFO - Setting next_dagrun for news_ingestion_pipeline to None, run_after=None
[2025-06-10T07:30:46.127+0000] {processor.py:183} INFO - Processing /opt/airflow/dags/rss_scrap_dag.py took 0.696 seconds
[2025-06-10T07:31:16.368+0000] {processor.py:161} INFO - Started process (PID=459) to work on /opt/airflow/dags/rss_scrap_dag.py
[2025-06-10T07:31:16.369+0000] {processor.py:830} INFO - Processing file /opt/airflow/dags/rss_scrap_dag.py for tasks to queue
[2025-06-10T07:31:16.371+0000] {logging_mixin.py:188} INFO - [2025-06-10T07:31:16.371+0000] {dagbag.py:538} INFO - Filling up the DagBag from /opt/airflow/dags/rss_scrap_dag.py
[2025-06-10T07:31:16.986+0000] {processor.py:840} INFO - DAG(s) 'news_ingestion_pipeline' retrieved from /opt/airflow/dags/rss_scrap_dag.py
[2025-06-10T07:31:17.004+0000] {logging_mixin.py:188} INFO - [2025-06-10T07:31:17.004+0000] {dag.py:3036} INFO - Sync 1 DAGs
[2025-06-10T07:31:17.013+0000] {logging_mixin.py:188} INFO - [2025-06-10T07:31:17.013+0000] {dag.py:3823} INFO - Setting next_dagrun for news_ingestion_pipeline to None, run_after=None
[2025-06-10T07:31:17.029+0000] {processor.py:183} INFO - Processing /opt/airflow/dags/rss_scrap_dag.py took 0.665 seconds
[2025-06-10T07:31:47.261+0000] {processor.py:161} INFO - Started process (PID=465) to work on /opt/airflow/dags/rss_scrap_dag.py
[2025-06-10T07:31:47.262+0000] {processor.py:830} INFO - Processing file /opt/airflow/dags/rss_scrap_dag.py for tasks to queue
[2025-06-10T07:31:47.264+0000] {logging_mixin.py:188} INFO - [2025-06-10T07:31:47.264+0000] {dagbag.py:538} INFO - Filling up the DagBag from /opt/airflow/dags/rss_scrap_dag.py
[2025-06-10T07:31:47.914+0000] {processor.py:840} INFO - DAG(s) 'news_ingestion_pipeline' retrieved from /opt/airflow/dags/rss_scrap_dag.py
[2025-06-10T07:31:47.932+0000] {logging_mixin.py:188} INFO - [2025-06-10T07:31:47.932+0000] {dag.py:3036} INFO - Sync 1 DAGs
[2025-06-10T07:31:47.940+0000] {logging_mixin.py:188} INFO - [2025-06-10T07:31:47.940+0000] {dag.py:3823} INFO - Setting next_dagrun for news_ingestion_pipeline to None, run_after=None
[2025-06-10T07:31:47.956+0000] {processor.py:183} INFO - Processing /opt/airflow/dags/rss_scrap_dag.py took 0.699 seconds
[2025-06-10T07:32:18.196+0000] {processor.py:161} INFO - Started process (PID=471) to work on /opt/airflow/dags/rss_scrap_dag.py
[2025-06-10T07:32:18.197+0000] {processor.py:830} INFO - Processing file /opt/airflow/dags/rss_scrap_dag.py for tasks to queue
[2025-06-10T07:32:18.199+0000] {logging_mixin.py:188} INFO - [2025-06-10T07:32:18.199+0000] {dagbag.py:538} INFO - Filling up the DagBag from /opt/airflow/dags/rss_scrap_dag.py
[2025-06-10T07:32:18.861+0000] {processor.py:840} INFO - DAG(s) 'news_ingestion_pipeline' retrieved from /opt/airflow/dags/rss_scrap_dag.py
[2025-06-10T07:32:18.880+0000] {logging_mixin.py:188} INFO - [2025-06-10T07:32:18.880+0000] {dag.py:3036} INFO - Sync 1 DAGs
[2025-06-10T07:32:18.890+0000] {logging_mixin.py:188} INFO - [2025-06-10T07:32:18.890+0000] {dag.py:3823} INFO - Setting next_dagrun for news_ingestion_pipeline to None, run_after=None
[2025-06-10T07:32:18.906+0000] {processor.py:183} INFO - Processing /opt/airflow/dags/rss_scrap_dag.py took 0.713 seconds
[2025-06-10T07:32:49.146+0000] {processor.py:161} INFO - Started process (PID=477) to work on /opt/airflow/dags/rss_scrap_dag.py
[2025-06-10T07:32:49.147+0000] {processor.py:830} INFO - Processing file /opt/airflow/dags/rss_scrap_dag.py for tasks to queue
[2025-06-10T07:32:49.149+0000] {logging_mixin.py:188} INFO - [2025-06-10T07:32:49.149+0000] {dagbag.py:538} INFO - Filling up the DagBag from /opt/airflow/dags/rss_scrap_dag.py
[2025-06-10T07:32:49.830+0000] {processor.py:840} INFO - DAG(s) 'news_ingestion_pipeline' retrieved from /opt/airflow/dags/rss_scrap_dag.py
[2025-06-10T07:32:49.850+0000] {logging_mixin.py:188} INFO - [2025-06-10T07:32:49.849+0000] {dag.py:3036} INFO - Sync 1 DAGs
[2025-06-10T07:32:49.859+0000] {logging_mixin.py:188} INFO - [2025-06-10T07:32:49.859+0000] {dag.py:3823} INFO - Setting next_dagrun for news_ingestion_pipeline to None, run_after=None
[2025-06-10T07:32:49.875+0000] {processor.py:183} INFO - Processing /opt/airflow/dags/rss_scrap_dag.py took 0.733 seconds
[2025-06-10T07:33:20.109+0000] {processor.py:161} INFO - Started process (PID=483) to work on /opt/airflow/dags/rss_scrap_dag.py
[2025-06-10T07:33:20.111+0000] {processor.py:830} INFO - Processing file /opt/airflow/dags/rss_scrap_dag.py for tasks to queue
[2025-06-10T07:33:20.113+0000] {logging_mixin.py:188} INFO - [2025-06-10T07:33:20.113+0000] {dagbag.py:538} INFO - Filling up the DagBag from /opt/airflow/dags/rss_scrap_dag.py
[2025-06-10T07:33:20.764+0000] {processor.py:840} INFO - DAG(s) 'news_ingestion_pipeline' retrieved from /opt/airflow/dags/rss_scrap_dag.py
[2025-06-10T07:33:20.783+0000] {logging_mixin.py:188} INFO - [2025-06-10T07:33:20.783+0000] {dag.py:3036} INFO - Sync 1 DAGs
[2025-06-10T07:33:20.791+0000] {logging_mixin.py:188} INFO - [2025-06-10T07:33:20.791+0000] {dag.py:3823} INFO - Setting next_dagrun for news_ingestion_pipeline to None, run_after=None
[2025-06-10T07:33:20.807+0000] {processor.py:183} INFO - Processing /opt/airflow/dags/rss_scrap_dag.py took 0.702 seconds
[2025-06-10T07:33:51.045+0000] {processor.py:161} INFO - Started process (PID=489) to work on /opt/airflow/dags/rss_scrap_dag.py
[2025-06-10T07:33:51.046+0000] {processor.py:830} INFO - Processing file /opt/airflow/dags/rss_scrap_dag.py for tasks to queue
[2025-06-10T07:33:51.048+0000] {logging_mixin.py:188} INFO - [2025-06-10T07:33:51.047+0000] {dagbag.py:538} INFO - Filling up the DagBag from /opt/airflow/dags/rss_scrap_dag.py
[2025-06-10T07:33:51.687+0000] {processor.py:840} INFO - DAG(s) 'news_ingestion_pipeline' retrieved from /opt/airflow/dags/rss_scrap_dag.py
[2025-06-10T07:33:51.706+0000] {logging_mixin.py:188} INFO - [2025-06-10T07:33:51.705+0000] {dag.py:3036} INFO - Sync 1 DAGs
[2025-06-10T07:33:51.715+0000] {logging_mixin.py:188} INFO - [2025-06-10T07:33:51.714+0000] {dag.py:3823} INFO - Setting next_dagrun for news_ingestion_pipeline to None, run_after=None
[2025-06-10T07:33:51.729+0000] {processor.py:183} INFO - Processing /opt/airflow/dags/rss_scrap_dag.py took 0.688 seconds
[2025-06-10T07:34:21.968+0000] {processor.py:161} INFO - Started process (PID=495) to work on /opt/airflow/dags/rss_scrap_dag.py
[2025-06-10T07:34:21.969+0000] {processor.py:830} INFO - Processing file /opt/airflow/dags/rss_scrap_dag.py for tasks to queue
[2025-06-10T07:34:21.971+0000] {logging_mixin.py:188} INFO - [2025-06-10T07:34:21.971+0000] {dagbag.py:538} INFO - Filling up the DagBag from /opt/airflow/dags/rss_scrap_dag.py
[2025-06-10T07:34:22.589+0000] {processor.py:840} INFO - DAG(s) 'news_ingestion_pipeline' retrieved from /opt/airflow/dags/rss_scrap_dag.py
[2025-06-10T07:34:22.608+0000] {logging_mixin.py:188} INFO - [2025-06-10T07:34:22.608+0000] {dag.py:3036} INFO - Sync 1 DAGs
[2025-06-10T07:34:22.617+0000] {logging_mixin.py:188} INFO - [2025-06-10T07:34:22.616+0000] {dag.py:3823} INFO - Setting next_dagrun for news_ingestion_pipeline to None, run_after=None
[2025-06-10T07:34:22.634+0000] {processor.py:183} INFO - Processing /opt/airflow/dags/rss_scrap_dag.py took 0.670 seconds
[2025-06-10T07:34:52.920+0000] {processor.py:161} INFO - Started process (PID=501) to work on /opt/airflow/dags/rss_scrap_dag.py
[2025-06-10T07:34:52.921+0000] {processor.py:830} INFO - Processing file /opt/airflow/dags/rss_scrap_dag.py for tasks to queue
[2025-06-10T07:34:52.923+0000] {logging_mixin.py:188} INFO - [2025-06-10T07:34:52.923+0000] {dagbag.py:538} INFO - Filling up the DagBag from /opt/airflow/dags/rss_scrap_dag.py
[2025-06-10T07:34:53.558+0000] {processor.py:840} INFO - DAG(s) 'news_ingestion_pipeline' retrieved from /opt/airflow/dags/rss_scrap_dag.py
[2025-06-10T07:34:53.577+0000] {logging_mixin.py:188} INFO - [2025-06-10T07:34:53.577+0000] {dag.py:3036} INFO - Sync 1 DAGs
[2025-06-10T07:34:53.587+0000] {logging_mixin.py:188} INFO - [2025-06-10T07:34:53.587+0000] {dag.py:3823} INFO - Setting next_dagrun for news_ingestion_pipeline to None, run_after=None
[2025-06-10T07:34:53.630+0000] {processor.py:183} INFO - Processing /opt/airflow/dags/rss_scrap_dag.py took 0.714 seconds
[2025-06-10T07:35:23.864+0000] {processor.py:161} INFO - Started process (PID=507) to work on /opt/airflow/dags/rss_scrap_dag.py
[2025-06-10T07:35:23.865+0000] {processor.py:830} INFO - Processing file /opt/airflow/dags/rss_scrap_dag.py for tasks to queue
[2025-06-10T07:35:23.867+0000] {logging_mixin.py:188} INFO - [2025-06-10T07:35:23.867+0000] {dagbag.py:538} INFO - Filling up the DagBag from /opt/airflow/dags/rss_scrap_dag.py
[2025-06-10T07:35:24.680+0000] {processor.py:840} INFO - DAG(s) 'news_ingestion_pipeline' retrieved from /opt/airflow/dags/rss_scrap_dag.py
[2025-06-10T07:35:24.702+0000] {logging_mixin.py:188} INFO - [2025-06-10T07:35:24.701+0000] {dag.py:3036} INFO - Sync 1 DAGs
[2025-06-10T07:35:24.713+0000] {logging_mixin.py:188} INFO - [2025-06-10T07:35:24.712+0000] {dag.py:3823} INFO - Setting next_dagrun for news_ingestion_pipeline to None, run_after=None
[2025-06-10T07:35:24.728+0000] {processor.py:183} INFO - Processing /opt/airflow/dags/rss_scrap_dag.py took 0.868 seconds
[2025-06-10T07:35:54.961+0000] {processor.py:161} INFO - Started process (PID=513) to work on /opt/airflow/dags/rss_scrap_dag.py
[2025-06-10T07:35:54.963+0000] {processor.py:830} INFO - Processing file /opt/airflow/dags/rss_scrap_dag.py for tasks to queue
[2025-06-10T07:35:54.965+0000] {logging_mixin.py:188} INFO - [2025-06-10T07:35:54.964+0000] {dagbag.py:538} INFO - Filling up the DagBag from /opt/airflow/dags/rss_scrap_dag.py
[2025-06-10T07:35:55.644+0000] {processor.py:840} INFO - DAG(s) 'news_ingestion_pipeline' retrieved from /opt/airflow/dags/rss_scrap_dag.py
[2025-06-10T07:35:55.663+0000] {logging_mixin.py:188} INFO - [2025-06-10T07:35:55.662+0000] {dag.py:3036} INFO - Sync 1 DAGs
[2025-06-10T07:35:55.672+0000] {logging_mixin.py:188} INFO - [2025-06-10T07:35:55.671+0000] {dag.py:3823} INFO - Setting next_dagrun for news_ingestion_pipeline to None, run_after=None
[2025-06-10T07:35:55.686+0000] {processor.py:183} INFO - Processing /opt/airflow/dags/rss_scrap_dag.py took 0.728 seconds
[2025-06-10T07:36:25.916+0000] {processor.py:161} INFO - Started process (PID=519) to work on /opt/airflow/dags/rss_scrap_dag.py
[2025-06-10T07:36:25.917+0000] {processor.py:830} INFO - Processing file /opt/airflow/dags/rss_scrap_dag.py for tasks to queue
[2025-06-10T07:36:25.919+0000] {logging_mixin.py:188} INFO - [2025-06-10T07:36:25.918+0000] {dagbag.py:538} INFO - Filling up the DagBag from /opt/airflow/dags/rss_scrap_dag.py
[2025-06-10T07:36:26.559+0000] {processor.py:840} INFO - DAG(s) 'news_ingestion_pipeline' retrieved from /opt/airflow/dags/rss_scrap_dag.py
[2025-06-10T07:36:26.578+0000] {logging_mixin.py:188} INFO - [2025-06-10T07:36:26.577+0000] {dag.py:3036} INFO - Sync 1 DAGs
[2025-06-10T07:36:26.586+0000] {logging_mixin.py:188} INFO - [2025-06-10T07:36:26.586+0000] {dag.py:3823} INFO - Setting next_dagrun for news_ingestion_pipeline to None, run_after=None
[2025-06-10T07:36:26.603+0000] {processor.py:183} INFO - Processing /opt/airflow/dags/rss_scrap_dag.py took 0.691 seconds
[2025-06-10T07:36:56.855+0000] {processor.py:161} INFO - Started process (PID=525) to work on /opt/airflow/dags/rss_scrap_dag.py
[2025-06-10T07:36:56.856+0000] {processor.py:830} INFO - Processing file /opt/airflow/dags/rss_scrap_dag.py for tasks to queue
[2025-06-10T07:36:56.858+0000] {logging_mixin.py:188} INFO - [2025-06-10T07:36:56.858+0000] {dagbag.py:538} INFO - Filling up the DagBag from /opt/airflow/dags/rss_scrap_dag.py
[2025-06-10T07:36:57.530+0000] {processor.py:840} INFO - DAG(s) 'news_ingestion_pipeline' retrieved from /opt/airflow/dags/rss_scrap_dag.py
[2025-06-10T07:36:57.549+0000] {logging_mixin.py:188} INFO - [2025-06-10T07:36:57.549+0000] {dag.py:3036} INFO - Sync 1 DAGs
[2025-06-10T07:36:57.558+0000] {logging_mixin.py:188} INFO - [2025-06-10T07:36:57.558+0000] {dag.py:3823} INFO - Setting next_dagrun for news_ingestion_pipeline to None, run_after=None
[2025-06-10T07:36:57.576+0000] {processor.py:183} INFO - Processing /opt/airflow/dags/rss_scrap_dag.py took 0.724 seconds
[2025-06-10T07:37:27.819+0000] {processor.py:161} INFO - Started process (PID=531) to work on /opt/airflow/dags/rss_scrap_dag.py
[2025-06-10T07:37:27.821+0000] {processor.py:830} INFO - Processing file /opt/airflow/dags/rss_scrap_dag.py for tasks to queue
[2025-06-10T07:37:27.823+0000] {logging_mixin.py:188} INFO - [2025-06-10T07:37:27.822+0000] {dagbag.py:538} INFO - Filling up the DagBag from /opt/airflow/dags/rss_scrap_dag.py
[2025-06-10T07:37:28.478+0000] {processor.py:840} INFO - DAG(s) 'news_ingestion_pipeline' retrieved from /opt/airflow/dags/rss_scrap_dag.py
[2025-06-10T07:37:28.497+0000] {logging_mixin.py:188} INFO - [2025-06-10T07:37:28.497+0000] {dag.py:3036} INFO - Sync 1 DAGs
[2025-06-10T07:37:28.507+0000] {logging_mixin.py:188} INFO - [2025-06-10T07:37:28.507+0000] {dag.py:3823} INFO - Setting next_dagrun for news_ingestion_pipeline to None, run_after=None
[2025-06-10T07:37:28.524+0000] {processor.py:183} INFO - Processing /opt/airflow/dags/rss_scrap_dag.py took 0.709 seconds
[2025-06-10T07:37:58.761+0000] {processor.py:161} INFO - Started process (PID=537) to work on /opt/airflow/dags/rss_scrap_dag.py
[2025-06-10T07:37:58.762+0000] {processor.py:830} INFO - Processing file /opt/airflow/dags/rss_scrap_dag.py for tasks to queue
[2025-06-10T07:37:58.764+0000] {logging_mixin.py:188} INFO - [2025-06-10T07:37:58.764+0000] {dagbag.py:538} INFO - Filling up the DagBag from /opt/airflow/dags/rss_scrap_dag.py
[2025-06-10T07:37:59.429+0000] {processor.py:840} INFO - DAG(s) 'news_ingestion_pipeline' retrieved from /opt/airflow/dags/rss_scrap_dag.py
[2025-06-10T07:37:59.449+0000] {logging_mixin.py:188} INFO - [2025-06-10T07:37:59.449+0000] {dag.py:3036} INFO - Sync 1 DAGs
[2025-06-10T07:37:59.458+0000] {logging_mixin.py:188} INFO - [2025-06-10T07:37:59.458+0000] {dag.py:3823} INFO - Setting next_dagrun for news_ingestion_pipeline to None, run_after=None
[2025-06-10T07:37:59.480+0000] {processor.py:183} INFO - Processing /opt/airflow/dags/rss_scrap_dag.py took 0.723 seconds
[2025-06-10T07:38:29.731+0000] {processor.py:161} INFO - Started process (PID=543) to work on /opt/airflow/dags/rss_scrap_dag.py
[2025-06-10T07:38:29.733+0000] {processor.py:830} INFO - Processing file /opt/airflow/dags/rss_scrap_dag.py for tasks to queue
[2025-06-10T07:38:29.735+0000] {logging_mixin.py:188} INFO - [2025-06-10T07:38:29.734+0000] {dagbag.py:538} INFO - Filling up the DagBag from /opt/airflow/dags/rss_scrap_dag.py
[2025-06-10T07:38:30.395+0000] {processor.py:840} INFO - DAG(s) 'news_ingestion_pipeline' retrieved from /opt/airflow/dags/rss_scrap_dag.py
[2025-06-10T07:38:30.420+0000] {logging_mixin.py:188} INFO - [2025-06-10T07:38:30.420+0000] {dag.py:3036} INFO - Sync 1 DAGs
[2025-06-10T07:38:30.430+0000] {logging_mixin.py:188} INFO - [2025-06-10T07:38:30.430+0000] {dag.py:3823} INFO - Setting next_dagrun for news_ingestion_pipeline to None, run_after=None
[2025-06-10T07:38:30.449+0000] {processor.py:183} INFO - Processing /opt/airflow/dags/rss_scrap_dag.py took 0.722 seconds
[2025-06-10T07:39:00.707+0000] {processor.py:161} INFO - Started process (PID=549) to work on /opt/airflow/dags/rss_scrap_dag.py
[2025-06-10T07:39:00.708+0000] {processor.py:830} INFO - Processing file /opt/airflow/dags/rss_scrap_dag.py for tasks to queue
[2025-06-10T07:39:00.710+0000] {logging_mixin.py:188} INFO - [2025-06-10T07:39:00.710+0000] {dagbag.py:538} INFO - Filling up the DagBag from /opt/airflow/dags/rss_scrap_dag.py
[2025-06-10T07:39:01.332+0000] {processor.py:840} INFO - DAG(s) 'news_ingestion_pipeline' retrieved from /opt/airflow/dags/rss_scrap_dag.py
[2025-06-10T07:39:01.351+0000] {logging_mixin.py:188} INFO - [2025-06-10T07:39:01.350+0000] {dag.py:3036} INFO - Sync 1 DAGs
[2025-06-10T07:39:01.360+0000] {logging_mixin.py:188} INFO - [2025-06-10T07:39:01.360+0000] {dag.py:3823} INFO - Setting next_dagrun for news_ingestion_pipeline to None, run_after=None
[2025-06-10T07:39:01.377+0000] {processor.py:183} INFO - Processing /opt/airflow/dags/rss_scrap_dag.py took 0.674 seconds
[2025-06-10T07:39:31.608+0000] {processor.py:161} INFO - Started process (PID=555) to work on /opt/airflow/dags/rss_scrap_dag.py
[2025-06-10T07:39:31.609+0000] {processor.py:830} INFO - Processing file /opt/airflow/dags/rss_scrap_dag.py for tasks to queue
[2025-06-10T07:39:31.611+0000] {logging_mixin.py:188} INFO - [2025-06-10T07:39:31.611+0000] {dagbag.py:538} INFO - Filling up the DagBag from /opt/airflow/dags/rss_scrap_dag.py
[2025-06-10T07:39:32.248+0000] {processor.py:840} INFO - DAG(s) 'news_ingestion_pipeline' retrieved from /opt/airflow/dags/rss_scrap_dag.py
[2025-06-10T07:39:32.268+0000] {logging_mixin.py:188} INFO - [2025-06-10T07:39:32.267+0000] {dag.py:3036} INFO - Sync 1 DAGs
[2025-06-10T07:39:32.277+0000] {logging_mixin.py:188} INFO - [2025-06-10T07:39:32.277+0000] {dag.py:3823} INFO - Setting next_dagrun for news_ingestion_pipeline to None, run_after=None
[2025-06-10T07:39:32.293+0000] {processor.py:183} INFO - Processing /opt/airflow/dags/rss_scrap_dag.py took 0.689 seconds
[2025-06-10T07:40:02.526+0000] {processor.py:161} INFO - Started process (PID=561) to work on /opt/airflow/dags/rss_scrap_dag.py
[2025-06-10T07:40:02.527+0000] {processor.py:830} INFO - Processing file /opt/airflow/dags/rss_scrap_dag.py for tasks to queue
[2025-06-10T07:40:02.530+0000] {logging_mixin.py:188} INFO - [2025-06-10T07:40:02.529+0000] {dagbag.py:538} INFO - Filling up the DagBag from /opt/airflow/dags/rss_scrap_dag.py
[2025-06-10T07:40:03.196+0000] {processor.py:840} INFO - DAG(s) 'news_ingestion_pipeline' retrieved from /opt/airflow/dags/rss_scrap_dag.py
[2025-06-10T07:40:03.215+0000] {logging_mixin.py:188} INFO - [2025-06-10T07:40:03.215+0000] {dag.py:3036} INFO - Sync 1 DAGs
[2025-06-10T07:40:03.230+0000] {logging_mixin.py:188} INFO - [2025-06-10T07:40:03.230+0000] {dag.py:3823} INFO - Setting next_dagrun for news_ingestion_pipeline to None, run_after=None
[2025-06-10T07:40:03.248+0000] {processor.py:183} INFO - Processing /opt/airflow/dags/rss_scrap_dag.py took 0.726 seconds
[2025-06-10T07:40:33.504+0000] {processor.py:161} INFO - Started process (PID=567) to work on /opt/airflow/dags/rss_scrap_dag.py
[2025-06-10T07:40:33.505+0000] {processor.py:830} INFO - Processing file /opt/airflow/dags/rss_scrap_dag.py for tasks to queue
[2025-06-10T07:40:33.507+0000] {logging_mixin.py:188} INFO - [2025-06-10T07:40:33.507+0000] {dagbag.py:538} INFO - Filling up the DagBag from /opt/airflow/dags/rss_scrap_dag.py
[2025-06-10T07:40:34.171+0000] {processor.py:840} INFO - DAG(s) 'news_ingestion_pipeline' retrieved from /opt/airflow/dags/rss_scrap_dag.py
[2025-06-10T07:40:34.191+0000] {logging_mixin.py:188} INFO - [2025-06-10T07:40:34.190+0000] {dag.py:3036} INFO - Sync 1 DAGs
[2025-06-10T07:40:34.199+0000] {logging_mixin.py:188} INFO - [2025-06-10T07:40:34.199+0000] {dag.py:3823} INFO - Setting next_dagrun for news_ingestion_pipeline to None, run_after=None
[2025-06-10T07:40:34.216+0000] {processor.py:183} INFO - Processing /opt/airflow/dags/rss_scrap_dag.py took 0.716 seconds
[2025-06-10T07:41:04.456+0000] {processor.py:161} INFO - Started process (PID=573) to work on /opt/airflow/dags/rss_scrap_dag.py
[2025-06-10T07:41:04.458+0000] {processor.py:830} INFO - Processing file /opt/airflow/dags/rss_scrap_dag.py for tasks to queue
[2025-06-10T07:41:04.460+0000] {logging_mixin.py:188} INFO - [2025-06-10T07:41:04.459+0000] {dagbag.py:538} INFO - Filling up the DagBag from /opt/airflow/dags/rss_scrap_dag.py
[2025-06-10T07:41:05.111+0000] {processor.py:840} INFO - DAG(s) 'news_ingestion_pipeline' retrieved from /opt/airflow/dags/rss_scrap_dag.py
[2025-06-10T07:41:05.131+0000] {logging_mixin.py:188} INFO - [2025-06-10T07:41:05.131+0000] {dag.py:3036} INFO - Sync 1 DAGs
[2025-06-10T07:41:05.140+0000] {logging_mixin.py:188} INFO - [2025-06-10T07:41:05.139+0000] {dag.py:3823} INFO - Setting next_dagrun for news_ingestion_pipeline to None, run_after=None
[2025-06-10T07:41:05.156+0000] {processor.py:183} INFO - Processing /opt/airflow/dags/rss_scrap_dag.py took 0.704 seconds
[2025-06-10T07:41:35.390+0000] {processor.py:161} INFO - Started process (PID=579) to work on /opt/airflow/dags/rss_scrap_dag.py
[2025-06-10T07:41:35.391+0000] {processor.py:830} INFO - Processing file /opt/airflow/dags/rss_scrap_dag.py for tasks to queue
[2025-06-10T07:41:35.394+0000] {logging_mixin.py:188} INFO - [2025-06-10T07:41:35.393+0000] {dagbag.py:538} INFO - Filling up the DagBag from /opt/airflow/dags/rss_scrap_dag.py
[2025-06-10T07:41:36.086+0000] {processor.py:840} INFO - DAG(s) 'news_ingestion_pipeline' retrieved from /opt/airflow/dags/rss_scrap_dag.py
[2025-06-10T07:41:36.108+0000] {logging_mixin.py:188} INFO - [2025-06-10T07:41:36.107+0000] {dag.py:3036} INFO - Sync 1 DAGs
[2025-06-10T07:41:36.117+0000] {logging_mixin.py:188} INFO - [2025-06-10T07:41:36.117+0000] {dag.py:3823} INFO - Setting next_dagrun for news_ingestion_pipeline to None, run_after=None
[2025-06-10T07:41:36.135+0000] {processor.py:183} INFO - Processing /opt/airflow/dags/rss_scrap_dag.py took 0.748 seconds
[2025-06-10T07:42:06.379+0000] {processor.py:161} INFO - Started process (PID=585) to work on /opt/airflow/dags/rss_scrap_dag.py
[2025-06-10T07:42:06.380+0000] {processor.py:830} INFO - Processing file /opt/airflow/dags/rss_scrap_dag.py for tasks to queue
[2025-06-10T07:42:06.383+0000] {logging_mixin.py:188} INFO - [2025-06-10T07:42:06.382+0000] {dagbag.py:538} INFO - Filling up the DagBag from /opt/airflow/dags/rss_scrap_dag.py
[2025-06-10T07:42:07.093+0000] {processor.py:840} INFO - DAG(s) 'news_ingestion_pipeline' retrieved from /opt/airflow/dags/rss_scrap_dag.py
[2025-06-10T07:42:07.113+0000] {logging_mixin.py:188} INFO - [2025-06-10T07:42:07.113+0000] {dag.py:3036} INFO - Sync 1 DAGs
[2025-06-10T07:42:07.124+0000] {logging_mixin.py:188} INFO - [2025-06-10T07:42:07.123+0000] {dag.py:3823} INFO - Setting next_dagrun for news_ingestion_pipeline to None, run_after=None
[2025-06-10T07:42:07.140+0000] {processor.py:183} INFO - Processing /opt/airflow/dags/rss_scrap_dag.py took 0.765 seconds
[2025-06-10T07:42:37.372+0000] {processor.py:161} INFO - Started process (PID=591) to work on /opt/airflow/dags/rss_scrap_dag.py
[2025-06-10T07:42:37.373+0000] {processor.py:830} INFO - Processing file /opt/airflow/dags/rss_scrap_dag.py for tasks to queue
[2025-06-10T07:42:37.376+0000] {logging_mixin.py:188} INFO - [2025-06-10T07:42:37.375+0000] {dagbag.py:538} INFO - Filling up the DagBag from /opt/airflow/dags/rss_scrap_dag.py
[2025-06-10T07:42:38.033+0000] {processor.py:840} INFO - DAG(s) 'news_ingestion_pipeline' retrieved from /opt/airflow/dags/rss_scrap_dag.py
[2025-06-10T07:42:38.052+0000] {logging_mixin.py:188} INFO - [2025-06-10T07:42:38.052+0000] {dag.py:3036} INFO - Sync 1 DAGs
[2025-06-10T07:42:38.061+0000] {logging_mixin.py:188} INFO - [2025-06-10T07:42:38.061+0000] {dag.py:3823} INFO - Setting next_dagrun for news_ingestion_pipeline to None, run_after=None
[2025-06-10T07:42:38.078+0000] {processor.py:183} INFO - Processing /opt/airflow/dags/rss_scrap_dag.py took 0.711 seconds
[2025-06-10T07:43:08.313+0000] {processor.py:161} INFO - Started process (PID=597) to work on /opt/airflow/dags/rss_scrap_dag.py
[2025-06-10T07:43:08.315+0000] {processor.py:830} INFO - Processing file /opt/airflow/dags/rss_scrap_dag.py for tasks to queue
[2025-06-10T07:43:08.318+0000] {logging_mixin.py:188} INFO - [2025-06-10T07:43:08.317+0000] {dagbag.py:538} INFO - Filling up the DagBag from /opt/airflow/dags/rss_scrap_dag.py
[2025-06-10T07:43:09.038+0000] {processor.py:840} INFO - DAG(s) 'news_ingestion_pipeline' retrieved from /opt/airflow/dags/rss_scrap_dag.py
[2025-06-10T07:43:09.057+0000] {logging_mixin.py:188} INFO - [2025-06-10T07:43:09.057+0000] {dag.py:3036} INFO - Sync 1 DAGs
[2025-06-10T07:43:09.068+0000] {logging_mixin.py:188} INFO - [2025-06-10T07:43:09.067+0000] {dag.py:3823} INFO - Setting next_dagrun for news_ingestion_pipeline to None, run_after=None
[2025-06-10T07:43:09.083+0000] {processor.py:183} INFO - Processing /opt/airflow/dags/rss_scrap_dag.py took 0.773 seconds
