[2025-06-12T08:14:07.115+0000] {processor.py:161} INFO - Started process (PID=35) to work on /opt/airflow/dags/rss_ingestion_dag.py
[2025-06-12T08:14:07.118+0000] {processor.py:830} INFO - Processing file /opt/airflow/dags/rss_ingestion_dag.py for tasks to queue
[2025-06-12T08:14:07.121+0000] {logging_mixin.py:188} INFO - [2025-06-12T08:14:07.121+0000] {dagbag.py:538} INFO - Filling up the DagBag from /opt/airflow/dags/rss_ingestion_dag.py
[2025-06-12T08:14:08.191+0000] {processor.py:840} INFO - DAG(s) 'rss_ingestion_dag' retrieved from /opt/airflow/dags/rss_ingestion_dag.py
[2025-06-12T08:14:08.223+0000] {logging_mixin.py:188} INFO - [2025-06-12T08:14:08.222+0000] {dag.py:3036} INFO - Sync 1 DAGs
[2025-06-12T08:14:08.250+0000] {logging_mixin.py:188} INFO - [2025-06-12T08:14:08.250+0000] {dag.py:3823} INFO - Setting next_dagrun for rss_ingestion_dag to 2025-06-12 08:00:00+00:00, run_after=2025-06-12 08:15:00+00:00
[2025-06-12T08:14:08.273+0000] {processor.py:183} INFO - Processing /opt/airflow/dags/rss_ingestion_dag.py took 1.162 seconds
[2025-06-12T08:14:38.368+0000] {processor.py:161} INFO - Started process (PID=40) to work on /opt/airflow/dags/rss_ingestion_dag.py
[2025-06-12T08:14:38.369+0000] {processor.py:830} INFO - Processing file /opt/airflow/dags/rss_ingestion_dag.py for tasks to queue
[2025-06-12T08:14:38.373+0000] {logging_mixin.py:188} INFO - [2025-06-12T08:14:38.373+0000] {dagbag.py:538} INFO - Filling up the DagBag from /opt/airflow/dags/rss_ingestion_dag.py
[2025-06-12T08:14:38.904+0000] {processor.py:840} INFO - DAG(s) 'rss_ingestion_dag' retrieved from /opt/airflow/dags/rss_ingestion_dag.py
[2025-06-12T08:14:39.014+0000] {logging_mixin.py:188} INFO - [2025-06-12T08:14:39.014+0000] {dag.py:3036} INFO - Sync 1 DAGs
[2025-06-12T08:14:39.033+0000] {logging_mixin.py:188} INFO - [2025-06-12T08:14:39.033+0000] {dag.py:3823} INFO - Setting next_dagrun for rss_ingestion_dag to 2025-06-12 08:00:00+00:00, run_after=2025-06-12 08:15:00+00:00
[2025-06-12T08:14:39.051+0000] {processor.py:183} INFO - Processing /opt/airflow/dags/rss_ingestion_dag.py took 0.687 seconds
[2025-06-12T08:15:09.297+0000] {processor.py:161} INFO - Started process (PID=46) to work on /opt/airflow/dags/rss_ingestion_dag.py
[2025-06-12T08:15:09.298+0000] {processor.py:830} INFO - Processing file /opt/airflow/dags/rss_ingestion_dag.py for tasks to queue
[2025-06-12T08:15:09.300+0000] {logging_mixin.py:188} INFO - [2025-06-12T08:15:09.300+0000] {dagbag.py:538} INFO - Filling up the DagBag from /opt/airflow/dags/rss_ingestion_dag.py
[2025-06-12T08:15:09.819+0000] {processor.py:840} INFO - DAG(s) 'rss_ingestion_dag' retrieved from /opt/airflow/dags/rss_ingestion_dag.py
[2025-06-12T08:15:09.840+0000] {logging_mixin.py:188} INFO - [2025-06-12T08:15:09.839+0000] {dag.py:3036} INFO - Sync 1 DAGs
[2025-06-12T08:15:09.860+0000] {logging_mixin.py:188} INFO - [2025-06-12T08:15:09.860+0000] {dag.py:3823} INFO - Setting next_dagrun for rss_ingestion_dag to 2025-06-12 08:15:00+00:00, run_after=2025-06-12 08:30:00+00:00
[2025-06-12T08:15:09.877+0000] {processor.py:183} INFO - Processing /opt/airflow/dags/rss_ingestion_dag.py took 0.583 seconds
[2025-06-12T08:15:40.131+0000] {processor.py:161} INFO - Started process (PID=52) to work on /opt/airflow/dags/rss_ingestion_dag.py
[2025-06-12T08:15:40.132+0000] {processor.py:830} INFO - Processing file /opt/airflow/dags/rss_ingestion_dag.py for tasks to queue
[2025-06-12T08:15:40.134+0000] {logging_mixin.py:188} INFO - [2025-06-12T08:15:40.134+0000] {dagbag.py:538} INFO - Filling up the DagBag from /opt/airflow/dags/rss_ingestion_dag.py
[2025-06-12T08:15:40.680+0000] {processor.py:840} INFO - DAG(s) 'rss_ingestion_dag' retrieved from /opt/airflow/dags/rss_ingestion_dag.py
[2025-06-12T08:15:40.700+0000] {logging_mixin.py:188} INFO - [2025-06-12T08:15:40.699+0000] {dag.py:3036} INFO - Sync 1 DAGs
[2025-06-12T08:15:40.723+0000] {logging_mixin.py:188} INFO - [2025-06-12T08:15:40.723+0000] {dag.py:3823} INFO - Setting next_dagrun for rss_ingestion_dag to 2025-06-12 08:15:00+00:00, run_after=2025-06-12 08:30:00+00:00
[2025-06-12T08:15:40.741+0000] {processor.py:183} INFO - Processing /opt/airflow/dags/rss_ingestion_dag.py took 0.613 seconds
[2025-06-12T08:16:11.002+0000] {processor.py:161} INFO - Started process (PID=58) to work on /opt/airflow/dags/rss_ingestion_dag.py
[2025-06-12T08:16:11.003+0000] {processor.py:830} INFO - Processing file /opt/airflow/dags/rss_ingestion_dag.py for tasks to queue
[2025-06-12T08:16:11.005+0000] {logging_mixin.py:188} INFO - [2025-06-12T08:16:11.005+0000] {dagbag.py:538} INFO - Filling up the DagBag from /opt/airflow/dags/rss_ingestion_dag.py
[2025-06-12T08:16:11.556+0000] {processor.py:840} INFO - DAG(s) 'rss_ingestion_dag' retrieved from /opt/airflow/dags/rss_ingestion_dag.py
[2025-06-12T08:16:11.577+0000] {logging_mixin.py:188} INFO - [2025-06-12T08:16:11.576+0000] {dag.py:3036} INFO - Sync 1 DAGs
[2025-06-12T08:16:11.595+0000] {logging_mixin.py:188} INFO - [2025-06-12T08:16:11.595+0000] {dag.py:3823} INFO - Setting next_dagrun for rss_ingestion_dag to 2025-06-12 08:15:00+00:00, run_after=2025-06-12 08:30:00+00:00
[2025-06-12T08:16:11.612+0000] {processor.py:183} INFO - Processing /opt/airflow/dags/rss_ingestion_dag.py took 0.613 seconds
[2025-06-12T08:16:41.829+0000] {processor.py:161} INFO - Started process (PID=64) to work on /opt/airflow/dags/rss_ingestion_dag.py
[2025-06-12T08:16:41.831+0000] {processor.py:830} INFO - Processing file /opt/airflow/dags/rss_ingestion_dag.py for tasks to queue
[2025-06-12T08:16:41.833+0000] {logging_mixin.py:188} INFO - [2025-06-12T08:16:41.833+0000] {dagbag.py:538} INFO - Filling up the DagBag from /opt/airflow/dags/rss_ingestion_dag.py
[2025-06-12T08:16:42.360+0000] {processor.py:840} INFO - DAG(s) 'rss_ingestion_dag' retrieved from /opt/airflow/dags/rss_ingestion_dag.py
[2025-06-12T08:16:42.383+0000] {logging_mixin.py:188} INFO - [2025-06-12T08:16:42.382+0000] {dag.py:3036} INFO - Sync 1 DAGs
[2025-06-12T08:16:42.407+0000] {logging_mixin.py:188} INFO - [2025-06-12T08:16:42.407+0000] {dag.py:3823} INFO - Setting next_dagrun for rss_ingestion_dag to 2025-06-12 08:15:00+00:00, run_after=2025-06-12 08:30:00+00:00
[2025-06-12T08:16:42.428+0000] {processor.py:183} INFO - Processing /opt/airflow/dags/rss_ingestion_dag.py took 0.603 seconds
[2025-06-12T08:17:12.620+0000] {processor.py:161} INFO - Started process (PID=70) to work on /opt/airflow/dags/rss_ingestion_dag.py
[2025-06-12T08:17:12.621+0000] {processor.py:830} INFO - Processing file /opt/airflow/dags/rss_ingestion_dag.py for tasks to queue
[2025-06-12T08:17:12.623+0000] {logging_mixin.py:188} INFO - [2025-06-12T08:17:12.623+0000] {dagbag.py:538} INFO - Filling up the DagBag from /opt/airflow/dags/rss_ingestion_dag.py
[2025-06-12T08:17:13.153+0000] {processor.py:840} INFO - DAG(s) 'rss_ingestion_dag' retrieved from /opt/airflow/dags/rss_ingestion_dag.py
[2025-06-12T08:17:13.175+0000] {logging_mixin.py:188} INFO - [2025-06-12T08:17:13.175+0000] {dag.py:3036} INFO - Sync 1 DAGs
[2025-06-12T08:17:13.195+0000] {logging_mixin.py:188} INFO - [2025-06-12T08:17:13.195+0000] {dag.py:3823} INFO - Setting next_dagrun for rss_ingestion_dag to 2025-06-12 08:15:00+00:00, run_after=2025-06-12 08:30:00+00:00
[2025-06-12T08:17:13.212+0000] {processor.py:183} INFO - Processing /opt/airflow/dags/rss_ingestion_dag.py took 0.595 seconds
[2025-06-12T08:17:43.416+0000] {processor.py:161} INFO - Started process (PID=76) to work on /opt/airflow/dags/rss_ingestion_dag.py
[2025-06-12T08:17:43.417+0000] {processor.py:830} INFO - Processing file /opt/airflow/dags/rss_ingestion_dag.py for tasks to queue
[2025-06-12T08:17:43.419+0000] {logging_mixin.py:188} INFO - [2025-06-12T08:17:43.419+0000] {dagbag.py:538} INFO - Filling up the DagBag from /opt/airflow/dags/rss_ingestion_dag.py
[2025-06-12T08:17:43.956+0000] {processor.py:840} INFO - DAG(s) 'rss_ingestion_dag' retrieved from /opt/airflow/dags/rss_ingestion_dag.py
[2025-06-12T08:17:43.981+0000] {logging_mixin.py:188} INFO - [2025-06-12T08:17:43.980+0000] {dag.py:3036} INFO - Sync 1 DAGs
[2025-06-12T08:17:44.000+0000] {logging_mixin.py:188} INFO - [2025-06-12T08:17:44.000+0000] {dag.py:3823} INFO - Setting next_dagrun for rss_ingestion_dag to 2025-06-12 08:15:00+00:00, run_after=2025-06-12 08:30:00+00:00
[2025-06-12T08:17:44.018+0000] {processor.py:183} INFO - Processing /opt/airflow/dags/rss_ingestion_dag.py took 0.606 seconds
[2025-06-12T08:18:14.204+0000] {processor.py:161} INFO - Started process (PID=82) to work on /opt/airflow/dags/rss_ingestion_dag.py
[2025-06-12T08:18:14.206+0000] {processor.py:830} INFO - Processing file /opt/airflow/dags/rss_ingestion_dag.py for tasks to queue
[2025-06-12T08:18:14.208+0000] {logging_mixin.py:188} INFO - [2025-06-12T08:18:14.208+0000] {dagbag.py:538} INFO - Filling up the DagBag from /opt/airflow/dags/rss_ingestion_dag.py
[2025-06-12T08:18:14.730+0000] {processor.py:840} INFO - DAG(s) 'rss_ingestion_dag' retrieved from /opt/airflow/dags/rss_ingestion_dag.py
[2025-06-12T08:18:14.750+0000] {logging_mixin.py:188} INFO - [2025-06-12T08:18:14.749+0000] {dag.py:3036} INFO - Sync 1 DAGs
[2025-06-12T08:18:14.768+0000] {logging_mixin.py:188} INFO - [2025-06-12T08:18:14.768+0000] {dag.py:3823} INFO - Setting next_dagrun for rss_ingestion_dag to 2025-06-12 08:15:00+00:00, run_after=2025-06-12 08:30:00+00:00
[2025-06-12T08:18:14.784+0000] {processor.py:183} INFO - Processing /opt/airflow/dags/rss_ingestion_dag.py took 0.584 seconds
[2025-06-12T08:18:44.996+0000] {processor.py:161} INFO - Started process (PID=88) to work on /opt/airflow/dags/rss_ingestion_dag.py
[2025-06-12T08:18:44.997+0000] {processor.py:830} INFO - Processing file /opt/airflow/dags/rss_ingestion_dag.py for tasks to queue
[2025-06-12T08:18:44.999+0000] {logging_mixin.py:188} INFO - [2025-06-12T08:18:44.998+0000] {dagbag.py:538} INFO - Filling up the DagBag from /opt/airflow/dags/rss_ingestion_dag.py
[2025-06-12T08:18:45.521+0000] {processor.py:840} INFO - DAG(s) 'rss_ingestion_dag' retrieved from /opt/airflow/dags/rss_ingestion_dag.py
[2025-06-12T08:18:45.543+0000] {logging_mixin.py:188} INFO - [2025-06-12T08:18:45.543+0000] {dag.py:3036} INFO - Sync 1 DAGs
[2025-06-12T08:18:45.562+0000] {logging_mixin.py:188} INFO - [2025-06-12T08:18:45.562+0000] {dag.py:3823} INFO - Setting next_dagrun for rss_ingestion_dag to 2025-06-12 08:15:00+00:00, run_after=2025-06-12 08:30:00+00:00
[2025-06-12T08:18:45.579+0000] {processor.py:183} INFO - Processing /opt/airflow/dags/rss_ingestion_dag.py took 0.587 seconds
[2025-06-12T08:19:15.647+0000] {processor.py:161} INFO - Started process (PID=94) to work on /opt/airflow/dags/rss_ingestion_dag.py
[2025-06-12T08:19:15.648+0000] {processor.py:830} INFO - Processing file /opt/airflow/dags/rss_ingestion_dag.py for tasks to queue
[2025-06-12T08:19:15.650+0000] {logging_mixin.py:188} INFO - [2025-06-12T08:19:15.650+0000] {dagbag.py:538} INFO - Filling up the DagBag from /opt/airflow/dags/rss_ingestion_dag.py
[2025-06-12T08:19:16.209+0000] {processor.py:840} INFO - DAG(s) 'rss_ingestion_dag' retrieved from /opt/airflow/dags/rss_ingestion_dag.py
[2025-06-12T08:19:16.231+0000] {logging_mixin.py:188} INFO - [2025-06-12T08:19:16.230+0000] {dag.py:3036} INFO - Sync 1 DAGs
[2025-06-12T08:19:16.250+0000] {logging_mixin.py:188} INFO - [2025-06-12T08:19:16.250+0000] {dag.py:3823} INFO - Setting next_dagrun for rss_ingestion_dag to 2025-06-12 08:15:00+00:00, run_after=2025-06-12 08:30:00+00:00
[2025-06-12T08:19:16.269+0000] {processor.py:183} INFO - Processing /opt/airflow/dags/rss_ingestion_dag.py took 0.625 seconds
[2025-06-12T08:19:46.767+0000] {processor.py:161} INFO - Started process (PID=100) to work on /opt/airflow/dags/rss_ingestion_dag.py
[2025-06-12T08:19:46.768+0000] {processor.py:830} INFO - Processing file /opt/airflow/dags/rss_ingestion_dag.py for tasks to queue
[2025-06-12T08:19:46.770+0000] {logging_mixin.py:188} INFO - [2025-06-12T08:19:46.770+0000] {dagbag.py:538} INFO - Filling up the DagBag from /opt/airflow/dags/rss_ingestion_dag.py
[2025-06-12T08:19:47.286+0000] {processor.py:840} INFO - DAG(s) 'rss_ingestion_dag' retrieved from /opt/airflow/dags/rss_ingestion_dag.py
[2025-06-12T08:19:47.305+0000] {logging_mixin.py:188} INFO - [2025-06-12T08:19:47.304+0000] {dag.py:3036} INFO - Sync 1 DAGs
[2025-06-12T08:19:47.323+0000] {logging_mixin.py:188} INFO - [2025-06-12T08:19:47.323+0000] {dag.py:3823} INFO - Setting next_dagrun for rss_ingestion_dag to 2025-06-12 08:15:00+00:00, run_after=2025-06-12 08:30:00+00:00
[2025-06-12T08:19:47.339+0000] {processor.py:183} INFO - Processing /opt/airflow/dags/rss_ingestion_dag.py took 0.576 seconds
[2025-06-12T08:20:17.714+0000] {processor.py:161} INFO - Started process (PID=106) to work on /opt/airflow/dags/rss_ingestion_dag.py
[2025-06-12T08:20:17.715+0000] {processor.py:830} INFO - Processing file /opt/airflow/dags/rss_ingestion_dag.py for tasks to queue
[2025-06-12T08:20:17.717+0000] {logging_mixin.py:188} INFO - [2025-06-12T08:20:17.717+0000] {dagbag.py:538} INFO - Filling up the DagBag from /opt/airflow/dags/rss_ingestion_dag.py
[2025-06-12T08:20:18.243+0000] {processor.py:840} INFO - DAG(s) 'rss_ingestion_dag' retrieved from /opt/airflow/dags/rss_ingestion_dag.py
[2025-06-12T08:20:18.263+0000] {logging_mixin.py:188} INFO - [2025-06-12T08:20:18.262+0000] {dag.py:3036} INFO - Sync 1 DAGs
[2025-06-12T08:20:18.280+0000] {logging_mixin.py:188} INFO - [2025-06-12T08:20:18.280+0000] {dag.py:3823} INFO - Setting next_dagrun for rss_ingestion_dag to 2025-06-12 08:15:00+00:00, run_after=2025-06-12 08:30:00+00:00
[2025-06-12T08:20:18.295+0000] {processor.py:183} INFO - Processing /opt/airflow/dags/rss_ingestion_dag.py took 0.585 seconds
[2025-06-12T08:20:48.598+0000] {processor.py:161} INFO - Started process (PID=112) to work on /opt/airflow/dags/rss_ingestion_dag.py
[2025-06-12T08:20:48.599+0000] {processor.py:830} INFO - Processing file /opt/airflow/dags/rss_ingestion_dag.py for tasks to queue
[2025-06-12T08:20:48.601+0000] {logging_mixin.py:188} INFO - [2025-06-12T08:20:48.601+0000] {dagbag.py:538} INFO - Filling up the DagBag from /opt/airflow/dags/rss_ingestion_dag.py
[2025-06-12T08:20:49.123+0000] {processor.py:840} INFO - DAG(s) 'rss_ingestion_dag' retrieved from /opt/airflow/dags/rss_ingestion_dag.py
[2025-06-12T08:20:49.141+0000] {logging_mixin.py:188} INFO - [2025-06-12T08:20:49.141+0000] {dag.py:3036} INFO - Sync 1 DAGs
[2025-06-12T08:20:49.160+0000] {logging_mixin.py:188} INFO - [2025-06-12T08:20:49.160+0000] {dag.py:3823} INFO - Setting next_dagrun for rss_ingestion_dag to 2025-06-12 08:15:00+00:00, run_after=2025-06-12 08:30:00+00:00
[2025-06-12T08:20:49.177+0000] {processor.py:183} INFO - Processing /opt/airflow/dags/rss_ingestion_dag.py took 0.582 seconds
[2025-06-12T08:21:19.515+0000] {processor.py:161} INFO - Started process (PID=118) to work on /opt/airflow/dags/rss_ingestion_dag.py
[2025-06-12T08:21:19.516+0000] {processor.py:830} INFO - Processing file /opt/airflow/dags/rss_ingestion_dag.py for tasks to queue
[2025-06-12T08:21:19.518+0000] {logging_mixin.py:188} INFO - [2025-06-12T08:21:19.518+0000] {dagbag.py:538} INFO - Filling up the DagBag from /opt/airflow/dags/rss_ingestion_dag.py
[2025-06-12T08:21:20.025+0000] {processor.py:840} INFO - DAG(s) 'rss_ingestion_dag' retrieved from /opt/airflow/dags/rss_ingestion_dag.py
[2025-06-12T08:21:20.044+0000] {logging_mixin.py:188} INFO - [2025-06-12T08:21:20.044+0000] {dag.py:3036} INFO - Sync 1 DAGs
[2025-06-12T08:21:20.063+0000] {logging_mixin.py:188} INFO - [2025-06-12T08:21:20.062+0000] {dag.py:3823} INFO - Setting next_dagrun for rss_ingestion_dag to 2025-06-12 08:15:00+00:00, run_after=2025-06-12 08:30:00+00:00
[2025-06-12T08:21:20.079+0000] {processor.py:183} INFO - Processing /opt/airflow/dags/rss_ingestion_dag.py took 0.568 seconds
[2025-06-12T08:21:50.411+0000] {processor.py:161} INFO - Started process (PID=124) to work on /opt/airflow/dags/rss_ingestion_dag.py
[2025-06-12T08:21:50.412+0000] {processor.py:830} INFO - Processing file /opt/airflow/dags/rss_ingestion_dag.py for tasks to queue
[2025-06-12T08:21:50.414+0000] {logging_mixin.py:188} INFO - [2025-06-12T08:21:50.413+0000] {dagbag.py:538} INFO - Filling up the DagBag from /opt/airflow/dags/rss_ingestion_dag.py
[2025-06-12T08:21:50.950+0000] {processor.py:840} INFO - DAG(s) 'rss_ingestion_dag' retrieved from /opt/airflow/dags/rss_ingestion_dag.py
[2025-06-12T08:21:50.969+0000] {logging_mixin.py:188} INFO - [2025-06-12T08:21:50.969+0000] {dag.py:3036} INFO - Sync 1 DAGs
[2025-06-12T08:21:50.987+0000] {logging_mixin.py:188} INFO - [2025-06-12T08:21:50.987+0000] {dag.py:3823} INFO - Setting next_dagrun for rss_ingestion_dag to 2025-06-12 08:15:00+00:00, run_after=2025-06-12 08:30:00+00:00
[2025-06-12T08:21:51.003+0000] {processor.py:183} INFO - Processing /opt/airflow/dags/rss_ingestion_dag.py took 0.597 seconds
[2025-06-12T08:22:21.383+0000] {processor.py:161} INFO - Started process (PID=130) to work on /opt/airflow/dags/rss_ingestion_dag.py
[2025-06-12T08:22:21.385+0000] {processor.py:830} INFO - Processing file /opt/airflow/dags/rss_ingestion_dag.py for tasks to queue
[2025-06-12T08:22:21.387+0000] {logging_mixin.py:188} INFO - [2025-06-12T08:22:21.386+0000] {dagbag.py:538} INFO - Filling up the DagBag from /opt/airflow/dags/rss_ingestion_dag.py
[2025-06-12T08:22:21.915+0000] {processor.py:840} INFO - DAG(s) 'rss_ingestion_dag' retrieved from /opt/airflow/dags/rss_ingestion_dag.py
[2025-06-12T08:22:21.934+0000] {logging_mixin.py:188} INFO - [2025-06-12T08:22:21.934+0000] {dag.py:3036} INFO - Sync 1 DAGs
[2025-06-12T08:22:21.951+0000] {logging_mixin.py:188} INFO - [2025-06-12T08:22:21.951+0000] {dag.py:3823} INFO - Setting next_dagrun for rss_ingestion_dag to 2025-06-12 08:15:00+00:00, run_after=2025-06-12 08:30:00+00:00
[2025-06-12T08:22:21.968+0000] {processor.py:183} INFO - Processing /opt/airflow/dags/rss_ingestion_dag.py took 0.588 seconds
[2025-06-12T08:22:52.278+0000] {processor.py:161} INFO - Started process (PID=136) to work on /opt/airflow/dags/rss_ingestion_dag.py
[2025-06-12T08:22:52.280+0000] {processor.py:830} INFO - Processing file /opt/airflow/dags/rss_ingestion_dag.py for tasks to queue
[2025-06-12T08:22:52.282+0000] {logging_mixin.py:188} INFO - [2025-06-12T08:22:52.282+0000] {dagbag.py:538} INFO - Filling up the DagBag from /opt/airflow/dags/rss_ingestion_dag.py
[2025-06-12T08:22:52.891+0000] {processor.py:840} INFO - DAG(s) 'rss_ingestion_dag' retrieved from /opt/airflow/dags/rss_ingestion_dag.py
[2025-06-12T08:22:52.912+0000] {logging_mixin.py:188} INFO - [2025-06-12T08:22:52.912+0000] {dag.py:3036} INFO - Sync 1 DAGs
[2025-06-12T08:22:52.934+0000] {logging_mixin.py:188} INFO - [2025-06-12T08:22:52.934+0000] {dag.py:3823} INFO - Setting next_dagrun for rss_ingestion_dag to 2025-06-12 08:15:00+00:00, run_after=2025-06-12 08:30:00+00:00
[2025-06-12T08:22:52.953+0000] {processor.py:183} INFO - Processing /opt/airflow/dags/rss_ingestion_dag.py took 0.679 seconds
[2025-06-12T08:23:23.226+0000] {processor.py:161} INFO - Started process (PID=142) to work on /opt/airflow/dags/rss_ingestion_dag.py
[2025-06-12T08:23:23.227+0000] {processor.py:830} INFO - Processing file /opt/airflow/dags/rss_ingestion_dag.py for tasks to queue
[2025-06-12T08:23:23.229+0000] {logging_mixin.py:188} INFO - [2025-06-12T08:23:23.228+0000] {dagbag.py:538} INFO - Filling up the DagBag from /opt/airflow/dags/rss_ingestion_dag.py
[2025-06-12T08:23:23.740+0000] {processor.py:840} INFO - DAG(s) 'rss_ingestion_dag' retrieved from /opt/airflow/dags/rss_ingestion_dag.py
[2025-06-12T08:23:23.762+0000] {logging_mixin.py:188} INFO - [2025-06-12T08:23:23.761+0000] {dag.py:3036} INFO - Sync 1 DAGs
[2025-06-12T08:23:23.782+0000] {logging_mixin.py:188} INFO - [2025-06-12T08:23:23.782+0000] {dag.py:3823} INFO - Setting next_dagrun for rss_ingestion_dag to 2025-06-12 08:15:00+00:00, run_after=2025-06-12 08:30:00+00:00
[2025-06-12T08:23:23.801+0000] {processor.py:183} INFO - Processing /opt/airflow/dags/rss_ingestion_dag.py took 0.579 seconds
[2025-06-12T08:23:54.157+0000] {processor.py:161} INFO - Started process (PID=148) to work on /opt/airflow/dags/rss_ingestion_dag.py
[2025-06-12T08:23:54.159+0000] {processor.py:830} INFO - Processing file /opt/airflow/dags/rss_ingestion_dag.py for tasks to queue
[2025-06-12T08:23:54.161+0000] {logging_mixin.py:188} INFO - [2025-06-12T08:23:54.161+0000] {dagbag.py:538} INFO - Filling up the DagBag from /opt/airflow/dags/rss_ingestion_dag.py
[2025-06-12T08:23:54.697+0000] {processor.py:840} INFO - DAG(s) 'rss_ingestion_dag' retrieved from /opt/airflow/dags/rss_ingestion_dag.py
[2025-06-12T08:23:54.718+0000] {logging_mixin.py:188} INFO - [2025-06-12T08:23:54.717+0000] {dag.py:3036} INFO - Sync 1 DAGs
[2025-06-12T08:23:54.737+0000] {logging_mixin.py:188} INFO - [2025-06-12T08:23:54.737+0000] {dag.py:3823} INFO - Setting next_dagrun for rss_ingestion_dag to 2025-06-12 08:15:00+00:00, run_after=2025-06-12 08:30:00+00:00
[2025-06-12T08:23:54.754+0000] {processor.py:183} INFO - Processing /opt/airflow/dags/rss_ingestion_dag.py took 0.600 seconds
[2025-06-12T08:24:25.124+0000] {processor.py:161} INFO - Started process (PID=154) to work on /opt/airflow/dags/rss_ingestion_dag.py
[2025-06-12T08:24:25.125+0000] {processor.py:830} INFO - Processing file /opt/airflow/dags/rss_ingestion_dag.py for tasks to queue
[2025-06-12T08:24:25.127+0000] {logging_mixin.py:188} INFO - [2025-06-12T08:24:25.127+0000] {dagbag.py:538} INFO - Filling up the DagBag from /opt/airflow/dags/rss_ingestion_dag.py
[2025-06-12T08:24:25.682+0000] {processor.py:840} INFO - DAG(s) 'rss_ingestion_dag' retrieved from /opt/airflow/dags/rss_ingestion_dag.py
[2025-06-12T08:24:25.701+0000] {logging_mixin.py:188} INFO - [2025-06-12T08:24:25.700+0000] {dag.py:3036} INFO - Sync 1 DAGs
[2025-06-12T08:24:25.718+0000] {logging_mixin.py:188} INFO - [2025-06-12T08:24:25.718+0000] {dag.py:3823} INFO - Setting next_dagrun for rss_ingestion_dag to 2025-06-12 08:15:00+00:00, run_after=2025-06-12 08:30:00+00:00
[2025-06-12T08:24:25.734+0000] {processor.py:183} INFO - Processing /opt/airflow/dags/rss_ingestion_dag.py took 0.613 seconds
[2025-06-12T08:24:56.040+0000] {processor.py:161} INFO - Started process (PID=160) to work on /opt/airflow/dags/rss_ingestion_dag.py
[2025-06-12T08:24:56.041+0000] {processor.py:830} INFO - Processing file /opt/airflow/dags/rss_ingestion_dag.py for tasks to queue
[2025-06-12T08:24:56.044+0000] {logging_mixin.py:188} INFO - [2025-06-12T08:24:56.044+0000] {dagbag.py:538} INFO - Filling up the DagBag from /opt/airflow/dags/rss_ingestion_dag.py
[2025-06-12T08:24:56.574+0000] {processor.py:840} INFO - DAG(s) 'rss_ingestion_dag' retrieved from /opt/airflow/dags/rss_ingestion_dag.py
[2025-06-12T08:24:56.594+0000] {logging_mixin.py:188} INFO - [2025-06-12T08:24:56.594+0000] {dag.py:3036} INFO - Sync 1 DAGs
[2025-06-12T08:24:56.612+0000] {logging_mixin.py:188} INFO - [2025-06-12T08:24:56.612+0000] {dag.py:3823} INFO - Setting next_dagrun for rss_ingestion_dag to 2025-06-12 08:15:00+00:00, run_after=2025-06-12 08:30:00+00:00
[2025-06-12T08:24:56.628+0000] {processor.py:183} INFO - Processing /opt/airflow/dags/rss_ingestion_dag.py took 0.592 seconds
[2025-06-12T08:25:27.023+0000] {processor.py:161} INFO - Started process (PID=166) to work on /opt/airflow/dags/rss_ingestion_dag.py
[2025-06-12T08:25:27.024+0000] {processor.py:830} INFO - Processing file /opt/airflow/dags/rss_ingestion_dag.py for tasks to queue
[2025-06-12T08:25:27.026+0000] {logging_mixin.py:188} INFO - [2025-06-12T08:25:27.026+0000] {dagbag.py:538} INFO - Filling up the DagBag from /opt/airflow/dags/rss_ingestion_dag.py
[2025-06-12T08:25:27.665+0000] {processor.py:840} INFO - DAG(s) 'rss_ingestion_dag' retrieved from /opt/airflow/dags/rss_ingestion_dag.py
[2025-06-12T08:25:27.684+0000] {logging_mixin.py:188} INFO - [2025-06-12T08:25:27.683+0000] {dag.py:3036} INFO - Sync 1 DAGs
[2025-06-12T08:25:27.703+0000] {logging_mixin.py:188} INFO - [2025-06-12T08:25:27.702+0000] {dag.py:3823} INFO - Setting next_dagrun for rss_ingestion_dag to 2025-06-12 08:15:00+00:00, run_after=2025-06-12 08:30:00+00:00
[2025-06-12T08:25:27.723+0000] {processor.py:183} INFO - Processing /opt/airflow/dags/rss_ingestion_dag.py took 0.705 seconds
[2025-06-12T08:25:57.992+0000] {processor.py:161} INFO - Started process (PID=172) to work on /opt/airflow/dags/rss_ingestion_dag.py
[2025-06-12T08:25:57.993+0000] {processor.py:830} INFO - Processing file /opt/airflow/dags/rss_ingestion_dag.py for tasks to queue
[2025-06-12T08:25:57.995+0000] {logging_mixin.py:188} INFO - [2025-06-12T08:25:57.994+0000] {dagbag.py:538} INFO - Filling up the DagBag from /opt/airflow/dags/rss_ingestion_dag.py
[2025-06-12T08:25:58.518+0000] {processor.py:840} INFO - DAG(s) 'rss_ingestion_dag' retrieved from /opt/airflow/dags/rss_ingestion_dag.py
[2025-06-12T08:25:58.537+0000] {logging_mixin.py:188} INFO - [2025-06-12T08:25:58.536+0000] {dag.py:3036} INFO - Sync 1 DAGs
[2025-06-12T08:25:58.556+0000] {logging_mixin.py:188} INFO - [2025-06-12T08:25:58.556+0000] {dag.py:3823} INFO - Setting next_dagrun for rss_ingestion_dag to 2025-06-12 08:15:00+00:00, run_after=2025-06-12 08:30:00+00:00
[2025-06-12T08:25:58.575+0000] {processor.py:183} INFO - Processing /opt/airflow/dags/rss_ingestion_dag.py took 0.587 seconds
[2025-06-12T08:26:28.915+0000] {processor.py:161} INFO - Started process (PID=178) to work on /opt/airflow/dags/rss_ingestion_dag.py
[2025-06-12T08:26:28.916+0000] {processor.py:830} INFO - Processing file /opt/airflow/dags/rss_ingestion_dag.py for tasks to queue
[2025-06-12T08:26:28.919+0000] {logging_mixin.py:188} INFO - [2025-06-12T08:26:28.918+0000] {dagbag.py:538} INFO - Filling up the DagBag from /opt/airflow/dags/rss_ingestion_dag.py
[2025-06-12T08:26:29.442+0000] {processor.py:840} INFO - DAG(s) 'rss_ingestion_dag' retrieved from /opt/airflow/dags/rss_ingestion_dag.py
[2025-06-12T08:26:29.464+0000] {logging_mixin.py:188} INFO - [2025-06-12T08:26:29.462+0000] {dag.py:3036} INFO - Sync 1 DAGs
[2025-06-12T08:26:29.483+0000] {logging_mixin.py:188} INFO - [2025-06-12T08:26:29.482+0000] {dag.py:3823} INFO - Setting next_dagrun for rss_ingestion_dag to 2025-06-12 08:15:00+00:00, run_after=2025-06-12 08:30:00+00:00
[2025-06-12T08:26:29.499+0000] {processor.py:183} INFO - Processing /opt/airflow/dags/rss_ingestion_dag.py took 0.587 seconds
[2025-06-12T08:26:59.859+0000] {processor.py:161} INFO - Started process (PID=184) to work on /opt/airflow/dags/rss_ingestion_dag.py
[2025-06-12T08:26:59.860+0000] {processor.py:830} INFO - Processing file /opt/airflow/dags/rss_ingestion_dag.py for tasks to queue
[2025-06-12T08:26:59.862+0000] {logging_mixin.py:188} INFO - [2025-06-12T08:26:59.862+0000] {dagbag.py:538} INFO - Filling up the DagBag from /opt/airflow/dags/rss_ingestion_dag.py
[2025-06-12T08:27:00.405+0000] {processor.py:840} INFO - DAG(s) 'rss_ingestion_dag' retrieved from /opt/airflow/dags/rss_ingestion_dag.py
[2025-06-12T08:27:00.424+0000] {logging_mixin.py:188} INFO - [2025-06-12T08:27:00.424+0000] {dag.py:3036} INFO - Sync 1 DAGs
[2025-06-12T08:27:00.443+0000] {logging_mixin.py:188} INFO - [2025-06-12T08:27:00.442+0000] {dag.py:3823} INFO - Setting next_dagrun for rss_ingestion_dag to 2025-06-12 08:15:00+00:00, run_after=2025-06-12 08:30:00+00:00
[2025-06-12T08:27:00.459+0000] {processor.py:183} INFO - Processing /opt/airflow/dags/rss_ingestion_dag.py took 0.603 seconds
[2025-06-12T08:29:31.841+0000] {processor.py:161} INFO - Started process (PID=34) to work on /opt/airflow/dags/rss_ingestion_dag.py
[2025-06-12T08:29:31.843+0000] {processor.py:830} INFO - Processing file /opt/airflow/dags/rss_ingestion_dag.py for tasks to queue
[2025-06-12T08:29:31.845+0000] {logging_mixin.py:188} INFO - [2025-06-12T08:29:31.845+0000] {dagbag.py:538} INFO - Filling up the DagBag from /opt/airflow/dags/rss_ingestion_dag.py
[2025-06-12T08:29:32.620+0000] {processor.py:840} INFO - DAG(s) 'rss_ingestion_dag' retrieved from /opt/airflow/dags/rss_ingestion_dag.py
[2025-06-12T08:29:32.648+0000] {logging_mixin.py:188} INFO - [2025-06-12T08:29:32.648+0000] {dag.py:3036} INFO - Sync 1 DAGs
[2025-06-12T08:29:32.671+0000] {logging_mixin.py:188} INFO - [2025-06-12T08:29:32.671+0000] {dag.py:3823} INFO - Setting next_dagrun for rss_ingestion_dag to 2025-06-12 08:15:00+00:00, run_after=2025-06-12 08:30:00+00:00
[2025-06-12T08:29:32.694+0000] {processor.py:183} INFO - Processing /opt/airflow/dags/rss_ingestion_dag.py took 0.858 seconds
[2025-06-12T08:30:03.057+0000] {processor.py:161} INFO - Started process (PID=40) to work on /opt/airflow/dags/rss_ingestion_dag.py
[2025-06-12T08:30:03.059+0000] {processor.py:830} INFO - Processing file /opt/airflow/dags/rss_ingestion_dag.py for tasks to queue
[2025-06-12T08:30:03.065+0000] {logging_mixin.py:188} INFO - [2025-06-12T08:30:03.064+0000] {dagbag.py:538} INFO - Filling up the DagBag from /opt/airflow/dags/rss_ingestion_dag.py
[2025-06-12T08:30:03.661+0000] {processor.py:840} INFO - DAG(s) 'rss_ingestion_dag' retrieved from /opt/airflow/dags/rss_ingestion_dag.py
[2025-06-12T08:30:03.756+0000] {logging_mixin.py:188} INFO - [2025-06-12T08:30:03.755+0000] {dag.py:3036} INFO - Sync 1 DAGs
[2025-06-12T08:30:03.787+0000] {logging_mixin.py:188} INFO - [2025-06-12T08:30:03.787+0000] {dag.py:3823} INFO - Setting next_dagrun for rss_ingestion_dag to 2025-06-12 08:30:00+00:00, run_after=2025-06-12 08:45:00+00:00
[2025-06-12T08:30:03.806+0000] {processor.py:183} INFO - Processing /opt/airflow/dags/rss_ingestion_dag.py took 0.756 seconds
[2025-06-12T08:30:34.136+0000] {processor.py:161} INFO - Started process (PID=46) to work on /opt/airflow/dags/rss_ingestion_dag.py
[2025-06-12T08:30:34.137+0000] {processor.py:830} INFO - Processing file /opt/airflow/dags/rss_ingestion_dag.py for tasks to queue
[2025-06-12T08:30:34.139+0000] {logging_mixin.py:188} INFO - [2025-06-12T08:30:34.139+0000] {dagbag.py:538} INFO - Filling up the DagBag from /opt/airflow/dags/rss_ingestion_dag.py
[2025-06-12T08:30:34.707+0000] {processor.py:840} INFO - DAG(s) 'rss_ingestion_dag' retrieved from /opt/airflow/dags/rss_ingestion_dag.py
[2025-06-12T08:30:34.726+0000] {logging_mixin.py:188} INFO - [2025-06-12T08:30:34.726+0000] {dag.py:3036} INFO - Sync 1 DAGs
[2025-06-12T08:30:34.747+0000] {logging_mixin.py:188} INFO - [2025-06-12T08:30:34.746+0000] {dag.py:3823} INFO - Setting next_dagrun for rss_ingestion_dag to 2025-06-12 08:30:00+00:00, run_after=2025-06-12 08:45:00+00:00
[2025-06-12T08:30:34.764+0000] {processor.py:183} INFO - Processing /opt/airflow/dags/rss_ingestion_dag.py took 0.632 seconds
[2025-06-12T08:31:05.124+0000] {processor.py:161} INFO - Started process (PID=52) to work on /opt/airflow/dags/rss_ingestion_dag.py
[2025-06-12T08:31:05.125+0000] {processor.py:830} INFO - Processing file /opt/airflow/dags/rss_ingestion_dag.py for tasks to queue
[2025-06-12T08:31:05.127+0000] {logging_mixin.py:188} INFO - [2025-06-12T08:31:05.127+0000] {dagbag.py:538} INFO - Filling up the DagBag from /opt/airflow/dags/rss_ingestion_dag.py
[2025-06-12T08:31:05.681+0000] {processor.py:840} INFO - DAG(s) 'rss_ingestion_dag' retrieved from /opt/airflow/dags/rss_ingestion_dag.py
[2025-06-12T08:31:05.703+0000] {logging_mixin.py:188} INFO - [2025-06-12T08:31:05.703+0000] {dag.py:3036} INFO - Sync 1 DAGs
[2025-06-12T08:31:05.724+0000] {logging_mixin.py:188} INFO - [2025-06-12T08:31:05.724+0000] {dag.py:3823} INFO - Setting next_dagrun for rss_ingestion_dag to 2025-06-12 08:30:00+00:00, run_after=2025-06-12 08:45:00+00:00
[2025-06-12T08:31:05.739+0000] {processor.py:183} INFO - Processing /opt/airflow/dags/rss_ingestion_dag.py took 0.620 seconds
[2025-06-12T08:31:36.067+0000] {processor.py:161} INFO - Started process (PID=58) to work on /opt/airflow/dags/rss_ingestion_dag.py
[2025-06-12T08:31:36.069+0000] {processor.py:830} INFO - Processing file /opt/airflow/dags/rss_ingestion_dag.py for tasks to queue
[2025-06-12T08:31:36.071+0000] {logging_mixin.py:188} INFO - [2025-06-12T08:31:36.070+0000] {dagbag.py:538} INFO - Filling up the DagBag from /opt/airflow/dags/rss_ingestion_dag.py
[2025-06-12T08:31:36.633+0000] {processor.py:840} INFO - DAG(s) 'rss_ingestion_dag' retrieved from /opt/airflow/dags/rss_ingestion_dag.py
[2025-06-12T08:31:36.655+0000] {logging_mixin.py:188} INFO - [2025-06-12T08:31:36.655+0000] {dag.py:3036} INFO - Sync 1 DAGs
[2025-06-12T08:31:36.676+0000] {logging_mixin.py:188} INFO - [2025-06-12T08:31:36.676+0000] {dag.py:3823} INFO - Setting next_dagrun for rss_ingestion_dag to 2025-06-12 08:30:00+00:00, run_after=2025-06-12 08:45:00+00:00
[2025-06-12T08:31:36.694+0000] {processor.py:183} INFO - Processing /opt/airflow/dags/rss_ingestion_dag.py took 0.632 seconds
[2025-06-12T08:32:07.007+0000] {processor.py:161} INFO - Started process (PID=64) to work on /opt/airflow/dags/rss_ingestion_dag.py
[2025-06-12T08:32:07.009+0000] {processor.py:830} INFO - Processing file /opt/airflow/dags/rss_ingestion_dag.py for tasks to queue
[2025-06-12T08:32:07.011+0000] {logging_mixin.py:188} INFO - [2025-06-12T08:32:07.010+0000] {dagbag.py:538} INFO - Filling up the DagBag from /opt/airflow/dags/rss_ingestion_dag.py
[2025-06-12T08:32:07.673+0000] {processor.py:840} INFO - DAG(s) 'rss_ingestion_dag' retrieved from /opt/airflow/dags/rss_ingestion_dag.py
[2025-06-12T08:32:07.700+0000] {logging_mixin.py:188} INFO - [2025-06-12T08:32:07.699+0000] {dag.py:3036} INFO - Sync 1 DAGs
[2025-06-12T08:32:07.723+0000] {logging_mixin.py:188} INFO - [2025-06-12T08:32:07.723+0000] {dag.py:3823} INFO - Setting next_dagrun for rss_ingestion_dag to 2025-06-12 08:30:00+00:00, run_after=2025-06-12 08:45:00+00:00
[2025-06-12T08:32:07.745+0000] {processor.py:183} INFO - Processing /opt/airflow/dags/rss_ingestion_dag.py took 0.742 seconds
[2025-06-12T08:32:38.089+0000] {processor.py:161} INFO - Started process (PID=70) to work on /opt/airflow/dags/rss_ingestion_dag.py
[2025-06-12T08:32:38.090+0000] {processor.py:830} INFO - Processing file /opt/airflow/dags/rss_ingestion_dag.py for tasks to queue
[2025-06-12T08:32:38.092+0000] {logging_mixin.py:188} INFO - [2025-06-12T08:32:38.092+0000] {dagbag.py:538} INFO - Filling up the DagBag from /opt/airflow/dags/rss_ingestion_dag.py
[2025-06-12T08:32:38.662+0000] {processor.py:840} INFO - DAG(s) 'rss_ingestion_dag' retrieved from /opt/airflow/dags/rss_ingestion_dag.py
[2025-06-12T08:32:38.683+0000] {logging_mixin.py:188} INFO - [2025-06-12T08:32:38.683+0000] {dag.py:3036} INFO - Sync 1 DAGs
[2025-06-12T08:32:38.704+0000] {logging_mixin.py:188} INFO - [2025-06-12T08:32:38.704+0000] {dag.py:3823} INFO - Setting next_dagrun for rss_ingestion_dag to 2025-06-12 08:30:00+00:00, run_after=2025-06-12 08:45:00+00:00
[2025-06-12T08:32:38.723+0000] {processor.py:183} INFO - Processing /opt/airflow/dags/rss_ingestion_dag.py took 0.637 seconds
[2025-06-12T08:33:09.052+0000] {processor.py:161} INFO - Started process (PID=76) to work on /opt/airflow/dags/rss_ingestion_dag.py
[2025-06-12T08:33:09.054+0000] {processor.py:830} INFO - Processing file /opt/airflow/dags/rss_ingestion_dag.py for tasks to queue
[2025-06-12T08:33:09.057+0000] {logging_mixin.py:188} INFO - [2025-06-12T08:33:09.057+0000] {dagbag.py:538} INFO - Filling up the DagBag from /opt/airflow/dags/rss_ingestion_dag.py
[2025-06-12T08:33:09.642+0000] {processor.py:840} INFO - DAG(s) 'rss_ingestion_dag' retrieved from /opt/airflow/dags/rss_ingestion_dag.py
[2025-06-12T08:33:09.665+0000] {logging_mixin.py:188} INFO - [2025-06-12T08:33:09.663+0000] {dag.py:3036} INFO - Sync 1 DAGs
[2025-06-12T08:33:09.683+0000] {logging_mixin.py:188} INFO - [2025-06-12T08:33:09.683+0000] {dag.py:3823} INFO - Setting next_dagrun for rss_ingestion_dag to 2025-06-12 08:30:00+00:00, run_after=2025-06-12 08:45:00+00:00
[2025-06-12T08:33:09.702+0000] {processor.py:183} INFO - Processing /opt/airflow/dags/rss_ingestion_dag.py took 0.654 seconds
[2025-06-12T08:33:40.074+0000] {processor.py:161} INFO - Started process (PID=82) to work on /opt/airflow/dags/rss_ingestion_dag.py
[2025-06-12T08:33:40.076+0000] {processor.py:830} INFO - Processing file /opt/airflow/dags/rss_ingestion_dag.py for tasks to queue
[2025-06-12T08:33:40.077+0000] {logging_mixin.py:188} INFO - [2025-06-12T08:33:40.077+0000] {dagbag.py:538} INFO - Filling up the DagBag from /opt/airflow/dags/rss_ingestion_dag.py
[2025-06-12T08:33:40.638+0000] {processor.py:840} INFO - DAG(s) 'rss_ingestion_dag' retrieved from /opt/airflow/dags/rss_ingestion_dag.py
[2025-06-12T08:33:40.659+0000] {logging_mixin.py:188} INFO - [2025-06-12T08:33:40.658+0000] {dag.py:3036} INFO - Sync 1 DAGs
[2025-06-12T08:33:40.679+0000] {logging_mixin.py:188} INFO - [2025-06-12T08:33:40.679+0000] {dag.py:3823} INFO - Setting next_dagrun for rss_ingestion_dag to 2025-06-12 08:30:00+00:00, run_after=2025-06-12 08:45:00+00:00
[2025-06-12T08:33:40.699+0000] {processor.py:183} INFO - Processing /opt/airflow/dags/rss_ingestion_dag.py took 0.628 seconds
[2025-06-12T08:34:11.074+0000] {processor.py:161} INFO - Started process (PID=88) to work on /opt/airflow/dags/rss_ingestion_dag.py
[2025-06-12T08:34:11.075+0000] {processor.py:830} INFO - Processing file /opt/airflow/dags/rss_ingestion_dag.py for tasks to queue
[2025-06-12T08:34:11.077+0000] {logging_mixin.py:188} INFO - [2025-06-12T08:34:11.077+0000] {dagbag.py:538} INFO - Filling up the DagBag from /opt/airflow/dags/rss_ingestion_dag.py
[2025-06-12T08:34:11.681+0000] {processor.py:840} INFO - DAG(s) 'rss_ingestion_dag' retrieved from /opt/airflow/dags/rss_ingestion_dag.py
[2025-06-12T08:34:11.707+0000] {logging_mixin.py:188} INFO - [2025-06-12T08:34:11.707+0000] {dag.py:3036} INFO - Sync 1 DAGs
[2025-06-12T08:34:11.733+0000] {logging_mixin.py:188} INFO - [2025-06-12T08:34:11.733+0000] {dag.py:3823} INFO - Setting next_dagrun for rss_ingestion_dag to 2025-06-12 08:30:00+00:00, run_after=2025-06-12 08:45:00+00:00
[2025-06-12T08:34:11.756+0000] {processor.py:183} INFO - Processing /opt/airflow/dags/rss_ingestion_dag.py took 0.685 seconds
[2025-06-12T08:34:42.171+0000] {processor.py:161} INFO - Started process (PID=94) to work on /opt/airflow/dags/rss_ingestion_dag.py
[2025-06-12T08:34:42.173+0000] {processor.py:830} INFO - Processing file /opt/airflow/dags/rss_ingestion_dag.py for tasks to queue
[2025-06-12T08:34:42.175+0000] {logging_mixin.py:188} INFO - [2025-06-12T08:34:42.174+0000] {dagbag.py:538} INFO - Filling up the DagBag from /opt/airflow/dags/rss_ingestion_dag.py
[2025-06-12T08:34:42.710+0000] {processor.py:840} INFO - DAG(s) 'rss_ingestion_dag' retrieved from /opt/airflow/dags/rss_ingestion_dag.py
[2025-06-12T08:34:42.731+0000] {logging_mixin.py:188} INFO - [2025-06-12T08:34:42.730+0000] {dag.py:3036} INFO - Sync 1 DAGs
[2025-06-12T08:34:42.750+0000] {logging_mixin.py:188} INFO - [2025-06-12T08:34:42.750+0000] {dag.py:3823} INFO - Setting next_dagrun for rss_ingestion_dag to 2025-06-12 08:30:00+00:00, run_after=2025-06-12 08:45:00+00:00
[2025-06-12T08:34:42.767+0000] {processor.py:183} INFO - Processing /opt/airflow/dags/rss_ingestion_dag.py took 0.599 seconds
[2025-06-12T08:35:13.118+0000] {processor.py:161} INFO - Started process (PID=100) to work on /opt/airflow/dags/rss_ingestion_dag.py
[2025-06-12T08:35:13.119+0000] {processor.py:830} INFO - Processing file /opt/airflow/dags/rss_ingestion_dag.py for tasks to queue
[2025-06-12T08:35:13.121+0000] {logging_mixin.py:188} INFO - [2025-06-12T08:35:13.121+0000] {dagbag.py:538} INFO - Filling up the DagBag from /opt/airflow/dags/rss_ingestion_dag.py
[2025-06-12T08:35:13.687+0000] {processor.py:840} INFO - DAG(s) 'rss_ingestion_dag' retrieved from /opt/airflow/dags/rss_ingestion_dag.py
[2025-06-12T08:35:13.711+0000] {logging_mixin.py:188} INFO - [2025-06-12T08:35:13.710+0000] {dag.py:3036} INFO - Sync 1 DAGs
[2025-06-12T08:35:13.731+0000] {logging_mixin.py:188} INFO - [2025-06-12T08:35:13.731+0000] {dag.py:3823} INFO - Setting next_dagrun for rss_ingestion_dag to 2025-06-12 08:30:00+00:00, run_after=2025-06-12 08:45:00+00:00
[2025-06-12T08:35:13.752+0000] {processor.py:183} INFO - Processing /opt/airflow/dags/rss_ingestion_dag.py took 0.637 seconds
[2025-06-12T08:35:44.089+0000] {processor.py:161} INFO - Started process (PID=106) to work on /opt/airflow/dags/rss_ingestion_dag.py
[2025-06-12T08:35:44.090+0000] {processor.py:830} INFO - Processing file /opt/airflow/dags/rss_ingestion_dag.py for tasks to queue
[2025-06-12T08:35:44.092+0000] {logging_mixin.py:188} INFO - [2025-06-12T08:35:44.092+0000] {dagbag.py:538} INFO - Filling up the DagBag from /opt/airflow/dags/rss_ingestion_dag.py
[2025-06-12T08:35:44.643+0000] {processor.py:840} INFO - DAG(s) 'rss_ingestion_dag' retrieved from /opt/airflow/dags/rss_ingestion_dag.py
[2025-06-12T08:35:44.664+0000] {logging_mixin.py:188} INFO - [2025-06-12T08:35:44.664+0000] {dag.py:3036} INFO - Sync 1 DAGs
[2025-06-12T08:35:44.683+0000] {logging_mixin.py:188} INFO - [2025-06-12T08:35:44.683+0000] {dag.py:3823} INFO - Setting next_dagrun for rss_ingestion_dag to 2025-06-12 08:30:00+00:00, run_after=2025-06-12 08:45:00+00:00
[2025-06-12T08:35:44.700+0000] {processor.py:183} INFO - Processing /opt/airflow/dags/rss_ingestion_dag.py took 0.615 seconds
[2025-06-12T08:36:15.023+0000] {processor.py:161} INFO - Started process (PID=112) to work on /opt/airflow/dags/rss_ingestion_dag.py
[2025-06-12T08:36:15.024+0000] {processor.py:830} INFO - Processing file /opt/airflow/dags/rss_ingestion_dag.py for tasks to queue
[2025-06-12T08:36:15.026+0000] {logging_mixin.py:188} INFO - [2025-06-12T08:36:15.026+0000] {dagbag.py:538} INFO - Filling up the DagBag from /opt/airflow/dags/rss_ingestion_dag.py
[2025-06-12T08:36:15.581+0000] {processor.py:840} INFO - DAG(s) 'rss_ingestion_dag' retrieved from /opt/airflow/dags/rss_ingestion_dag.py
[2025-06-12T08:36:15.602+0000] {logging_mixin.py:188} INFO - [2025-06-12T08:36:15.602+0000] {dag.py:3036} INFO - Sync 1 DAGs
[2025-06-12T08:36:15.621+0000] {logging_mixin.py:188} INFO - [2025-06-12T08:36:15.621+0000] {dag.py:3823} INFO - Setting next_dagrun for rss_ingestion_dag to 2025-06-12 08:30:00+00:00, run_after=2025-06-12 08:45:00+00:00
[2025-06-12T08:36:15.640+0000] {processor.py:183} INFO - Processing /opt/airflow/dags/rss_ingestion_dag.py took 0.621 seconds
[2025-06-12T08:36:45.982+0000] {processor.py:161} INFO - Started process (PID=118) to work on /opt/airflow/dags/rss_ingestion_dag.py
[2025-06-12T08:36:45.983+0000] {processor.py:830} INFO - Processing file /opt/airflow/dags/rss_ingestion_dag.py for tasks to queue
[2025-06-12T08:36:45.985+0000] {logging_mixin.py:188} INFO - [2025-06-12T08:36:45.985+0000] {dagbag.py:538} INFO - Filling up the DagBag from /opt/airflow/dags/rss_ingestion_dag.py
[2025-06-12T08:36:46.526+0000] {processor.py:840} INFO - DAG(s) 'rss_ingestion_dag' retrieved from /opt/airflow/dags/rss_ingestion_dag.py
[2025-06-12T08:36:46.548+0000] {logging_mixin.py:188} INFO - [2025-06-12T08:36:46.547+0000] {dag.py:3036} INFO - Sync 1 DAGs
[2025-06-12T08:36:46.569+0000] {logging_mixin.py:188} INFO - [2025-06-12T08:36:46.568+0000] {dag.py:3823} INFO - Setting next_dagrun for rss_ingestion_dag to 2025-06-12 08:30:00+00:00, run_after=2025-06-12 08:45:00+00:00
[2025-06-12T08:36:46.585+0000] {processor.py:183} INFO - Processing /opt/airflow/dags/rss_ingestion_dag.py took 0.607 seconds
[2025-06-12T08:37:16.920+0000] {processor.py:161} INFO - Started process (PID=124) to work on /opt/airflow/dags/rss_ingestion_dag.py
[2025-06-12T08:37:16.922+0000] {processor.py:830} INFO - Processing file /opt/airflow/dags/rss_ingestion_dag.py for tasks to queue
[2025-06-12T08:37:16.923+0000] {logging_mixin.py:188} INFO - [2025-06-12T08:37:16.923+0000] {dagbag.py:538} INFO - Filling up the DagBag from /opt/airflow/dags/rss_ingestion_dag.py
[2025-06-12T08:37:17.471+0000] {processor.py:840} INFO - DAG(s) 'rss_ingestion_dag' retrieved from /opt/airflow/dags/rss_ingestion_dag.py
[2025-06-12T08:37:17.492+0000] {logging_mixin.py:188} INFO - [2025-06-12T08:37:17.491+0000] {dag.py:3036} INFO - Sync 1 DAGs
[2025-06-12T08:37:17.511+0000] {logging_mixin.py:188} INFO - [2025-06-12T08:37:17.510+0000] {dag.py:3823} INFO - Setting next_dagrun for rss_ingestion_dag to 2025-06-12 08:30:00+00:00, run_after=2025-06-12 08:45:00+00:00
[2025-06-12T08:37:17.527+0000] {processor.py:183} INFO - Processing /opt/airflow/dags/rss_ingestion_dag.py took 0.610 seconds
