[2025-06-12T08:14:07.079+0000] {processor.py:161} INFO - Started process (PID=34) to work on /opt/airflow/dags/rss_scrap_dag.py
[2025-06-12T08:14:07.080+0000] {processor.py:830} INFO - Processing file /opt/airflow/dags/rss_scrap_dag.py for tasks to queue
[2025-06-12T08:14:07.083+0000] {logging_mixin.py:188} INFO - [2025-06-12T08:14:07.082+0000] {dagbag.py:538} INFO - Filling up the DagBag from /opt/airflow/dags/rss_scrap_dag.py
[2025-06-12T08:14:08.362+0000] {processor.py:840} INFO - DAG(s) 'news_ingestion_pipeline' retrieved from /opt/airflow/dags/rss_scrap_dag.py
[2025-06-12T08:14:08.392+0000] {logging_mixin.py:188} INFO - [2025-06-12T08:14:08.392+0000] {dag.py:3036} INFO - Sync 1 DAGs
[2025-06-12T08:14:08.409+0000] {logging_mixin.py:188} INFO - [2025-06-12T08:14:08.408+0000] {dag.py:3823} INFO - Setting next_dagrun for news_ingestion_pipeline to None, run_after=None
[2025-06-12T08:14:08.430+0000] {processor.py:183} INFO - Processing /opt/airflow/dags/rss_scrap_dag.py took 1.356 seconds
[2025-06-12T08:14:38.671+0000] {processor.py:161} INFO - Started process (PID=42) to work on /opt/airflow/dags/rss_scrap_dag.py
[2025-06-12T08:14:38.673+0000] {processor.py:830} INFO - Processing file /opt/airflow/dags/rss_scrap_dag.py for tasks to queue
[2025-06-12T08:14:38.676+0000] {logging_mixin.py:188} INFO - [2025-06-12T08:14:38.675+0000] {dagbag.py:538} INFO - Filling up the DagBag from /opt/airflow/dags/rss_scrap_dag.py
[2025-06-12T08:14:39.327+0000] {processor.py:840} INFO - DAG(s) 'news_ingestion_pipeline' retrieved from /opt/airflow/dags/rss_scrap_dag.py
[2025-06-12T08:14:39.400+0000] {logging_mixin.py:188} INFO - [2025-06-12T08:14:39.399+0000] {dag.py:3036} INFO - Sync 1 DAGs
[2025-06-12T08:14:39.408+0000] {logging_mixin.py:188} INFO - [2025-06-12T08:14:39.408+0000] {dag.py:3823} INFO - Setting next_dagrun for news_ingestion_pipeline to None, run_after=None
[2025-06-12T08:14:39.424+0000] {processor.py:183} INFO - Processing /opt/airflow/dags/rss_scrap_dag.py took 0.757 seconds
[2025-06-12T08:15:09.668+0000] {processor.py:161} INFO - Started process (PID=48) to work on /opt/airflow/dags/rss_scrap_dag.py
[2025-06-12T08:15:09.669+0000] {processor.py:830} INFO - Processing file /opt/airflow/dags/rss_scrap_dag.py for tasks to queue
[2025-06-12T08:15:09.671+0000] {logging_mixin.py:188} INFO - [2025-06-12T08:15:09.671+0000] {dagbag.py:538} INFO - Filling up the DagBag from /opt/airflow/dags/rss_scrap_dag.py
[2025-06-12T08:15:10.294+0000] {processor.py:840} INFO - DAG(s) 'news_ingestion_pipeline' retrieved from /opt/airflow/dags/rss_scrap_dag.py
[2025-06-12T08:15:10.314+0000] {logging_mixin.py:188} INFO - [2025-06-12T08:15:10.313+0000] {dag.py:3036} INFO - Sync 1 DAGs
[2025-06-12T08:15:10.322+0000] {logging_mixin.py:188} INFO - [2025-06-12T08:15:10.322+0000] {dag.py:3823} INFO - Setting next_dagrun for news_ingestion_pipeline to None, run_after=None
[2025-06-12T08:15:10.338+0000] {processor.py:183} INFO - Processing /opt/airflow/dags/rss_scrap_dag.py took 0.674 seconds
[2025-06-12T08:15:40.587+0000] {processor.py:161} INFO - Started process (PID=54) to work on /opt/airflow/dags/rss_scrap_dag.py
[2025-06-12T08:15:40.589+0000] {processor.py:830} INFO - Processing file /opt/airflow/dags/rss_scrap_dag.py for tasks to queue
[2025-06-12T08:15:40.591+0000] {logging_mixin.py:188} INFO - [2025-06-12T08:15:40.591+0000] {dagbag.py:538} INFO - Filling up the DagBag from /opt/airflow/dags/rss_scrap_dag.py
[2025-06-12T08:15:41.212+0000] {processor.py:840} INFO - DAG(s) 'news_ingestion_pipeline' retrieved from /opt/airflow/dags/rss_scrap_dag.py
[2025-06-12T08:15:41.232+0000] {logging_mixin.py:188} INFO - [2025-06-12T08:15:41.232+0000] {dag.py:3036} INFO - Sync 1 DAGs
[2025-06-12T08:15:41.241+0000] {logging_mixin.py:188} INFO - [2025-06-12T08:15:41.241+0000] {dag.py:3823} INFO - Setting next_dagrun for news_ingestion_pipeline to None, run_after=None
[2025-06-12T08:15:41.260+0000] {processor.py:183} INFO - Processing /opt/airflow/dags/rss_scrap_dag.py took 0.678 seconds
[2025-06-12T08:16:11.661+0000] {processor.py:161} INFO - Started process (PID=60) to work on /opt/airflow/dags/rss_scrap_dag.py
[2025-06-12T08:16:11.662+0000] {processor.py:830} INFO - Processing file /opt/airflow/dags/rss_scrap_dag.py for tasks to queue
[2025-06-12T08:16:11.664+0000] {logging_mixin.py:188} INFO - [2025-06-12T08:16:11.664+0000] {dagbag.py:538} INFO - Filling up the DagBag from /opt/airflow/dags/rss_scrap_dag.py
[2025-06-12T08:16:12.297+0000] {processor.py:840} INFO - DAG(s) 'news_ingestion_pipeline' retrieved from /opt/airflow/dags/rss_scrap_dag.py
[2025-06-12T08:16:12.317+0000] {logging_mixin.py:188} INFO - [2025-06-12T08:16:12.317+0000] {dag.py:3036} INFO - Sync 1 DAGs
[2025-06-12T08:16:12.326+0000] {logging_mixin.py:188} INFO - [2025-06-12T08:16:12.326+0000] {dag.py:3823} INFO - Setting next_dagrun for news_ingestion_pipeline to None, run_after=None
[2025-06-12T08:16:12.344+0000] {processor.py:183} INFO - Processing /opt/airflow/dags/rss_scrap_dag.py took 0.686 seconds
[2025-06-12T08:16:42.473+0000] {processor.py:161} INFO - Started process (PID=66) to work on /opt/airflow/dags/rss_scrap_dag.py
[2025-06-12T08:16:42.475+0000] {processor.py:830} INFO - Processing file /opt/airflow/dags/rss_scrap_dag.py for tasks to queue
[2025-06-12T08:16:42.476+0000] {logging_mixin.py:188} INFO - [2025-06-12T08:16:42.476+0000] {dagbag.py:538} INFO - Filling up the DagBag from /opt/airflow/dags/rss_scrap_dag.py
[2025-06-12T08:16:43.099+0000] {processor.py:840} INFO - DAG(s) 'news_ingestion_pipeline' retrieved from /opt/airflow/dags/rss_scrap_dag.py
[2025-06-12T08:16:43.118+0000] {logging_mixin.py:188} INFO - [2025-06-12T08:16:43.118+0000] {dag.py:3036} INFO - Sync 1 DAGs
[2025-06-12T08:16:43.128+0000] {logging_mixin.py:188} INFO - [2025-06-12T08:16:43.128+0000] {dag.py:3823} INFO - Setting next_dagrun for news_ingestion_pipeline to None, run_after=None
[2025-06-12T08:16:43.145+0000] {processor.py:183} INFO - Processing /opt/airflow/dags/rss_scrap_dag.py took 0.675 seconds
[2025-06-12T08:17:13.262+0000] {processor.py:161} INFO - Started process (PID=72) to work on /opt/airflow/dags/rss_scrap_dag.py
[2025-06-12T08:17:13.264+0000] {processor.py:830} INFO - Processing file /opt/airflow/dags/rss_scrap_dag.py for tasks to queue
[2025-06-12T08:17:13.266+0000] {logging_mixin.py:188} INFO - [2025-06-12T08:17:13.265+0000] {dagbag.py:538} INFO - Filling up the DagBag from /opt/airflow/dags/rss_scrap_dag.py
[2025-06-12T08:17:13.890+0000] {processor.py:840} INFO - DAG(s) 'news_ingestion_pipeline' retrieved from /opt/airflow/dags/rss_scrap_dag.py
[2025-06-12T08:17:13.911+0000] {logging_mixin.py:188} INFO - [2025-06-12T08:17:13.911+0000] {dag.py:3036} INFO - Sync 1 DAGs
[2025-06-12T08:17:13.921+0000] {logging_mixin.py:188} INFO - [2025-06-12T08:17:13.921+0000] {dag.py:3823} INFO - Setting next_dagrun for news_ingestion_pipeline to None, run_after=None
[2025-06-12T08:17:13.942+0000] {processor.py:183} INFO - Processing /opt/airflow/dags/rss_scrap_dag.py took 0.683 seconds
[2025-06-12T08:17:44.068+0000] {processor.py:161} INFO - Started process (PID=78) to work on /opt/airflow/dags/rss_scrap_dag.py
[2025-06-12T08:17:44.069+0000] {processor.py:830} INFO - Processing file /opt/airflow/dags/rss_scrap_dag.py for tasks to queue
[2025-06-12T08:17:44.071+0000] {logging_mixin.py:188} INFO - [2025-06-12T08:17:44.071+0000] {dagbag.py:538} INFO - Filling up the DagBag from /opt/airflow/dags/rss_scrap_dag.py
[2025-06-12T08:17:44.712+0000] {processor.py:840} INFO - DAG(s) 'news_ingestion_pipeline' retrieved from /opt/airflow/dags/rss_scrap_dag.py
[2025-06-12T08:17:44.732+0000] {logging_mixin.py:188} INFO - [2025-06-12T08:17:44.732+0000] {dag.py:3036} INFO - Sync 1 DAGs
[2025-06-12T08:17:44.742+0000] {logging_mixin.py:188} INFO - [2025-06-12T08:17:44.742+0000] {dag.py:3823} INFO - Setting next_dagrun for news_ingestion_pipeline to None, run_after=None
[2025-06-12T08:17:44.759+0000] {processor.py:183} INFO - Processing /opt/airflow/dags/rss_scrap_dag.py took 0.695 seconds
[2025-06-12T08:18:14.831+0000] {processor.py:161} INFO - Started process (PID=84) to work on /opt/airflow/dags/rss_scrap_dag.py
[2025-06-12T08:18:14.833+0000] {processor.py:830} INFO - Processing file /opt/airflow/dags/rss_scrap_dag.py for tasks to queue
[2025-06-12T08:18:14.835+0000] {logging_mixin.py:188} INFO - [2025-06-12T08:18:14.834+0000] {dagbag.py:538} INFO - Filling up the DagBag from /opt/airflow/dags/rss_scrap_dag.py
[2025-06-12T08:18:15.475+0000] {processor.py:840} INFO - DAG(s) 'news_ingestion_pipeline' retrieved from /opt/airflow/dags/rss_scrap_dag.py
[2025-06-12T08:18:15.495+0000] {logging_mixin.py:188} INFO - [2025-06-12T08:18:15.494+0000] {dag.py:3036} INFO - Sync 1 DAGs
[2025-06-12T08:18:15.504+0000] {logging_mixin.py:188} INFO - [2025-06-12T08:18:15.504+0000] {dag.py:3823} INFO - Setting next_dagrun for news_ingestion_pipeline to None, run_after=None
[2025-06-12T08:18:15.521+0000] {processor.py:183} INFO - Processing /opt/airflow/dags/rss_scrap_dag.py took 0.693 seconds
[2025-06-12T08:18:45.627+0000] {processor.py:161} INFO - Started process (PID=90) to work on /opt/airflow/dags/rss_scrap_dag.py
[2025-06-12T08:18:45.628+0000] {processor.py:830} INFO - Processing file /opt/airflow/dags/rss_scrap_dag.py for tasks to queue
[2025-06-12T08:18:45.631+0000] {logging_mixin.py:188} INFO - [2025-06-12T08:18:45.630+0000] {dagbag.py:538} INFO - Filling up the DagBag from /opt/airflow/dags/rss_scrap_dag.py
[2025-06-12T08:18:46.297+0000] {processor.py:840} INFO - DAG(s) 'news_ingestion_pipeline' retrieved from /opt/airflow/dags/rss_scrap_dag.py
[2025-06-12T08:18:46.317+0000] {logging_mixin.py:188} INFO - [2025-06-12T08:18:46.317+0000] {dag.py:3036} INFO - Sync 1 DAGs
[2025-06-12T08:18:46.331+0000] {logging_mixin.py:188} INFO - [2025-06-12T08:18:46.331+0000] {dag.py:3823} INFO - Setting next_dagrun for news_ingestion_pipeline to None, run_after=None
[2025-06-12T08:18:46.362+0000] {processor.py:183} INFO - Processing /opt/airflow/dags/rss_scrap_dag.py took 0.739 seconds
[2025-06-12T08:19:16.844+0000] {processor.py:161} INFO - Started process (PID=96) to work on /opt/airflow/dags/rss_scrap_dag.py
[2025-06-12T08:19:16.845+0000] {processor.py:830} INFO - Processing file /opt/airflow/dags/rss_scrap_dag.py for tasks to queue
[2025-06-12T08:19:16.847+0000] {logging_mixin.py:188} INFO - [2025-06-12T08:19:16.847+0000] {dagbag.py:538} INFO - Filling up the DagBag from /opt/airflow/dags/rss_scrap_dag.py
[2025-06-12T08:19:17.619+0000] {processor.py:840} INFO - DAG(s) 'news_ingestion_pipeline' retrieved from /opt/airflow/dags/rss_scrap_dag.py
[2025-06-12T08:19:17.639+0000] {logging_mixin.py:188} INFO - [2025-06-12T08:19:17.638+0000] {dag.py:3036} INFO - Sync 1 DAGs
[2025-06-12T08:19:17.648+0000] {logging_mixin.py:188} INFO - [2025-06-12T08:19:17.648+0000] {dag.py:3823} INFO - Setting next_dagrun for news_ingestion_pipeline to None, run_after=None
[2025-06-12T08:19:17.665+0000] {processor.py:183} INFO - Processing /opt/airflow/dags/rss_scrap_dag.py took 0.825 seconds
[2025-06-12T08:19:47.894+0000] {processor.py:161} INFO - Started process (PID=102) to work on /opt/airflow/dags/rss_scrap_dag.py
[2025-06-12T08:19:47.895+0000] {processor.py:830} INFO - Processing file /opt/airflow/dags/rss_scrap_dag.py for tasks to queue
[2025-06-12T08:19:47.898+0000] {logging_mixin.py:188} INFO - [2025-06-12T08:19:47.897+0000] {dagbag.py:538} INFO - Filling up the DagBag from /opt/airflow/dags/rss_scrap_dag.py
[2025-06-12T08:19:48.544+0000] {processor.py:840} INFO - DAG(s) 'news_ingestion_pipeline' retrieved from /opt/airflow/dags/rss_scrap_dag.py
[2025-06-12T08:19:48.563+0000] {logging_mixin.py:188} INFO - [2025-06-12T08:19:48.563+0000] {dag.py:3036} INFO - Sync 1 DAGs
[2025-06-12T08:19:48.573+0000] {logging_mixin.py:188} INFO - [2025-06-12T08:19:48.573+0000] {dag.py:3823} INFO - Setting next_dagrun for news_ingestion_pipeline to None, run_after=None
[2025-06-12T08:19:48.589+0000] {processor.py:183} INFO - Processing /opt/airflow/dags/rss_scrap_dag.py took 0.699 seconds
[2025-06-12T08:20:18.811+0000] {processor.py:161} INFO - Started process (PID=108) to work on /opt/airflow/dags/rss_scrap_dag.py
[2025-06-12T08:20:18.813+0000] {processor.py:830} INFO - Processing file /opt/airflow/dags/rss_scrap_dag.py for tasks to queue
[2025-06-12T08:20:18.815+0000] {logging_mixin.py:188} INFO - [2025-06-12T08:20:18.814+0000] {dagbag.py:538} INFO - Filling up the DagBag from /opt/airflow/dags/rss_scrap_dag.py
[2025-06-12T08:20:19.449+0000] {processor.py:840} INFO - DAG(s) 'news_ingestion_pipeline' retrieved from /opt/airflow/dags/rss_scrap_dag.py
[2025-06-12T08:20:19.469+0000] {logging_mixin.py:188} INFO - [2025-06-12T08:20:19.468+0000] {dag.py:3036} INFO - Sync 1 DAGs
[2025-06-12T08:20:19.477+0000] {logging_mixin.py:188} INFO - [2025-06-12T08:20:19.477+0000] {dag.py:3823} INFO - Setting next_dagrun for news_ingestion_pipeline to None, run_after=None
[2025-06-12T08:20:19.492+0000] {processor.py:183} INFO - Processing /opt/airflow/dags/rss_scrap_dag.py took 0.686 seconds
[2025-06-12T08:20:49.715+0000] {processor.py:161} INFO - Started process (PID=114) to work on /opt/airflow/dags/rss_scrap_dag.py
[2025-06-12T08:20:49.716+0000] {processor.py:830} INFO - Processing file /opt/airflow/dags/rss_scrap_dag.py for tasks to queue
[2025-06-12T08:20:49.718+0000] {logging_mixin.py:188} INFO - [2025-06-12T08:20:49.717+0000] {dagbag.py:538} INFO - Filling up the DagBag from /opt/airflow/dags/rss_scrap_dag.py
[2025-06-12T08:20:50.341+0000] {processor.py:840} INFO - DAG(s) 'news_ingestion_pipeline' retrieved from /opt/airflow/dags/rss_scrap_dag.py
[2025-06-12T08:20:50.360+0000] {logging_mixin.py:188} INFO - [2025-06-12T08:20:50.360+0000] {dag.py:3036} INFO - Sync 1 DAGs
[2025-06-12T08:20:50.368+0000] {logging_mixin.py:188} INFO - [2025-06-12T08:20:50.368+0000] {dag.py:3823} INFO - Setting next_dagrun for news_ingestion_pipeline to None, run_after=None
[2025-06-12T08:20:50.386+0000] {processor.py:183} INFO - Processing /opt/airflow/dags/rss_scrap_dag.py took 0.676 seconds
[2025-06-12T08:21:20.603+0000] {processor.py:161} INFO - Started process (PID=120) to work on /opt/airflow/dags/rss_scrap_dag.py
[2025-06-12T08:21:20.605+0000] {processor.py:830} INFO - Processing file /opt/airflow/dags/rss_scrap_dag.py for tasks to queue
[2025-06-12T08:21:20.607+0000] {logging_mixin.py:188} INFO - [2025-06-12T08:21:20.607+0000] {dagbag.py:538} INFO - Filling up the DagBag from /opt/airflow/dags/rss_scrap_dag.py
[2025-06-12T08:21:21.269+0000] {processor.py:840} INFO - DAG(s) 'news_ingestion_pipeline' retrieved from /opt/airflow/dags/rss_scrap_dag.py
[2025-06-12T08:21:21.290+0000] {logging_mixin.py:188} INFO - [2025-06-12T08:21:21.289+0000] {dag.py:3036} INFO - Sync 1 DAGs
[2025-06-12T08:21:21.299+0000] {logging_mixin.py:188} INFO - [2025-06-12T08:21:21.299+0000] {dag.py:3823} INFO - Setting next_dagrun for news_ingestion_pipeline to None, run_after=None
[2025-06-12T08:21:21.316+0000] {processor.py:183} INFO - Processing /opt/airflow/dags/rss_scrap_dag.py took 0.716 seconds
[2025-06-12T08:21:51.552+0000] {processor.py:161} INFO - Started process (PID=126) to work on /opt/airflow/dags/rss_scrap_dag.py
[2025-06-12T08:21:51.553+0000] {processor.py:830} INFO - Processing file /opt/airflow/dags/rss_scrap_dag.py for tasks to queue
[2025-06-12T08:21:51.556+0000] {logging_mixin.py:188} INFO - [2025-06-12T08:21:51.556+0000] {dagbag.py:538} INFO - Filling up the DagBag from /opt/airflow/dags/rss_scrap_dag.py
[2025-06-12T08:21:52.212+0000] {processor.py:840} INFO - DAG(s) 'news_ingestion_pipeline' retrieved from /opt/airflow/dags/rss_scrap_dag.py
[2025-06-12T08:21:52.234+0000] {logging_mixin.py:188} INFO - [2025-06-12T08:21:52.233+0000] {dag.py:3036} INFO - Sync 1 DAGs
[2025-06-12T08:21:52.244+0000] {logging_mixin.py:188} INFO - [2025-06-12T08:21:52.243+0000] {dag.py:3823} INFO - Setting next_dagrun for news_ingestion_pipeline to None, run_after=None
[2025-06-12T08:21:52.260+0000] {processor.py:183} INFO - Processing /opt/airflow/dags/rss_scrap_dag.py took 0.714 seconds
[2025-06-12T08:22:22.485+0000] {processor.py:161} INFO - Started process (PID=132) to work on /opt/airflow/dags/rss_scrap_dag.py
[2025-06-12T08:22:22.486+0000] {processor.py:830} INFO - Processing file /opt/airflow/dags/rss_scrap_dag.py for tasks to queue
[2025-06-12T08:22:22.488+0000] {logging_mixin.py:188} INFO - [2025-06-12T08:22:22.487+0000] {dagbag.py:538} INFO - Filling up the DagBag from /opt/airflow/dags/rss_scrap_dag.py
[2025-06-12T08:22:23.126+0000] {processor.py:840} INFO - DAG(s) 'news_ingestion_pipeline' retrieved from /opt/airflow/dags/rss_scrap_dag.py
[2025-06-12T08:22:23.145+0000] {logging_mixin.py:188} INFO - [2025-06-12T08:22:23.145+0000] {dag.py:3036} INFO - Sync 1 DAGs
[2025-06-12T08:22:23.154+0000] {logging_mixin.py:188} INFO - [2025-06-12T08:22:23.154+0000] {dag.py:3823} INFO - Setting next_dagrun for news_ingestion_pipeline to None, run_after=None
[2025-06-12T08:22:23.171+0000] {processor.py:183} INFO - Processing /opt/airflow/dags/rss_scrap_dag.py took 0.690 seconds
[2025-06-12T08:22:53.391+0000] {processor.py:161} INFO - Started process (PID=138) to work on /opt/airflow/dags/rss_scrap_dag.py
[2025-06-12T08:22:53.392+0000] {processor.py:830} INFO - Processing file /opt/airflow/dags/rss_scrap_dag.py for tasks to queue
[2025-06-12T08:22:53.395+0000] {logging_mixin.py:188} INFO - [2025-06-12T08:22:53.394+0000] {dagbag.py:538} INFO - Filling up the DagBag from /opt/airflow/dags/rss_scrap_dag.py
[2025-06-12T08:22:54.073+0000] {processor.py:840} INFO - DAG(s) 'news_ingestion_pipeline' retrieved from /opt/airflow/dags/rss_scrap_dag.py
[2025-06-12T08:22:54.093+0000] {logging_mixin.py:188} INFO - [2025-06-12T08:22:54.092+0000] {dag.py:3036} INFO - Sync 1 DAGs
[2025-06-12T08:22:54.102+0000] {logging_mixin.py:188} INFO - [2025-06-12T08:22:54.101+0000] {dag.py:3823} INFO - Setting next_dagrun for news_ingestion_pipeline to None, run_after=None
[2025-06-12T08:22:54.118+0000] {processor.py:183} INFO - Processing /opt/airflow/dags/rss_scrap_dag.py took 0.730 seconds
[2025-06-12T08:23:24.342+0000] {processor.py:161} INFO - Started process (PID=144) to work on /opt/airflow/dags/rss_scrap_dag.py
[2025-06-12T08:23:24.343+0000] {processor.py:830} INFO - Processing file /opt/airflow/dags/rss_scrap_dag.py for tasks to queue
[2025-06-12T08:23:24.346+0000] {logging_mixin.py:188} INFO - [2025-06-12T08:23:24.346+0000] {dagbag.py:538} INFO - Filling up the DagBag from /opt/airflow/dags/rss_scrap_dag.py
[2025-06-12T08:23:25.019+0000] {processor.py:840} INFO - DAG(s) 'news_ingestion_pipeline' retrieved from /opt/airflow/dags/rss_scrap_dag.py
[2025-06-12T08:23:25.038+0000] {logging_mixin.py:188} INFO - [2025-06-12T08:23:25.038+0000] {dag.py:3036} INFO - Sync 1 DAGs
[2025-06-12T08:23:25.047+0000] {logging_mixin.py:188} INFO - [2025-06-12T08:23:25.047+0000] {dag.py:3823} INFO - Setting next_dagrun for news_ingestion_pipeline to None, run_after=None
[2025-06-12T08:23:25.064+0000] {processor.py:183} INFO - Processing /opt/airflow/dags/rss_scrap_dag.py took 0.727 seconds
[2025-06-12T08:23:55.301+0000] {processor.py:161} INFO - Started process (PID=150) to work on /opt/airflow/dags/rss_scrap_dag.py
[2025-06-12T08:23:55.302+0000] {processor.py:830} INFO - Processing file /opt/airflow/dags/rss_scrap_dag.py for tasks to queue
[2025-06-12T08:23:55.305+0000] {logging_mixin.py:188} INFO - [2025-06-12T08:23:55.304+0000] {dagbag.py:538} INFO - Filling up the DagBag from /opt/airflow/dags/rss_scrap_dag.py
[2025-06-12T08:23:55.946+0000] {processor.py:840} INFO - DAG(s) 'news_ingestion_pipeline' retrieved from /opt/airflow/dags/rss_scrap_dag.py
[2025-06-12T08:23:55.967+0000] {logging_mixin.py:188} INFO - [2025-06-12T08:23:55.966+0000] {dag.py:3036} INFO - Sync 1 DAGs
[2025-06-12T08:23:55.976+0000] {logging_mixin.py:188} INFO - [2025-06-12T08:23:55.976+0000] {dag.py:3823} INFO - Setting next_dagrun for news_ingestion_pipeline to None, run_after=None
[2025-06-12T08:23:55.992+0000] {processor.py:183} INFO - Processing /opt/airflow/dags/rss_scrap_dag.py took 0.695 seconds
[2025-06-12T08:24:26.215+0000] {processor.py:161} INFO - Started process (PID=156) to work on /opt/airflow/dags/rss_scrap_dag.py
[2025-06-12T08:24:26.216+0000] {processor.py:830} INFO - Processing file /opt/airflow/dags/rss_scrap_dag.py for tasks to queue
[2025-06-12T08:24:26.219+0000] {logging_mixin.py:188} INFO - [2025-06-12T08:24:26.218+0000] {dagbag.py:538} INFO - Filling up the DagBag from /opt/airflow/dags/rss_scrap_dag.py
[2025-06-12T08:24:26.914+0000] {processor.py:840} INFO - DAG(s) 'news_ingestion_pipeline' retrieved from /opt/airflow/dags/rss_scrap_dag.py
[2025-06-12T08:24:26.933+0000] {logging_mixin.py:188} INFO - [2025-06-12T08:24:26.933+0000] {dag.py:3036} INFO - Sync 1 DAGs
[2025-06-12T08:24:26.942+0000] {logging_mixin.py:188} INFO - [2025-06-12T08:24:26.942+0000] {dag.py:3823} INFO - Setting next_dagrun for news_ingestion_pipeline to None, run_after=None
[2025-06-12T08:24:26.957+0000] {processor.py:183} INFO - Processing /opt/airflow/dags/rss_scrap_dag.py took 0.747 seconds
[2025-06-12T08:24:57.190+0000] {processor.py:161} INFO - Started process (PID=162) to work on /opt/airflow/dags/rss_scrap_dag.py
[2025-06-12T08:24:57.191+0000] {processor.py:830} INFO - Processing file /opt/airflow/dags/rss_scrap_dag.py for tasks to queue
[2025-06-12T08:24:57.193+0000] {logging_mixin.py:188} INFO - [2025-06-12T08:24:57.193+0000] {dagbag.py:538} INFO - Filling up the DagBag from /opt/airflow/dags/rss_scrap_dag.py
[2025-06-12T08:24:57.888+0000] {processor.py:840} INFO - DAG(s) 'news_ingestion_pipeline' retrieved from /opt/airflow/dags/rss_scrap_dag.py
[2025-06-12T08:24:57.906+0000] {logging_mixin.py:188} INFO - [2025-06-12T08:24:57.906+0000] {dag.py:3036} INFO - Sync 1 DAGs
[2025-06-12T08:24:57.916+0000] {logging_mixin.py:188} INFO - [2025-06-12T08:24:57.916+0000] {dag.py:3823} INFO - Setting next_dagrun for news_ingestion_pipeline to None, run_after=None
[2025-06-12T08:24:57.932+0000] {processor.py:183} INFO - Processing /opt/airflow/dags/rss_scrap_dag.py took 0.746 seconds
[2025-06-12T08:25:28.159+0000] {processor.py:161} INFO - Started process (PID=168) to work on /opt/airflow/dags/rss_scrap_dag.py
[2025-06-12T08:25:28.160+0000] {processor.py:830} INFO - Processing file /opt/airflow/dags/rss_scrap_dag.py for tasks to queue
[2025-06-12T08:25:28.162+0000] {logging_mixin.py:188} INFO - [2025-06-12T08:25:28.161+0000] {dagbag.py:538} INFO - Filling up the DagBag from /opt/airflow/dags/rss_scrap_dag.py
[2025-06-12T08:25:28.837+0000] {processor.py:840} INFO - DAG(s) 'news_ingestion_pipeline' retrieved from /opt/airflow/dags/rss_scrap_dag.py
[2025-06-12T08:25:28.856+0000] {logging_mixin.py:188} INFO - [2025-06-12T08:25:28.856+0000] {dag.py:3036} INFO - Sync 1 DAGs
[2025-06-12T08:25:28.865+0000] {logging_mixin.py:188} INFO - [2025-06-12T08:25:28.864+0000] {dag.py:3823} INFO - Setting next_dagrun for news_ingestion_pipeline to None, run_after=None
[2025-06-12T08:25:28.880+0000] {processor.py:183} INFO - Processing /opt/airflow/dags/rss_scrap_dag.py took 0.725 seconds
[2025-06-12T08:25:59.100+0000] {processor.py:161} INFO - Started process (PID=174) to work on /opt/airflow/dags/rss_scrap_dag.py
[2025-06-12T08:25:59.101+0000] {processor.py:830} INFO - Processing file /opt/airflow/dags/rss_scrap_dag.py for tasks to queue
[2025-06-12T08:25:59.103+0000] {logging_mixin.py:188} INFO - [2025-06-12T08:25:59.103+0000] {dagbag.py:538} INFO - Filling up the DagBag from /opt/airflow/dags/rss_scrap_dag.py
[2025-06-12T08:25:59.776+0000] {processor.py:840} INFO - DAG(s) 'news_ingestion_pipeline' retrieved from /opt/airflow/dags/rss_scrap_dag.py
[2025-06-12T08:25:59.796+0000] {logging_mixin.py:188} INFO - [2025-06-12T08:25:59.796+0000] {dag.py:3036} INFO - Sync 1 DAGs
[2025-06-12T08:25:59.805+0000] {logging_mixin.py:188} INFO - [2025-06-12T08:25:59.805+0000] {dag.py:3823} INFO - Setting next_dagrun for news_ingestion_pipeline to None, run_after=None
[2025-06-12T08:25:59.823+0000] {processor.py:183} INFO - Processing /opt/airflow/dags/rss_scrap_dag.py took 0.728 seconds
[2025-06-12T08:26:30.049+0000] {processor.py:161} INFO - Started process (PID=180) to work on /opt/airflow/dags/rss_scrap_dag.py
[2025-06-12T08:26:30.050+0000] {processor.py:830} INFO - Processing file /opt/airflow/dags/rss_scrap_dag.py for tasks to queue
[2025-06-12T08:26:30.053+0000] {logging_mixin.py:188} INFO - [2025-06-12T08:26:30.053+0000] {dagbag.py:538} INFO - Filling up the DagBag from /opt/airflow/dags/rss_scrap_dag.py
[2025-06-12T08:26:30.701+0000] {processor.py:840} INFO - DAG(s) 'news_ingestion_pipeline' retrieved from /opt/airflow/dags/rss_scrap_dag.py
[2025-06-12T08:26:30.720+0000] {logging_mixin.py:188} INFO - [2025-06-12T08:26:30.720+0000] {dag.py:3036} INFO - Sync 1 DAGs
[2025-06-12T08:26:30.729+0000] {logging_mixin.py:188} INFO - [2025-06-12T08:26:30.729+0000] {dag.py:3823} INFO - Setting next_dagrun for news_ingestion_pipeline to None, run_after=None
[2025-06-12T08:26:30.746+0000] {processor.py:183} INFO - Processing /opt/airflow/dags/rss_scrap_dag.py took 0.700 seconds
[2025-06-12T08:27:00.981+0000] {processor.py:161} INFO - Started process (PID=186) to work on /opt/airflow/dags/rss_scrap_dag.py
[2025-06-12T08:27:00.982+0000] {processor.py:830} INFO - Processing file /opt/airflow/dags/rss_scrap_dag.py for tasks to queue
[2025-06-12T08:27:00.985+0000] {logging_mixin.py:188} INFO - [2025-06-12T08:27:00.984+0000] {dagbag.py:538} INFO - Filling up the DagBag from /opt/airflow/dags/rss_scrap_dag.py
[2025-06-12T08:27:01.645+0000] {processor.py:840} INFO - DAG(s) 'news_ingestion_pipeline' retrieved from /opt/airflow/dags/rss_scrap_dag.py
[2025-06-12T08:27:01.664+0000] {logging_mixin.py:188} INFO - [2025-06-12T08:27:01.664+0000] {dag.py:3036} INFO - Sync 1 DAGs
[2025-06-12T08:27:01.673+0000] {logging_mixin.py:188} INFO - [2025-06-12T08:27:01.673+0000] {dag.py:3823} INFO - Setting next_dagrun for news_ingestion_pipeline to None, run_after=None
[2025-06-12T08:27:01.690+0000] {processor.py:183} INFO - Processing /opt/airflow/dags/rss_scrap_dag.py took 0.713 seconds
[2025-06-12T08:27:17.730+0000] {processor.py:161} INFO - Started process (PID=190) to work on /opt/airflow/dags/rss_scrap_dag.py
[2025-06-12T08:27:17.732+0000] {processor.py:830} INFO - Processing file /opt/airflow/dags/rss_scrap_dag.py for tasks to queue
[2025-06-12T08:27:17.734+0000] {logging_mixin.py:188} INFO - [2025-06-12T08:27:17.734+0000] {dagbag.py:538} INFO - Filling up the DagBag from /opt/airflow/dags/rss_scrap_dag.py
[2025-06-12T08:27:18.355+0000] {processor.py:840} INFO - DAG(s) 'news_ingestion_pipeline' retrieved from /opt/airflow/dags/rss_scrap_dag.py
[2025-06-12T08:27:18.438+0000] {logging_mixin.py:188} INFO - [2025-06-12T08:27:18.437+0000] {dag.py:3036} INFO - Sync 1 DAGs
[2025-06-12T08:27:18.446+0000] {logging_mixin.py:188} INFO - [2025-06-12T08:27:18.446+0000] {dag.py:3823} INFO - Setting next_dagrun for news_ingestion_pipeline to None, run_after=None
[2025-06-12T08:27:18.469+0000] {processor.py:183} INFO - Processing /opt/airflow/dags/rss_scrap_dag.py took 0.742 seconds
[2025-06-12T08:29:31.813+0000] {processor.py:161} INFO - Started process (PID=33) to work on /opt/airflow/dags/rss_scrap_dag.py
[2025-06-12T08:29:31.814+0000] {processor.py:830} INFO - Processing file /opt/airflow/dags/rss_scrap_dag.py for tasks to queue
[2025-06-12T08:29:31.818+0000] {logging_mixin.py:188} INFO - [2025-06-12T08:29:31.817+0000] {dagbag.py:538} INFO - Filling up the DagBag from /opt/airflow/dags/rss_scrap_dag.py
[2025-06-12T08:29:32.722+0000] {processor.py:840} INFO - DAG(s) 'news_ingestion_pipeline' retrieved from /opt/airflow/dags/rss_scrap_dag.py
[2025-06-12T08:29:32.747+0000] {logging_mixin.py:188} INFO - [2025-06-12T08:29:32.746+0000] {dag.py:3036} INFO - Sync 1 DAGs
[2025-06-12T08:29:32.762+0000] {logging_mixin.py:188} INFO - [2025-06-12T08:29:32.762+0000] {dag.py:3823} INFO - Setting next_dagrun for news_ingestion_pipeline to None, run_after=None
[2025-06-12T08:29:32.782+0000] {processor.py:183} INFO - Processing /opt/airflow/dags/rss_scrap_dag.py took 0.974 seconds
[2025-06-12T08:30:03.052+0000] {processor.py:161} INFO - Started process (PID=39) to work on /opt/airflow/dags/rss_scrap_dag.py
[2025-06-12T08:30:03.053+0000] {processor.py:830} INFO - Processing file /opt/airflow/dags/rss_scrap_dag.py for tasks to queue
[2025-06-12T08:30:03.057+0000] {logging_mixin.py:188} INFO - [2025-06-12T08:30:03.056+0000] {dagbag.py:538} INFO - Filling up the DagBag from /opt/airflow/dags/rss_scrap_dag.py
[2025-06-12T08:30:03.773+0000] {processor.py:840} INFO - DAG(s) 'news_ingestion_pipeline' retrieved from /opt/airflow/dags/rss_scrap_dag.py
[2025-06-12T08:30:03.863+0000] {logging_mixin.py:188} INFO - [2025-06-12T08:30:03.863+0000] {dag.py:3036} INFO - Sync 1 DAGs
[2025-06-12T08:30:03.872+0000] {logging_mixin.py:188} INFO - [2025-06-12T08:30:03.872+0000] {dag.py:3823} INFO - Setting next_dagrun for news_ingestion_pipeline to None, run_after=None
[2025-06-12T08:30:03.889+0000] {processor.py:183} INFO - Processing /opt/airflow/dags/rss_scrap_dag.py took 0.843 seconds
[2025-06-12T08:30:34.126+0000] {processor.py:161} INFO - Started process (PID=45) to work on /opt/airflow/dags/rss_scrap_dag.py
[2025-06-12T08:30:34.128+0000] {processor.py:830} INFO - Processing file /opt/airflow/dags/rss_scrap_dag.py for tasks to queue
[2025-06-12T08:30:34.130+0000] {logging_mixin.py:188} INFO - [2025-06-12T08:30:34.130+0000] {dagbag.py:538} INFO - Filling up the DagBag from /opt/airflow/dags/rss_scrap_dag.py
[2025-06-12T08:30:34.824+0000] {processor.py:840} INFO - DAG(s) 'news_ingestion_pipeline' retrieved from /opt/airflow/dags/rss_scrap_dag.py
[2025-06-12T08:30:34.842+0000] {logging_mixin.py:188} INFO - [2025-06-12T08:30:34.842+0000] {dag.py:3036} INFO - Sync 1 DAGs
[2025-06-12T08:30:34.851+0000] {logging_mixin.py:188} INFO - [2025-06-12T08:30:34.851+0000] {dag.py:3823} INFO - Setting next_dagrun for news_ingestion_pipeline to None, run_after=None
[2025-06-12T08:30:34.867+0000] {processor.py:183} INFO - Processing /opt/airflow/dags/rss_scrap_dag.py took 0.745 seconds
[2025-06-12T08:31:05.114+0000] {processor.py:161} INFO - Started process (PID=51) to work on /opt/airflow/dags/rss_scrap_dag.py
[2025-06-12T08:31:05.115+0000] {processor.py:830} INFO - Processing file /opt/airflow/dags/rss_scrap_dag.py for tasks to queue
[2025-06-12T08:31:05.117+0000] {logging_mixin.py:188} INFO - [2025-06-12T08:31:05.117+0000] {dagbag.py:538} INFO - Filling up the DagBag from /opt/airflow/dags/rss_scrap_dag.py
[2025-06-12T08:31:05.777+0000] {processor.py:840} INFO - DAG(s) 'news_ingestion_pipeline' retrieved from /opt/airflow/dags/rss_scrap_dag.py
[2025-06-12T08:31:05.795+0000] {logging_mixin.py:188} INFO - [2025-06-12T08:31:05.795+0000] {dag.py:3036} INFO - Sync 1 DAGs
[2025-06-12T08:31:05.804+0000] {logging_mixin.py:188} INFO - [2025-06-12T08:31:05.804+0000] {dag.py:3823} INFO - Setting next_dagrun for news_ingestion_pipeline to None, run_after=None
[2025-06-12T08:31:05.821+0000] {processor.py:183} INFO - Processing /opt/airflow/dags/rss_scrap_dag.py took 0.712 seconds
[2025-06-12T08:31:36.063+0000] {processor.py:161} INFO - Started process (PID=57) to work on /opt/airflow/dags/rss_scrap_dag.py
[2025-06-12T08:31:36.064+0000] {processor.py:830} INFO - Processing file /opt/airflow/dags/rss_scrap_dag.py for tasks to queue
[2025-06-12T08:31:36.067+0000] {logging_mixin.py:188} INFO - [2025-06-12T08:31:36.066+0000] {dagbag.py:538} INFO - Filling up the DagBag from /opt/airflow/dags/rss_scrap_dag.py
[2025-06-12T08:31:36.723+0000] {processor.py:840} INFO - DAG(s) 'news_ingestion_pipeline' retrieved from /opt/airflow/dags/rss_scrap_dag.py
[2025-06-12T08:31:36.744+0000] {logging_mixin.py:188} INFO - [2025-06-12T08:31:36.743+0000] {dag.py:3036} INFO - Sync 1 DAGs
[2025-06-12T08:31:36.754+0000] {logging_mixin.py:188} INFO - [2025-06-12T08:31:36.753+0000] {dag.py:3823} INFO - Setting next_dagrun for news_ingestion_pipeline to None, run_after=None
[2025-06-12T08:31:36.771+0000] {processor.py:183} INFO - Processing /opt/airflow/dags/rss_scrap_dag.py took 0.712 seconds
[2025-06-12T08:32:06.997+0000] {processor.py:161} INFO - Started process (PID=63) to work on /opt/airflow/dags/rss_scrap_dag.py
[2025-06-12T08:32:06.999+0000] {processor.py:830} INFO - Processing file /opt/airflow/dags/rss_scrap_dag.py for tasks to queue
[2025-06-12T08:32:07.002+0000] {logging_mixin.py:188} INFO - [2025-06-12T08:32:07.001+0000] {dagbag.py:538} INFO - Filling up the DagBag from /opt/airflow/dags/rss_scrap_dag.py
[2025-06-12T08:32:07.796+0000] {processor.py:840} INFO - DAG(s) 'news_ingestion_pipeline' retrieved from /opt/airflow/dags/rss_scrap_dag.py
[2025-06-12T08:32:07.816+0000] {logging_mixin.py:188} INFO - [2025-06-12T08:32:07.815+0000] {dag.py:3036} INFO - Sync 1 DAGs
[2025-06-12T08:32:07.825+0000] {logging_mixin.py:188} INFO - [2025-06-12T08:32:07.825+0000] {dag.py:3823} INFO - Setting next_dagrun for news_ingestion_pipeline to None, run_after=None
[2025-06-12T08:32:07.842+0000] {processor.py:183} INFO - Processing /opt/airflow/dags/rss_scrap_dag.py took 0.848 seconds
[2025-06-12T08:32:38.080+0000] {processor.py:161} INFO - Started process (PID=69) to work on /opt/airflow/dags/rss_scrap_dag.py
[2025-06-12T08:32:38.081+0000] {processor.py:830} INFO - Processing file /opt/airflow/dags/rss_scrap_dag.py for tasks to queue
[2025-06-12T08:32:38.083+0000] {logging_mixin.py:188} INFO - [2025-06-12T08:32:38.083+0000] {dagbag.py:538} INFO - Filling up the DagBag from /opt/airflow/dags/rss_scrap_dag.py
[2025-06-12T08:32:38.757+0000] {processor.py:840} INFO - DAG(s) 'news_ingestion_pipeline' retrieved from /opt/airflow/dags/rss_scrap_dag.py
[2025-06-12T08:32:38.778+0000] {logging_mixin.py:188} INFO - [2025-06-12T08:32:38.777+0000] {dag.py:3036} INFO - Sync 1 DAGs
[2025-06-12T08:32:38.787+0000] {logging_mixin.py:188} INFO - [2025-06-12T08:32:38.786+0000] {dag.py:3823} INFO - Setting next_dagrun for news_ingestion_pipeline to None, run_after=None
[2025-06-12T08:32:38.803+0000] {processor.py:183} INFO - Processing /opt/airflow/dags/rss_scrap_dag.py took 0.727 seconds
[2025-06-12T08:33:09.043+0000] {processor.py:161} INFO - Started process (PID=75) to work on /opt/airflow/dags/rss_scrap_dag.py
[2025-06-12T08:33:09.044+0000] {processor.py:830} INFO - Processing file /opt/airflow/dags/rss_scrap_dag.py for tasks to queue
[2025-06-12T08:33:09.046+0000] {logging_mixin.py:188} INFO - [2025-06-12T08:33:09.046+0000] {dagbag.py:538} INFO - Filling up the DagBag from /opt/airflow/dags/rss_scrap_dag.py
[2025-06-12T08:33:09.756+0000] {processor.py:840} INFO - DAG(s) 'news_ingestion_pipeline' retrieved from /opt/airflow/dags/rss_scrap_dag.py
[2025-06-12T08:33:09.782+0000] {logging_mixin.py:188} INFO - [2025-06-12T08:33:09.781+0000] {dag.py:3036} INFO - Sync 1 DAGs
[2025-06-12T08:33:09.791+0000] {logging_mixin.py:188} INFO - [2025-06-12T08:33:09.791+0000] {dag.py:3823} INFO - Setting next_dagrun for news_ingestion_pipeline to None, run_after=None
[2025-06-12T08:33:09.811+0000] {processor.py:183} INFO - Processing /opt/airflow/dags/rss_scrap_dag.py took 0.771 seconds
[2025-06-12T08:33:40.065+0000] {processor.py:161} INFO - Started process (PID=81) to work on /opt/airflow/dags/rss_scrap_dag.py
[2025-06-12T08:33:40.066+0000] {processor.py:830} INFO - Processing file /opt/airflow/dags/rss_scrap_dag.py for tasks to queue
[2025-06-12T08:33:40.068+0000] {logging_mixin.py:188} INFO - [2025-06-12T08:33:40.068+0000] {dagbag.py:538} INFO - Filling up the DagBag from /opt/airflow/dags/rss_scrap_dag.py
[2025-06-12T08:33:40.752+0000] {processor.py:840} INFO - DAG(s) 'news_ingestion_pipeline' retrieved from /opt/airflow/dags/rss_scrap_dag.py
[2025-06-12T08:33:40.776+0000] {logging_mixin.py:188} INFO - [2025-06-12T08:33:40.776+0000] {dag.py:3036} INFO - Sync 1 DAGs
[2025-06-12T08:33:40.786+0000] {logging_mixin.py:188} INFO - [2025-06-12T08:33:40.786+0000] {dag.py:3823} INFO - Setting next_dagrun for news_ingestion_pipeline to None, run_after=None
[2025-06-12T08:33:40.806+0000] {processor.py:183} INFO - Processing /opt/airflow/dags/rss_scrap_dag.py took 0.745 seconds
[2025-06-12T08:34:11.065+0000] {processor.py:161} INFO - Started process (PID=87) to work on /opt/airflow/dags/rss_scrap_dag.py
[2025-06-12T08:34:11.067+0000] {processor.py:830} INFO - Processing file /opt/airflow/dags/rss_scrap_dag.py for tasks to queue
[2025-06-12T08:34:11.069+0000] {logging_mixin.py:188} INFO - [2025-06-12T08:34:11.069+0000] {dagbag.py:538} INFO - Filling up the DagBag from /opt/airflow/dags/rss_scrap_dag.py
[2025-06-12T08:34:11.792+0000] {processor.py:840} INFO - DAG(s) 'news_ingestion_pipeline' retrieved from /opt/airflow/dags/rss_scrap_dag.py
[2025-06-12T08:34:11.823+0000] {logging_mixin.py:188} INFO - [2025-06-12T08:34:11.823+0000] {dag.py:3036} INFO - Sync 1 DAGs
[2025-06-12T08:34:11.835+0000] {logging_mixin.py:188} INFO - [2025-06-12T08:34:11.835+0000] {dag.py:3823} INFO - Setting next_dagrun for news_ingestion_pipeline to None, run_after=None
[2025-06-12T08:34:11.853+0000] {processor.py:183} INFO - Processing /opt/airflow/dags/rss_scrap_dag.py took 0.793 seconds
[2025-06-12T08:34:42.163+0000] {processor.py:161} INFO - Started process (PID=93) to work on /opt/airflow/dags/rss_scrap_dag.py
[2025-06-12T08:34:42.164+0000] {processor.py:830} INFO - Processing file /opt/airflow/dags/rss_scrap_dag.py for tasks to queue
[2025-06-12T08:34:42.166+0000] {logging_mixin.py:188} INFO - [2025-06-12T08:34:42.166+0000] {dagbag.py:538} INFO - Filling up the DagBag from /opt/airflow/dags/rss_scrap_dag.py
[2025-06-12T08:34:42.818+0000] {processor.py:840} INFO - DAG(s) 'news_ingestion_pipeline' retrieved from /opt/airflow/dags/rss_scrap_dag.py
[2025-06-12T08:34:42.837+0000] {logging_mixin.py:188} INFO - [2025-06-12T08:34:42.837+0000] {dag.py:3036} INFO - Sync 1 DAGs
[2025-06-12T08:34:42.848+0000] {logging_mixin.py:188} INFO - [2025-06-12T08:34:42.848+0000] {dag.py:3823} INFO - Setting next_dagrun for news_ingestion_pipeline to None, run_after=None
[2025-06-12T08:34:42.867+0000] {processor.py:183} INFO - Processing /opt/airflow/dags/rss_scrap_dag.py took 0.708 seconds
[2025-06-12T08:35:13.108+0000] {processor.py:161} INFO - Started process (PID=99) to work on /opt/airflow/dags/rss_scrap_dag.py
[2025-06-12T08:35:13.110+0000] {processor.py:830} INFO - Processing file /opt/airflow/dags/rss_scrap_dag.py for tasks to queue
[2025-06-12T08:35:13.112+0000] {logging_mixin.py:188} INFO - [2025-06-12T08:35:13.112+0000] {dagbag.py:538} INFO - Filling up the DagBag from /opt/airflow/dags/rss_scrap_dag.py
[2025-06-12T08:35:13.791+0000] {processor.py:840} INFO - DAG(s) 'news_ingestion_pipeline' retrieved from /opt/airflow/dags/rss_scrap_dag.py
[2025-06-12T08:35:13.810+0000] {logging_mixin.py:188} INFO - [2025-06-12T08:35:13.810+0000] {dag.py:3036} INFO - Sync 1 DAGs
[2025-06-12T08:35:13.819+0000] {logging_mixin.py:188} INFO - [2025-06-12T08:35:13.819+0000] {dag.py:3823} INFO - Setting next_dagrun for news_ingestion_pipeline to None, run_after=None
[2025-06-12T08:35:13.837+0000] {processor.py:183} INFO - Processing /opt/airflow/dags/rss_scrap_dag.py took 0.732 seconds
[2025-06-12T08:35:44.079+0000] {processor.py:161} INFO - Started process (PID=105) to work on /opt/airflow/dags/rss_scrap_dag.py
[2025-06-12T08:35:44.080+0000] {processor.py:830} INFO - Processing file /opt/airflow/dags/rss_scrap_dag.py for tasks to queue
[2025-06-12T08:35:44.082+0000] {logging_mixin.py:188} INFO - [2025-06-12T08:35:44.082+0000] {dagbag.py:538} INFO - Filling up the DagBag from /opt/airflow/dags/rss_scrap_dag.py
[2025-06-12T08:35:44.738+0000] {processor.py:840} INFO - DAG(s) 'news_ingestion_pipeline' retrieved from /opt/airflow/dags/rss_scrap_dag.py
[2025-06-12T08:35:44.757+0000] {logging_mixin.py:188} INFO - [2025-06-12T08:35:44.757+0000] {dag.py:3036} INFO - Sync 1 DAGs
[2025-06-12T08:35:44.767+0000] {logging_mixin.py:188} INFO - [2025-06-12T08:35:44.767+0000] {dag.py:3823} INFO - Setting next_dagrun for news_ingestion_pipeline to None, run_after=None
[2025-06-12T08:35:44.784+0000] {processor.py:183} INFO - Processing /opt/airflow/dags/rss_scrap_dag.py took 0.709 seconds
[2025-06-12T08:36:15.014+0000] {processor.py:161} INFO - Started process (PID=111) to work on /opt/airflow/dags/rss_scrap_dag.py
[2025-06-12T08:36:15.015+0000] {processor.py:830} INFO - Processing file /opt/airflow/dags/rss_scrap_dag.py for tasks to queue
[2025-06-12T08:36:15.017+0000] {logging_mixin.py:188} INFO - [2025-06-12T08:36:15.017+0000] {dagbag.py:538} INFO - Filling up the DagBag from /opt/airflow/dags/rss_scrap_dag.py
[2025-06-12T08:36:15.681+0000] {processor.py:840} INFO - DAG(s) 'news_ingestion_pipeline' retrieved from /opt/airflow/dags/rss_scrap_dag.py
[2025-06-12T08:36:15.703+0000] {logging_mixin.py:188} INFO - [2025-06-12T08:36:15.702+0000] {dag.py:3036} INFO - Sync 1 DAGs
[2025-06-12T08:36:15.713+0000] {logging_mixin.py:188} INFO - [2025-06-12T08:36:15.712+0000] {dag.py:3823} INFO - Setting next_dagrun for news_ingestion_pipeline to None, run_after=None
[2025-06-12T08:36:15.731+0000] {processor.py:183} INFO - Processing /opt/airflow/dags/rss_scrap_dag.py took 0.722 seconds
[2025-06-12T08:36:45.972+0000] {processor.py:161} INFO - Started process (PID=117) to work on /opt/airflow/dags/rss_scrap_dag.py
[2025-06-12T08:36:45.973+0000] {processor.py:830} INFO - Processing file /opt/airflow/dags/rss_scrap_dag.py for tasks to queue
[2025-06-12T08:36:45.975+0000] {logging_mixin.py:188} INFO - [2025-06-12T08:36:45.975+0000] {dagbag.py:538} INFO - Filling up the DagBag from /opt/airflow/dags/rss_scrap_dag.py
[2025-06-12T08:36:46.634+0000] {processor.py:840} INFO - DAG(s) 'news_ingestion_pipeline' retrieved from /opt/airflow/dags/rss_scrap_dag.py
[2025-06-12T08:36:46.653+0000] {logging_mixin.py:188} INFO - [2025-06-12T08:36:46.652+0000] {dag.py:3036} INFO - Sync 1 DAGs
[2025-06-12T08:36:46.662+0000] {logging_mixin.py:188} INFO - [2025-06-12T08:36:46.662+0000] {dag.py:3823} INFO - Setting next_dagrun for news_ingestion_pipeline to None, run_after=None
[2025-06-12T08:36:46.677+0000] {processor.py:183} INFO - Processing /opt/airflow/dags/rss_scrap_dag.py took 0.709 seconds
[2025-06-12T08:37:16.912+0000] {processor.py:161} INFO - Started process (PID=123) to work on /opt/airflow/dags/rss_scrap_dag.py
[2025-06-12T08:37:16.913+0000] {processor.py:830} INFO - Processing file /opt/airflow/dags/rss_scrap_dag.py for tasks to queue
[2025-06-12T08:37:16.915+0000] {logging_mixin.py:188} INFO - [2025-06-12T08:37:16.914+0000] {dagbag.py:538} INFO - Filling up the DagBag from /opt/airflow/dags/rss_scrap_dag.py
[2025-06-12T08:37:17.544+0000] {processor.py:840} INFO - DAG(s) 'news_ingestion_pipeline' retrieved from /opt/airflow/dags/rss_scrap_dag.py
[2025-06-12T08:37:17.563+0000] {logging_mixin.py:188} INFO - [2025-06-12T08:37:17.563+0000] {dag.py:3036} INFO - Sync 1 DAGs
[2025-06-12T08:37:17.571+0000] {logging_mixin.py:188} INFO - [2025-06-12T08:37:17.571+0000] {dag.py:3823} INFO - Setting next_dagrun for news_ingestion_pipeline to None, run_after=None
[2025-06-12T08:37:17.587+0000] {processor.py:183} INFO - Processing /opt/airflow/dags/rss_scrap_dag.py took 0.679 seconds
