[2025-06-08T19:50:29.007+0000] {taskinstance.py:1956} INFO - Dependencies all met for dep_context=non-requeueable deps ti=<TaskInstance: news_ingestion_pipeline.collect_articles scheduled__2025-06-08T16:00:00+00:00 [queued]>
[2025-06-08T19:50:29.014+0000] {taskinstance.py:1956} INFO - Dependencies all met for dep_context=requeueable deps ti=<TaskInstance: news_ingestion_pipeline.collect_articles scheduled__2025-06-08T16:00:00+00:00 [queued]>
[2025-06-08T19:50:29.015+0000] {taskinstance.py:2170} INFO - Starting attempt 1 of 2
[2025-06-08T19:50:29.027+0000] {taskinstance.py:2191} INFO - Executing <Task(PythonOperator): collect_articles> on 2025-06-08 16:00:00+00:00
[2025-06-08T19:50:29.033+0000] {standard_task_runner.py:60} INFO - Started process 107 to run task
[2025-06-08T19:50:29.038+0000] {standard_task_runner.py:87} INFO - Running: ['***', 'tasks', 'run', 'news_ingestion_pipeline', 'collect_articles', 'scheduled__2025-06-08T16:00:00+00:00', '--job-id', '75', '--raw', '--subdir', 'DAGS_FOLDER/rss_scrap_dag.py', '--cfg-path', '/tmp/tmpz6kp_adr']
[2025-06-08T19:50:29.042+0000] {standard_task_runner.py:88} INFO - Job 75: Subtask collect_articles
[2025-06-08T19:50:29.106+0000] {task_command.py:423} INFO - Running <TaskInstance: news_ingestion_pipeline.collect_articles scheduled__2025-06-08T16:00:00+00:00 [running]> on host 44e96206a18a
[2025-06-08T19:50:29.178+0000] {taskinstance.py:2480} INFO - Exporting env vars: AIRFLOW_CTX_DAG_OWNER='***' AIRFLOW_CTX_DAG_ID='news_ingestion_pipeline' AIRFLOW_CTX_TASK_ID='collect_articles' AIRFLOW_CTX_EXECUTION_DATE='2025-06-08T16:00:00+00:00' AIRFLOW_CTX_TRY_NUMBER='1' AIRFLOW_CTX_DAG_RUN_ID='scheduled__2025-06-08T16:00:00+00:00'
[2025-06-08T19:50:31.721+0000] {rss_compile.py:74} INFO - 8 fichiers traités et archivés.
[2025-06-08T19:50:31.722+0000] {rss_compile.py:75} INFO - 65 articles uniques collectés.
[2025-06-08T19:50:31.738+0000] {python.py:201} INFO - Done. Returned value was: None
[2025-06-08T19:50:31.752+0000] {taskinstance.py:1138} INFO - Marking task as SUCCESS. dag_id=news_ingestion_pipeline, task_id=collect_articles, execution_date=20250608T160000, start_date=20250608T195029, end_date=20250608T195031
[2025-06-08T19:50:31.780+0000] {local_task_job_runner.py:234} INFO - Task exited with return code 0
[2025-06-08T19:50:31.811+0000] {taskinstance.py:3280} INFO - 1 downstream tasks scheduled from follow-on schedule check
[2025-06-08T19:52:55.735+0000] {taskinstance.py:1956} INFO - Dependencies all met for dep_context=non-requeueable deps ti=<TaskInstance: news_ingestion_pipeline.collect_articles scheduled__2025-06-08T16:00:00+00:00 [queued]>
[2025-06-08T19:52:55.745+0000] {taskinstance.py:1956} INFO - Dependencies all met for dep_context=requeueable deps ti=<TaskInstance: news_ingestion_pipeline.collect_articles scheduled__2025-06-08T16:00:00+00:00 [queued]>
[2025-06-08T19:52:55.746+0000] {taskinstance.py:2170} INFO - Starting attempt 1 of 2
[2025-06-08T19:52:55.767+0000] {taskinstance.py:2191} INFO - Executing <Task(PythonOperator): collect_articles> on 2025-06-08 16:00:00+00:00
[2025-06-08T19:52:55.775+0000] {standard_task_runner.py:60} INFO - Started process 126 to run task
[2025-06-08T19:52:55.781+0000] {standard_task_runner.py:87} INFO - Running: ['***', 'tasks', 'run', 'news_ingestion_pipeline', 'collect_articles', 'scheduled__2025-06-08T16:00:00+00:00', '--job-id', '82', '--raw', '--subdir', 'DAGS_FOLDER/rss_scrap_dag.py', '--cfg-path', '/tmp/tmpbew19iij']
[2025-06-08T19:52:55.785+0000] {standard_task_runner.py:88} INFO - Job 82: Subtask collect_articles
[2025-06-08T19:52:55.852+0000] {task_command.py:423} INFO - Running <TaskInstance: news_ingestion_pipeline.collect_articles scheduled__2025-06-08T16:00:00+00:00 [running]> on host 44e96206a18a
[2025-06-08T19:52:55.921+0000] {taskinstance.py:2480} INFO - Exporting env vars: AIRFLOW_CTX_DAG_OWNER='***' AIRFLOW_CTX_DAG_ID='news_ingestion_pipeline' AIRFLOW_CTX_TASK_ID='collect_articles' AIRFLOW_CTX_EXECUTION_DATE='2025-06-08T16:00:00+00:00' AIRFLOW_CTX_TRY_NUMBER='1' AIRFLOW_CTX_DAG_RUN_ID='scheduled__2025-06-08T16:00:00+00:00'
[2025-06-08T19:52:57.857+0000] {rss_compile.py:74} INFO - 8 fichiers traités et archivés.
[2025-06-08T19:52:57.858+0000] {rss_compile.py:75} INFO - 65 articles uniques collectés.
[2025-06-08T19:52:57.873+0000] {python.py:201} INFO - Done. Returned value was: None
[2025-06-08T19:52:57.885+0000] {taskinstance.py:1138} INFO - Marking task as SUCCESS. dag_id=news_ingestion_pipeline, task_id=collect_articles, execution_date=20250608T160000, start_date=20250608T195255, end_date=20250608T195257
[2025-06-08T19:52:57.920+0000] {local_task_job_runner.py:234} INFO - Task exited with return code 0
[2025-06-08T19:52:57.944+0000] {taskinstance.py:3280} INFO - 1 downstream tasks scheduled from follow-on schedule check
[2025-06-08T19:54:29.242+0000] {taskinstance.py:1956} INFO - Dependencies all met for dep_context=non-requeueable deps ti=<TaskInstance: news_ingestion_pipeline.collect_articles scheduled__2025-06-08T16:00:00+00:00 [queued]>
[2025-06-08T19:54:29.249+0000] {taskinstance.py:1956} INFO - Dependencies all met for dep_context=requeueable deps ti=<TaskInstance: news_ingestion_pipeline.collect_articles scheduled__2025-06-08T16:00:00+00:00 [queued]>
[2025-06-08T19:54:29.249+0000] {taskinstance.py:2170} INFO - Starting attempt 1 of 2
[2025-06-08T19:54:29.261+0000] {taskinstance.py:2191} INFO - Executing <Task(PythonOperator): collect_articles> on 2025-06-08 16:00:00+00:00
[2025-06-08T19:54:29.267+0000] {standard_task_runner.py:60} INFO - Started process 141 to run task
[2025-06-08T19:54:29.270+0000] {standard_task_runner.py:87} INFO - Running: ['***', 'tasks', 'run', 'news_ingestion_pipeline', 'collect_articles', 'scheduled__2025-06-08T16:00:00+00:00', '--job-id', '87', '--raw', '--subdir', 'DAGS_FOLDER/rss_scrap_dag.py', '--cfg-path', '/tmp/tmp5r38h62u']
[2025-06-08T19:54:29.274+0000] {standard_task_runner.py:88} INFO - Job 87: Subtask collect_articles
[2025-06-08T19:54:29.353+0000] {task_command.py:423} INFO - Running <TaskInstance: news_ingestion_pipeline.collect_articles scheduled__2025-06-08T16:00:00+00:00 [running]> on host 44e96206a18a
[2025-06-08T19:54:29.430+0000] {taskinstance.py:2480} INFO - Exporting env vars: AIRFLOW_CTX_DAG_OWNER='***' AIRFLOW_CTX_DAG_ID='news_ingestion_pipeline' AIRFLOW_CTX_TASK_ID='collect_articles' AIRFLOW_CTX_EXECUTION_DATE='2025-06-08T16:00:00+00:00' AIRFLOW_CTX_TRY_NUMBER='1' AIRFLOW_CTX_DAG_RUN_ID='scheduled__2025-06-08T16:00:00+00:00'
[2025-06-08T19:54:31.329+0000] {rss_compile.py:74} INFO - 8 fichiers traités et archivés.
[2025-06-08T19:54:31.329+0000] {rss_compile.py:75} INFO - 65 articles uniques collectés.
[2025-06-08T19:54:31.345+0000] {python.py:201} INFO - Done. Returned value was: None
[2025-06-08T19:54:31.358+0000] {taskinstance.py:1138} INFO - Marking task as SUCCESS. dag_id=news_ingestion_pipeline, task_id=collect_articles, execution_date=20250608T160000, start_date=20250608T195429, end_date=20250608T195431
[2025-06-08T19:54:31.411+0000] {local_task_job_runner.py:234} INFO - Task exited with return code 0
[2025-06-08T19:54:31.437+0000] {taskinstance.py:3280} INFO - 1 downstream tasks scheduled from follow-on schedule check
[2025-06-08T19:56:24.193+0000] {taskinstance.py:1956} INFO - Dependencies all met for dep_context=non-requeueable deps ti=<TaskInstance: news_ingestion_pipeline.collect_articles scheduled__2025-06-08T16:00:00+00:00 [queued]>
[2025-06-08T19:56:24.200+0000] {taskinstance.py:1956} INFO - Dependencies all met for dep_context=requeueable deps ti=<TaskInstance: news_ingestion_pipeline.collect_articles scheduled__2025-06-08T16:00:00+00:00 [queued]>
[2025-06-08T19:56:24.201+0000] {taskinstance.py:2170} INFO - Starting attempt 1 of 2
[2025-06-08T19:56:24.213+0000] {taskinstance.py:2191} INFO - Executing <Task(PythonOperator): collect_articles> on 2025-06-08 16:00:00+00:00
[2025-06-08T19:56:24.219+0000] {standard_task_runner.py:60} INFO - Started process 162 to run task
[2025-06-08T19:56:24.223+0000] {standard_task_runner.py:87} INFO - Running: ['***', 'tasks', 'run', 'news_ingestion_pipeline', 'collect_articles', 'scheduled__2025-06-08T16:00:00+00:00', '--job-id', '94', '--raw', '--subdir', 'DAGS_FOLDER/rss_scrap_dag.py', '--cfg-path', '/tmp/tmp8dki1mtb']
[2025-06-08T19:56:24.227+0000] {standard_task_runner.py:88} INFO - Job 94: Subtask collect_articles
[2025-06-08T19:56:24.289+0000] {task_command.py:423} INFO - Running <TaskInstance: news_ingestion_pipeline.collect_articles scheduled__2025-06-08T16:00:00+00:00 [running]> on host 44e96206a18a
[2025-06-08T19:56:24.377+0000] {taskinstance.py:2480} INFO - Exporting env vars: AIRFLOW_CTX_DAG_OWNER='***' AIRFLOW_CTX_DAG_ID='news_ingestion_pipeline' AIRFLOW_CTX_TASK_ID='collect_articles' AIRFLOW_CTX_EXECUTION_DATE='2025-06-08T16:00:00+00:00' AIRFLOW_CTX_TRY_NUMBER='1' AIRFLOW_CTX_DAG_RUN_ID='scheduled__2025-06-08T16:00:00+00:00'
[2025-06-08T19:56:25.975+0000] {rss_compile.py:74} INFO - 8 fichiers traités et archivés.
[2025-06-08T19:56:25.975+0000] {rss_compile.py:75} INFO - 65 articles uniques collectés.
[2025-06-08T19:56:25.990+0000] {python.py:201} INFO - Done. Returned value was: None
[2025-06-08T19:56:26.002+0000] {taskinstance.py:1138} INFO - Marking task as SUCCESS. dag_id=news_ingestion_pipeline, task_id=collect_articles, execution_date=20250608T160000, start_date=20250608T195624, end_date=20250608T195626
[2025-06-08T19:56:26.042+0000] {local_task_job_runner.py:234} INFO - Task exited with return code 0
[2025-06-08T19:56:26.064+0000] {taskinstance.py:3280} INFO - 1 downstream tasks scheduled from follow-on schedule check
[2025-06-08T19:56:55.544+0000] {taskinstance.py:1956} INFO - Dependencies all met for dep_context=non-requeueable deps ti=<TaskInstance: news_ingestion_pipeline.collect_articles scheduled__2025-06-08T16:00:00+00:00 [queued]>
[2025-06-08T19:56:55.551+0000] {taskinstance.py:1956} INFO - Dependencies all met for dep_context=requeueable deps ti=<TaskInstance: news_ingestion_pipeline.collect_articles scheduled__2025-06-08T16:00:00+00:00 [queued]>
[2025-06-08T19:56:55.551+0000] {taskinstance.py:2170} INFO - Starting attempt 1 of 2
[2025-06-08T19:56:55.563+0000] {taskinstance.py:2191} INFO - Executing <Task(PythonOperator): collect_articles> on 2025-06-08 16:00:00+00:00
[2025-06-08T19:56:55.570+0000] {standard_task_runner.py:60} INFO - Started process 174 to run task
[2025-06-08T19:56:55.574+0000] {standard_task_runner.py:87} INFO - Running: ['***', 'tasks', 'run', 'news_ingestion_pipeline', 'collect_articles', 'scheduled__2025-06-08T16:00:00+00:00', '--job-id', '98', '--raw', '--subdir', 'DAGS_FOLDER/rss_scrap_dag.py', '--cfg-path', '/tmp/tmp50zwibp6']
[2025-06-08T19:56:55.577+0000] {standard_task_runner.py:88} INFO - Job 98: Subtask collect_articles
[2025-06-08T19:56:55.633+0000] {task_command.py:423} INFO - Running <TaskInstance: news_ingestion_pipeline.collect_articles scheduled__2025-06-08T16:00:00+00:00 [running]> on host 44e96206a18a
[2025-06-08T19:56:55.697+0000] {taskinstance.py:2480} INFO - Exporting env vars: AIRFLOW_CTX_DAG_OWNER='***' AIRFLOW_CTX_DAG_ID='news_ingestion_pipeline' AIRFLOW_CTX_TASK_ID='collect_articles' AIRFLOW_CTX_EXECUTION_DATE='2025-06-08T16:00:00+00:00' AIRFLOW_CTX_TRY_NUMBER='1' AIRFLOW_CTX_DAG_RUN_ID='scheduled__2025-06-08T16:00:00+00:00'
[2025-06-08T19:56:57.306+0000] {rss_compile.py:74} INFO - 8 fichiers traités et archivés.
[2025-06-08T19:56:57.306+0000] {rss_compile.py:75} INFO - 65 articles uniques collectés.
[2025-06-08T19:56:57.321+0000] {python.py:201} INFO - Done. Returned value was: None
[2025-06-08T19:56:57.333+0000] {taskinstance.py:1138} INFO - Marking task as SUCCESS. dag_id=news_ingestion_pipeline, task_id=collect_articles, execution_date=20250608T160000, start_date=20250608T195655, end_date=20250608T195657
[2025-06-08T19:56:57.354+0000] {local_task_job_runner.py:234} INFO - Task exited with return code 0
[2025-06-08T19:56:57.377+0000] {taskinstance.py:3280} INFO - 1 downstream tasks scheduled from follow-on schedule check
[2025-06-08T19:57:35.292+0000] {taskinstance.py:1956} INFO - Dependencies all met for dep_context=non-requeueable deps ti=<TaskInstance: news_ingestion_pipeline.collect_articles scheduled__2025-06-08T16:00:00+00:00 [queued]>
[2025-06-08T19:57:35.299+0000] {taskinstance.py:1956} INFO - Dependencies all met for dep_context=requeueable deps ti=<TaskInstance: news_ingestion_pipeline.collect_articles scheduled__2025-06-08T16:00:00+00:00 [queued]>
[2025-06-08T19:57:35.300+0000] {taskinstance.py:2170} INFO - Starting attempt 1 of 2
[2025-06-08T19:57:35.314+0000] {taskinstance.py:2191} INFO - Executing <Task(PythonOperator): collect_articles> on 2025-06-08 16:00:00+00:00
[2025-06-08T19:57:35.322+0000] {standard_task_runner.py:60} INFO - Started process 185 to run task
[2025-06-08T19:57:35.326+0000] {standard_task_runner.py:87} INFO - Running: ['***', 'tasks', 'run', 'news_ingestion_pipeline', 'collect_articles', 'scheduled__2025-06-08T16:00:00+00:00', '--job-id', '101', '--raw', '--subdir', 'DAGS_FOLDER/rss_scrap_dag.py', '--cfg-path', '/tmp/tmp719wlvsv']
[2025-06-08T19:57:35.329+0000] {standard_task_runner.py:88} INFO - Job 101: Subtask collect_articles
[2025-06-08T19:57:35.391+0000] {task_command.py:423} INFO - Running <TaskInstance: news_ingestion_pipeline.collect_articles scheduled__2025-06-08T16:00:00+00:00 [running]> on host 44e96206a18a
[2025-06-08T19:57:35.456+0000] {taskinstance.py:2480} INFO - Exporting env vars: AIRFLOW_CTX_DAG_OWNER='***' AIRFLOW_CTX_DAG_ID='news_ingestion_pipeline' AIRFLOW_CTX_TASK_ID='collect_articles' AIRFLOW_CTX_EXECUTION_DATE='2025-06-08T16:00:00+00:00' AIRFLOW_CTX_TRY_NUMBER='1' AIRFLOW_CTX_DAG_RUN_ID='scheduled__2025-06-08T16:00:00+00:00'
[2025-06-08T19:57:37.028+0000] {rss_compile.py:74} INFO - 8 fichiers traités et archivés.
[2025-06-08T19:57:37.028+0000] {rss_compile.py:75} INFO - 65 articles uniques collectés.
[2025-06-08T19:57:37.044+0000] {python.py:201} INFO - Done. Returned value was: None
[2025-06-08T19:57:37.058+0000] {taskinstance.py:1138} INFO - Marking task as SUCCESS. dag_id=news_ingestion_pipeline, task_id=collect_articles, execution_date=20250608T160000, start_date=20250608T195735, end_date=20250608T195737
[2025-06-08T19:57:37.105+0000] {local_task_job_runner.py:234} INFO - Task exited with return code 0
[2025-06-08T19:57:37.136+0000] {taskinstance.py:3280} INFO - 1 downstream tasks scheduled from follow-on schedule check
