[2025-06-29T08:33:23.985+0000] {processor.py:161} INFO - Started process (PID=37) to work on /opt/airflow/dags/rss_scrap_dag.py
[2025-06-29T08:33:23.987+0000] {processor.py:830} INFO - Processing file /opt/airflow/dags/rss_scrap_dag.py for tasks to queue
[2025-06-29T08:33:23.989+0000] {logging_mixin.py:188} INFO - [2025-06-29T08:33:23.989+0000] {dagbag.py:538} INFO - Filling up the DagBag from /opt/airflow/dags/rss_scrap_dag.py
[2025-06-29T08:33:24.871+0000] {processor.py:840} INFO - DAG(s) 'news_ingestion_pipeline' retrieved from /opt/airflow/dags/rss_scrap_dag.py
[2025-06-29T08:33:24.902+0000] {logging_mixin.py:188} INFO - [2025-06-29T08:33:24.901+0000] {dag.py:3036} INFO - Sync 1 DAGs
[2025-06-29T08:33:24.913+0000] {logging_mixin.py:188} INFO - [2025-06-29T08:33:24.913+0000] {dag.py:3823} INFO - Setting next_dagrun for news_ingestion_pipeline to None, run_after=None
[2025-06-29T08:33:24.938+0000] {processor.py:183} INFO - Processing /opt/airflow/dags/rss_scrap_dag.py took 0.958 seconds
[2025-06-29T08:33:55.093+0000] {processor.py:161} INFO - Started process (PID=43) to work on /opt/airflow/dags/rss_scrap_dag.py
[2025-06-29T08:33:55.094+0000] {processor.py:830} INFO - Processing file /opt/airflow/dags/rss_scrap_dag.py for tasks to queue
[2025-06-29T08:33:55.096+0000] {logging_mixin.py:188} INFO - [2025-06-29T08:33:55.096+0000] {dagbag.py:538} INFO - Filling up the DagBag from /opt/airflow/dags/rss_scrap_dag.py
[2025-06-29T08:33:55.748+0000] {processor.py:840} INFO - DAG(s) 'news_ingestion_pipeline' retrieved from /opt/airflow/dags/rss_scrap_dag.py
[2025-06-29T08:33:55.758+0000] {logging_mixin.py:188} INFO - [2025-06-29T08:33:55.757+0000] {dag.py:3036} INFO - Sync 1 DAGs
[2025-06-29T08:33:55.766+0000] {logging_mixin.py:188} INFO - [2025-06-29T08:33:55.766+0000] {dag.py:3823} INFO - Setting next_dagrun for news_ingestion_pipeline to None, run_after=None
[2025-06-29T08:33:55.783+0000] {processor.py:183} INFO - Processing /opt/airflow/dags/rss_scrap_dag.py took 0.693 seconds
[2025-06-29T08:34:25.905+0000] {processor.py:161} INFO - Started process (PID=51) to work on /opt/airflow/dags/rss_scrap_dag.py
[2025-06-29T08:34:25.906+0000] {processor.py:830} INFO - Processing file /opt/airflow/dags/rss_scrap_dag.py for tasks to queue
[2025-06-29T08:34:25.908+0000] {logging_mixin.py:188} INFO - [2025-06-29T08:34:25.908+0000] {dagbag.py:538} INFO - Filling up the DagBag from /opt/airflow/dags/rss_scrap_dag.py
[2025-06-29T08:34:26.494+0000] {processor.py:840} INFO - DAG(s) 'news_ingestion_pipeline' retrieved from /opt/airflow/dags/rss_scrap_dag.py
[2025-06-29T08:34:26.574+0000] {logging_mixin.py:188} INFO - [2025-06-29T08:34:26.573+0000] {dag.py:3036} INFO - Sync 1 DAGs
[2025-06-29T08:34:26.581+0000] {logging_mixin.py:188} INFO - [2025-06-29T08:34:26.581+0000] {dag.py:3823} INFO - Setting next_dagrun for news_ingestion_pipeline to None, run_after=None
[2025-06-29T08:34:26.597+0000] {processor.py:183} INFO - Processing /opt/airflow/dags/rss_scrap_dag.py took 0.695 seconds
[2025-06-29T08:34:57.000+0000] {processor.py:161} INFO - Started process (PID=59) to work on /opt/airflow/dags/rss_scrap_dag.py
[2025-06-29T08:34:57.001+0000] {processor.py:830} INFO - Processing file /opt/airflow/dags/rss_scrap_dag.py for tasks to queue
[2025-06-29T08:34:57.003+0000] {logging_mixin.py:188} INFO - [2025-06-29T08:34:57.003+0000] {dagbag.py:538} INFO - Filling up the DagBag from /opt/airflow/dags/rss_scrap_dag.py
[2025-06-29T08:34:57.606+0000] {processor.py:840} INFO - DAG(s) 'news_ingestion_pipeline' retrieved from /opt/airflow/dags/rss_scrap_dag.py
[2025-06-29T08:34:57.628+0000] {logging_mixin.py:188} INFO - [2025-06-29T08:34:57.627+0000] {dag.py:3036} INFO - Sync 1 DAGs
[2025-06-29T08:34:57.639+0000] {logging_mixin.py:188} INFO - [2025-06-29T08:34:57.639+0000] {dag.py:3823} INFO - Setting next_dagrun for news_ingestion_pipeline to None, run_after=None
[2025-06-29T08:34:57.660+0000] {processor.py:183} INFO - Processing /opt/airflow/dags/rss_scrap_dag.py took 0.664 seconds
[2025-06-29T08:35:28.370+0000] {processor.py:161} INFO - Started process (PID=67) to work on /opt/airflow/dags/rss_scrap_dag.py
[2025-06-29T08:35:28.372+0000] {processor.py:830} INFO - Processing file /opt/airflow/dags/rss_scrap_dag.py for tasks to queue
[2025-06-29T08:35:28.373+0000] {logging_mixin.py:188} INFO - [2025-06-29T08:35:28.373+0000] {dagbag.py:538} INFO - Filling up the DagBag from /opt/airflow/dags/rss_scrap_dag.py
[2025-06-29T08:35:28.977+0000] {processor.py:840} INFO - DAG(s) 'news_ingestion_pipeline' retrieved from /opt/airflow/dags/rss_scrap_dag.py
[2025-06-29T08:35:28.996+0000] {logging_mixin.py:188} INFO - [2025-06-29T08:35:28.996+0000] {dag.py:3036} INFO - Sync 1 DAGs
[2025-06-29T08:35:29.004+0000] {logging_mixin.py:188} INFO - [2025-06-29T08:35:29.004+0000] {dag.py:3823} INFO - Setting next_dagrun for news_ingestion_pipeline to None, run_after=None
[2025-06-29T08:35:29.020+0000] {processor.py:183} INFO - Processing /opt/airflow/dags/rss_scrap_dag.py took 0.653 seconds
[2025-06-29T08:35:59.448+0000] {processor.py:161} INFO - Started process (PID=75) to work on /opt/airflow/dags/rss_scrap_dag.py
[2025-06-29T08:35:59.449+0000] {processor.py:830} INFO - Processing file /opt/airflow/dags/rss_scrap_dag.py for tasks to queue
[2025-06-29T08:35:59.451+0000] {logging_mixin.py:188} INFO - [2025-06-29T08:35:59.451+0000] {dagbag.py:538} INFO - Filling up the DagBag from /opt/airflow/dags/rss_scrap_dag.py
[2025-06-29T08:36:00.078+0000] {processor.py:840} INFO - DAG(s) 'news_ingestion_pipeline' retrieved from /opt/airflow/dags/rss_scrap_dag.py
[2025-06-29T08:36:00.097+0000] {logging_mixin.py:188} INFO - [2025-06-29T08:36:00.096+0000] {dag.py:3036} INFO - Sync 1 DAGs
[2025-06-29T08:36:00.105+0000] {logging_mixin.py:188} INFO - [2025-06-29T08:36:00.105+0000] {dag.py:3823} INFO - Setting next_dagrun for news_ingestion_pipeline to None, run_after=None
[2025-06-29T08:36:00.121+0000] {processor.py:183} INFO - Processing /opt/airflow/dags/rss_scrap_dag.py took 0.677 seconds
[2025-06-29T08:36:30.519+0000] {processor.py:161} INFO - Started process (PID=83) to work on /opt/airflow/dags/rss_scrap_dag.py
[2025-06-29T08:36:30.520+0000] {processor.py:830} INFO - Processing file /opt/airflow/dags/rss_scrap_dag.py for tasks to queue
[2025-06-29T08:36:30.522+0000] {logging_mixin.py:188} INFO - [2025-06-29T08:36:30.522+0000] {dagbag.py:538} INFO - Filling up the DagBag from /opt/airflow/dags/rss_scrap_dag.py
[2025-06-29T08:36:31.145+0000] {processor.py:840} INFO - DAG(s) 'news_ingestion_pipeline' retrieved from /opt/airflow/dags/rss_scrap_dag.py
[2025-06-29T08:36:31.164+0000] {logging_mixin.py:188} INFO - [2025-06-29T08:36:31.163+0000] {dag.py:3036} INFO - Sync 1 DAGs
[2025-06-29T08:36:31.172+0000] {logging_mixin.py:188} INFO - [2025-06-29T08:36:31.172+0000] {dag.py:3823} INFO - Setting next_dagrun for news_ingestion_pipeline to None, run_after=None
[2025-06-29T08:36:31.187+0000] {processor.py:183} INFO - Processing /opt/airflow/dags/rss_scrap_dag.py took 0.672 seconds
[2025-06-29T08:37:01.565+0000] {processor.py:161} INFO - Started process (PID=91) to work on /opt/airflow/dags/rss_scrap_dag.py
[2025-06-29T08:37:01.566+0000] {processor.py:830} INFO - Processing file /opt/airflow/dags/rss_scrap_dag.py for tasks to queue
[2025-06-29T08:37:01.568+0000] {logging_mixin.py:188} INFO - [2025-06-29T08:37:01.568+0000] {dagbag.py:538} INFO - Filling up the DagBag from /opt/airflow/dags/rss_scrap_dag.py
[2025-06-29T08:37:02.209+0000] {processor.py:840} INFO - DAG(s) 'news_ingestion_pipeline' retrieved from /opt/airflow/dags/rss_scrap_dag.py
[2025-06-29T08:37:02.228+0000] {logging_mixin.py:188} INFO - [2025-06-29T08:37:02.228+0000] {dag.py:3036} INFO - Sync 1 DAGs
[2025-06-29T08:37:02.236+0000] {logging_mixin.py:188} INFO - [2025-06-29T08:37:02.236+0000] {dag.py:3823} INFO - Setting next_dagrun for news_ingestion_pipeline to None, run_after=None
[2025-06-29T08:37:02.252+0000] {processor.py:183} INFO - Processing /opt/airflow/dags/rss_scrap_dag.py took 0.691 seconds
[2025-06-29T08:37:32.385+0000] {processor.py:161} INFO - Started process (PID=99) to work on /opt/airflow/dags/rss_scrap_dag.py
[2025-06-29T08:37:32.386+0000] {processor.py:830} INFO - Processing file /opt/airflow/dags/rss_scrap_dag.py for tasks to queue
[2025-06-29T08:37:32.388+0000] {logging_mixin.py:188} INFO - [2025-06-29T08:37:32.388+0000] {dagbag.py:538} INFO - Filling up the DagBag from /opt/airflow/dags/rss_scrap_dag.py
[2025-06-29T08:37:33.029+0000] {processor.py:840} INFO - DAG(s) 'news_ingestion_pipeline' retrieved from /opt/airflow/dags/rss_scrap_dag.py
[2025-06-29T08:37:33.054+0000] {logging_mixin.py:188} INFO - [2025-06-29T08:37:33.054+0000] {dag.py:3036} INFO - Sync 1 DAGs
[2025-06-29T08:37:33.064+0000] {logging_mixin.py:188} INFO - [2025-06-29T08:37:33.064+0000] {dag.py:3823} INFO - Setting next_dagrun for news_ingestion_pipeline to None, run_after=None
[2025-06-29T08:37:33.086+0000] {processor.py:183} INFO - Processing /opt/airflow/dags/rss_scrap_dag.py took 0.704 seconds
[2025-06-29T08:38:03.610+0000] {processor.py:161} INFO - Started process (PID=109) to work on /opt/airflow/dags/rss_scrap_dag.py
[2025-06-29T08:38:03.612+0000] {processor.py:830} INFO - Processing file /opt/airflow/dags/rss_scrap_dag.py for tasks to queue
[2025-06-29T08:38:03.614+0000] {logging_mixin.py:188} INFO - [2025-06-29T08:38:03.613+0000] {dagbag.py:538} INFO - Filling up the DagBag from /opt/airflow/dags/rss_scrap_dag.py
[2025-06-29T08:38:04.302+0000] {processor.py:840} INFO - DAG(s) 'news_ingestion_pipeline' retrieved from /opt/airflow/dags/rss_scrap_dag.py
[2025-06-29T08:38:04.326+0000] {logging_mixin.py:188} INFO - [2025-06-29T08:38:04.326+0000] {dag.py:3036} INFO - Sync 1 DAGs
[2025-06-29T08:38:04.337+0000] {logging_mixin.py:188} INFO - [2025-06-29T08:38:04.337+0000] {dag.py:3823} INFO - Setting next_dagrun for news_ingestion_pipeline to None, run_after=None
[2025-06-29T08:38:04.357+0000] {processor.py:183} INFO - Processing /opt/airflow/dags/rss_scrap_dag.py took 0.750 seconds
[2025-06-29T08:38:35.364+0000] {processor.py:161} INFO - Started process (PID=115) to work on /opt/airflow/dags/rss_scrap_dag.py
[2025-06-29T08:38:35.365+0000] {processor.py:830} INFO - Processing file /opt/airflow/dags/rss_scrap_dag.py for tasks to queue
[2025-06-29T08:38:35.367+0000] {logging_mixin.py:188} INFO - [2025-06-29T08:38:35.367+0000] {dagbag.py:538} INFO - Filling up the DagBag from /opt/airflow/dags/rss_scrap_dag.py
[2025-06-29T08:38:35.944+0000] {processor.py:840} INFO - DAG(s) 'news_ingestion_pipeline' retrieved from /opt/airflow/dags/rss_scrap_dag.py
[2025-06-29T08:38:35.962+0000] {logging_mixin.py:188} INFO - [2025-06-29T08:38:35.962+0000] {dag.py:3036} INFO - Sync 1 DAGs
[2025-06-29T08:38:35.971+0000] {logging_mixin.py:188} INFO - [2025-06-29T08:38:35.971+0000] {dag.py:3823} INFO - Setting next_dagrun for news_ingestion_pipeline to None, run_after=None
[2025-06-29T08:38:35.987+0000] {processor.py:183} INFO - Processing /opt/airflow/dags/rss_scrap_dag.py took 0.627 seconds
[2025-06-29T08:39:06.297+0000] {processor.py:161} INFO - Started process (PID=123) to work on /opt/airflow/dags/rss_scrap_dag.py
[2025-06-29T08:39:06.298+0000] {processor.py:830} INFO - Processing file /opt/airflow/dags/rss_scrap_dag.py for tasks to queue
[2025-06-29T08:39:06.301+0000] {logging_mixin.py:188} INFO - [2025-06-29T08:39:06.300+0000] {dagbag.py:538} INFO - Filling up the DagBag from /opt/airflow/dags/rss_scrap_dag.py
[2025-06-29T08:39:06.936+0000] {processor.py:840} INFO - DAG(s) 'news_ingestion_pipeline' retrieved from /opt/airflow/dags/rss_scrap_dag.py
[2025-06-29T08:39:06.954+0000] {logging_mixin.py:188} INFO - [2025-06-29T08:39:06.954+0000] {dag.py:3036} INFO - Sync 1 DAGs
[2025-06-29T08:39:06.962+0000] {logging_mixin.py:188} INFO - [2025-06-29T08:39:06.962+0000] {dag.py:3823} INFO - Setting next_dagrun for news_ingestion_pipeline to None, run_after=None
[2025-06-29T08:39:06.977+0000] {processor.py:183} INFO - Processing /opt/airflow/dags/rss_scrap_dag.py took 0.684 seconds
[2025-06-29T08:39:37.321+0000] {processor.py:161} INFO - Started process (PID=131) to work on /opt/airflow/dags/rss_scrap_dag.py
[2025-06-29T08:39:37.322+0000] {processor.py:830} INFO - Processing file /opt/airflow/dags/rss_scrap_dag.py for tasks to queue
[2025-06-29T08:39:37.324+0000] {logging_mixin.py:188} INFO - [2025-06-29T08:39:37.324+0000] {dagbag.py:538} INFO - Filling up the DagBag from /opt/airflow/dags/rss_scrap_dag.py
[2025-06-29T08:39:37.923+0000] {processor.py:840} INFO - DAG(s) 'news_ingestion_pipeline' retrieved from /opt/airflow/dags/rss_scrap_dag.py
[2025-06-29T08:39:37.942+0000] {logging_mixin.py:188} INFO - [2025-06-29T08:39:37.941+0000] {dag.py:3036} INFO - Sync 1 DAGs
[2025-06-29T08:39:37.950+0000] {logging_mixin.py:188} INFO - [2025-06-29T08:39:37.949+0000] {dag.py:3823} INFO - Setting next_dagrun for news_ingestion_pipeline to None, run_after=None
[2025-06-29T08:39:37.966+0000] {processor.py:183} INFO - Processing /opt/airflow/dags/rss_scrap_dag.py took 0.648 seconds
[2025-06-29T08:40:08.039+0000] {processor.py:161} INFO - Started process (PID=139) to work on /opt/airflow/dags/rss_scrap_dag.py
[2025-06-29T08:40:08.040+0000] {processor.py:830} INFO - Processing file /opt/airflow/dags/rss_scrap_dag.py for tasks to queue
[2025-06-29T08:40:08.042+0000] {logging_mixin.py:188} INFO - [2025-06-29T08:40:08.042+0000] {dagbag.py:538} INFO - Filling up the DagBag from /opt/airflow/dags/rss_scrap_dag.py
[2025-06-29T08:40:08.627+0000] {processor.py:840} INFO - DAG(s) 'news_ingestion_pipeline' retrieved from /opt/airflow/dags/rss_scrap_dag.py
[2025-06-29T08:40:08.646+0000] {logging_mixin.py:188} INFO - [2025-06-29T08:40:08.646+0000] {dag.py:3036} INFO - Sync 1 DAGs
[2025-06-29T08:40:08.656+0000] {logging_mixin.py:188} INFO - [2025-06-29T08:40:08.655+0000] {dag.py:3823} INFO - Setting next_dagrun for news_ingestion_pipeline to None, run_after=None
[2025-06-29T08:40:08.672+0000] {processor.py:183} INFO - Processing /opt/airflow/dags/rss_scrap_dag.py took 0.636 seconds
[2025-06-29T08:40:38.969+0000] {processor.py:161} INFO - Started process (PID=147) to work on /opt/airflow/dags/rss_scrap_dag.py
[2025-06-29T08:40:38.970+0000] {processor.py:830} INFO - Processing file /opt/airflow/dags/rss_scrap_dag.py for tasks to queue
[2025-06-29T08:40:38.972+0000] {logging_mixin.py:188} INFO - [2025-06-29T08:40:38.972+0000] {dagbag.py:538} INFO - Filling up the DagBag from /opt/airflow/dags/rss_scrap_dag.py
[2025-06-29T08:40:39.778+0000] {processor.py:840} INFO - DAG(s) 'news_ingestion_pipeline' retrieved from /opt/airflow/dags/rss_scrap_dag.py
[2025-06-29T08:40:39.806+0000] {logging_mixin.py:188} INFO - [2025-06-29T08:40:39.806+0000] {dag.py:3036} INFO - Sync 1 DAGs
[2025-06-29T08:40:39.821+0000] {logging_mixin.py:188} INFO - [2025-06-29T08:40:39.821+0000] {dag.py:3823} INFO - Setting next_dagrun for news_ingestion_pipeline to None, run_after=None
[2025-06-29T08:40:39.850+0000] {processor.py:183} INFO - Processing /opt/airflow/dags/rss_scrap_dag.py took 0.884 seconds
[2025-06-29T08:41:10.880+0000] {processor.py:161} INFO - Started process (PID=155) to work on /opt/airflow/dags/rss_scrap_dag.py
[2025-06-29T08:41:10.882+0000] {processor.py:830} INFO - Processing file /opt/airflow/dags/rss_scrap_dag.py for tasks to queue
[2025-06-29T08:41:10.884+0000] {logging_mixin.py:188} INFO - [2025-06-29T08:41:10.884+0000] {dagbag.py:538} INFO - Filling up the DagBag from /opt/airflow/dags/rss_scrap_dag.py
[2025-06-29T08:41:11.517+0000] {processor.py:840} INFO - DAG(s) 'news_ingestion_pipeline' retrieved from /opt/airflow/dags/rss_scrap_dag.py
[2025-06-29T08:41:11.537+0000] {logging_mixin.py:188} INFO - [2025-06-29T08:41:11.537+0000] {dag.py:3036} INFO - Sync 1 DAGs
[2025-06-29T08:41:11.546+0000] {logging_mixin.py:188} INFO - [2025-06-29T08:41:11.546+0000] {dag.py:3823} INFO - Setting next_dagrun for news_ingestion_pipeline to None, run_after=None
[2025-06-29T08:41:11.562+0000] {processor.py:183} INFO - Processing /opt/airflow/dags/rss_scrap_dag.py took 0.685 seconds
[2025-06-29T08:41:41.649+0000] {processor.py:161} INFO - Started process (PID=163) to work on /opt/airflow/dags/rss_scrap_dag.py
[2025-06-29T08:41:41.650+0000] {processor.py:830} INFO - Processing file /opt/airflow/dags/rss_scrap_dag.py for tasks to queue
[2025-06-29T08:41:41.652+0000] {logging_mixin.py:188} INFO - [2025-06-29T08:41:41.652+0000] {dagbag.py:538} INFO - Filling up the DagBag from /opt/airflow/dags/rss_scrap_dag.py
[2025-06-29T08:41:42.280+0000] {processor.py:840} INFO - DAG(s) 'news_ingestion_pipeline' retrieved from /opt/airflow/dags/rss_scrap_dag.py
[2025-06-29T08:41:42.303+0000] {logging_mixin.py:188} INFO - [2025-06-29T08:41:42.302+0000] {dag.py:3036} INFO - Sync 1 DAGs
[2025-06-29T08:41:42.311+0000] {logging_mixin.py:188} INFO - [2025-06-29T08:41:42.311+0000] {dag.py:3823} INFO - Setting next_dagrun for news_ingestion_pipeline to None, run_after=None
[2025-06-29T08:41:42.329+0000] {processor.py:183} INFO - Processing /opt/airflow/dags/rss_scrap_dag.py took 0.684 seconds
[2025-06-29T08:42:13.210+0000] {processor.py:161} INFO - Started process (PID=171) to work on /opt/airflow/dags/rss_scrap_dag.py
[2025-06-29T08:42:13.212+0000] {processor.py:830} INFO - Processing file /opt/airflow/dags/rss_scrap_dag.py for tasks to queue
[2025-06-29T08:42:13.214+0000] {logging_mixin.py:188} INFO - [2025-06-29T08:42:13.214+0000] {dagbag.py:538} INFO - Filling up the DagBag from /opt/airflow/dags/rss_scrap_dag.py
[2025-06-29T08:42:13.821+0000] {processor.py:840} INFO - DAG(s) 'news_ingestion_pipeline' retrieved from /opt/airflow/dags/rss_scrap_dag.py
[2025-06-29T08:42:13.841+0000] {logging_mixin.py:188} INFO - [2025-06-29T08:42:13.841+0000] {dag.py:3036} INFO - Sync 1 DAGs
[2025-06-29T08:42:13.851+0000] {logging_mixin.py:188} INFO - [2025-06-29T08:42:13.851+0000] {dag.py:3823} INFO - Setting next_dagrun for news_ingestion_pipeline to None, run_after=None
[2025-06-29T08:42:13.867+0000] {processor.py:183} INFO - Processing /opt/airflow/dags/rss_scrap_dag.py took 0.661 seconds
[2025-06-29T08:42:44.031+0000] {processor.py:161} INFO - Started process (PID=179) to work on /opt/airflow/dags/rss_scrap_dag.py
[2025-06-29T08:42:44.032+0000] {processor.py:830} INFO - Processing file /opt/airflow/dags/rss_scrap_dag.py for tasks to queue
[2025-06-29T08:42:44.034+0000] {logging_mixin.py:188} INFO - [2025-06-29T08:42:44.034+0000] {dagbag.py:538} INFO - Filling up the DagBag from /opt/airflow/dags/rss_scrap_dag.py
[2025-06-29T08:42:44.636+0000] {processor.py:840} INFO - DAG(s) 'news_ingestion_pipeline' retrieved from /opt/airflow/dags/rss_scrap_dag.py
[2025-06-29T08:42:44.656+0000] {logging_mixin.py:188} INFO - [2025-06-29T08:42:44.655+0000] {dag.py:3036} INFO - Sync 1 DAGs
[2025-06-29T08:42:44.664+0000] {logging_mixin.py:188} INFO - [2025-06-29T08:42:44.664+0000] {dag.py:3823} INFO - Setting next_dagrun for news_ingestion_pipeline to None, run_after=None
[2025-06-29T08:42:44.680+0000] {processor.py:183} INFO - Processing /opt/airflow/dags/rss_scrap_dag.py took 0.653 seconds
[2025-06-29T08:43:15.425+0000] {processor.py:161} INFO - Started process (PID=187) to work on /opt/airflow/dags/rss_scrap_dag.py
[2025-06-29T08:43:15.426+0000] {processor.py:830} INFO - Processing file /opt/airflow/dags/rss_scrap_dag.py for tasks to queue
[2025-06-29T08:43:15.429+0000] {logging_mixin.py:188} INFO - [2025-06-29T08:43:15.429+0000] {dagbag.py:538} INFO - Filling up the DagBag from /opt/airflow/dags/rss_scrap_dag.py
[2025-06-29T08:43:16.096+0000] {processor.py:840} INFO - DAG(s) 'news_ingestion_pipeline' retrieved from /opt/airflow/dags/rss_scrap_dag.py
[2025-06-29T08:43:16.119+0000] {logging_mixin.py:188} INFO - [2025-06-29T08:43:16.118+0000] {dag.py:3036} INFO - Sync 1 DAGs
[2025-06-29T08:43:16.129+0000] {logging_mixin.py:188} INFO - [2025-06-29T08:43:16.128+0000] {dag.py:3823} INFO - Setting next_dagrun for news_ingestion_pipeline to None, run_after=None
[2025-06-29T08:43:16.147+0000] {processor.py:183} INFO - Processing /opt/airflow/dags/rss_scrap_dag.py took 0.726 seconds
[2025-06-29T08:43:46.219+0000] {processor.py:161} INFO - Started process (PID=193) to work on /opt/airflow/dags/rss_scrap_dag.py
[2025-06-29T08:43:46.220+0000] {processor.py:830} INFO - Processing file /opt/airflow/dags/rss_scrap_dag.py for tasks to queue
[2025-06-29T08:43:46.222+0000] {logging_mixin.py:188} INFO - [2025-06-29T08:43:46.222+0000] {dagbag.py:538} INFO - Filling up the DagBag from /opt/airflow/dags/rss_scrap_dag.py
[2025-06-29T08:43:46.818+0000] {processor.py:840} INFO - DAG(s) 'news_ingestion_pipeline' retrieved from /opt/airflow/dags/rss_scrap_dag.py
[2025-06-29T08:43:46.837+0000] {logging_mixin.py:188} INFO - [2025-06-29T08:43:46.837+0000] {dag.py:3036} INFO - Sync 1 DAGs
[2025-06-29T08:43:46.846+0000] {logging_mixin.py:188} INFO - [2025-06-29T08:43:46.846+0000] {dag.py:3823} INFO - Setting next_dagrun for news_ingestion_pipeline to None, run_after=None
[2025-06-29T08:43:46.863+0000] {processor.py:183} INFO - Processing /opt/airflow/dags/rss_scrap_dag.py took 0.648 seconds
[2025-06-29T08:44:16.918+0000] {processor.py:161} INFO - Started process (PID=201) to work on /opt/airflow/dags/rss_scrap_dag.py
[2025-06-29T08:44:16.919+0000] {processor.py:830} INFO - Processing file /opt/airflow/dags/rss_scrap_dag.py for tasks to queue
[2025-06-29T08:44:16.922+0000] {logging_mixin.py:188} INFO - [2025-06-29T08:44:16.921+0000] {dagbag.py:538} INFO - Filling up the DagBag from /opt/airflow/dags/rss_scrap_dag.py
[2025-06-29T08:44:17.511+0000] {processor.py:840} INFO - DAG(s) 'news_ingestion_pipeline' retrieved from /opt/airflow/dags/rss_scrap_dag.py
[2025-06-29T08:44:17.530+0000] {logging_mixin.py:188} INFO - [2025-06-29T08:44:17.529+0000] {dag.py:3036} INFO - Sync 1 DAGs
[2025-06-29T08:44:17.539+0000] {logging_mixin.py:188} INFO - [2025-06-29T08:44:17.539+0000] {dag.py:3823} INFO - Setting next_dagrun for news_ingestion_pipeline to None, run_after=None
[2025-06-29T08:44:17.554+0000] {processor.py:183} INFO - Processing /opt/airflow/dags/rss_scrap_dag.py took 0.640 seconds
[2025-06-29T08:44:47.859+0000] {processor.py:161} INFO - Started process (PID=209) to work on /opt/airflow/dags/rss_scrap_dag.py
[2025-06-29T08:44:47.860+0000] {processor.py:830} INFO - Processing file /opt/airflow/dags/rss_scrap_dag.py for tasks to queue
[2025-06-29T08:44:47.862+0000] {logging_mixin.py:188} INFO - [2025-06-29T08:44:47.862+0000] {dagbag.py:538} INFO - Filling up the DagBag from /opt/airflow/dags/rss_scrap_dag.py
[2025-06-29T08:44:48.437+0000] {processor.py:840} INFO - DAG(s) 'news_ingestion_pipeline' retrieved from /opt/airflow/dags/rss_scrap_dag.py
[2025-06-29T08:44:48.456+0000] {logging_mixin.py:188} INFO - [2025-06-29T08:44:48.456+0000] {dag.py:3036} INFO - Sync 1 DAGs
[2025-06-29T08:44:48.465+0000] {logging_mixin.py:188} INFO - [2025-06-29T08:44:48.465+0000] {dag.py:3823} INFO - Setting next_dagrun for news_ingestion_pipeline to None, run_after=None
[2025-06-29T08:44:48.480+0000] {processor.py:183} INFO - Processing /opt/airflow/dags/rss_scrap_dag.py took 0.625 seconds
[2025-06-29T08:45:18.866+0000] {processor.py:161} INFO - Started process (PID=217) to work on /opt/airflow/dags/rss_scrap_dag.py
[2025-06-29T08:45:18.867+0000] {processor.py:830} INFO - Processing file /opt/airflow/dags/rss_scrap_dag.py for tasks to queue
[2025-06-29T08:45:18.869+0000] {logging_mixin.py:188} INFO - [2025-06-29T08:45:18.869+0000] {dagbag.py:538} INFO - Filling up the DagBag from /opt/airflow/dags/rss_scrap_dag.py
[2025-06-29T08:45:19.471+0000] {processor.py:840} INFO - DAG(s) 'news_ingestion_pipeline' retrieved from /opt/airflow/dags/rss_scrap_dag.py
[2025-06-29T08:45:19.492+0000] {logging_mixin.py:188} INFO - [2025-06-29T08:45:19.492+0000] {dag.py:3036} INFO - Sync 1 DAGs
[2025-06-29T08:45:19.508+0000] {logging_mixin.py:188} INFO - [2025-06-29T08:45:19.508+0000] {dag.py:3823} INFO - Setting next_dagrun for news_ingestion_pipeline to None, run_after=None
[2025-06-29T08:45:19.536+0000] {processor.py:183} INFO - Processing /opt/airflow/dags/rss_scrap_dag.py took 0.673 seconds
[2025-06-29T08:45:49.810+0000] {processor.py:161} INFO - Started process (PID=225) to work on /opt/airflow/dags/rss_scrap_dag.py
[2025-06-29T08:45:49.811+0000] {processor.py:830} INFO - Processing file /opt/airflow/dags/rss_scrap_dag.py for tasks to queue
[2025-06-29T08:45:49.813+0000] {logging_mixin.py:188} INFO - [2025-06-29T08:45:49.813+0000] {dagbag.py:538} INFO - Filling up the DagBag from /opt/airflow/dags/rss_scrap_dag.py
[2025-06-29T08:45:50.443+0000] {processor.py:840} INFO - DAG(s) 'news_ingestion_pipeline' retrieved from /opt/airflow/dags/rss_scrap_dag.py
[2025-06-29T08:45:50.462+0000] {logging_mixin.py:188} INFO - [2025-06-29T08:45:50.461+0000] {dag.py:3036} INFO - Sync 1 DAGs
[2025-06-29T08:45:50.471+0000] {logging_mixin.py:188} INFO - [2025-06-29T08:45:50.471+0000] {dag.py:3823} INFO - Setting next_dagrun for news_ingestion_pipeline to None, run_after=None
[2025-06-29T08:45:50.490+0000] {processor.py:183} INFO - Processing /opt/airflow/dags/rss_scrap_dag.py took 0.684 seconds
[2025-06-29T08:46:20.599+0000] {processor.py:161} INFO - Started process (PID=233) to work on /opt/airflow/dags/rss_scrap_dag.py
[2025-06-29T08:46:20.602+0000] {processor.py:830} INFO - Processing file /opt/airflow/dags/rss_scrap_dag.py for tasks to queue
[2025-06-29T08:46:20.605+0000] {logging_mixin.py:188} INFO - [2025-06-29T08:46:20.605+0000] {dagbag.py:538} INFO - Filling up the DagBag from /opt/airflow/dags/rss_scrap_dag.py
[2025-06-29T08:46:21.238+0000] {processor.py:840} INFO - DAG(s) 'news_ingestion_pipeline' retrieved from /opt/airflow/dags/rss_scrap_dag.py
[2025-06-29T08:46:21.260+0000] {logging_mixin.py:188} INFO - [2025-06-29T08:46:21.259+0000] {dag.py:3036} INFO - Sync 1 DAGs
[2025-06-29T08:46:21.269+0000] {logging_mixin.py:188} INFO - [2025-06-29T08:46:21.269+0000] {dag.py:3823} INFO - Setting next_dagrun for news_ingestion_pipeline to None, run_after=None
[2025-06-29T08:46:21.339+0000] {processor.py:183} INFO - Processing /opt/airflow/dags/rss_scrap_dag.py took 0.749 seconds
[2025-06-29T08:46:51.474+0000] {processor.py:161} INFO - Started process (PID=241) to work on /opt/airflow/dags/rss_scrap_dag.py
[2025-06-29T08:46:51.476+0000] {processor.py:830} INFO - Processing file /opt/airflow/dags/rss_scrap_dag.py for tasks to queue
[2025-06-29T08:46:51.477+0000] {logging_mixin.py:188} INFO - [2025-06-29T08:46:51.477+0000] {dagbag.py:538} INFO - Filling up the DagBag from /opt/airflow/dags/rss_scrap_dag.py
[2025-06-29T08:46:52.118+0000] {processor.py:840} INFO - DAG(s) 'news_ingestion_pipeline' retrieved from /opt/airflow/dags/rss_scrap_dag.py
[2025-06-29T08:46:52.137+0000] {logging_mixin.py:188} INFO - [2025-06-29T08:46:52.137+0000] {dag.py:3036} INFO - Sync 1 DAGs
[2025-06-29T08:46:52.148+0000] {logging_mixin.py:188} INFO - [2025-06-29T08:46:52.148+0000] {dag.py:3823} INFO - Setting next_dagrun for news_ingestion_pipeline to None, run_after=None
[2025-06-29T08:46:52.164+0000] {processor.py:183} INFO - Processing /opt/airflow/dags/rss_scrap_dag.py took 0.696 seconds
[2025-06-29T08:47:22.363+0000] {processor.py:161} INFO - Started process (PID=249) to work on /opt/airflow/dags/rss_scrap_dag.py
[2025-06-29T08:47:22.364+0000] {processor.py:830} INFO - Processing file /opt/airflow/dags/rss_scrap_dag.py for tasks to queue
[2025-06-29T08:47:22.367+0000] {logging_mixin.py:188} INFO - [2025-06-29T08:47:22.367+0000] {dagbag.py:538} INFO - Filling up the DagBag from /opt/airflow/dags/rss_scrap_dag.py
[2025-06-29T08:47:23.041+0000] {processor.py:840} INFO - DAG(s) 'news_ingestion_pipeline' retrieved from /opt/airflow/dags/rss_scrap_dag.py
[2025-06-29T08:47:23.066+0000] {logging_mixin.py:188} INFO - [2025-06-29T08:47:23.065+0000] {dag.py:3036} INFO - Sync 1 DAGs
[2025-06-29T08:47:23.075+0000] {logging_mixin.py:188} INFO - [2025-06-29T08:47:23.075+0000] {dag.py:3823} INFO - Setting next_dagrun for news_ingestion_pipeline to None, run_after=None
[2025-06-29T08:47:23.095+0000] {processor.py:183} INFO - Processing /opt/airflow/dags/rss_scrap_dag.py took 0.737 seconds
[2025-06-29T08:47:53.707+0000] {processor.py:161} INFO - Started process (PID=257) to work on /opt/airflow/dags/rss_scrap_dag.py
[2025-06-29T08:47:53.708+0000] {processor.py:830} INFO - Processing file /opt/airflow/dags/rss_scrap_dag.py for tasks to queue
[2025-06-29T08:47:53.710+0000] {logging_mixin.py:188} INFO - [2025-06-29T08:47:53.709+0000] {dagbag.py:538} INFO - Filling up the DagBag from /opt/airflow/dags/rss_scrap_dag.py
[2025-06-29T08:47:54.376+0000] {processor.py:840} INFO - DAG(s) 'news_ingestion_pipeline' retrieved from /opt/airflow/dags/rss_scrap_dag.py
[2025-06-29T08:47:54.401+0000] {logging_mixin.py:188} INFO - [2025-06-29T08:47:54.400+0000] {dag.py:3036} INFO - Sync 1 DAGs
[2025-06-29T08:47:54.409+0000] {logging_mixin.py:188} INFO - [2025-06-29T08:47:54.409+0000] {dag.py:3823} INFO - Setting next_dagrun for news_ingestion_pipeline to None, run_after=None
[2025-06-29T08:47:54.426+0000] {processor.py:183} INFO - Processing /opt/airflow/dags/rss_scrap_dag.py took 0.723 seconds
[2025-06-29T08:48:24.684+0000] {processor.py:161} INFO - Started process (PID=265) to work on /opt/airflow/dags/rss_scrap_dag.py
[2025-06-29T08:48:24.686+0000] {processor.py:830} INFO - Processing file /opt/airflow/dags/rss_scrap_dag.py for tasks to queue
[2025-06-29T08:48:24.688+0000] {logging_mixin.py:188} INFO - [2025-06-29T08:48:24.687+0000] {dagbag.py:538} INFO - Filling up the DagBag from /opt/airflow/dags/rss_scrap_dag.py
[2025-06-29T08:48:25.433+0000] {processor.py:840} INFO - DAG(s) 'news_ingestion_pipeline' retrieved from /opt/airflow/dags/rss_scrap_dag.py
[2025-06-29T08:48:25.456+0000] {logging_mixin.py:188} INFO - [2025-06-29T08:48:25.455+0000] {dag.py:3036} INFO - Sync 1 DAGs
[2025-06-29T08:48:25.466+0000] {logging_mixin.py:188} INFO - [2025-06-29T08:48:25.466+0000] {dag.py:3823} INFO - Setting next_dagrun for news_ingestion_pipeline to None, run_after=None
[2025-06-29T08:48:25.485+0000] {processor.py:183} INFO - Processing /opt/airflow/dags/rss_scrap_dag.py took 0.805 seconds
[2025-06-29T08:48:56.037+0000] {processor.py:161} INFO - Started process (PID=271) to work on /opt/airflow/dags/rss_scrap_dag.py
[2025-06-29T08:48:56.039+0000] {processor.py:830} INFO - Processing file /opt/airflow/dags/rss_scrap_dag.py for tasks to queue
[2025-06-29T08:48:56.043+0000] {logging_mixin.py:188} INFO - [2025-06-29T08:48:56.042+0000] {dagbag.py:538} INFO - Filling up the DagBag from /opt/airflow/dags/rss_scrap_dag.py
[2025-06-29T08:48:56.755+0000] {processor.py:840} INFO - DAG(s) 'news_ingestion_pipeline' retrieved from /opt/airflow/dags/rss_scrap_dag.py
[2025-06-29T08:48:56.779+0000] {logging_mixin.py:188} INFO - [2025-06-29T08:48:56.778+0000] {dag.py:3036} INFO - Sync 1 DAGs
[2025-06-29T08:48:56.787+0000] {logging_mixin.py:188} INFO - [2025-06-29T08:48:56.787+0000] {dag.py:3823} INFO - Setting next_dagrun for news_ingestion_pipeline to None, run_after=None
[2025-06-29T08:48:56.805+0000] {processor.py:183} INFO - Processing /opt/airflow/dags/rss_scrap_dag.py took 0.774 seconds
[2025-06-29T08:49:27.300+0000] {processor.py:161} INFO - Started process (PID=279) to work on /opt/airflow/dags/rss_scrap_dag.py
[2025-06-29T08:49:27.301+0000] {processor.py:830} INFO - Processing file /opt/airflow/dags/rss_scrap_dag.py for tasks to queue
[2025-06-29T08:49:27.303+0000] {logging_mixin.py:188} INFO - [2025-06-29T08:49:27.303+0000] {dagbag.py:538} INFO - Filling up the DagBag from /opt/airflow/dags/rss_scrap_dag.py
[2025-06-29T08:49:27.925+0000] {processor.py:840} INFO - DAG(s) 'news_ingestion_pipeline' retrieved from /opt/airflow/dags/rss_scrap_dag.py
[2025-06-29T08:49:27.945+0000] {logging_mixin.py:188} INFO - [2025-06-29T08:49:27.945+0000] {dag.py:3036} INFO - Sync 1 DAGs
[2025-06-29T08:49:27.954+0000] {logging_mixin.py:188} INFO - [2025-06-29T08:49:27.954+0000] {dag.py:3823} INFO - Setting next_dagrun for news_ingestion_pipeline to None, run_after=None
[2025-06-29T08:49:27.969+0000] {processor.py:183} INFO - Processing /opt/airflow/dags/rss_scrap_dag.py took 0.673 seconds
[2025-06-29T08:49:58.212+0000] {processor.py:161} INFO - Started process (PID=287) to work on /opt/airflow/dags/rss_scrap_dag.py
[2025-06-29T08:49:58.213+0000] {processor.py:830} INFO - Processing file /opt/airflow/dags/rss_scrap_dag.py for tasks to queue
[2025-06-29T08:49:58.216+0000] {logging_mixin.py:188} INFO - [2025-06-29T08:49:58.215+0000] {dagbag.py:538} INFO - Filling up the DagBag from /opt/airflow/dags/rss_scrap_dag.py
[2025-06-29T08:49:58.851+0000] {processor.py:840} INFO - DAG(s) 'news_ingestion_pipeline' retrieved from /opt/airflow/dags/rss_scrap_dag.py
[2025-06-29T08:49:58.873+0000] {logging_mixin.py:188} INFO - [2025-06-29T08:49:58.873+0000] {dag.py:3036} INFO - Sync 1 DAGs
[2025-06-29T08:49:58.883+0000] {logging_mixin.py:188} INFO - [2025-06-29T08:49:58.883+0000] {dag.py:3823} INFO - Setting next_dagrun for news_ingestion_pipeline to None, run_after=None
[2025-06-29T08:49:58.900+0000] {processor.py:183} INFO - Processing /opt/airflow/dags/rss_scrap_dag.py took 0.692 seconds
[2025-06-29T08:50:29.215+0000] {processor.py:161} INFO - Started process (PID=295) to work on /opt/airflow/dags/rss_scrap_dag.py
[2025-06-29T08:50:29.216+0000] {processor.py:830} INFO - Processing file /opt/airflow/dags/rss_scrap_dag.py for tasks to queue
[2025-06-29T08:50:29.218+0000] {logging_mixin.py:188} INFO - [2025-06-29T08:50:29.218+0000] {dagbag.py:538} INFO - Filling up the DagBag from /opt/airflow/dags/rss_scrap_dag.py
[2025-06-29T08:50:29.866+0000] {processor.py:840} INFO - DAG(s) 'news_ingestion_pipeline' retrieved from /opt/airflow/dags/rss_scrap_dag.py
[2025-06-29T08:50:29.885+0000] {logging_mixin.py:188} INFO - [2025-06-29T08:50:29.884+0000] {dag.py:3036} INFO - Sync 1 DAGs
[2025-06-29T08:50:29.895+0000] {logging_mixin.py:188} INFO - [2025-06-29T08:50:29.894+0000] {dag.py:3823} INFO - Setting next_dagrun for news_ingestion_pipeline to None, run_after=None
[2025-06-29T08:50:29.912+0000] {processor.py:183} INFO - Processing /opt/airflow/dags/rss_scrap_dag.py took 0.701 seconds
[2025-06-29T08:51:00.212+0000] {processor.py:161} INFO - Started process (PID=303) to work on /opt/airflow/dags/rss_scrap_dag.py
[2025-06-29T08:51:00.213+0000] {processor.py:830} INFO - Processing file /opt/airflow/dags/rss_scrap_dag.py for tasks to queue
[2025-06-29T08:51:00.215+0000] {logging_mixin.py:188} INFO - [2025-06-29T08:51:00.215+0000] {dagbag.py:538} INFO - Filling up the DagBag from /opt/airflow/dags/rss_scrap_dag.py
[2025-06-29T08:51:00.880+0000] {processor.py:840} INFO - DAG(s) 'news_ingestion_pipeline' retrieved from /opt/airflow/dags/rss_scrap_dag.py
[2025-06-29T08:51:00.903+0000] {logging_mixin.py:188} INFO - [2025-06-29T08:51:00.903+0000] {dag.py:3036} INFO - Sync 1 DAGs
[2025-06-29T08:51:00.912+0000] {logging_mixin.py:188} INFO - [2025-06-29T08:51:00.912+0000] {dag.py:3823} INFO - Setting next_dagrun for news_ingestion_pipeline to None, run_after=None
[2025-06-29T08:51:00.928+0000] {processor.py:183} INFO - Processing /opt/airflow/dags/rss_scrap_dag.py took 0.719 seconds
[2025-06-29T08:51:31.148+0000] {processor.py:161} INFO - Started process (PID=311) to work on /opt/airflow/dags/rss_scrap_dag.py
[2025-06-29T08:51:31.149+0000] {processor.py:830} INFO - Processing file /opt/airflow/dags/rss_scrap_dag.py for tasks to queue
[2025-06-29T08:51:31.151+0000] {logging_mixin.py:188} INFO - [2025-06-29T08:51:31.151+0000] {dagbag.py:538} INFO - Filling up the DagBag from /opt/airflow/dags/rss_scrap_dag.py
[2025-06-29T08:51:31.795+0000] {processor.py:840} INFO - DAG(s) 'news_ingestion_pipeline' retrieved from /opt/airflow/dags/rss_scrap_dag.py
[2025-06-29T08:51:31.813+0000] {logging_mixin.py:188} INFO - [2025-06-29T08:51:31.813+0000] {dag.py:3036} INFO - Sync 1 DAGs
[2025-06-29T08:51:31.823+0000] {logging_mixin.py:188} INFO - [2025-06-29T08:51:31.822+0000] {dag.py:3823} INFO - Setting next_dagrun for news_ingestion_pipeline to None, run_after=None
[2025-06-29T08:51:31.839+0000] {processor.py:183} INFO - Processing /opt/airflow/dags/rss_scrap_dag.py took 0.696 seconds
[2025-06-29T08:52:02.123+0000] {processor.py:161} INFO - Started process (PID=319) to work on /opt/airflow/dags/rss_scrap_dag.py
[2025-06-29T08:52:02.124+0000] {processor.py:830} INFO - Processing file /opt/airflow/dags/rss_scrap_dag.py for tasks to queue
[2025-06-29T08:52:02.126+0000] {logging_mixin.py:188} INFO - [2025-06-29T08:52:02.126+0000] {dagbag.py:538} INFO - Filling up the DagBag from /opt/airflow/dags/rss_scrap_dag.py
[2025-06-29T08:52:02.833+0000] {processor.py:840} INFO - DAG(s) 'news_ingestion_pipeline' retrieved from /opt/airflow/dags/rss_scrap_dag.py
[2025-06-29T08:52:02.851+0000] {logging_mixin.py:188} INFO - [2025-06-29T08:52:02.851+0000] {dag.py:3036} INFO - Sync 1 DAGs
[2025-06-29T08:52:02.859+0000] {logging_mixin.py:188} INFO - [2025-06-29T08:52:02.859+0000] {dag.py:3823} INFO - Setting next_dagrun for news_ingestion_pipeline to None, run_after=None
[2025-06-29T08:52:02.877+0000] {processor.py:183} INFO - Processing /opt/airflow/dags/rss_scrap_dag.py took 0.757 seconds
[2025-06-29T08:52:33.578+0000] {processor.py:161} INFO - Started process (PID=327) to work on /opt/airflow/dags/rss_scrap_dag.py
[2025-06-29T08:52:33.579+0000] {processor.py:830} INFO - Processing file /opt/airflow/dags/rss_scrap_dag.py for tasks to queue
[2025-06-29T08:52:33.581+0000] {logging_mixin.py:188} INFO - [2025-06-29T08:52:33.580+0000] {dagbag.py:538} INFO - Filling up the DagBag from /opt/airflow/dags/rss_scrap_dag.py
[2025-06-29T08:52:34.223+0000] {processor.py:840} INFO - DAG(s) 'news_ingestion_pipeline' retrieved from /opt/airflow/dags/rss_scrap_dag.py
[2025-06-29T08:52:34.243+0000] {logging_mixin.py:188} INFO - [2025-06-29T08:52:34.242+0000] {dag.py:3036} INFO - Sync 1 DAGs
[2025-06-29T08:52:34.252+0000] {logging_mixin.py:188} INFO - [2025-06-29T08:52:34.251+0000] {dag.py:3823} INFO - Setting next_dagrun for news_ingestion_pipeline to None, run_after=None
[2025-06-29T08:52:34.267+0000] {processor.py:183} INFO - Processing /opt/airflow/dags/rss_scrap_dag.py took 0.693 seconds
[2025-06-29T08:53:04.559+0000] {processor.py:161} INFO - Started process (PID=335) to work on /opt/airflow/dags/rss_scrap_dag.py
[2025-06-29T08:53:04.561+0000] {processor.py:830} INFO - Processing file /opt/airflow/dags/rss_scrap_dag.py for tasks to queue
[2025-06-29T08:53:04.564+0000] {logging_mixin.py:188} INFO - [2025-06-29T08:53:04.564+0000] {dagbag.py:538} INFO - Filling up the DagBag from /opt/airflow/dags/rss_scrap_dag.py
[2025-06-29T08:53:05.291+0000] {processor.py:840} INFO - DAG(s) 'news_ingestion_pipeline' retrieved from /opt/airflow/dags/rss_scrap_dag.py
[2025-06-29T08:53:05.311+0000] {logging_mixin.py:188} INFO - [2025-06-29T08:53:05.311+0000] {dag.py:3036} INFO - Sync 1 DAGs
[2025-06-29T08:53:05.320+0000] {logging_mixin.py:188} INFO - [2025-06-29T08:53:05.320+0000] {dag.py:3823} INFO - Setting next_dagrun for news_ingestion_pipeline to None, run_after=None
[2025-06-29T08:53:05.338+0000] {processor.py:183} INFO - Processing /opt/airflow/dags/rss_scrap_dag.py took 0.785 seconds
[2025-06-29T08:53:35.387+0000] {processor.py:161} INFO - Started process (PID=341) to work on /opt/airflow/dags/rss_scrap_dag.py
[2025-06-29T08:53:35.389+0000] {processor.py:830} INFO - Processing file /opt/airflow/dags/rss_scrap_dag.py for tasks to queue
[2025-06-29T08:53:35.391+0000] {logging_mixin.py:188} INFO - [2025-06-29T08:53:35.391+0000] {dagbag.py:538} INFO - Filling up the DagBag from /opt/airflow/dags/rss_scrap_dag.py
[2025-06-29T08:53:36.042+0000] {processor.py:840} INFO - DAG(s) 'news_ingestion_pipeline' retrieved from /opt/airflow/dags/rss_scrap_dag.py
[2025-06-29T08:53:36.063+0000] {logging_mixin.py:188} INFO - [2025-06-29T08:53:36.063+0000] {dag.py:3036} INFO - Sync 1 DAGs
[2025-06-29T08:53:36.072+0000] {logging_mixin.py:188} INFO - [2025-06-29T08:53:36.072+0000] {dag.py:3823} INFO - Setting next_dagrun for news_ingestion_pipeline to None, run_after=None
[2025-06-29T08:53:36.088+0000] {processor.py:183} INFO - Processing /opt/airflow/dags/rss_scrap_dag.py took 0.705 seconds
[2025-06-29T08:54:06.394+0000] {processor.py:161} INFO - Started process (PID=349) to work on /opt/airflow/dags/rss_scrap_dag.py
[2025-06-29T08:54:06.395+0000] {processor.py:830} INFO - Processing file /opt/airflow/dags/rss_scrap_dag.py for tasks to queue
[2025-06-29T08:54:06.397+0000] {logging_mixin.py:188} INFO - [2025-06-29T08:54:06.397+0000] {dagbag.py:538} INFO - Filling up the DagBag from /opt/airflow/dags/rss_scrap_dag.py
[2025-06-29T08:54:07.009+0000] {processor.py:840} INFO - DAG(s) 'news_ingestion_pipeline' retrieved from /opt/airflow/dags/rss_scrap_dag.py
[2025-06-29T08:54:07.029+0000] {logging_mixin.py:188} INFO - [2025-06-29T08:54:07.028+0000] {dag.py:3036} INFO - Sync 1 DAGs
[2025-06-29T08:54:07.038+0000] {logging_mixin.py:188} INFO - [2025-06-29T08:54:07.037+0000] {dag.py:3823} INFO - Setting next_dagrun for news_ingestion_pipeline to None, run_after=None
[2025-06-29T08:54:07.054+0000] {processor.py:183} INFO - Processing /opt/airflow/dags/rss_scrap_dag.py took 0.664 seconds
[2025-06-29T08:54:37.328+0000] {processor.py:161} INFO - Started process (PID=357) to work on /opt/airflow/dags/rss_scrap_dag.py
[2025-06-29T08:54:37.329+0000] {processor.py:830} INFO - Processing file /opt/airflow/dags/rss_scrap_dag.py for tasks to queue
[2025-06-29T08:54:37.331+0000] {logging_mixin.py:188} INFO - [2025-06-29T08:54:37.331+0000] {dagbag.py:538} INFO - Filling up the DagBag from /opt/airflow/dags/rss_scrap_dag.py
[2025-06-29T08:54:37.931+0000] {processor.py:840} INFO - DAG(s) 'news_ingestion_pipeline' retrieved from /opt/airflow/dags/rss_scrap_dag.py
[2025-06-29T08:54:37.951+0000] {logging_mixin.py:188} INFO - [2025-06-29T08:54:37.951+0000] {dag.py:3036} INFO - Sync 1 DAGs
[2025-06-29T08:54:37.960+0000] {logging_mixin.py:188} INFO - [2025-06-29T08:54:37.960+0000] {dag.py:3823} INFO - Setting next_dagrun for news_ingestion_pipeline to None, run_after=None
[2025-06-29T08:54:37.977+0000] {processor.py:183} INFO - Processing /opt/airflow/dags/rss_scrap_dag.py took 0.653 seconds
[2025-06-29T08:55:08.422+0000] {processor.py:161} INFO - Started process (PID=365) to work on /opt/airflow/dags/rss_scrap_dag.py
[2025-06-29T08:55:08.424+0000] {processor.py:830} INFO - Processing file /opt/airflow/dags/rss_scrap_dag.py for tasks to queue
[2025-06-29T08:55:08.426+0000] {logging_mixin.py:188} INFO - [2025-06-29T08:55:08.425+0000] {dagbag.py:538} INFO - Filling up the DagBag from /opt/airflow/dags/rss_scrap_dag.py
[2025-06-29T08:55:09.242+0000] {processor.py:840} INFO - DAG(s) 'news_ingestion_pipeline' retrieved from /opt/airflow/dags/rss_scrap_dag.py
[2025-06-29T08:55:09.260+0000] {logging_mixin.py:188} INFO - [2025-06-29T08:55:09.260+0000] {dag.py:3036} INFO - Sync 1 DAGs
[2025-06-29T08:55:09.268+0000] {logging_mixin.py:188} INFO - [2025-06-29T08:55:09.268+0000] {dag.py:3823} INFO - Setting next_dagrun for news_ingestion_pipeline to None, run_after=None
[2025-06-29T08:55:09.310+0000] {processor.py:183} INFO - Processing /opt/airflow/dags/rss_scrap_dag.py took 0.891 seconds
[2025-06-29T08:55:39.362+0000] {processor.py:161} INFO - Started process (PID=373) to work on /opt/airflow/dags/rss_scrap_dag.py
[2025-06-29T08:55:39.363+0000] {processor.py:830} INFO - Processing file /opt/airflow/dags/rss_scrap_dag.py for tasks to queue
[2025-06-29T08:55:39.365+0000] {logging_mixin.py:188} INFO - [2025-06-29T08:55:39.365+0000] {dagbag.py:538} INFO - Filling up the DagBag from /opt/airflow/dags/rss_scrap_dag.py
[2025-06-29T08:55:39.951+0000] {processor.py:840} INFO - DAG(s) 'news_ingestion_pipeline' retrieved from /opt/airflow/dags/rss_scrap_dag.py
[2025-06-29T08:55:39.969+0000] {logging_mixin.py:188} INFO - [2025-06-29T08:55:39.968+0000] {dag.py:3036} INFO - Sync 1 DAGs
[2025-06-29T08:55:39.977+0000] {logging_mixin.py:188} INFO - [2025-06-29T08:55:39.977+0000] {dag.py:3823} INFO - Setting next_dagrun for news_ingestion_pipeline to None, run_after=None
[2025-06-29T08:55:39.992+0000] {processor.py:183} INFO - Processing /opt/airflow/dags/rss_scrap_dag.py took 0.635 seconds
[2025-06-29T08:56:10.128+0000] {processor.py:161} INFO - Started process (PID=381) to work on /opt/airflow/dags/rss_scrap_dag.py
[2025-06-29T08:56:10.129+0000] {processor.py:830} INFO - Processing file /opt/airflow/dags/rss_scrap_dag.py for tasks to queue
[2025-06-29T08:56:10.131+0000] {logging_mixin.py:188} INFO - [2025-06-29T08:56:10.131+0000] {dagbag.py:538} INFO - Filling up the DagBag from /opt/airflow/dags/rss_scrap_dag.py
[2025-06-29T08:56:10.717+0000] {processor.py:840} INFO - DAG(s) 'news_ingestion_pipeline' retrieved from /opt/airflow/dags/rss_scrap_dag.py
[2025-06-29T08:56:10.735+0000] {logging_mixin.py:188} INFO - [2025-06-29T08:56:10.735+0000] {dag.py:3036} INFO - Sync 1 DAGs
[2025-06-29T08:56:10.743+0000] {logging_mixin.py:188} INFO - [2025-06-29T08:56:10.743+0000] {dag.py:3823} INFO - Setting next_dagrun for news_ingestion_pipeline to None, run_after=None
[2025-06-29T08:56:10.758+0000] {processor.py:183} INFO - Processing /opt/airflow/dags/rss_scrap_dag.py took 0.633 seconds
[2025-06-29T08:56:40.827+0000] {processor.py:161} INFO - Started process (PID=389) to work on /opt/airflow/dags/rss_scrap_dag.py
[2025-06-29T08:56:40.829+0000] {processor.py:830} INFO - Processing file /opt/airflow/dags/rss_scrap_dag.py for tasks to queue
[2025-06-29T08:56:40.831+0000] {logging_mixin.py:188} INFO - [2025-06-29T08:56:40.831+0000] {dagbag.py:538} INFO - Filling up the DagBag from /opt/airflow/dags/rss_scrap_dag.py
[2025-06-29T08:56:41.431+0000] {processor.py:840} INFO - DAG(s) 'news_ingestion_pipeline' retrieved from /opt/airflow/dags/rss_scrap_dag.py
[2025-06-29T08:56:41.450+0000] {logging_mixin.py:188} INFO - [2025-06-29T08:56:41.450+0000] {dag.py:3036} INFO - Sync 1 DAGs
[2025-06-29T08:56:41.460+0000] {logging_mixin.py:188} INFO - [2025-06-29T08:56:41.459+0000] {dag.py:3823} INFO - Setting next_dagrun for news_ingestion_pipeline to None, run_after=None
[2025-06-29T08:56:41.475+0000] {processor.py:183} INFO - Processing /opt/airflow/dags/rss_scrap_dag.py took 0.653 seconds
[2025-06-29T08:57:11.662+0000] {processor.py:161} INFO - Started process (PID=397) to work on /opt/airflow/dags/rss_scrap_dag.py
[2025-06-29T08:57:11.664+0000] {processor.py:830} INFO - Processing file /opt/airflow/dags/rss_scrap_dag.py for tasks to queue
[2025-06-29T08:57:11.665+0000] {logging_mixin.py:188} INFO - [2025-06-29T08:57:11.665+0000] {dagbag.py:538} INFO - Filling up the DagBag from /opt/airflow/dags/rss_scrap_dag.py
[2025-06-29T08:57:12.248+0000] {processor.py:840} INFO - DAG(s) 'news_ingestion_pipeline' retrieved from /opt/airflow/dags/rss_scrap_dag.py
[2025-06-29T08:57:12.266+0000] {logging_mixin.py:188} INFO - [2025-06-29T08:57:12.266+0000] {dag.py:3036} INFO - Sync 1 DAGs
[2025-06-29T08:57:12.274+0000] {logging_mixin.py:188} INFO - [2025-06-29T08:57:12.274+0000] {dag.py:3823} INFO - Setting next_dagrun for news_ingestion_pipeline to None, run_after=None
[2025-06-29T08:57:12.290+0000] {processor.py:183} INFO - Processing /opt/airflow/dags/rss_scrap_dag.py took 0.631 seconds
[2025-06-29T08:57:42.817+0000] {processor.py:161} INFO - Started process (PID=405) to work on /opt/airflow/dags/rss_scrap_dag.py
[2025-06-29T08:57:42.818+0000] {processor.py:830} INFO - Processing file /opt/airflow/dags/rss_scrap_dag.py for tasks to queue
[2025-06-29T08:57:42.820+0000] {logging_mixin.py:188} INFO - [2025-06-29T08:57:42.820+0000] {dagbag.py:538} INFO - Filling up the DagBag from /opt/airflow/dags/rss_scrap_dag.py
[2025-06-29T08:57:43.402+0000] {processor.py:840} INFO - DAG(s) 'news_ingestion_pipeline' retrieved from /opt/airflow/dags/rss_scrap_dag.py
[2025-06-29T08:57:43.421+0000] {logging_mixin.py:188} INFO - [2025-06-29T08:57:43.421+0000] {dag.py:3036} INFO - Sync 1 DAGs
[2025-06-29T08:57:43.429+0000] {logging_mixin.py:188} INFO - [2025-06-29T08:57:43.429+0000] {dag.py:3823} INFO - Setting next_dagrun for news_ingestion_pipeline to None, run_after=None
[2025-06-29T08:57:43.445+0000] {processor.py:183} INFO - Processing /opt/airflow/dags/rss_scrap_dag.py took 0.631 seconds
[2025-06-29T08:58:13.882+0000] {processor.py:161} INFO - Started process (PID=413) to work on /opt/airflow/dags/rss_scrap_dag.py
[2025-06-29T08:58:13.883+0000] {processor.py:830} INFO - Processing file /opt/airflow/dags/rss_scrap_dag.py for tasks to queue
[2025-06-29T08:58:13.893+0000] {logging_mixin.py:188} INFO - [2025-06-29T08:58:13.892+0000] {dagbag.py:538} INFO - Filling up the DagBag from /opt/airflow/dags/rss_scrap_dag.py
[2025-06-29T08:58:14.716+0000] {processor.py:840} INFO - DAG(s) 'news_ingestion_pipeline' retrieved from /opt/airflow/dags/rss_scrap_dag.py
[2025-06-29T08:58:14.737+0000] {logging_mixin.py:188} INFO - [2025-06-29T08:58:14.736+0000] {dag.py:3036} INFO - Sync 1 DAGs
[2025-06-29T08:58:14.746+0000] {logging_mixin.py:188} INFO - [2025-06-29T08:58:14.746+0000] {dag.py:3823} INFO - Setting next_dagrun for news_ingestion_pipeline to None, run_after=None
[2025-06-29T08:58:14.812+0000] {processor.py:183} INFO - Processing /opt/airflow/dags/rss_scrap_dag.py took 0.935 seconds
[2025-06-29T08:58:45.781+0000] {processor.py:161} INFO - Started process (PID=419) to work on /opt/airflow/dags/rss_scrap_dag.py
[2025-06-29T08:58:45.782+0000] {processor.py:830} INFO - Processing file /opt/airflow/dags/rss_scrap_dag.py for tasks to queue
[2025-06-29T08:58:45.785+0000] {logging_mixin.py:188} INFO - [2025-06-29T08:58:45.784+0000] {dagbag.py:538} INFO - Filling up the DagBag from /opt/airflow/dags/rss_scrap_dag.py
[2025-06-29T08:58:46.419+0000] {processor.py:840} INFO - DAG(s) 'news_ingestion_pipeline' retrieved from /opt/airflow/dags/rss_scrap_dag.py
[2025-06-29T08:58:46.439+0000] {logging_mixin.py:188} INFO - [2025-06-29T08:58:46.439+0000] {dag.py:3036} INFO - Sync 1 DAGs
[2025-06-29T08:58:46.449+0000] {logging_mixin.py:188} INFO - [2025-06-29T08:58:46.449+0000] {dag.py:3823} INFO - Setting next_dagrun for news_ingestion_pipeline to None, run_after=None
[2025-06-29T08:58:46.467+0000] {processor.py:183} INFO - Processing /opt/airflow/dags/rss_scrap_dag.py took 0.690 seconds
[2025-06-29T08:59:16.683+0000] {processor.py:161} INFO - Started process (PID=427) to work on /opt/airflow/dags/rss_scrap_dag.py
[2025-06-29T08:59:16.684+0000] {processor.py:830} INFO - Processing file /opt/airflow/dags/rss_scrap_dag.py for tasks to queue
[2025-06-29T08:59:16.686+0000] {logging_mixin.py:188} INFO - [2025-06-29T08:59:16.686+0000] {dagbag.py:538} INFO - Filling up the DagBag from /opt/airflow/dags/rss_scrap_dag.py
[2025-06-29T08:59:17.312+0000] {processor.py:840} INFO - DAG(s) 'news_ingestion_pipeline' retrieved from /opt/airflow/dags/rss_scrap_dag.py
[2025-06-29T08:59:17.332+0000] {logging_mixin.py:188} INFO - [2025-06-29T08:59:17.332+0000] {dag.py:3036} INFO - Sync 1 DAGs
[2025-06-29T08:59:17.342+0000] {logging_mixin.py:188} INFO - [2025-06-29T08:59:17.341+0000] {dag.py:3823} INFO - Setting next_dagrun for news_ingestion_pipeline to None, run_after=None
[2025-06-29T08:59:17.360+0000] {processor.py:183} INFO - Processing /opt/airflow/dags/rss_scrap_dag.py took 0.680 seconds
[2025-06-29T08:59:47.435+0000] {processor.py:161} INFO - Started process (PID=435) to work on /opt/airflow/dags/rss_scrap_dag.py
[2025-06-29T08:59:47.436+0000] {processor.py:830} INFO - Processing file /opt/airflow/dags/rss_scrap_dag.py for tasks to queue
[2025-06-29T08:59:47.438+0000] {logging_mixin.py:188} INFO - [2025-06-29T08:59:47.438+0000] {dagbag.py:538} INFO - Filling up the DagBag from /opt/airflow/dags/rss_scrap_dag.py
[2025-06-29T08:59:48.045+0000] {processor.py:840} INFO - DAG(s) 'news_ingestion_pipeline' retrieved from /opt/airflow/dags/rss_scrap_dag.py
[2025-06-29T08:59:48.063+0000] {logging_mixin.py:188} INFO - [2025-06-29T08:59:48.063+0000] {dag.py:3036} INFO - Sync 1 DAGs
[2025-06-29T08:59:48.072+0000] {logging_mixin.py:188} INFO - [2025-06-29T08:59:48.072+0000] {dag.py:3823} INFO - Setting next_dagrun for news_ingestion_pipeline to None, run_after=None
[2025-06-29T08:59:48.088+0000] {processor.py:183} INFO - Processing /opt/airflow/dags/rss_scrap_dag.py took 0.657 seconds
[2025-06-29T09:00:18.469+0000] {processor.py:161} INFO - Started process (PID=443) to work on /opt/airflow/dags/rss_scrap_dag.py
[2025-06-29T09:00:18.471+0000] {processor.py:830} INFO - Processing file /opt/airflow/dags/rss_scrap_dag.py for tasks to queue
[2025-06-29T09:00:18.473+0000] {logging_mixin.py:188} INFO - [2025-06-29T09:00:18.472+0000] {dagbag.py:538} INFO - Filling up the DagBag from /opt/airflow/dags/rss_scrap_dag.py
[2025-06-29T09:00:19.079+0000] {processor.py:840} INFO - DAG(s) 'news_ingestion_pipeline' retrieved from /opt/airflow/dags/rss_scrap_dag.py
[2025-06-29T09:00:19.099+0000] {logging_mixin.py:188} INFO - [2025-06-29T09:00:19.098+0000] {dag.py:3036} INFO - Sync 1 DAGs
[2025-06-29T09:00:19.108+0000] {logging_mixin.py:188} INFO - [2025-06-29T09:00:19.107+0000] {dag.py:3823} INFO - Setting next_dagrun for news_ingestion_pipeline to None, run_after=None
[2025-06-29T09:00:19.124+0000] {processor.py:183} INFO - Processing /opt/airflow/dags/rss_scrap_dag.py took 0.658 seconds
[2025-06-29T09:00:49.485+0000] {processor.py:161} INFO - Started process (PID=451) to work on /opt/airflow/dags/rss_scrap_dag.py
[2025-06-29T09:00:49.487+0000] {processor.py:830} INFO - Processing file /opt/airflow/dags/rss_scrap_dag.py for tasks to queue
[2025-06-29T09:00:49.490+0000] {logging_mixin.py:188} INFO - [2025-06-29T09:00:49.489+0000] {dagbag.py:538} INFO - Filling up the DagBag from /opt/airflow/dags/rss_scrap_dag.py
[2025-06-29T09:00:50.144+0000] {processor.py:840} INFO - DAG(s) 'news_ingestion_pipeline' retrieved from /opt/airflow/dags/rss_scrap_dag.py
[2025-06-29T09:00:50.164+0000] {logging_mixin.py:188} INFO - [2025-06-29T09:00:50.164+0000] {dag.py:3036} INFO - Sync 1 DAGs
[2025-06-29T09:00:50.174+0000] {logging_mixin.py:188} INFO - [2025-06-29T09:00:50.174+0000] {dag.py:3823} INFO - Setting next_dagrun for news_ingestion_pipeline to None, run_after=None
[2025-06-29T09:00:50.192+0000] {processor.py:183} INFO - Processing /opt/airflow/dags/rss_scrap_dag.py took 0.711 seconds
[2025-06-29T09:01:20.535+0000] {processor.py:161} INFO - Started process (PID=459) to work on /opt/airflow/dags/rss_scrap_dag.py
[2025-06-29T09:01:20.537+0000] {processor.py:830} INFO - Processing file /opt/airflow/dags/rss_scrap_dag.py for tasks to queue
[2025-06-29T09:01:20.539+0000] {logging_mixin.py:188} INFO - [2025-06-29T09:01:20.538+0000] {dagbag.py:538} INFO - Filling up the DagBag from /opt/airflow/dags/rss_scrap_dag.py
[2025-06-29T09:01:21.157+0000] {processor.py:840} INFO - DAG(s) 'news_ingestion_pipeline' retrieved from /opt/airflow/dags/rss_scrap_dag.py
[2025-06-29T09:01:21.176+0000] {logging_mixin.py:188} INFO - [2025-06-29T09:01:21.175+0000] {dag.py:3036} INFO - Sync 1 DAGs
[2025-06-29T09:01:21.184+0000] {logging_mixin.py:188} INFO - [2025-06-29T09:01:21.184+0000] {dag.py:3823} INFO - Setting next_dagrun for news_ingestion_pipeline to None, run_after=None
[2025-06-29T09:01:21.203+0000] {processor.py:183} INFO - Processing /opt/airflow/dags/rss_scrap_dag.py took 0.671 seconds
[2025-06-29T09:01:51.741+0000] {processor.py:161} INFO - Started process (PID=467) to work on /opt/airflow/dags/rss_scrap_dag.py
[2025-06-29T09:01:51.743+0000] {processor.py:830} INFO - Processing file /opt/airflow/dags/rss_scrap_dag.py for tasks to queue
[2025-06-29T09:01:51.745+0000] {logging_mixin.py:188} INFO - [2025-06-29T09:01:51.745+0000] {dagbag.py:538} INFO - Filling up the DagBag from /opt/airflow/dags/rss_scrap_dag.py
[2025-06-29T09:01:52.348+0000] {processor.py:840} INFO - DAG(s) 'news_ingestion_pipeline' retrieved from /opt/airflow/dags/rss_scrap_dag.py
[2025-06-29T09:01:52.366+0000] {logging_mixin.py:188} INFO - [2025-06-29T09:01:52.366+0000] {dag.py:3036} INFO - Sync 1 DAGs
[2025-06-29T09:01:52.374+0000] {logging_mixin.py:188} INFO - [2025-06-29T09:01:52.374+0000] {dag.py:3823} INFO - Setting next_dagrun for news_ingestion_pipeline to None, run_after=None
[2025-06-29T09:01:52.389+0000] {processor.py:183} INFO - Processing /opt/airflow/dags/rss_scrap_dag.py took 0.651 seconds
[2025-06-29T09:02:22.609+0000] {processor.py:161} INFO - Started process (PID=475) to work on /opt/airflow/dags/rss_scrap_dag.py
[2025-06-29T09:02:22.610+0000] {processor.py:830} INFO - Processing file /opt/airflow/dags/rss_scrap_dag.py for tasks to queue
[2025-06-29T09:02:22.612+0000] {logging_mixin.py:188} INFO - [2025-06-29T09:02:22.612+0000] {dagbag.py:538} INFO - Filling up the DagBag from /opt/airflow/dags/rss_scrap_dag.py
[2025-06-29T09:02:23.198+0000] {processor.py:840} INFO - DAG(s) 'news_ingestion_pipeline' retrieved from /opt/airflow/dags/rss_scrap_dag.py
[2025-06-29T09:02:23.216+0000] {logging_mixin.py:188} INFO - [2025-06-29T09:02:23.216+0000] {dag.py:3036} INFO - Sync 1 DAGs
[2025-06-29T09:02:23.225+0000] {logging_mixin.py:188} INFO - [2025-06-29T09:02:23.224+0000] {dag.py:3823} INFO - Setting next_dagrun for news_ingestion_pipeline to None, run_after=None
[2025-06-29T09:02:23.240+0000] {processor.py:183} INFO - Processing /opt/airflow/dags/rss_scrap_dag.py took 0.635 seconds
[2025-06-29T09:02:53.598+0000] {processor.py:161} INFO - Started process (PID=483) to work on /opt/airflow/dags/rss_scrap_dag.py
[2025-06-29T09:02:53.599+0000] {processor.py:830} INFO - Processing file /opt/airflow/dags/rss_scrap_dag.py for tasks to queue
[2025-06-29T09:02:53.602+0000] {logging_mixin.py:188} INFO - [2025-06-29T09:02:53.601+0000] {dagbag.py:538} INFO - Filling up the DagBag from /opt/airflow/dags/rss_scrap_dag.py
[2025-06-29T09:02:54.223+0000] {processor.py:840} INFO - DAG(s) 'news_ingestion_pipeline' retrieved from /opt/airflow/dags/rss_scrap_dag.py
[2025-06-29T09:02:54.242+0000] {logging_mixin.py:188} INFO - [2025-06-29T09:02:54.242+0000] {dag.py:3036} INFO - Sync 1 DAGs
[2025-06-29T09:02:54.252+0000] {logging_mixin.py:188} INFO - [2025-06-29T09:02:54.251+0000] {dag.py:3823} INFO - Setting next_dagrun for news_ingestion_pipeline to None, run_after=None
[2025-06-29T09:02:54.267+0000] {processor.py:183} INFO - Processing /opt/airflow/dags/rss_scrap_dag.py took 0.673 seconds
[2025-06-29T09:03:24.632+0000] {processor.py:161} INFO - Started process (PID=491) to work on /opt/airflow/dags/rss_scrap_dag.py
[2025-06-29T09:03:24.634+0000] {processor.py:830} INFO - Processing file /opt/airflow/dags/rss_scrap_dag.py for tasks to queue
[2025-06-29T09:03:24.636+0000] {logging_mixin.py:188} INFO - [2025-06-29T09:03:24.636+0000] {dagbag.py:538} INFO - Filling up the DagBag from /opt/airflow/dags/rss_scrap_dag.py
[2025-06-29T09:03:25.338+0000] {processor.py:840} INFO - DAG(s) 'news_ingestion_pipeline' retrieved from /opt/airflow/dags/rss_scrap_dag.py
[2025-06-29T09:03:25.358+0000] {logging_mixin.py:188} INFO - [2025-06-29T09:03:25.358+0000] {dag.py:3036} INFO - Sync 1 DAGs
[2025-06-29T09:03:25.368+0000] {logging_mixin.py:188} INFO - [2025-06-29T09:03:25.367+0000] {dag.py:3823} INFO - Setting next_dagrun for news_ingestion_pipeline to None, run_after=None
[2025-06-29T09:03:25.386+0000] {processor.py:183} INFO - Processing /opt/airflow/dags/rss_scrap_dag.py took 0.758 seconds
[2025-06-29T09:03:56.278+0000] {processor.py:161} INFO - Started process (PID=497) to work on /opt/airflow/dags/rss_scrap_dag.py
[2025-06-29T09:03:56.280+0000] {processor.py:830} INFO - Processing file /opt/airflow/dags/rss_scrap_dag.py for tasks to queue
[2025-06-29T09:03:56.282+0000] {logging_mixin.py:188} INFO - [2025-06-29T09:03:56.282+0000] {dagbag.py:538} INFO - Filling up the DagBag from /opt/airflow/dags/rss_scrap_dag.py
[2025-06-29T09:03:56.863+0000] {processor.py:840} INFO - DAG(s) 'news_ingestion_pipeline' retrieved from /opt/airflow/dags/rss_scrap_dag.py
[2025-06-29T09:03:56.882+0000] {logging_mixin.py:188} INFO - [2025-06-29T09:03:56.881+0000] {dag.py:3036} INFO - Sync 1 DAGs
[2025-06-29T09:03:56.890+0000] {logging_mixin.py:188} INFO - [2025-06-29T09:03:56.890+0000] {dag.py:3823} INFO - Setting next_dagrun for news_ingestion_pipeline to None, run_after=None
[2025-06-29T09:03:56.906+0000] {processor.py:183} INFO - Processing /opt/airflow/dags/rss_scrap_dag.py took 0.632 seconds
[2025-06-29T09:04:27.110+0000] {processor.py:161} INFO - Started process (PID=505) to work on /opt/airflow/dags/rss_scrap_dag.py
[2025-06-29T09:04:27.111+0000] {processor.py:830} INFO - Processing file /opt/airflow/dags/rss_scrap_dag.py for tasks to queue
[2025-06-29T09:04:27.113+0000] {logging_mixin.py:188} INFO - [2025-06-29T09:04:27.112+0000] {dagbag.py:538} INFO - Filling up the DagBag from /opt/airflow/dags/rss_scrap_dag.py
[2025-06-29T09:04:27.692+0000] {processor.py:840} INFO - DAG(s) 'news_ingestion_pipeline' retrieved from /opt/airflow/dags/rss_scrap_dag.py
[2025-06-29T09:04:27.710+0000] {logging_mixin.py:188} INFO - [2025-06-29T09:04:27.709+0000] {dag.py:3036} INFO - Sync 1 DAGs
[2025-06-29T09:04:27.717+0000] {logging_mixin.py:188} INFO - [2025-06-29T09:04:27.717+0000] {dag.py:3823} INFO - Setting next_dagrun for news_ingestion_pipeline to None, run_after=None
[2025-06-29T09:04:27.732+0000] {processor.py:183} INFO - Processing /opt/airflow/dags/rss_scrap_dag.py took 0.625 seconds
[2025-06-29T09:04:57.848+0000] {processor.py:161} INFO - Started process (PID=513) to work on /opt/airflow/dags/rss_scrap_dag.py
[2025-06-29T09:04:57.850+0000] {processor.py:830} INFO - Processing file /opt/airflow/dags/rss_scrap_dag.py for tasks to queue
[2025-06-29T09:04:57.852+0000] {logging_mixin.py:188} INFO - [2025-06-29T09:04:57.851+0000] {dagbag.py:538} INFO - Filling up the DagBag from /opt/airflow/dags/rss_scrap_dag.py
[2025-06-29T09:04:58.451+0000] {processor.py:840} INFO - DAG(s) 'news_ingestion_pipeline' retrieved from /opt/airflow/dags/rss_scrap_dag.py
[2025-06-29T09:04:58.470+0000] {logging_mixin.py:188} INFO - [2025-06-29T09:04:58.470+0000] {dag.py:3036} INFO - Sync 1 DAGs
[2025-06-29T09:04:58.480+0000] {logging_mixin.py:188} INFO - [2025-06-29T09:04:58.480+0000] {dag.py:3823} INFO - Setting next_dagrun for news_ingestion_pipeline to None, run_after=None
[2025-06-29T09:04:58.496+0000] {processor.py:183} INFO - Processing /opt/airflow/dags/rss_scrap_dag.py took 0.651 seconds
[2025-06-29T09:05:28.725+0000] {processor.py:161} INFO - Started process (PID=521) to work on /opt/airflow/dags/rss_scrap_dag.py
[2025-06-29T09:05:28.726+0000] {processor.py:830} INFO - Processing file /opt/airflow/dags/rss_scrap_dag.py for tasks to queue
[2025-06-29T09:05:28.728+0000] {logging_mixin.py:188} INFO - [2025-06-29T09:05:28.727+0000] {dagbag.py:538} INFO - Filling up the DagBag from /opt/airflow/dags/rss_scrap_dag.py
[2025-06-29T09:05:29.332+0000] {processor.py:840} INFO - DAG(s) 'news_ingestion_pipeline' retrieved from /opt/airflow/dags/rss_scrap_dag.py
[2025-06-29T09:05:29.354+0000] {logging_mixin.py:188} INFO - [2025-06-29T09:05:29.353+0000] {dag.py:3036} INFO - Sync 1 DAGs
[2025-06-29T09:05:29.362+0000] {logging_mixin.py:188} INFO - [2025-06-29T09:05:29.362+0000] {dag.py:3823} INFO - Setting next_dagrun for news_ingestion_pipeline to None, run_after=None
[2025-06-29T09:05:29.378+0000] {processor.py:183} INFO - Processing /opt/airflow/dags/rss_scrap_dag.py took 0.657 seconds
[2025-06-29T09:05:59.596+0000] {processor.py:161} INFO - Started process (PID=529) to work on /opt/airflow/dags/rss_scrap_dag.py
[2025-06-29T09:05:59.598+0000] {processor.py:830} INFO - Processing file /opt/airflow/dags/rss_scrap_dag.py for tasks to queue
[2025-06-29T09:05:59.600+0000] {logging_mixin.py:188} INFO - [2025-06-29T09:05:59.599+0000] {dagbag.py:538} INFO - Filling up the DagBag from /opt/airflow/dags/rss_scrap_dag.py
[2025-06-29T09:06:00.187+0000] {processor.py:840} INFO - DAG(s) 'news_ingestion_pipeline' retrieved from /opt/airflow/dags/rss_scrap_dag.py
[2025-06-29T09:06:00.208+0000] {logging_mixin.py:188} INFO - [2025-06-29T09:06:00.207+0000] {dag.py:3036} INFO - Sync 1 DAGs
[2025-06-29T09:06:00.217+0000] {logging_mixin.py:188} INFO - [2025-06-29T09:06:00.217+0000] {dag.py:3823} INFO - Setting next_dagrun for news_ingestion_pipeline to None, run_after=None
[2025-06-29T09:06:00.233+0000] {processor.py:183} INFO - Processing /opt/airflow/dags/rss_scrap_dag.py took 0.641 seconds
[2025-06-29T09:06:30.303+0000] {processor.py:161} INFO - Started process (PID=537) to work on /opt/airflow/dags/rss_scrap_dag.py
[2025-06-29T09:06:30.304+0000] {processor.py:830} INFO - Processing file /opt/airflow/dags/rss_scrap_dag.py for tasks to queue
[2025-06-29T09:06:30.306+0000] {logging_mixin.py:188} INFO - [2025-06-29T09:06:30.306+0000] {dagbag.py:538} INFO - Filling up the DagBag from /opt/airflow/dags/rss_scrap_dag.py
[2025-06-29T09:06:30.913+0000] {processor.py:840} INFO - DAG(s) 'news_ingestion_pipeline' retrieved from /opt/airflow/dags/rss_scrap_dag.py
[2025-06-29T09:06:30.935+0000] {logging_mixin.py:188} INFO - [2025-06-29T09:06:30.935+0000] {dag.py:3036} INFO - Sync 1 DAGs
[2025-06-29T09:06:30.944+0000] {logging_mixin.py:188} INFO - [2025-06-29T09:06:30.944+0000] {dag.py:3823} INFO - Setting next_dagrun for news_ingestion_pipeline to None, run_after=None
[2025-06-29T09:06:30.960+0000] {processor.py:183} INFO - Processing /opt/airflow/dags/rss_scrap_dag.py took 0.661 seconds
[2025-06-29T09:07:01.531+0000] {processor.py:161} INFO - Started process (PID=545) to work on /opt/airflow/dags/rss_scrap_dag.py
[2025-06-29T09:07:01.532+0000] {processor.py:830} INFO - Processing file /opt/airflow/dags/rss_scrap_dag.py for tasks to queue
[2025-06-29T09:07:01.534+0000] {logging_mixin.py:188} INFO - [2025-06-29T09:07:01.534+0000] {dagbag.py:538} INFO - Filling up the DagBag from /opt/airflow/dags/rss_scrap_dag.py
[2025-06-29T09:07:02.134+0000] {processor.py:840} INFO - DAG(s) 'news_ingestion_pipeline' retrieved from /opt/airflow/dags/rss_scrap_dag.py
[2025-06-29T09:07:02.153+0000] {logging_mixin.py:188} INFO - [2025-06-29T09:07:02.152+0000] {dag.py:3036} INFO - Sync 1 DAGs
[2025-06-29T09:07:02.162+0000] {logging_mixin.py:188} INFO - [2025-06-29T09:07:02.162+0000] {dag.py:3823} INFO - Setting next_dagrun for news_ingestion_pipeline to None, run_after=None
[2025-06-29T09:07:02.177+0000] {processor.py:183} INFO - Processing /opt/airflow/dags/rss_scrap_dag.py took 0.651 seconds
[2025-06-29T09:07:32.696+0000] {processor.py:161} INFO - Started process (PID=553) to work on /opt/airflow/dags/rss_scrap_dag.py
[2025-06-29T09:07:32.698+0000] {processor.py:830} INFO - Processing file /opt/airflow/dags/rss_scrap_dag.py for tasks to queue
[2025-06-29T09:07:32.700+0000] {logging_mixin.py:188} INFO - [2025-06-29T09:07:32.699+0000] {dagbag.py:538} INFO - Filling up the DagBag from /opt/airflow/dags/rss_scrap_dag.py
[2025-06-29T09:07:33.316+0000] {processor.py:840} INFO - DAG(s) 'news_ingestion_pipeline' retrieved from /opt/airflow/dags/rss_scrap_dag.py
[2025-06-29T09:07:33.336+0000] {logging_mixin.py:188} INFO - [2025-06-29T09:07:33.336+0000] {dag.py:3036} INFO - Sync 1 DAGs
[2025-06-29T09:07:33.345+0000] {logging_mixin.py:188} INFO - [2025-06-29T09:07:33.345+0000] {dag.py:3823} INFO - Setting next_dagrun for news_ingestion_pipeline to None, run_after=None
[2025-06-29T09:07:33.361+0000] {processor.py:183} INFO - Processing /opt/airflow/dags/rss_scrap_dag.py took 0.669 seconds
[2025-06-29T09:08:03.802+0000] {processor.py:161} INFO - Started process (PID=561) to work on /opt/airflow/dags/rss_scrap_dag.py
[2025-06-29T09:08:03.803+0000] {processor.py:830} INFO - Processing file /opt/airflow/dags/rss_scrap_dag.py for tasks to queue
[2025-06-29T09:08:03.806+0000] {logging_mixin.py:188} INFO - [2025-06-29T09:08:03.805+0000] {dagbag.py:538} INFO - Filling up the DagBag from /opt/airflow/dags/rss_scrap_dag.py
[2025-06-29T09:08:04.537+0000] {processor.py:840} INFO - DAG(s) 'news_ingestion_pipeline' retrieved from /opt/airflow/dags/rss_scrap_dag.py
[2025-06-29T09:08:04.556+0000] {logging_mixin.py:188} INFO - [2025-06-29T09:08:04.556+0000] {dag.py:3036} INFO - Sync 1 DAGs
[2025-06-29T09:08:04.569+0000] {logging_mixin.py:188} INFO - [2025-06-29T09:08:04.569+0000] {dag.py:3823} INFO - Setting next_dagrun for news_ingestion_pipeline to None, run_after=None
[2025-06-29T09:08:04.588+0000] {processor.py:183} INFO - Processing /opt/airflow/dags/rss_scrap_dag.py took 0.793 seconds
[2025-06-29T09:08:34.966+0000] {processor.py:161} INFO - Started process (PID=568) to work on /opt/airflow/dags/rss_scrap_dag.py
[2025-06-29T09:08:34.967+0000] {processor.py:830} INFO - Processing file /opt/airflow/dags/rss_scrap_dag.py for tasks to queue
[2025-06-29T09:08:34.969+0000] {logging_mixin.py:188} INFO - [2025-06-29T09:08:34.969+0000] {dagbag.py:538} INFO - Filling up the DagBag from /opt/airflow/dags/rss_scrap_dag.py
[2025-06-29T09:08:35.632+0000] {processor.py:840} INFO - DAG(s) 'news_ingestion_pipeline' retrieved from /opt/airflow/dags/rss_scrap_dag.py
[2025-06-29T09:08:35.655+0000] {logging_mixin.py:188} INFO - [2025-06-29T09:08:35.654+0000] {dag.py:3036} INFO - Sync 1 DAGs
[2025-06-29T09:08:35.664+0000] {logging_mixin.py:188} INFO - [2025-06-29T09:08:35.664+0000] {dag.py:3823} INFO - Setting next_dagrun for news_ingestion_pipeline to None, run_after=None
[2025-06-29T09:08:35.680+0000] {processor.py:183} INFO - Processing /opt/airflow/dags/rss_scrap_dag.py took 0.721 seconds
[2025-06-29T09:09:05.914+0000] {processor.py:161} INFO - Started process (PID=575) to work on /opt/airflow/dags/rss_scrap_dag.py
[2025-06-29T09:09:05.915+0000] {processor.py:830} INFO - Processing file /opt/airflow/dags/rss_scrap_dag.py for tasks to queue
[2025-06-29T09:09:05.917+0000] {logging_mixin.py:188} INFO - [2025-06-29T09:09:05.917+0000] {dagbag.py:538} INFO - Filling up the DagBag from /opt/airflow/dags/rss_scrap_dag.py
[2025-06-29T09:09:06.517+0000] {processor.py:840} INFO - DAG(s) 'news_ingestion_pipeline' retrieved from /opt/airflow/dags/rss_scrap_dag.py
[2025-06-29T09:09:06.539+0000] {logging_mixin.py:188} INFO - [2025-06-29T09:09:06.538+0000] {dag.py:3036} INFO - Sync 1 DAGs
[2025-06-29T09:09:06.548+0000] {logging_mixin.py:188} INFO - [2025-06-29T09:09:06.548+0000] {dag.py:3823} INFO - Setting next_dagrun for news_ingestion_pipeline to None, run_after=None
[2025-06-29T09:09:06.564+0000] {processor.py:183} INFO - Processing /opt/airflow/dags/rss_scrap_dag.py took 0.653 seconds
[2025-06-29T09:09:36.681+0000] {processor.py:161} INFO - Started process (PID=583) to work on /opt/airflow/dags/rss_scrap_dag.py
[2025-06-29T09:09:36.682+0000] {processor.py:830} INFO - Processing file /opt/airflow/dags/rss_scrap_dag.py for tasks to queue
[2025-06-29T09:09:36.684+0000] {logging_mixin.py:188} INFO - [2025-06-29T09:09:36.684+0000] {dagbag.py:538} INFO - Filling up the DagBag from /opt/airflow/dags/rss_scrap_dag.py
[2025-06-29T09:09:37.318+0000] {processor.py:840} INFO - DAG(s) 'news_ingestion_pipeline' retrieved from /opt/airflow/dags/rss_scrap_dag.py
[2025-06-29T09:09:37.337+0000] {logging_mixin.py:188} INFO - [2025-06-29T09:09:37.337+0000] {dag.py:3036} INFO - Sync 1 DAGs
[2025-06-29T09:09:37.346+0000] {logging_mixin.py:188} INFO - [2025-06-29T09:09:37.345+0000] {dag.py:3823} INFO - Setting next_dagrun for news_ingestion_pipeline to None, run_after=None
[2025-06-29T09:09:37.361+0000] {processor.py:183} INFO - Processing /opt/airflow/dags/rss_scrap_dag.py took 0.685 seconds
[2025-06-29T09:10:08.389+0000] {processor.py:161} INFO - Started process (PID=591) to work on /opt/airflow/dags/rss_scrap_dag.py
[2025-06-29T09:10:08.390+0000] {processor.py:830} INFO - Processing file /opt/airflow/dags/rss_scrap_dag.py for tasks to queue
[2025-06-29T09:10:08.392+0000] {logging_mixin.py:188} INFO - [2025-06-29T09:10:08.391+0000] {dagbag.py:538} INFO - Filling up the DagBag from /opt/airflow/dags/rss_scrap_dag.py
[2025-06-29T09:10:08.970+0000] {processor.py:840} INFO - DAG(s) 'news_ingestion_pipeline' retrieved from /opt/airflow/dags/rss_scrap_dag.py
[2025-06-29T09:10:08.989+0000] {logging_mixin.py:188} INFO - [2025-06-29T09:10:08.989+0000] {dag.py:3036} INFO - Sync 1 DAGs
[2025-06-29T09:10:08.998+0000] {logging_mixin.py:188} INFO - [2025-06-29T09:10:08.997+0000] {dag.py:3823} INFO - Setting next_dagrun for news_ingestion_pipeline to None, run_after=None
[2025-06-29T09:10:09.012+0000] {processor.py:183} INFO - Processing /opt/airflow/dags/rss_scrap_dag.py took 0.626 seconds
[2025-06-29T09:10:39.133+0000] {processor.py:161} INFO - Started process (PID=599) to work on /opt/airflow/dags/rss_scrap_dag.py
[2025-06-29T09:10:39.134+0000] {processor.py:830} INFO - Processing file /opt/airflow/dags/rss_scrap_dag.py for tasks to queue
[2025-06-29T09:10:39.136+0000] {logging_mixin.py:188} INFO - [2025-06-29T09:10:39.136+0000] {dagbag.py:538} INFO - Filling up the DagBag from /opt/airflow/dags/rss_scrap_dag.py
[2025-06-29T09:10:39.758+0000] {processor.py:840} INFO - DAG(s) 'news_ingestion_pipeline' retrieved from /opt/airflow/dags/rss_scrap_dag.py
[2025-06-29T09:10:39.776+0000] {logging_mixin.py:188} INFO - [2025-06-29T09:10:39.776+0000] {dag.py:3036} INFO - Sync 1 DAGs
[2025-06-29T09:10:39.784+0000] {logging_mixin.py:188} INFO - [2025-06-29T09:10:39.784+0000] {dag.py:3823} INFO - Setting next_dagrun for news_ingestion_pipeline to None, run_after=None
[2025-06-29T09:10:39.800+0000] {processor.py:183} INFO - Processing /opt/airflow/dags/rss_scrap_dag.py took 0.670 seconds
[2025-06-29T09:11:10.705+0000] {processor.py:161} INFO - Started process (PID=607) to work on /opt/airflow/dags/rss_scrap_dag.py
[2025-06-29T09:11:10.706+0000] {processor.py:830} INFO - Processing file /opt/airflow/dags/rss_scrap_dag.py for tasks to queue
[2025-06-29T09:11:10.708+0000] {logging_mixin.py:188} INFO - [2025-06-29T09:11:10.708+0000] {dagbag.py:538} INFO - Filling up the DagBag from /opt/airflow/dags/rss_scrap_dag.py
[2025-06-29T09:11:11.287+0000] {processor.py:840} INFO - DAG(s) 'news_ingestion_pipeline' retrieved from /opt/airflow/dags/rss_scrap_dag.py
[2025-06-29T09:11:11.305+0000] {logging_mixin.py:188} INFO - [2025-06-29T09:11:11.305+0000] {dag.py:3036} INFO - Sync 1 DAGs
[2025-06-29T09:11:11.314+0000] {logging_mixin.py:188} INFO - [2025-06-29T09:11:11.313+0000] {dag.py:3823} INFO - Setting next_dagrun for news_ingestion_pipeline to None, run_after=None
[2025-06-29T09:11:11.329+0000] {processor.py:183} INFO - Processing /opt/airflow/dags/rss_scrap_dag.py took 0.628 seconds
[2025-06-29T09:11:41.842+0000] {processor.py:161} INFO - Started process (PID=615) to work on /opt/airflow/dags/rss_scrap_dag.py
[2025-06-29T09:11:41.844+0000] {processor.py:830} INFO - Processing file /opt/airflow/dags/rss_scrap_dag.py for tasks to queue
[2025-06-29T09:11:41.846+0000] {logging_mixin.py:188} INFO - [2025-06-29T09:11:41.845+0000] {dagbag.py:538} INFO - Filling up the DagBag from /opt/airflow/dags/rss_scrap_dag.py
[2025-06-29T09:11:42.436+0000] {processor.py:840} INFO - DAG(s) 'news_ingestion_pipeline' retrieved from /opt/airflow/dags/rss_scrap_dag.py
[2025-06-29T09:11:42.455+0000] {logging_mixin.py:188} INFO - [2025-06-29T09:11:42.455+0000] {dag.py:3036} INFO - Sync 1 DAGs
[2025-06-29T09:11:42.464+0000] {logging_mixin.py:188} INFO - [2025-06-29T09:11:42.464+0000] {dag.py:3823} INFO - Setting next_dagrun for news_ingestion_pipeline to None, run_after=None
[2025-06-29T09:11:42.482+0000] {processor.py:183} INFO - Processing /opt/airflow/dags/rss_scrap_dag.py took 0.643 seconds
[2025-06-29T09:12:12.830+0000] {processor.py:161} INFO - Started process (PID=623) to work on /opt/airflow/dags/rss_scrap_dag.py
[2025-06-29T09:12:12.831+0000] {processor.py:830} INFO - Processing file /opt/airflow/dags/rss_scrap_dag.py for tasks to queue
[2025-06-29T09:12:12.834+0000] {logging_mixin.py:188} INFO - [2025-06-29T09:12:12.833+0000] {dagbag.py:538} INFO - Filling up the DagBag from /opt/airflow/dags/rss_scrap_dag.py
[2025-06-29T09:12:13.475+0000] {processor.py:840} INFO - DAG(s) 'news_ingestion_pipeline' retrieved from /opt/airflow/dags/rss_scrap_dag.py
[2025-06-29T09:12:13.494+0000] {logging_mixin.py:188} INFO - [2025-06-29T09:12:13.494+0000] {dag.py:3036} INFO - Sync 1 DAGs
[2025-06-29T09:12:13.503+0000] {logging_mixin.py:188} INFO - [2025-06-29T09:12:13.503+0000] {dag.py:3823} INFO - Setting next_dagrun for news_ingestion_pipeline to None, run_after=None
[2025-06-29T09:12:13.519+0000] {processor.py:183} INFO - Processing /opt/airflow/dags/rss_scrap_dag.py took 0.692 seconds
[2025-06-29T09:12:43.774+0000] {processor.py:161} INFO - Started process (PID=631) to work on /opt/airflow/dags/rss_scrap_dag.py
[2025-06-29T09:12:43.775+0000] {processor.py:830} INFO - Processing file /opt/airflow/dags/rss_scrap_dag.py for tasks to queue
[2025-06-29T09:12:43.777+0000] {logging_mixin.py:188} INFO - [2025-06-29T09:12:43.777+0000] {dagbag.py:538} INFO - Filling up the DagBag from /opt/airflow/dags/rss_scrap_dag.py
[2025-06-29T09:12:44.394+0000] {processor.py:840} INFO - DAG(s) 'news_ingestion_pipeline' retrieved from /opt/airflow/dags/rss_scrap_dag.py
[2025-06-29T09:12:44.414+0000] {logging_mixin.py:188} INFO - [2025-06-29T09:12:44.413+0000] {dag.py:3036} INFO - Sync 1 DAGs
[2025-06-29T09:12:44.422+0000] {logging_mixin.py:188} INFO - [2025-06-29T09:12:44.422+0000] {dag.py:3823} INFO - Setting next_dagrun for news_ingestion_pipeline to None, run_after=None
[2025-06-29T09:12:44.438+0000] {processor.py:183} INFO - Processing /opt/airflow/dags/rss_scrap_dag.py took 0.668 seconds
[2025-06-29T09:13:14.668+0000] {processor.py:161} INFO - Started process (PID=639) to work on /opt/airflow/dags/rss_scrap_dag.py
[2025-06-29T09:13:14.670+0000] {processor.py:830} INFO - Processing file /opt/airflow/dags/rss_scrap_dag.py for tasks to queue
[2025-06-29T09:13:14.673+0000] {logging_mixin.py:188} INFO - [2025-06-29T09:13:14.672+0000] {dagbag.py:538} INFO - Filling up the DagBag from /opt/airflow/dags/rss_scrap_dag.py
[2025-06-29T09:13:15.356+0000] {processor.py:840} INFO - DAG(s) 'news_ingestion_pipeline' retrieved from /opt/airflow/dags/rss_scrap_dag.py
[2025-06-29T09:13:15.377+0000] {logging_mixin.py:188} INFO - [2025-06-29T09:13:15.377+0000] {dag.py:3036} INFO - Sync 1 DAGs
[2025-06-29T09:13:15.386+0000] {logging_mixin.py:188} INFO - [2025-06-29T09:13:15.386+0000] {dag.py:3823} INFO - Setting next_dagrun for news_ingestion_pipeline to None, run_after=None
[2025-06-29T09:13:15.402+0000] {processor.py:183} INFO - Processing /opt/airflow/dags/rss_scrap_dag.py took 0.739 seconds
[2025-06-29T09:13:45.537+0000] {processor.py:161} INFO - Started process (PID=645) to work on /opt/airflow/dags/rss_scrap_dag.py
[2025-06-29T09:13:45.538+0000] {processor.py:830} INFO - Processing file /opt/airflow/dags/rss_scrap_dag.py for tasks to queue
[2025-06-29T09:13:45.540+0000] {logging_mixin.py:188} INFO - [2025-06-29T09:13:45.540+0000] {dagbag.py:538} INFO - Filling up the DagBag from /opt/airflow/dags/rss_scrap_dag.py
[2025-06-29T09:13:46.120+0000] {processor.py:840} INFO - DAG(s) 'news_ingestion_pipeline' retrieved from /opt/airflow/dags/rss_scrap_dag.py
[2025-06-29T09:13:46.139+0000] {logging_mixin.py:188} INFO - [2025-06-29T09:13:46.138+0000] {dag.py:3036} INFO - Sync 1 DAGs
[2025-06-29T09:13:46.147+0000] {logging_mixin.py:188} INFO - [2025-06-29T09:13:46.147+0000] {dag.py:3823} INFO - Setting next_dagrun for news_ingestion_pipeline to None, run_after=None
[2025-06-29T09:13:46.163+0000] {processor.py:183} INFO - Processing /opt/airflow/dags/rss_scrap_dag.py took 0.630 seconds
[2025-06-29T09:14:16.619+0000] {processor.py:161} INFO - Started process (PID=653) to work on /opt/airflow/dags/rss_scrap_dag.py
[2025-06-29T09:14:16.621+0000] {processor.py:830} INFO - Processing file /opt/airflow/dags/rss_scrap_dag.py for tasks to queue
[2025-06-29T09:14:16.623+0000] {logging_mixin.py:188} INFO - [2025-06-29T09:14:16.622+0000] {dagbag.py:538} INFO - Filling up the DagBag from /opt/airflow/dags/rss_scrap_dag.py
[2025-06-29T09:14:17.209+0000] {processor.py:840} INFO - DAG(s) 'news_ingestion_pipeline' retrieved from /opt/airflow/dags/rss_scrap_dag.py
[2025-06-29T09:14:17.227+0000] {logging_mixin.py:188} INFO - [2025-06-29T09:14:17.227+0000] {dag.py:3036} INFO - Sync 1 DAGs
[2025-06-29T09:14:17.235+0000] {logging_mixin.py:188} INFO - [2025-06-29T09:14:17.235+0000] {dag.py:3823} INFO - Setting next_dagrun for news_ingestion_pipeline to None, run_after=None
[2025-06-29T09:14:17.252+0000] {processor.py:183} INFO - Processing /opt/airflow/dags/rss_scrap_dag.py took 0.637 seconds
[2025-06-29T09:14:47.502+0000] {processor.py:161} INFO - Started process (PID=661) to work on /opt/airflow/dags/rss_scrap_dag.py
[2025-06-29T09:14:47.503+0000] {processor.py:830} INFO - Processing file /opt/airflow/dags/rss_scrap_dag.py for tasks to queue
[2025-06-29T09:14:47.505+0000] {logging_mixin.py:188} INFO - [2025-06-29T09:14:47.504+0000] {dagbag.py:538} INFO - Filling up the DagBag from /opt/airflow/dags/rss_scrap_dag.py
[2025-06-29T09:14:48.084+0000] {processor.py:840} INFO - DAG(s) 'news_ingestion_pipeline' retrieved from /opt/airflow/dags/rss_scrap_dag.py
[2025-06-29T09:14:48.102+0000] {logging_mixin.py:188} INFO - [2025-06-29T09:14:48.102+0000] {dag.py:3036} INFO - Sync 1 DAGs
[2025-06-29T09:14:48.110+0000] {logging_mixin.py:188} INFO - [2025-06-29T09:14:48.110+0000] {dag.py:3823} INFO - Setting next_dagrun for news_ingestion_pipeline to None, run_after=None
[2025-06-29T09:14:48.126+0000] {processor.py:183} INFO - Processing /opt/airflow/dags/rss_scrap_dag.py took 0.627 seconds
[2025-06-29T09:15:18.297+0000] {processor.py:161} INFO - Started process (PID=669) to work on /opt/airflow/dags/rss_scrap_dag.py
[2025-06-29T09:15:18.298+0000] {processor.py:830} INFO - Processing file /opt/airflow/dags/rss_scrap_dag.py for tasks to queue
[2025-06-29T09:15:18.300+0000] {logging_mixin.py:188} INFO - [2025-06-29T09:15:18.300+0000] {dagbag.py:538} INFO - Filling up the DagBag from /opt/airflow/dags/rss_scrap_dag.py
[2025-06-29T09:15:18.875+0000] {processor.py:840} INFO - DAG(s) 'news_ingestion_pipeline' retrieved from /opt/airflow/dags/rss_scrap_dag.py
[2025-06-29T09:15:18.894+0000] {logging_mixin.py:188} INFO - [2025-06-29T09:15:18.894+0000] {dag.py:3036} INFO - Sync 1 DAGs
[2025-06-29T09:15:18.903+0000] {logging_mixin.py:188} INFO - [2025-06-29T09:15:18.903+0000] {dag.py:3823} INFO - Setting next_dagrun for news_ingestion_pipeline to None, run_after=None
[2025-06-29T09:15:18.918+0000] {processor.py:183} INFO - Processing /opt/airflow/dags/rss_scrap_dag.py took 0.623 seconds
[2025-06-29T09:15:49.956+0000] {processor.py:161} INFO - Started process (PID=677) to work on /opt/airflow/dags/rss_scrap_dag.py
[2025-06-29T09:15:49.957+0000] {processor.py:830} INFO - Processing file /opt/airflow/dags/rss_scrap_dag.py for tasks to queue
[2025-06-29T09:15:49.959+0000] {logging_mixin.py:188} INFO - [2025-06-29T09:15:49.959+0000] {dagbag.py:538} INFO - Filling up the DagBag from /opt/airflow/dags/rss_scrap_dag.py
[2025-06-29T09:15:50.540+0000] {processor.py:840} INFO - DAG(s) 'news_ingestion_pipeline' retrieved from /opt/airflow/dags/rss_scrap_dag.py
[2025-06-29T09:15:50.559+0000] {logging_mixin.py:188} INFO - [2025-06-29T09:15:50.558+0000] {dag.py:3036} INFO - Sync 1 DAGs
[2025-06-29T09:15:50.567+0000] {logging_mixin.py:188} INFO - [2025-06-29T09:15:50.567+0000] {dag.py:3823} INFO - Setting next_dagrun for news_ingestion_pipeline to None, run_after=None
[2025-06-29T09:15:50.581+0000] {processor.py:183} INFO - Processing /opt/airflow/dags/rss_scrap_dag.py took 0.628 seconds
[2025-06-29T09:16:20.697+0000] {processor.py:161} INFO - Started process (PID=685) to work on /opt/airflow/dags/rss_scrap_dag.py
[2025-06-29T09:16:20.698+0000] {processor.py:830} INFO - Processing file /opt/airflow/dags/rss_scrap_dag.py for tasks to queue
[2025-06-29T09:16:20.699+0000] {logging_mixin.py:188} INFO - [2025-06-29T09:16:20.699+0000] {dagbag.py:538} INFO - Filling up the DagBag from /opt/airflow/dags/rss_scrap_dag.py
[2025-06-29T09:16:21.274+0000] {processor.py:840} INFO - DAG(s) 'news_ingestion_pipeline' retrieved from /opt/airflow/dags/rss_scrap_dag.py
[2025-06-29T09:16:21.291+0000] {logging_mixin.py:188} INFO - [2025-06-29T09:16:21.291+0000] {dag.py:3036} INFO - Sync 1 DAGs
[2025-06-29T09:16:21.299+0000] {logging_mixin.py:188} INFO - [2025-06-29T09:16:21.299+0000] {dag.py:3823} INFO - Setting next_dagrun for news_ingestion_pipeline to None, run_after=None
[2025-06-29T09:16:21.315+0000] {processor.py:183} INFO - Processing /opt/airflow/dags/rss_scrap_dag.py took 0.621 seconds
[2025-06-29T09:16:51.864+0000] {processor.py:161} INFO - Started process (PID=693) to work on /opt/airflow/dags/rss_scrap_dag.py
[2025-06-29T09:16:51.865+0000] {processor.py:830} INFO - Processing file /opt/airflow/dags/rss_scrap_dag.py for tasks to queue
[2025-06-29T09:16:51.867+0000] {logging_mixin.py:188} INFO - [2025-06-29T09:16:51.867+0000] {dagbag.py:538} INFO - Filling up the DagBag from /opt/airflow/dags/rss_scrap_dag.py
[2025-06-29T09:16:52.454+0000] {processor.py:840} INFO - DAG(s) 'news_ingestion_pipeline' retrieved from /opt/airflow/dags/rss_scrap_dag.py
[2025-06-29T09:16:52.472+0000] {logging_mixin.py:188} INFO - [2025-06-29T09:16:52.471+0000] {dag.py:3036} INFO - Sync 1 DAGs
[2025-06-29T09:16:52.480+0000] {logging_mixin.py:188} INFO - [2025-06-29T09:16:52.479+0000] {dag.py:3823} INFO - Setting next_dagrun for news_ingestion_pipeline to None, run_after=None
[2025-06-29T09:16:52.494+0000] {processor.py:183} INFO - Processing /opt/airflow/dags/rss_scrap_dag.py took 0.633 seconds
[2025-06-29T09:17:22.886+0000] {processor.py:161} INFO - Started process (PID=701) to work on /opt/airflow/dags/rss_scrap_dag.py
[2025-06-29T09:17:22.887+0000] {processor.py:830} INFO - Processing file /opt/airflow/dags/rss_scrap_dag.py for tasks to queue
[2025-06-29T09:17:22.889+0000] {logging_mixin.py:188} INFO - [2025-06-29T09:17:22.889+0000] {dagbag.py:538} INFO - Filling up the DagBag from /opt/airflow/dags/rss_scrap_dag.py
[2025-06-29T09:17:23.463+0000] {processor.py:840} INFO - DAG(s) 'news_ingestion_pipeline' retrieved from /opt/airflow/dags/rss_scrap_dag.py
[2025-06-29T09:17:23.481+0000] {logging_mixin.py:188} INFO - [2025-06-29T09:17:23.481+0000] {dag.py:3036} INFO - Sync 1 DAGs
[2025-06-29T09:17:23.490+0000] {logging_mixin.py:188} INFO - [2025-06-29T09:17:23.489+0000] {dag.py:3823} INFO - Setting next_dagrun for news_ingestion_pipeline to None, run_after=None
[2025-06-29T09:17:23.504+0000] {processor.py:183} INFO - Processing /opt/airflow/dags/rss_scrap_dag.py took 0.621 seconds
[2025-06-29T09:17:53.586+0000] {processor.py:161} INFO - Started process (PID=709) to work on /opt/airflow/dags/rss_scrap_dag.py
[2025-06-29T09:17:53.588+0000] {processor.py:830} INFO - Processing file /opt/airflow/dags/rss_scrap_dag.py for tasks to queue
[2025-06-29T09:17:53.589+0000] {logging_mixin.py:188} INFO - [2025-06-29T09:17:53.589+0000] {dagbag.py:538} INFO - Filling up the DagBag from /opt/airflow/dags/rss_scrap_dag.py
[2025-06-29T09:17:54.160+0000] {processor.py:840} INFO - DAG(s) 'news_ingestion_pipeline' retrieved from /opt/airflow/dags/rss_scrap_dag.py
[2025-06-29T09:17:54.178+0000] {logging_mixin.py:188} INFO - [2025-06-29T09:17:54.178+0000] {dag.py:3036} INFO - Sync 1 DAGs
[2025-06-29T09:17:54.186+0000] {logging_mixin.py:188} INFO - [2025-06-29T09:17:54.186+0000] {dag.py:3823} INFO - Setting next_dagrun for news_ingestion_pipeline to None, run_after=None
[2025-06-29T09:17:54.201+0000] {processor.py:183} INFO - Processing /opt/airflow/dags/rss_scrap_dag.py took 0.618 seconds
[2025-06-29T09:18:24.962+0000] {processor.py:161} INFO - Started process (PID=717) to work on /opt/airflow/dags/rss_scrap_dag.py
[2025-06-29T09:18:24.964+0000] {processor.py:830} INFO - Processing file /opt/airflow/dags/rss_scrap_dag.py for tasks to queue
[2025-06-29T09:18:24.967+0000] {logging_mixin.py:188} INFO - [2025-06-29T09:18:24.966+0000] {dagbag.py:538} INFO - Filling up the DagBag from /opt/airflow/dags/rss_scrap_dag.py
[2025-06-29T09:18:25.587+0000] {processor.py:840} INFO - DAG(s) 'news_ingestion_pipeline' retrieved from /opt/airflow/dags/rss_scrap_dag.py
[2025-06-29T09:18:25.606+0000] {logging_mixin.py:188} INFO - [2025-06-29T09:18:25.605+0000] {dag.py:3036} INFO - Sync 1 DAGs
[2025-06-29T09:18:25.614+0000] {logging_mixin.py:188} INFO - [2025-06-29T09:18:25.614+0000] {dag.py:3823} INFO - Setting next_dagrun for news_ingestion_pipeline to None, run_after=None
[2025-06-29T09:18:25.630+0000] {processor.py:183} INFO - Processing /opt/airflow/dags/rss_scrap_dag.py took 0.673 seconds
[2025-06-29T09:18:55.768+0000] {processor.py:161} INFO - Started process (PID=724) to work on /opt/airflow/dags/rss_scrap_dag.py
[2025-06-29T09:18:55.769+0000] {processor.py:830} INFO - Processing file /opt/airflow/dags/rss_scrap_dag.py for tasks to queue
[2025-06-29T09:18:55.770+0000] {logging_mixin.py:188} INFO - [2025-06-29T09:18:55.770+0000] {dagbag.py:538} INFO - Filling up the DagBag from /opt/airflow/dags/rss_scrap_dag.py
[2025-06-29T09:18:56.375+0000] {processor.py:840} INFO - DAG(s) 'news_ingestion_pipeline' retrieved from /opt/airflow/dags/rss_scrap_dag.py
[2025-06-29T09:18:56.396+0000] {logging_mixin.py:188} INFO - [2025-06-29T09:18:56.396+0000] {dag.py:3036} INFO - Sync 1 DAGs
[2025-06-29T09:18:56.405+0000] {logging_mixin.py:188} INFO - [2025-06-29T09:18:56.405+0000] {dag.py:3823} INFO - Setting next_dagrun for news_ingestion_pipeline to None, run_after=None
[2025-06-29T09:18:56.421+0000] {processor.py:183} INFO - Processing /opt/airflow/dags/rss_scrap_dag.py took 0.656 seconds
[2025-06-29T09:19:26.522+0000] {processor.py:161} INFO - Started process (PID=731) to work on /opt/airflow/dags/rss_scrap_dag.py
[2025-06-29T09:19:26.523+0000] {processor.py:830} INFO - Processing file /opt/airflow/dags/rss_scrap_dag.py for tasks to queue
[2025-06-29T09:19:26.525+0000] {logging_mixin.py:188} INFO - [2025-06-29T09:19:26.525+0000] {dagbag.py:538} INFO - Filling up the DagBag from /opt/airflow/dags/rss_scrap_dag.py
[2025-06-29T09:19:27.096+0000] {processor.py:840} INFO - DAG(s) 'news_ingestion_pipeline' retrieved from /opt/airflow/dags/rss_scrap_dag.py
[2025-06-29T09:19:27.115+0000] {logging_mixin.py:188} INFO - [2025-06-29T09:19:27.114+0000] {dag.py:3036} INFO - Sync 1 DAGs
[2025-06-29T09:19:27.124+0000] {logging_mixin.py:188} INFO - [2025-06-29T09:19:27.123+0000] {dag.py:3823} INFO - Setting next_dagrun for news_ingestion_pipeline to None, run_after=None
[2025-06-29T09:19:27.140+0000] {processor.py:183} INFO - Processing /opt/airflow/dags/rss_scrap_dag.py took 0.621 seconds
[2025-06-29T09:19:57.547+0000] {processor.py:161} INFO - Started process (PID=739) to work on /opt/airflow/dags/rss_scrap_dag.py
[2025-06-29T09:19:57.548+0000] {processor.py:830} INFO - Processing file /opt/airflow/dags/rss_scrap_dag.py for tasks to queue
[2025-06-29T09:19:57.550+0000] {logging_mixin.py:188} INFO - [2025-06-29T09:19:57.549+0000] {dagbag.py:538} INFO - Filling up the DagBag from /opt/airflow/dags/rss_scrap_dag.py
[2025-06-29T09:19:58.126+0000] {processor.py:840} INFO - DAG(s) 'news_ingestion_pipeline' retrieved from /opt/airflow/dags/rss_scrap_dag.py
[2025-06-29T09:19:58.145+0000] {logging_mixin.py:188} INFO - [2025-06-29T09:19:58.145+0000] {dag.py:3036} INFO - Sync 1 DAGs
[2025-06-29T09:19:58.153+0000] {logging_mixin.py:188} INFO - [2025-06-29T09:19:58.153+0000] {dag.py:3823} INFO - Setting next_dagrun for news_ingestion_pipeline to None, run_after=None
[2025-06-29T09:19:58.170+0000] {processor.py:183} INFO - Processing /opt/airflow/dags/rss_scrap_dag.py took 0.626 seconds
[2025-06-29T09:20:28.305+0000] {processor.py:161} INFO - Started process (PID=747) to work on /opt/airflow/dags/rss_scrap_dag.py
[2025-06-29T09:20:28.306+0000] {processor.py:830} INFO - Processing file /opt/airflow/dags/rss_scrap_dag.py for tasks to queue
[2025-06-29T09:20:28.308+0000] {logging_mixin.py:188} INFO - [2025-06-29T09:20:28.308+0000] {dagbag.py:538} INFO - Filling up the DagBag from /opt/airflow/dags/rss_scrap_dag.py
[2025-06-29T09:20:28.921+0000] {processor.py:840} INFO - DAG(s) 'news_ingestion_pipeline' retrieved from /opt/airflow/dags/rss_scrap_dag.py
[2025-06-29T09:20:28.938+0000] {logging_mixin.py:188} INFO - [2025-06-29T09:20:28.938+0000] {dag.py:3036} INFO - Sync 1 DAGs
[2025-06-29T09:20:28.947+0000] {logging_mixin.py:188} INFO - [2025-06-29T09:20:28.946+0000] {dag.py:3823} INFO - Setting next_dagrun for news_ingestion_pipeline to None, run_after=None
[2025-06-29T09:20:28.989+0000] {processor.py:183} INFO - Processing /opt/airflow/dags/rss_scrap_dag.py took 0.687 seconds
[2025-06-29T09:20:59.164+0000] {processor.py:161} INFO - Started process (PID=755) to work on /opt/airflow/dags/rss_scrap_dag.py
[2025-06-29T09:20:59.165+0000] {processor.py:830} INFO - Processing file /opt/airflow/dags/rss_scrap_dag.py for tasks to queue
[2025-06-29T09:20:59.167+0000] {logging_mixin.py:188} INFO - [2025-06-29T09:20:59.167+0000] {dagbag.py:538} INFO - Filling up the DagBag from /opt/airflow/dags/rss_scrap_dag.py
[2025-06-29T09:20:59.737+0000] {processor.py:840} INFO - DAG(s) 'news_ingestion_pipeline' retrieved from /opt/airflow/dags/rss_scrap_dag.py
[2025-06-29T09:20:59.755+0000] {logging_mixin.py:188} INFO - [2025-06-29T09:20:59.755+0000] {dag.py:3036} INFO - Sync 1 DAGs
[2025-06-29T09:20:59.763+0000] {logging_mixin.py:188} INFO - [2025-06-29T09:20:59.763+0000] {dag.py:3823} INFO - Setting next_dagrun for news_ingestion_pipeline to None, run_after=None
[2025-06-29T09:20:59.778+0000] {processor.py:183} INFO - Processing /opt/airflow/dags/rss_scrap_dag.py took 0.617 seconds
[2025-06-29T09:21:29.932+0000] {processor.py:161} INFO - Started process (PID=763) to work on /opt/airflow/dags/rss_scrap_dag.py
[2025-06-29T09:21:29.933+0000] {processor.py:830} INFO - Processing file /opt/airflow/dags/rss_scrap_dag.py for tasks to queue
[2025-06-29T09:21:29.935+0000] {logging_mixin.py:188} INFO - [2025-06-29T09:21:29.935+0000] {dagbag.py:538} INFO - Filling up the DagBag from /opt/airflow/dags/rss_scrap_dag.py
[2025-06-29T09:21:30.526+0000] {processor.py:840} INFO - DAG(s) 'news_ingestion_pipeline' retrieved from /opt/airflow/dags/rss_scrap_dag.py
[2025-06-29T09:21:30.545+0000] {logging_mixin.py:188} INFO - [2025-06-29T09:21:30.545+0000] {dag.py:3036} INFO - Sync 1 DAGs
[2025-06-29T09:21:30.554+0000] {logging_mixin.py:188} INFO - [2025-06-29T09:21:30.553+0000] {dag.py:3823} INFO - Setting next_dagrun for news_ingestion_pipeline to None, run_after=None
[2025-06-29T09:21:30.569+0000] {processor.py:183} INFO - Processing /opt/airflow/dags/rss_scrap_dag.py took 0.640 seconds
[2025-06-29T09:22:01.348+0000] {processor.py:161} INFO - Started process (PID=771) to work on /opt/airflow/dags/rss_scrap_dag.py
[2025-06-29T09:22:01.349+0000] {processor.py:830} INFO - Processing file /opt/airflow/dags/rss_scrap_dag.py for tasks to queue
[2025-06-29T09:22:01.351+0000] {logging_mixin.py:188} INFO - [2025-06-29T09:22:01.351+0000] {dagbag.py:538} INFO - Filling up the DagBag from /opt/airflow/dags/rss_scrap_dag.py
[2025-06-29T09:22:01.936+0000] {processor.py:840} INFO - DAG(s) 'news_ingestion_pipeline' retrieved from /opt/airflow/dags/rss_scrap_dag.py
[2025-06-29T09:22:01.954+0000] {logging_mixin.py:188} INFO - [2025-06-29T09:22:01.954+0000] {dag.py:3036} INFO - Sync 1 DAGs
[2025-06-29T09:22:01.962+0000] {logging_mixin.py:188} INFO - [2025-06-29T09:22:01.962+0000] {dag.py:3823} INFO - Setting next_dagrun for news_ingestion_pipeline to None, run_after=None
[2025-06-29T09:22:01.976+0000] {processor.py:183} INFO - Processing /opt/airflow/dags/rss_scrap_dag.py took 0.632 seconds
[2025-06-29T09:22:32.104+0000] {processor.py:161} INFO - Started process (PID=779) to work on /opt/airflow/dags/rss_scrap_dag.py
[2025-06-29T09:22:32.105+0000] {processor.py:830} INFO - Processing file /opt/airflow/dags/rss_scrap_dag.py for tasks to queue
[2025-06-29T09:22:32.107+0000] {logging_mixin.py:188} INFO - [2025-06-29T09:22:32.107+0000] {dagbag.py:538} INFO - Filling up the DagBag from /opt/airflow/dags/rss_scrap_dag.py
[2025-06-29T09:22:32.683+0000] {processor.py:840} INFO - DAG(s) 'news_ingestion_pipeline' retrieved from /opt/airflow/dags/rss_scrap_dag.py
[2025-06-29T09:22:32.701+0000] {logging_mixin.py:188} INFO - [2025-06-29T09:22:32.701+0000] {dag.py:3036} INFO - Sync 1 DAGs
[2025-06-29T09:22:32.709+0000] {logging_mixin.py:188} INFO - [2025-06-29T09:22:32.709+0000] {dag.py:3823} INFO - Setting next_dagrun for news_ingestion_pipeline to None, run_after=None
[2025-06-29T09:22:32.725+0000] {processor.py:183} INFO - Processing /opt/airflow/dags/rss_scrap_dag.py took 0.625 seconds
[2025-06-29T09:23:03.505+0000] {processor.py:161} INFO - Started process (PID=787) to work on /opt/airflow/dags/rss_scrap_dag.py
[2025-06-29T09:23:03.506+0000] {processor.py:830} INFO - Processing file /opt/airflow/dags/rss_scrap_dag.py for tasks to queue
[2025-06-29T09:23:03.508+0000] {logging_mixin.py:188} INFO - [2025-06-29T09:23:03.507+0000] {dagbag.py:538} INFO - Filling up the DagBag from /opt/airflow/dags/rss_scrap_dag.py
[2025-06-29T09:23:04.096+0000] {processor.py:840} INFO - DAG(s) 'news_ingestion_pipeline' retrieved from /opt/airflow/dags/rss_scrap_dag.py
[2025-06-29T09:23:04.114+0000] {logging_mixin.py:188} INFO - [2025-06-29T09:23:04.113+0000] {dag.py:3036} INFO - Sync 1 DAGs
[2025-06-29T09:23:04.122+0000] {logging_mixin.py:188} INFO - [2025-06-29T09:23:04.122+0000] {dag.py:3823} INFO - Setting next_dagrun for news_ingestion_pipeline to None, run_after=None
[2025-06-29T09:23:04.137+0000] {processor.py:183} INFO - Processing /opt/airflow/dags/rss_scrap_dag.py took 0.637 seconds
[2025-06-29T09:23:34.400+0000] {processor.py:161} INFO - Started process (PID=795) to work on /opt/airflow/dags/rss_scrap_dag.py
[2025-06-29T09:23:34.401+0000] {processor.py:830} INFO - Processing file /opt/airflow/dags/rss_scrap_dag.py for tasks to queue
[2025-06-29T09:23:34.403+0000] {logging_mixin.py:188} INFO - [2025-06-29T09:23:34.403+0000] {dagbag.py:538} INFO - Filling up the DagBag from /opt/airflow/dags/rss_scrap_dag.py
[2025-06-29T09:23:34.990+0000] {processor.py:840} INFO - DAG(s) 'news_ingestion_pipeline' retrieved from /opt/airflow/dags/rss_scrap_dag.py
[2025-06-29T09:23:35.008+0000] {logging_mixin.py:188} INFO - [2025-06-29T09:23:35.007+0000] {dag.py:3036} INFO - Sync 1 DAGs
[2025-06-29T09:23:35.016+0000] {logging_mixin.py:188} INFO - [2025-06-29T09:23:35.016+0000] {dag.py:3823} INFO - Setting next_dagrun for news_ingestion_pipeline to None, run_after=None
[2025-06-29T09:23:35.031+0000] {processor.py:183} INFO - Processing /opt/airflow/dags/rss_scrap_dag.py took 0.635 seconds
[2025-06-29T09:24:05.146+0000] {processor.py:161} INFO - Started process (PID=803) to work on /opt/airflow/dags/rss_scrap_dag.py
[2025-06-29T09:24:05.148+0000] {processor.py:830} INFO - Processing file /opt/airflow/dags/rss_scrap_dag.py for tasks to queue
[2025-06-29T09:24:05.151+0000] {logging_mixin.py:188} INFO - [2025-06-29T09:24:05.151+0000] {dagbag.py:538} INFO - Filling up the DagBag from /opt/airflow/dags/rss_scrap_dag.py
[2025-06-29T09:24:05.805+0000] {processor.py:840} INFO - DAG(s) 'news_ingestion_pipeline' retrieved from /opt/airflow/dags/rss_scrap_dag.py
[2025-06-29T09:24:05.825+0000] {logging_mixin.py:188} INFO - [2025-06-29T09:24:05.825+0000] {dag.py:3036} INFO - Sync 1 DAGs
[2025-06-29T09:24:05.833+0000] {logging_mixin.py:188} INFO - [2025-06-29T09:24:05.833+0000] {dag.py:3823} INFO - Setting next_dagrun for news_ingestion_pipeline to None, run_after=None
[2025-06-29T09:24:05.847+0000] {processor.py:183} INFO - Processing /opt/airflow/dags/rss_scrap_dag.py took 0.707 seconds
