[2025-06-30T08:21:35.280+0000] {processor.py:161} INFO - Started process (PID=813) to work on /opt/airflow/dags/rss_ingestion_dag.py
[2025-06-30T08:21:35.282+0000] {processor.py:830} INFO - Processing file /opt/airflow/dags/rss_ingestion_dag.py for tasks to queue
[2025-06-30T08:21:35.285+0000] {logging_mixin.py:188} INFO - [2025-06-30T08:21:35.285+0000] {dagbag.py:538} INFO - Filling up the DagBag from /opt/airflow/dags/rss_ingestion_dag.py
[2025-06-30T08:21:36.619+0000] {processor.py:840} INFO - DAG(s) 'rss_ingestion_dag' retrieved from /opt/airflow/dags/rss_ingestion_dag.py
[2025-06-30T08:21:36.668+0000] {logging_mixin.py:188} INFO - [2025-06-30T08:21:36.667+0000] {dag.py:3036} INFO - Sync 1 DAGs
[2025-06-30T08:21:36.730+0000] {logging_mixin.py:188} INFO - [2025-06-30T08:21:36.730+0000] {dag.py:3823} INFO - Setting next_dagrun for rss_ingestion_dag to 2025-06-30 08:15:00+00:00, run_after=2025-06-30 08:30:00+00:00
[2025-06-30T08:21:36.774+0000] {processor.py:183} INFO - Processing /opt/airflow/dags/rss_ingestion_dag.py took 1.500 seconds
[2025-06-30T08:22:07.168+0000] {processor.py:161} INFO - Started process (PID=819) to work on /opt/airflow/dags/rss_ingestion_dag.py
[2025-06-30T08:22:07.169+0000] {processor.py:830} INFO - Processing file /opt/airflow/dags/rss_ingestion_dag.py for tasks to queue
[2025-06-30T08:22:07.172+0000] {logging_mixin.py:188} INFO - [2025-06-30T08:22:07.171+0000] {dagbag.py:538} INFO - Filling up the DagBag from /opt/airflow/dags/rss_ingestion_dag.py
[2025-06-30T08:22:07.710+0000] {processor.py:840} INFO - DAG(s) 'rss_ingestion_dag' retrieved from /opt/airflow/dags/rss_ingestion_dag.py
[2025-06-30T08:22:07.731+0000] {logging_mixin.py:188} INFO - [2025-06-30T08:22:07.731+0000] {dag.py:3036} INFO - Sync 1 DAGs
[2025-06-30T08:22:07.749+0000] {logging_mixin.py:188} INFO - [2025-06-30T08:22:07.749+0000] {dag.py:3823} INFO - Setting next_dagrun for rss_ingestion_dag to 2025-06-30 08:15:00+00:00, run_after=2025-06-30 08:30:00+00:00
[2025-06-30T08:22:07.765+0000] {processor.py:183} INFO - Processing /opt/airflow/dags/rss_ingestion_dag.py took 0.601 seconds
[2025-06-30T08:22:38.317+0000] {processor.py:161} INFO - Started process (PID=827) to work on /opt/airflow/dags/rss_ingestion_dag.py
[2025-06-30T08:22:38.319+0000] {processor.py:830} INFO - Processing file /opt/airflow/dags/rss_ingestion_dag.py for tasks to queue
[2025-06-30T08:22:38.320+0000] {logging_mixin.py:188} INFO - [2025-06-30T08:22:38.320+0000] {dagbag.py:538} INFO - Filling up the DagBag from /opt/airflow/dags/rss_ingestion_dag.py
[2025-06-30T08:22:38.816+0000] {processor.py:840} INFO - DAG(s) 'rss_ingestion_dag' retrieved from /opt/airflow/dags/rss_ingestion_dag.py
[2025-06-30T08:22:38.834+0000] {logging_mixin.py:188} INFO - [2025-06-30T08:22:38.833+0000] {dag.py:3036} INFO - Sync 1 DAGs
[2025-06-30T08:22:38.850+0000] {logging_mixin.py:188} INFO - [2025-06-30T08:22:38.850+0000] {dag.py:3823} INFO - Setting next_dagrun for rss_ingestion_dag to 2025-06-30 08:15:00+00:00, run_after=2025-06-30 08:30:00+00:00
[2025-06-30T08:22:38.864+0000] {processor.py:183} INFO - Processing /opt/airflow/dags/rss_ingestion_dag.py took 0.552 seconds
[2025-06-30T08:23:09.197+0000] {processor.py:161} INFO - Started process (PID=835) to work on /opt/airflow/dags/rss_ingestion_dag.py
[2025-06-30T08:23:09.198+0000] {processor.py:830} INFO - Processing file /opt/airflow/dags/rss_ingestion_dag.py for tasks to queue
[2025-06-30T08:23:09.200+0000] {logging_mixin.py:188} INFO - [2025-06-30T08:23:09.200+0000] {dagbag.py:538} INFO - Filling up the DagBag from /opt/airflow/dags/rss_ingestion_dag.py
[2025-06-30T08:23:09.689+0000] {processor.py:840} INFO - DAG(s) 'rss_ingestion_dag' retrieved from /opt/airflow/dags/rss_ingestion_dag.py
[2025-06-30T08:23:09.708+0000] {logging_mixin.py:188} INFO - [2025-06-30T08:23:09.707+0000] {dag.py:3036} INFO - Sync 1 DAGs
[2025-06-30T08:23:09.725+0000] {logging_mixin.py:188} INFO - [2025-06-30T08:23:09.725+0000] {dag.py:3823} INFO - Setting next_dagrun for rss_ingestion_dag to 2025-06-30 08:15:00+00:00, run_after=2025-06-30 08:30:00+00:00
[2025-06-30T08:23:09.740+0000] {processor.py:183} INFO - Processing /opt/airflow/dags/rss_ingestion_dag.py took 0.546 seconds
[2025-06-30T08:23:40.175+0000] {processor.py:161} INFO - Started process (PID=843) to work on /opt/airflow/dags/rss_ingestion_dag.py
[2025-06-30T08:23:40.177+0000] {processor.py:830} INFO - Processing file /opt/airflow/dags/rss_ingestion_dag.py for tasks to queue
[2025-06-30T08:23:40.179+0000] {logging_mixin.py:188} INFO - [2025-06-30T08:23:40.179+0000] {dagbag.py:538} INFO - Filling up the DagBag from /opt/airflow/dags/rss_ingestion_dag.py
[2025-06-30T08:23:40.694+0000] {processor.py:840} INFO - DAG(s) 'rss_ingestion_dag' retrieved from /opt/airflow/dags/rss_ingestion_dag.py
[2025-06-30T08:23:40.712+0000] {logging_mixin.py:188} INFO - [2025-06-30T08:23:40.712+0000] {dag.py:3036} INFO - Sync 1 DAGs
[2025-06-30T08:23:40.730+0000] {logging_mixin.py:188} INFO - [2025-06-30T08:23:40.730+0000] {dag.py:3823} INFO - Setting next_dagrun for rss_ingestion_dag to 2025-06-30 08:15:00+00:00, run_after=2025-06-30 08:30:00+00:00
[2025-06-30T08:23:40.744+0000] {processor.py:183} INFO - Processing /opt/airflow/dags/rss_ingestion_dag.py took 0.573 seconds
[2025-06-30T08:24:11.213+0000] {processor.py:161} INFO - Started process (PID=851) to work on /opt/airflow/dags/rss_ingestion_dag.py
[2025-06-30T08:24:11.214+0000] {processor.py:830} INFO - Processing file /opt/airflow/dags/rss_ingestion_dag.py for tasks to queue
[2025-06-30T08:24:11.216+0000] {logging_mixin.py:188} INFO - [2025-06-30T08:24:11.216+0000] {dagbag.py:538} INFO - Filling up the DagBag from /opt/airflow/dags/rss_ingestion_dag.py
[2025-06-30T08:24:11.691+0000] {processor.py:840} INFO - DAG(s) 'rss_ingestion_dag' retrieved from /opt/airflow/dags/rss_ingestion_dag.py
[2025-06-30T08:24:11.710+0000] {logging_mixin.py:188} INFO - [2025-06-30T08:24:11.710+0000] {dag.py:3036} INFO - Sync 1 DAGs
[2025-06-30T08:24:11.726+0000] {logging_mixin.py:188} INFO - [2025-06-30T08:24:11.726+0000] {dag.py:3823} INFO - Setting next_dagrun for rss_ingestion_dag to 2025-06-30 08:15:00+00:00, run_after=2025-06-30 08:30:00+00:00
[2025-06-30T08:24:11.741+0000] {processor.py:183} INFO - Processing /opt/airflow/dags/rss_ingestion_dag.py took 0.531 seconds
