[2025-06-09T19:56:40.578+0000] {taskinstance.py:1956} INFO - Dependencies all met for dep_context=non-requeueable deps ti=<TaskInstance: news_ingestion_pipeline.collect_articles manual__2025-06-09T19:56:39.095996+00:00 [queued]>
[2025-06-09T19:56:40.587+0000] {taskinstance.py:1956} INFO - Dependencies all met for dep_context=requeueable deps ti=<TaskInstance: news_ingestion_pipeline.collect_articles manual__2025-06-09T19:56:39.095996+00:00 [queued]>
[2025-06-09T19:56:40.588+0000] {taskinstance.py:2170} INFO - Starting attempt 1 of 2
[2025-06-09T19:56:40.600+0000] {taskinstance.py:2191} INFO - Executing <Task(PythonOperator): collect_articles> on 2025-06-09 19:56:39.095996+00:00
[2025-06-09T19:56:40.605+0000] {standard_task_runner.py:60} INFO - Started process 57 to run task
[2025-06-09T19:56:40.608+0000] {standard_task_runner.py:87} INFO - Running: ['***', 'tasks', 'run', 'news_ingestion_pipeline', 'collect_articles', 'manual__2025-06-09T19:56:39.095996+00:00', '--job-id', '126', '--raw', '--subdir', 'DAGS_FOLDER/rss_scrap_dag.py', '--cfg-path', '/tmp/tmpjhc2ljxz']
[2025-06-09T19:56:40.611+0000] {standard_task_runner.py:88} INFO - Job 126: Subtask collect_articles
[2025-06-09T19:56:40.662+0000] {task_command.py:423} INFO - Running <TaskInstance: news_ingestion_pipeline.collect_articles manual__2025-06-09T19:56:39.095996+00:00 [running]> on host 44e96206a18a
[2025-06-09T19:56:40.726+0000] {taskinstance.py:2480} INFO - Exporting env vars: AIRFLOW_CTX_DAG_OWNER='***' AIRFLOW_CTX_DAG_ID='news_ingestion_pipeline' AIRFLOW_CTX_TASK_ID='collect_articles' AIRFLOW_CTX_EXECUTION_DATE='2025-06-09T19:56:39.095996+00:00' AIRFLOW_CTX_TRY_NUMBER='1' AIRFLOW_CTX_DAG_RUN_ID='manual__2025-06-09T19:56:39.095996+00:00'
[2025-06-09T19:56:41.641+0000] {rss_compile.py:23} INFO - Archivé : rss_articles/rss_20250607T204120_8f816c.json → rss_articles/archived_rss_20250607T204120_8f816c.json
[2025-06-09T19:56:42.070+0000] {rss_compile.py:23} INFO - Archivé : rss_articles/rss_20250608T154831_aab6d0.json → rss_articles/archived_rss_20250608T154831_aab6d0.json
[2025-06-09T19:56:42.429+0000] {rss_compile.py:23} INFO - Archivé : rss_articles/rss_20250608T161501_852157.json → rss_articles/archived_rss_20250608T161501_852157.json
[2025-06-09T19:56:42.723+0000] {rss_compile.py:23} INFO - Archivé : rss_articles/rss_20250608T163001_3708ce.json → rss_articles/archived_rss_20250608T163001_3708ce.json
[2025-06-09T19:56:43.463+0000] {rss_compile.py:23} INFO - Archivé : rss_articles/rss_20250608T173001_a33dae.json → rss_articles/archived_rss_20250608T173001_a33dae.json
[2025-06-09T19:56:43.744+0000] {rss_compile.py:23} INFO - Archivé : rss_articles/rss_20250608T174501_eca12b.json → rss_articles/archived_rss_20250608T174501_eca12b.json
[2025-06-09T19:56:44.190+0000] {rss_compile.py:23} INFO - Archivé : rss_articles/rss_20250608T183001_aa5142.json → rss_articles/archived_rss_20250608T183001_aa5142.json
[2025-06-09T19:56:44.743+0000] {rss_compile.py:23} INFO - Archivé : rss_articles/rss_20250608T191501_f85af9.json → rss_articles/archived_rss_20250608T191501_f85af9.json
[2025-06-09T19:56:45.864+0000] {rss_compile.py:23} INFO - Archivé : rss_articles/rss_20250609T195504_a641f0.json → rss_articles/archived_rss_20250609T195504_a641f0.json
[2025-06-09T19:56:45.864+0000] {rss_compile.py:74} INFO - 9 fichiers traités et archivés.
[2025-06-09T19:56:45.865+0000] {rss_compile.py:75} INFO - 95 articles uniques collectés.
[2025-06-09T19:56:45.888+0000] {python.py:201} INFO - Done. Returned value was: None
[2025-06-09T19:56:45.900+0000] {taskinstance.py:1138} INFO - Marking task as SUCCESS. dag_id=news_ingestion_pipeline, task_id=collect_articles, execution_date=20250609T195639, start_date=20250609T195640, end_date=20250609T195645
[2025-06-09T19:56:45.953+0000] {local_task_job_runner.py:234} INFO - Task exited with return code 0
[2025-06-09T19:56:45.972+0000] {taskinstance.py:3280} INFO - 1 downstream tasks scheduled from follow-on schedule check
