[2025-06-10T08:45:01.622+0000] {taskinstance.py:1956} INFO - Dependencies all met for dep_context=non-requeueable deps ti=<TaskInstance: news_ingestion_pipeline.scrape_content manual__2025-06-10T08:44:49.097910+00:00 [queued]>
[2025-06-10T08:45:01.632+0000] {taskinstance.py:1956} INFO - Dependencies all met for dep_context=requeueable deps ti=<TaskInstance: news_ingestion_pipeline.scrape_content manual__2025-06-10T08:44:49.097910+00:00 [queued]>
[2025-06-10T08:45:01.632+0000] {taskinstance.py:2170} INFO - Starting attempt 1 of 2
[2025-06-10T08:45:01.644+0000] {taskinstance.py:2191} INFO - Executing <Task(PythonOperator): scrape_content> on 2025-06-10 08:44:49.097910+00:00
[2025-06-10T08:45:01.655+0000] {standard_task_runner.py:60} INFO - Started process 135 to run task
[2025-06-10T08:45:01.660+0000] {standard_task_runner.py:87} INFO - Running: ['***', 'tasks', 'run', 'news_ingestion_pipeline', 'scrape_content', 'manual__2025-06-10T08:44:49.097910+00:00', '--job-id', '171', '--raw', '--subdir', 'DAGS_FOLDER/rss_scrap_dag.py', '--cfg-path', '/tmp/tmplo2cjsrc']
[2025-06-10T08:45:01.666+0000] {standard_task_runner.py:88} INFO - Job 171: Subtask scrape_content
[2025-06-10T08:45:01.728+0000] {task_command.py:423} INFO - Running <TaskInstance: news_ingestion_pipeline.scrape_content manual__2025-06-10T08:44:49.097910+00:00 [running]> on host 44e96206a18a
[2025-06-10T08:45:01.798+0000] {taskinstance.py:2480} INFO - Exporting env vars: AIRFLOW_CTX_DAG_OWNER='***' AIRFLOW_CTX_DAG_ID='news_ingestion_pipeline' AIRFLOW_CTX_TASK_ID='scrape_content' AIRFLOW_CTX_EXECUTION_DATE='2025-06-10T08:44:49.097910+00:00' AIRFLOW_CTX_TRY_NUMBER='1' AIRFLOW_CTX_DAG_RUN_ID='manual__2025-06-10T08:44:49.097910+00:00'
[2025-06-10T08:45:02.156+0000] {rss_scrap.py:37} INFO - Scraping : https://www.franceinfo.fr/faits-divers/accident/deux-des-trois-speleologues-coinces-dans-une-grotte-en-isere-en-ont-ete-extraits-l-operation-de-secours-toujours-en-cours_7301211.html#xtor=RSS-3-[lestitres]
[2025-06-10T08:45:02.508+0000] {rss_scrap.py:37} INFO - Scraping : https://www.franceinfo.fr/monde/proche-orient/israel-palestine/ce-que-l-on-sait-de-l-interception-par-israel-du-madleen-a-bord-duquel-rima-hassan-et-greta-thunberg-se-dirigeaient-vers-la-bande-de-gaza_7301673.html#xtor=RSS-3-[lestitres]
[2025-06-10T08:45:02.823+0000] {rss_scrap.py:37} INFO - Scraping : https://www.franceinfo.fr/culture/musique/sly-stone-pionnier-americain-du-funk-est-mort-a-82-ans_7301976.html#xtor=RSS-3-[lestitres]
[2025-06-10T08:45:03.084+0000] {rss_scrap.py:37} INFO - Scraping : https://www.franceinfo.fr/monde/usa/l-etat-de-californie-annonce-poursuivre-en-justice-l-administration-de-donald-trump-apres-sa-decision-d-envoyer-la-garde-nationale-sans-l-aval-du-gouverneur_7301952.html#xtor=RSS-3-[lestitres]
[2025-06-10T08:45:03.410+0000] {rss_scrap.py:37} INFO - Scraping : https://www.franceinfo.fr/monde/bresil/l-ex-president-bresilien-jair-bolsonaro-a-bien-etudie-la-possibilite-de-placer-le-pays-en-etat-de-siege-en-2022-selon-l-un-des-accuses-du-proces-historique-pour-tentative-de-coup-d-etat_7301943.html#xtor=RSS-3-[lestitres]
[2025-06-10T08:45:03.782+0000] {rss_scrap.py:37} INFO - Scraping : https://www.franceinfo.fr/environnement/biodiversite/protection-des-oceans/unoc-conference-sur-l-ocean/sommet-sur-l-ocean-a-nice-la-plus-grande-aire-marine-protegee-du-monde-va-voir-le-jour-en-polynesie-francaise_7302000.html#xtor=RSS-3-[lestitres]
[2025-06-10T08:45:04.081+0000] {rss_scrap.py:37} INFO - Scraping : https://www.franceinfo.fr/environnement/biodiversite/protection-des-oceans/unoc-conference-sur-l-ocean/conference-des-nations-unies-sur-l-ocean-comment-la-france-est-devenue-la-figure-de-proue-du-transport-de-marchandises-a-la-voile_7150959.html#xtor=RSS-3-[lestitres]
[2025-06-10T08:45:04.400+0000] {rss_scrap.py:37} INFO - Scraping : https://www.franceinfo.fr/politique/gouvernement-de-francois-bayrou/moins-producteur-de-lois-plus-souvent-mis-en-minorite-visualisez-en-trois-graphiques-comment-depuis-la-dissolution-le-gouvernement-a-en-partie-perdu-la-main-au-parlement_7291695.html#xtor=RSS-3-[lestitres]
[2025-06-10T08:45:04.732+0000] {rss_scrap.py:37} INFO - Scraping : https://www.franceinfo.fr/monde/proche-orient/israel-palestine/direct-interception-du-navire-humanitaire-madleen-les-militants-ont-ete-transferes-a-l-aeroport-de-tel-aviv-pour-etre-rapatries_7302837.html#xtor=RSS-3-[lestitres]
[2025-06-10T08:45:05.124+0000] {rss_scrap.py:37} INFO - Scraping : https://www.franceinfo.fr/faits-divers/terrorisme/projet-d-attentat-contre-des-musulmans/ils-voulaient-assassiner-des-imams-et-empoisonner-de-la-nourriture-halal-16-membres-d-un-groupuscule-d-extreme-droite-juges-a-partir-de-mardi_7295910.html#xtor=RSS-3-[lestitres]
[2025-06-10T08:45:05.434+0000] {rss_scrap.py:37} INFO - Scraping : https://www.franceinfo.fr/monde/usa/donald-trump-ordonne-l-envoi-de-2-000-reservistes-supplementaires-de-la-garde-nationale-a-los-angeles_7302951.html#xtor=RSS-3-[lestitres]
[2025-06-10T08:45:05.758+0000] {rss_scrap.py:37} INFO - Scraping : https://www.franceinfo.fr/monde/europe/manifestations-en-ukraine/guerre-en-ukraine-un-mort-dans-des-frappes-russes-massives-sur-kiev-et-odessa-une-maternite-touchee_7302888.html#xtor=RSS-3-[lestitres]
[2025-06-10T08:45:06.071+0000] {rss_scrap.py:37} INFO - Scraping : https://www.franceinfo.fr/faits-divers/deux-pompiers-ensevelis-sous-les-decombres-d-un-incendie-a-laon-dans-l-aisne_7302903.html#xtor=RSS-3-[lestitres]
[2025-06-10T08:45:06.376+0000] {rss_scrap.py:37} INFO - Scraping : https://www.franceinfo.fr/sports/auto-moto/formule-1/f1-le-calendrier-2026-devoile-avec-24-grands-prix-au-programme-dont-madrid-en-septembre_7303044.html#xtor=RSS-3-[lestitres]
[2025-06-10T08:45:06.677+0000] {rss_scrap.py:45} INFO - 14 articles enrichis avec le champ 'content'.
[2025-06-10T08:45:07.106+0000] {python.py:201} INFO - Done. Returned value was: None
[2025-06-10T08:45:07.114+0000] {taskinstance.py:1138} INFO - Marking task as SUCCESS. dag_id=news_ingestion_pipeline, task_id=scrape_content, execution_date=20250610T084449, start_date=20250610T084501, end_date=20250610T084507
[2025-06-10T08:45:07.163+0000] {local_task_job_runner.py:234} INFO - Task exited with return code 0
[2025-06-10T08:45:07.178+0000] {taskinstance.py:3280} INFO - 1 downstream tasks scheduled from follow-on schedule check
