[2025-06-13T08:10:41.813+0000] {processor.py:161} INFO - Started process (PID=34) to work on /opt/airflow/dags/score_missing_dag.py
[2025-06-13T08:10:41.815+0000] {processor.py:830} INFO - Processing file /opt/airflow/dags/score_missing_dag.py for tasks to queue
[2025-06-13T08:10:41.819+0000] {logging_mixin.py:188} INFO - [2025-06-13T08:10:41.819+0000] {dagbag.py:538} INFO - Filling up the DagBag from /opt/airflow/dags/score_missing_dag.py
[2025-06-13T08:14:16.445+0000] {processor.py:161} INFO - Started process (PID=33) to work on /opt/airflow/dags/score_missing_dag.py
[2025-06-13T08:14:16.447+0000] {processor.py:830} INFO - Processing file /opt/airflow/dags/score_missing_dag.py for tasks to queue
[2025-06-13T08:14:16.451+0000] {logging_mixin.py:188} INFO - [2025-06-13T08:14:16.450+0000] {dagbag.py:538} INFO - Filling up the DagBag from /opt/airflow/dags/score_missing_dag.py
[2025-06-13T08:14:23.310+0000] {processor.py:840} INFO - DAG(s) 'score_missing_articles_pipeline' retrieved from /opt/airflow/dags/score_missing_dag.py
[2025-06-13T08:14:23.337+0000] {logging_mixin.py:188} INFO - [2025-06-13T08:14:23.336+0000] {dag.py:3036} INFO - Sync 1 DAGs
[2025-06-13T08:14:23.349+0000] {logging_mixin.py:188} INFO - [2025-06-13T08:14:23.349+0000] {dag.py:3823} INFO - Setting next_dagrun for score_missing_articles_pipeline to None, run_after=None
[2025-06-13T08:14:23.394+0000] {processor.py:183} INFO - Processing /opt/airflow/dags/score_missing_dag.py took 6.956 seconds
[2025-06-13T08:14:53.702+0000] {processor.py:161} INFO - Started process (PID=47) to work on /opt/airflow/dags/score_missing_dag.py
[2025-06-13T08:14:53.703+0000] {processor.py:830} INFO - Processing file /opt/airflow/dags/score_missing_dag.py for tasks to queue
[2025-06-13T08:14:53.705+0000] {logging_mixin.py:188} INFO - [2025-06-13T08:14:53.705+0000] {dagbag.py:538} INFO - Filling up the DagBag from /opt/airflow/dags/score_missing_dag.py
[2025-06-13T08:14:57.700+0000] {processor.py:840} INFO - DAG(s) 'score_missing_articles_pipeline' retrieved from /opt/airflow/dags/score_missing_dag.py
[2025-06-13T08:14:57.848+0000] {logging_mixin.py:188} INFO - [2025-06-13T08:14:57.847+0000] {dag.py:3036} INFO - Sync 1 DAGs
[2025-06-13T08:14:57.855+0000] {logging_mixin.py:188} INFO - [2025-06-13T08:14:57.855+0000] {dag.py:3823} INFO - Setting next_dagrun for score_missing_articles_pipeline to None, run_after=None
[2025-06-13T08:14:57.903+0000] {processor.py:183} INFO - Processing /opt/airflow/dags/score_missing_dag.py took 4.205 seconds
[2025-06-13T08:15:28.173+0000] {processor.py:161} INFO - Started process (PID=55) to work on /opt/airflow/dags/score_missing_dag.py
[2025-06-13T08:15:28.174+0000] {processor.py:830} INFO - Processing file /opt/airflow/dags/score_missing_dag.py for tasks to queue
[2025-06-13T08:15:28.176+0000] {logging_mixin.py:188} INFO - [2025-06-13T08:15:28.176+0000] {dagbag.py:538} INFO - Filling up the DagBag from /opt/airflow/dags/score_missing_dag.py
[2025-06-13T08:15:32.158+0000] {processor.py:840} INFO - DAG(s) 'score_missing_articles_pipeline' retrieved from /opt/airflow/dags/score_missing_dag.py
[2025-06-13T08:15:32.176+0000] {logging_mixin.py:188} INFO - [2025-06-13T08:15:32.176+0000] {dag.py:3036} INFO - Sync 1 DAGs
[2025-06-13T08:15:32.186+0000] {logging_mixin.py:188} INFO - [2025-06-13T08:15:32.186+0000] {dag.py:3823} INFO - Setting next_dagrun for score_missing_articles_pipeline to None, run_after=None
[2025-06-13T08:15:32.203+0000] {processor.py:183} INFO - Processing /opt/airflow/dags/score_missing_dag.py took 4.033 seconds
[2025-06-13T08:16:02.781+0000] {processor.py:161} INFO - Started process (PID=63) to work on /opt/airflow/dags/score_missing_dag.py
[2025-06-13T08:16:02.783+0000] {processor.py:830} INFO - Processing file /opt/airflow/dags/score_missing_dag.py for tasks to queue
[2025-06-13T08:16:02.786+0000] {logging_mixin.py:188} INFO - [2025-06-13T08:16:02.786+0000] {dagbag.py:538} INFO - Filling up the DagBag from /opt/airflow/dags/score_missing_dag.py
[2025-06-13T08:16:06.680+0000] {processor.py:840} INFO - DAG(s) 'score_missing_articles_pipeline' retrieved from /opt/airflow/dags/score_missing_dag.py
[2025-06-13T08:16:06.698+0000] {logging_mixin.py:188} INFO - [2025-06-13T08:16:06.698+0000] {dag.py:3036} INFO - Sync 1 DAGs
[2025-06-13T08:16:06.709+0000] {logging_mixin.py:188} INFO - [2025-06-13T08:16:06.708+0000] {dag.py:3823} INFO - Setting next_dagrun for score_missing_articles_pipeline to None, run_after=None
[2025-06-13T08:16:06.725+0000] {processor.py:183} INFO - Processing /opt/airflow/dags/score_missing_dag.py took 3.948 seconds
[2025-06-13T08:16:36.961+0000] {processor.py:161} INFO - Started process (PID=71) to work on /opt/airflow/dags/score_missing_dag.py
[2025-06-13T08:16:36.963+0000] {processor.py:830} INFO - Processing file /opt/airflow/dags/score_missing_dag.py for tasks to queue
[2025-06-13T08:16:36.965+0000] {logging_mixin.py:188} INFO - [2025-06-13T08:16:36.964+0000] {dagbag.py:538} INFO - Filling up the DagBag from /opt/airflow/dags/score_missing_dag.py
[2025-06-13T08:16:41.108+0000] {processor.py:840} INFO - DAG(s) 'score_missing_articles_pipeline' retrieved from /opt/airflow/dags/score_missing_dag.py
[2025-06-13T08:16:41.127+0000] {logging_mixin.py:188} INFO - [2025-06-13T08:16:41.127+0000] {dag.py:3036} INFO - Sync 1 DAGs
[2025-06-13T08:16:41.137+0000] {logging_mixin.py:188} INFO - [2025-06-13T08:16:41.137+0000] {dag.py:3823} INFO - Setting next_dagrun for score_missing_articles_pipeline to None, run_after=None
[2025-06-13T08:16:41.153+0000] {processor.py:183} INFO - Processing /opt/airflow/dags/score_missing_dag.py took 4.196 seconds
[2025-06-13T08:17:11.592+0000] {processor.py:161} INFO - Started process (PID=79) to work on /opt/airflow/dags/score_missing_dag.py
[2025-06-13T08:17:11.593+0000] {processor.py:830} INFO - Processing file /opt/airflow/dags/score_missing_dag.py for tasks to queue
[2025-06-13T08:17:11.596+0000] {logging_mixin.py:188} INFO - [2025-06-13T08:17:11.595+0000] {dagbag.py:538} INFO - Filling up the DagBag from /opt/airflow/dags/score_missing_dag.py
[2025-06-13T08:17:15.642+0000] {processor.py:840} INFO - DAG(s) 'score_missing_articles_pipeline' retrieved from /opt/airflow/dags/score_missing_dag.py
[2025-06-13T08:17:15.662+0000] {logging_mixin.py:188} INFO - [2025-06-13T08:17:15.661+0000] {dag.py:3036} INFO - Sync 1 DAGs
[2025-06-13T08:17:15.671+0000] {logging_mixin.py:188} INFO - [2025-06-13T08:17:15.671+0000] {dag.py:3823} INFO - Setting next_dagrun for score_missing_articles_pipeline to None, run_after=None
[2025-06-13T08:17:15.687+0000] {processor.py:183} INFO - Processing /opt/airflow/dags/score_missing_dag.py took 4.099 seconds
[2025-06-13T08:17:45.974+0000] {processor.py:161} INFO - Started process (PID=87) to work on /opt/airflow/dags/score_missing_dag.py
[2025-06-13T08:17:45.976+0000] {processor.py:830} INFO - Processing file /opt/airflow/dags/score_missing_dag.py for tasks to queue
[2025-06-13T08:17:45.979+0000] {logging_mixin.py:188} INFO - [2025-06-13T08:17:45.979+0000] {dagbag.py:538} INFO - Filling up the DagBag from /opt/airflow/dags/score_missing_dag.py
[2025-06-13T08:17:51.694+0000] {processor.py:840} INFO - DAG(s) 'score_missing_articles_pipeline' retrieved from /opt/airflow/dags/score_missing_dag.py
[2025-06-13T08:17:51.719+0000] {logging_mixin.py:188} INFO - [2025-06-13T08:17:51.716+0000] {dag.py:3036} INFO - Sync 1 DAGs
[2025-06-13T08:17:51.730+0000] {logging_mixin.py:188} INFO - [2025-06-13T08:17:51.730+0000] {dag.py:3823} INFO - Setting next_dagrun for score_missing_articles_pipeline to None, run_after=None
[2025-06-13T08:17:51.768+0000] {processor.py:183} INFO - Processing /opt/airflow/dags/score_missing_dag.py took 5.801 seconds
[2025-06-13T08:18:22.208+0000] {processor.py:161} INFO - Started process (PID=95) to work on /opt/airflow/dags/score_missing_dag.py
[2025-06-13T08:18:22.210+0000] {processor.py:830} INFO - Processing file /opt/airflow/dags/score_missing_dag.py for tasks to queue
[2025-06-13T08:18:22.214+0000] {logging_mixin.py:188} INFO - [2025-06-13T08:18:22.213+0000] {dagbag.py:538} INFO - Filling up the DagBag from /opt/airflow/dags/score_missing_dag.py
[2025-06-13T08:18:26.633+0000] {processor.py:840} INFO - DAG(s) 'score_missing_articles_pipeline' retrieved from /opt/airflow/dags/score_missing_dag.py
[2025-06-13T08:18:26.662+0000] {logging_mixin.py:188} INFO - [2025-06-13T08:18:26.661+0000] {dag.py:3036} INFO - Sync 1 DAGs
[2025-06-13T08:18:26.679+0000] {logging_mixin.py:188} INFO - [2025-06-13T08:18:26.679+0000] {dag.py:3823} INFO - Setting next_dagrun for score_missing_articles_pipeline to None, run_after=None
[2025-06-13T08:18:26.706+0000] {processor.py:183} INFO - Processing /opt/airflow/dags/score_missing_dag.py took 4.501 seconds
[2025-06-13T08:18:57.017+0000] {processor.py:161} INFO - Started process (PID=103) to work on /opt/airflow/dags/score_missing_dag.py
[2025-06-13T08:18:57.019+0000] {processor.py:830} INFO - Processing file /opt/airflow/dags/score_missing_dag.py for tasks to queue
[2025-06-13T08:18:57.021+0000] {logging_mixin.py:188} INFO - [2025-06-13T08:18:57.021+0000] {dagbag.py:538} INFO - Filling up the DagBag from /opt/airflow/dags/score_missing_dag.py
[2025-06-13T08:19:01.467+0000] {processor.py:840} INFO - DAG(s) 'score_missing_articles_pipeline' retrieved from /opt/airflow/dags/score_missing_dag.py
[2025-06-13T08:19:01.488+0000] {logging_mixin.py:188} INFO - [2025-06-13T08:19:01.487+0000] {dag.py:3036} INFO - Sync 1 DAGs
[2025-06-13T08:19:01.497+0000] {logging_mixin.py:188} INFO - [2025-06-13T08:19:01.497+0000] {dag.py:3823} INFO - Setting next_dagrun for score_missing_articles_pipeline to None, run_after=None
[2025-06-13T08:19:01.515+0000] {processor.py:183} INFO - Processing /opt/airflow/dags/score_missing_dag.py took 4.503 seconds
[2025-06-13T08:19:31.637+0000] {processor.py:161} INFO - Started process (PID=117) to work on /opt/airflow/dags/score_missing_dag.py
[2025-06-13T08:19:31.638+0000] {processor.py:830} INFO - Processing file /opt/airflow/dags/score_missing_dag.py for tasks to queue
[2025-06-13T08:19:31.640+0000] {logging_mixin.py:188} INFO - [2025-06-13T08:19:31.640+0000] {dagbag.py:538} INFO - Filling up the DagBag from /opt/airflow/dags/score_missing_dag.py
[2025-06-13T08:19:35.624+0000] {processor.py:840} INFO - DAG(s) 'score_missing_articles_pipeline' retrieved from /opt/airflow/dags/score_missing_dag.py
[2025-06-13T08:19:35.642+0000] {logging_mixin.py:188} INFO - [2025-06-13T08:19:35.642+0000] {dag.py:3036} INFO - Sync 1 DAGs
[2025-06-13T08:19:35.652+0000] {logging_mixin.py:188} INFO - [2025-06-13T08:19:35.652+0000] {dag.py:3823} INFO - Setting next_dagrun for score_missing_articles_pipeline to None, run_after=None
[2025-06-13T08:19:35.670+0000] {processor.py:183} INFO - Processing /opt/airflow/dags/score_missing_dag.py took 4.036 seconds
[2025-06-13T08:20:06.319+0000] {processor.py:161} INFO - Started process (PID=125) to work on /opt/airflow/dags/score_missing_dag.py
[2025-06-13T08:20:06.320+0000] {processor.py:830} INFO - Processing file /opt/airflow/dags/score_missing_dag.py for tasks to queue
[2025-06-13T08:20:06.322+0000] {logging_mixin.py:188} INFO - [2025-06-13T08:20:06.322+0000] {dagbag.py:538} INFO - Filling up the DagBag from /opt/airflow/dags/score_missing_dag.py
[2025-06-13T08:20:10.322+0000] {processor.py:840} INFO - DAG(s) 'score_missing_articles_pipeline' retrieved from /opt/airflow/dags/score_missing_dag.py
[2025-06-13T08:20:10.343+0000] {logging_mixin.py:188} INFO - [2025-06-13T08:20:10.343+0000] {dag.py:3036} INFO - Sync 1 DAGs
[2025-06-13T08:20:10.352+0000] {logging_mixin.py:188} INFO - [2025-06-13T08:20:10.352+0000] {dag.py:3823} INFO - Setting next_dagrun for score_missing_articles_pipeline to None, run_after=None
[2025-06-13T08:20:10.369+0000] {processor.py:183} INFO - Processing /opt/airflow/dags/score_missing_dag.py took 4.054 seconds
[2025-06-13T08:20:40.853+0000] {processor.py:161} INFO - Started process (PID=133) to work on /opt/airflow/dags/score_missing_dag.py
[2025-06-13T08:20:40.855+0000] {processor.py:830} INFO - Processing file /opt/airflow/dags/score_missing_dag.py for tasks to queue
[2025-06-13T08:20:40.858+0000] {logging_mixin.py:188} INFO - [2025-06-13T08:20:40.858+0000] {dagbag.py:538} INFO - Filling up the DagBag from /opt/airflow/dags/score_missing_dag.py
[2025-06-13T08:20:44.994+0000] {processor.py:840} INFO - DAG(s) 'score_missing_articles_pipeline' retrieved from /opt/airflow/dags/score_missing_dag.py
[2025-06-13T08:20:45.011+0000] {logging_mixin.py:188} INFO - [2025-06-13T08:20:45.011+0000] {dag.py:3036} INFO - Sync 1 DAGs
[2025-06-13T08:20:45.020+0000] {logging_mixin.py:188} INFO - [2025-06-13T08:20:45.020+0000] {dag.py:3823} INFO - Setting next_dagrun for score_missing_articles_pipeline to None, run_after=None
[2025-06-13T08:20:45.035+0000] {processor.py:183} INFO - Processing /opt/airflow/dags/score_missing_dag.py took 4.187 seconds
[2025-06-13T08:21:15.507+0000] {processor.py:161} INFO - Started process (PID=141) to work on /opt/airflow/dags/score_missing_dag.py
[2025-06-13T08:21:15.508+0000] {processor.py:830} INFO - Processing file /opt/airflow/dags/score_missing_dag.py for tasks to queue
[2025-06-13T08:21:15.510+0000] {logging_mixin.py:188} INFO - [2025-06-13T08:21:15.510+0000] {dagbag.py:538} INFO - Filling up the DagBag from /opt/airflow/dags/score_missing_dag.py
[2025-06-13T08:21:19.439+0000] {processor.py:840} INFO - DAG(s) 'score_missing_articles_pipeline' retrieved from /opt/airflow/dags/score_missing_dag.py
[2025-06-13T08:21:19.458+0000] {logging_mixin.py:188} INFO - [2025-06-13T08:21:19.458+0000] {dag.py:3036} INFO - Sync 1 DAGs
[2025-06-13T08:21:19.469+0000] {logging_mixin.py:188} INFO - [2025-06-13T08:21:19.469+0000] {dag.py:3823} INFO - Setting next_dagrun for score_missing_articles_pipeline to None, run_after=None
[2025-06-13T08:21:19.486+0000] {processor.py:183} INFO - Processing /opt/airflow/dags/score_missing_dag.py took 3.985 seconds
[2025-06-13T08:21:50.037+0000] {processor.py:161} INFO - Started process (PID=149) to work on /opt/airflow/dags/score_missing_dag.py
[2025-06-13T08:21:50.039+0000] {processor.py:830} INFO - Processing file /opt/airflow/dags/score_missing_dag.py for tasks to queue
[2025-06-13T08:21:50.041+0000] {logging_mixin.py:188} INFO - [2025-06-13T08:21:50.040+0000] {dagbag.py:538} INFO - Filling up the DagBag from /opt/airflow/dags/score_missing_dag.py
[2025-06-13T08:21:54.130+0000] {processor.py:840} INFO - DAG(s) 'score_missing_articles_pipeline' retrieved from /opt/airflow/dags/score_missing_dag.py
[2025-06-13T08:21:54.149+0000] {logging_mixin.py:188} INFO - [2025-06-13T08:21:54.149+0000] {dag.py:3036} INFO - Sync 1 DAGs
[2025-06-13T08:21:54.159+0000] {logging_mixin.py:188} INFO - [2025-06-13T08:21:54.158+0000] {dag.py:3823} INFO - Setting next_dagrun for score_missing_articles_pipeline to None, run_after=None
[2025-06-13T08:21:54.177+0000] {processor.py:183} INFO - Processing /opt/airflow/dags/score_missing_dag.py took 4.143 seconds
[2025-06-13T08:22:24.571+0000] {processor.py:161} INFO - Started process (PID=157) to work on /opt/airflow/dags/score_missing_dag.py
[2025-06-13T08:22:24.573+0000] {processor.py:830} INFO - Processing file /opt/airflow/dags/score_missing_dag.py for tasks to queue
[2025-06-13T08:22:24.575+0000] {logging_mixin.py:188} INFO - [2025-06-13T08:22:24.575+0000] {dagbag.py:538} INFO - Filling up the DagBag from /opt/airflow/dags/score_missing_dag.py
[2025-06-13T08:22:28.756+0000] {processor.py:840} INFO - DAG(s) 'score_missing_articles_pipeline' retrieved from /opt/airflow/dags/score_missing_dag.py
[2025-06-13T08:22:28.776+0000] {logging_mixin.py:188} INFO - [2025-06-13T08:22:28.776+0000] {dag.py:3036} INFO - Sync 1 DAGs
[2025-06-13T08:22:28.786+0000] {logging_mixin.py:188} INFO - [2025-06-13T08:22:28.785+0000] {dag.py:3823} INFO - Setting next_dagrun for score_missing_articles_pipeline to None, run_after=None
[2025-06-13T08:22:28.802+0000] {processor.py:183} INFO - Processing /opt/airflow/dags/score_missing_dag.py took 4.234 seconds
[2025-06-13T08:22:59.589+0000] {processor.py:161} INFO - Started process (PID=165) to work on /opt/airflow/dags/score_missing_dag.py
[2025-06-13T08:22:59.590+0000] {processor.py:830} INFO - Processing file /opt/airflow/dags/score_missing_dag.py for tasks to queue
[2025-06-13T08:22:59.593+0000] {logging_mixin.py:188} INFO - [2025-06-13T08:22:59.592+0000] {dagbag.py:538} INFO - Filling up the DagBag from /opt/airflow/dags/score_missing_dag.py
[2025-06-13T08:23:03.821+0000] {processor.py:840} INFO - DAG(s) 'score_missing_articles_pipeline' retrieved from /opt/airflow/dags/score_missing_dag.py
[2025-06-13T08:23:03.840+0000] {logging_mixin.py:188} INFO - [2025-06-13T08:23:03.840+0000] {dag.py:3036} INFO - Sync 1 DAGs
[2025-06-13T08:23:03.851+0000] {logging_mixin.py:188} INFO - [2025-06-13T08:23:03.851+0000] {dag.py:3823} INFO - Setting next_dagrun for score_missing_articles_pipeline to None, run_after=None
[2025-06-13T08:23:03.869+0000] {processor.py:183} INFO - Processing /opt/airflow/dags/score_missing_dag.py took 4.284 seconds
[2025-06-13T08:23:34.613+0000] {processor.py:161} INFO - Started process (PID=173) to work on /opt/airflow/dags/score_missing_dag.py
[2025-06-13T08:23:34.615+0000] {processor.py:830} INFO - Processing file /opt/airflow/dags/score_missing_dag.py for tasks to queue
[2025-06-13T08:23:34.617+0000] {logging_mixin.py:188} INFO - [2025-06-13T08:23:34.617+0000] {dagbag.py:538} INFO - Filling up the DagBag from /opt/airflow/dags/score_missing_dag.py
[2025-06-13T08:23:38.624+0000] {processor.py:840} INFO - DAG(s) 'score_missing_articles_pipeline' retrieved from /opt/airflow/dags/score_missing_dag.py
[2025-06-13T08:23:38.643+0000] {logging_mixin.py:188} INFO - [2025-06-13T08:23:38.642+0000] {dag.py:3036} INFO - Sync 1 DAGs
[2025-06-13T08:23:38.651+0000] {logging_mixin.py:188} INFO - [2025-06-13T08:23:38.651+0000] {dag.py:3823} INFO - Setting next_dagrun for score_missing_articles_pipeline to None, run_after=None
[2025-06-13T08:23:38.667+0000] {processor.py:183} INFO - Processing /opt/airflow/dags/score_missing_dag.py took 4.058 seconds
[2025-06-13T08:24:08.980+0000] {processor.py:161} INFO - Started process (PID=183) to work on /opt/airflow/dags/score_missing_dag.py
[2025-06-13T08:24:08.981+0000] {processor.py:830} INFO - Processing file /opt/airflow/dags/score_missing_dag.py for tasks to queue
[2025-06-13T08:24:08.983+0000] {logging_mixin.py:188} INFO - [2025-06-13T08:24:08.983+0000] {dagbag.py:538} INFO - Filling up the DagBag from /opt/airflow/dags/score_missing_dag.py
[2025-06-13T08:24:13.333+0000] {processor.py:840} INFO - DAG(s) 'score_missing_articles_pipeline' retrieved from /opt/airflow/dags/score_missing_dag.py
[2025-06-13T08:24:13.357+0000] {logging_mixin.py:188} INFO - [2025-06-13T08:24:13.356+0000] {dag.py:3036} INFO - Sync 1 DAGs
[2025-06-13T08:24:13.369+0000] {logging_mixin.py:188} INFO - [2025-06-13T08:24:13.369+0000] {dag.py:3823} INFO - Setting next_dagrun for score_missing_articles_pipeline to None, run_after=None
[2025-06-13T08:24:13.391+0000] {processor.py:183} INFO - Processing /opt/airflow/dags/score_missing_dag.py took 4.415 seconds
[2025-06-13T08:24:43.969+0000] {processor.py:161} INFO - Started process (PID=195) to work on /opt/airflow/dags/score_missing_dag.py
[2025-06-13T08:24:43.970+0000] {processor.py:830} INFO - Processing file /opt/airflow/dags/score_missing_dag.py for tasks to queue
[2025-06-13T08:24:43.972+0000] {logging_mixin.py:188} INFO - [2025-06-13T08:24:43.972+0000] {dagbag.py:538} INFO - Filling up the DagBag from /opt/airflow/dags/score_missing_dag.py
[2025-06-13T08:24:48.075+0000] {processor.py:840} INFO - DAG(s) 'score_missing_articles_pipeline' retrieved from /opt/airflow/dags/score_missing_dag.py
[2025-06-13T08:24:48.096+0000] {logging_mixin.py:188} INFO - [2025-06-13T08:24:48.095+0000] {dag.py:3036} INFO - Sync 1 DAGs
[2025-06-13T08:24:48.105+0000] {logging_mixin.py:188} INFO - [2025-06-13T08:24:48.104+0000] {dag.py:3823} INFO - Setting next_dagrun for score_missing_articles_pipeline to None, run_after=None
[2025-06-13T08:24:48.122+0000] {processor.py:183} INFO - Processing /opt/airflow/dags/score_missing_dag.py took 4.158 seconds
[2025-06-13T08:25:18.587+0000] {processor.py:161} INFO - Started process (PID=203) to work on /opt/airflow/dags/score_missing_dag.py
[2025-06-13T08:25:18.588+0000] {processor.py:830} INFO - Processing file /opt/airflow/dags/score_missing_dag.py for tasks to queue
[2025-06-13T08:25:18.591+0000] {logging_mixin.py:188} INFO - [2025-06-13T08:25:18.590+0000] {dagbag.py:538} INFO - Filling up the DagBag from /opt/airflow/dags/score_missing_dag.py
[2025-06-13T08:25:23.650+0000] {processor.py:840} INFO - DAG(s) 'score_missing_articles_pipeline' retrieved from /opt/airflow/dags/score_missing_dag.py
[2025-06-13T08:25:23.672+0000] {logging_mixin.py:188} INFO - [2025-06-13T08:25:23.671+0000] {dag.py:3036} INFO - Sync 1 DAGs
[2025-06-13T08:25:23.683+0000] {logging_mixin.py:188} INFO - [2025-06-13T08:25:23.683+0000] {dag.py:3823} INFO - Setting next_dagrun for score_missing_articles_pipeline to None, run_after=None
[2025-06-13T08:25:23.700+0000] {processor.py:183} INFO - Processing /opt/airflow/dags/score_missing_dag.py took 5.116 seconds
[2025-06-13T08:25:54.179+0000] {processor.py:161} INFO - Started process (PID=211) to work on /opt/airflow/dags/score_missing_dag.py
[2025-06-13T08:25:54.180+0000] {processor.py:830} INFO - Processing file /opt/airflow/dags/score_missing_dag.py for tasks to queue
[2025-06-13T08:25:54.183+0000] {logging_mixin.py:188} INFO - [2025-06-13T08:25:54.182+0000] {dagbag.py:538} INFO - Filling up the DagBag from /opt/airflow/dags/score_missing_dag.py
[2025-06-13T08:25:58.214+0000] {processor.py:840} INFO - DAG(s) 'score_missing_articles_pipeline' retrieved from /opt/airflow/dags/score_missing_dag.py
[2025-06-13T08:25:58.232+0000] {logging_mixin.py:188} INFO - [2025-06-13T08:25:58.232+0000] {dag.py:3036} INFO - Sync 1 DAGs
[2025-06-13T08:25:58.241+0000] {logging_mixin.py:188} INFO - [2025-06-13T08:25:58.241+0000] {dag.py:3823} INFO - Setting next_dagrun for score_missing_articles_pipeline to None, run_after=None
[2025-06-13T08:25:58.260+0000] {processor.py:183} INFO - Processing /opt/airflow/dags/score_missing_dag.py took 4.085 seconds
[2025-06-13T08:26:28.471+0000] {processor.py:161} INFO - Started process (PID=219) to work on /opt/airflow/dags/score_missing_dag.py
[2025-06-13T08:26:28.473+0000] {processor.py:830} INFO - Processing file /opt/airflow/dags/score_missing_dag.py for tasks to queue
[2025-06-13T08:26:28.475+0000] {logging_mixin.py:188} INFO - [2025-06-13T08:26:28.475+0000] {dagbag.py:538} INFO - Filling up the DagBag from /opt/airflow/dags/score_missing_dag.py
[2025-06-13T08:26:32.988+0000] {processor.py:840} INFO - DAG(s) 'score_missing_articles_pipeline' retrieved from /opt/airflow/dags/score_missing_dag.py
[2025-06-13T08:26:33.008+0000] {logging_mixin.py:188} INFO - [2025-06-13T08:26:33.007+0000] {dag.py:3036} INFO - Sync 1 DAGs
[2025-06-13T08:26:33.019+0000] {logging_mixin.py:188} INFO - [2025-06-13T08:26:33.018+0000] {dag.py:3823} INFO - Setting next_dagrun for score_missing_articles_pipeline to None, run_after=None
[2025-06-13T08:26:33.035+0000] {processor.py:183} INFO - Processing /opt/airflow/dags/score_missing_dag.py took 4.569 seconds
[2025-06-13T08:27:03.370+0000] {processor.py:161} INFO - Started process (PID=227) to work on /opt/airflow/dags/score_missing_dag.py
[2025-06-13T08:27:03.371+0000] {processor.py:830} INFO - Processing file /opt/airflow/dags/score_missing_dag.py for tasks to queue
[2025-06-13T08:27:03.374+0000] {logging_mixin.py:188} INFO - [2025-06-13T08:27:03.373+0000] {dagbag.py:538} INFO - Filling up the DagBag from /opt/airflow/dags/score_missing_dag.py
[2025-06-13T08:27:07.596+0000] {processor.py:840} INFO - DAG(s) 'score_missing_articles_pipeline' retrieved from /opt/airflow/dags/score_missing_dag.py
[2025-06-13T08:27:07.615+0000] {logging_mixin.py:188} INFO - [2025-06-13T08:27:07.615+0000] {dag.py:3036} INFO - Sync 1 DAGs
[2025-06-13T08:27:07.624+0000] {logging_mixin.py:188} INFO - [2025-06-13T08:27:07.624+0000] {dag.py:3823} INFO - Setting next_dagrun for score_missing_articles_pipeline to None, run_after=None
[2025-06-13T08:27:07.642+0000] {processor.py:183} INFO - Processing /opt/airflow/dags/score_missing_dag.py took 4.276 seconds
[2025-06-13T08:27:38.019+0000] {processor.py:161} INFO - Started process (PID=235) to work on /opt/airflow/dags/score_missing_dag.py
[2025-06-13T08:27:38.021+0000] {processor.py:830} INFO - Processing file /opt/airflow/dags/score_missing_dag.py for tasks to queue
[2025-06-13T08:27:38.023+0000] {logging_mixin.py:188} INFO - [2025-06-13T08:27:38.023+0000] {dagbag.py:538} INFO - Filling up the DagBag from /opt/airflow/dags/score_missing_dag.py
[2025-06-13T08:27:41.999+0000] {processor.py:840} INFO - DAG(s) 'score_missing_articles_pipeline' retrieved from /opt/airflow/dags/score_missing_dag.py
[2025-06-13T08:27:42.018+0000] {logging_mixin.py:188} INFO - [2025-06-13T08:27:42.018+0000] {dag.py:3036} INFO - Sync 1 DAGs
[2025-06-13T08:27:42.028+0000] {logging_mixin.py:188} INFO - [2025-06-13T08:27:42.028+0000] {dag.py:3823} INFO - Setting next_dagrun for score_missing_articles_pipeline to None, run_after=None
[2025-06-13T08:27:42.044+0000] {processor.py:183} INFO - Processing /opt/airflow/dags/score_missing_dag.py took 4.029 seconds
[2025-06-13T08:28:12.949+0000] {processor.py:161} INFO - Started process (PID=243) to work on /opt/airflow/dags/score_missing_dag.py
[2025-06-13T08:28:12.950+0000] {processor.py:830} INFO - Processing file /opt/airflow/dags/score_missing_dag.py for tasks to queue
[2025-06-13T08:28:12.953+0000] {logging_mixin.py:188} INFO - [2025-06-13T08:28:12.953+0000] {dagbag.py:538} INFO - Filling up the DagBag from /opt/airflow/dags/score_missing_dag.py
[2025-06-13T08:28:17.225+0000] {processor.py:840} INFO - DAG(s) 'score_missing_articles_pipeline' retrieved from /opt/airflow/dags/score_missing_dag.py
[2025-06-13T08:28:17.243+0000] {logging_mixin.py:188} INFO - [2025-06-13T08:28:17.243+0000] {dag.py:3036} INFO - Sync 1 DAGs
[2025-06-13T08:28:17.252+0000] {logging_mixin.py:188} INFO - [2025-06-13T08:28:17.252+0000] {dag.py:3823} INFO - Setting next_dagrun for score_missing_articles_pipeline to None, run_after=None
[2025-06-13T08:28:17.269+0000] {processor.py:183} INFO - Processing /opt/airflow/dags/score_missing_dag.py took 4.324 seconds
[2025-06-13T08:28:48.180+0000] {processor.py:161} INFO - Started process (PID=251) to work on /opt/airflow/dags/score_missing_dag.py
[2025-06-13T08:28:48.181+0000] {processor.py:830} INFO - Processing file /opt/airflow/dags/score_missing_dag.py for tasks to queue
[2025-06-13T08:28:48.183+0000] {logging_mixin.py:188} INFO - [2025-06-13T08:28:48.183+0000] {dagbag.py:538} INFO - Filling up the DagBag from /opt/airflow/dags/score_missing_dag.py
[2025-06-13T08:28:52.665+0000] {processor.py:840} INFO - DAG(s) 'score_missing_articles_pipeline' retrieved from /opt/airflow/dags/score_missing_dag.py
[2025-06-13T08:28:52.686+0000] {logging_mixin.py:188} INFO - [2025-06-13T08:28:52.685+0000] {dag.py:3036} INFO - Sync 1 DAGs
[2025-06-13T08:28:52.697+0000] {logging_mixin.py:188} INFO - [2025-06-13T08:28:52.697+0000] {dag.py:3823} INFO - Setting next_dagrun for score_missing_articles_pipeline to None, run_after=None
[2025-06-13T08:28:52.715+0000] {processor.py:183} INFO - Processing /opt/airflow/dags/score_missing_dag.py took 4.539 seconds
[2025-06-13T08:29:23.051+0000] {processor.py:161} INFO - Started process (PID=263) to work on /opt/airflow/dags/score_missing_dag.py
[2025-06-13T08:29:23.052+0000] {processor.py:830} INFO - Processing file /opt/airflow/dags/score_missing_dag.py for tasks to queue
[2025-06-13T08:29:23.054+0000] {logging_mixin.py:188} INFO - [2025-06-13T08:29:23.054+0000] {dagbag.py:538} INFO - Filling up the DagBag from /opt/airflow/dags/score_missing_dag.py
[2025-06-13T08:29:28.026+0000] {processor.py:840} INFO - DAG(s) 'score_missing_articles_pipeline' retrieved from /opt/airflow/dags/score_missing_dag.py
[2025-06-13T08:29:28.047+0000] {logging_mixin.py:188} INFO - [2025-06-13T08:29:28.046+0000] {dag.py:3036} INFO - Sync 1 DAGs
[2025-06-13T08:29:28.057+0000] {logging_mixin.py:188} INFO - [2025-06-13T08:29:28.057+0000] {dag.py:3823} INFO - Setting next_dagrun for score_missing_articles_pipeline to None, run_after=None
[2025-06-13T08:29:28.076+0000] {processor.py:183} INFO - Processing /opt/airflow/dags/score_missing_dag.py took 5.028 seconds
[2025-06-13T08:29:58.874+0000] {processor.py:161} INFO - Started process (PID=273) to work on /opt/airflow/dags/score_missing_dag.py
[2025-06-13T08:29:58.876+0000] {processor.py:830} INFO - Processing file /opt/airflow/dags/score_missing_dag.py for tasks to queue
[2025-06-13T08:29:58.878+0000] {logging_mixin.py:188} INFO - [2025-06-13T08:29:58.878+0000] {dagbag.py:538} INFO - Filling up the DagBag from /opt/airflow/dags/score_missing_dag.py
[2025-06-13T08:30:03.458+0000] {processor.py:840} INFO - DAG(s) 'score_missing_articles_pipeline' retrieved from /opt/airflow/dags/score_missing_dag.py
[2025-06-13T08:30:03.478+0000] {logging_mixin.py:188} INFO - [2025-06-13T08:30:03.478+0000] {dag.py:3036} INFO - Sync 1 DAGs
[2025-06-13T08:30:03.489+0000] {logging_mixin.py:188} INFO - [2025-06-13T08:30:03.488+0000] {dag.py:3823} INFO - Setting next_dagrun for score_missing_articles_pipeline to None, run_after=None
[2025-06-13T08:30:03.505+0000] {processor.py:183} INFO - Processing /opt/airflow/dags/score_missing_dag.py took 4.636 seconds
[2025-06-13T08:30:33.859+0000] {processor.py:161} INFO - Started process (PID=281) to work on /opt/airflow/dags/score_missing_dag.py
[2025-06-13T08:30:33.861+0000] {processor.py:830} INFO - Processing file /opt/airflow/dags/score_missing_dag.py for tasks to queue
[2025-06-13T08:30:33.863+0000] {logging_mixin.py:188} INFO - [2025-06-13T08:30:33.862+0000] {dagbag.py:538} INFO - Filling up the DagBag from /opt/airflow/dags/score_missing_dag.py
[2025-06-13T08:30:37.985+0000] {processor.py:840} INFO - DAG(s) 'score_missing_articles_pipeline' retrieved from /opt/airflow/dags/score_missing_dag.py
[2025-06-13T08:30:38.005+0000] {logging_mixin.py:188} INFO - [2025-06-13T08:30:38.005+0000] {dag.py:3036} INFO - Sync 1 DAGs
[2025-06-13T08:30:38.015+0000] {logging_mixin.py:188} INFO - [2025-06-13T08:30:38.015+0000] {dag.py:3823} INFO - Setting next_dagrun for score_missing_articles_pipeline to None, run_after=None
[2025-06-13T08:30:38.362+0000] {processor.py:183} INFO - Processing /opt/airflow/dags/score_missing_dag.py took 4.506 seconds
[2025-06-13T08:31:08.992+0000] {processor.py:161} INFO - Started process (PID=289) to work on /opt/airflow/dags/score_missing_dag.py
[2025-06-13T08:31:08.993+0000] {processor.py:830} INFO - Processing file /opt/airflow/dags/score_missing_dag.py for tasks to queue
[2025-06-13T08:31:08.995+0000] {logging_mixin.py:188} INFO - [2025-06-13T08:31:08.995+0000] {dagbag.py:538} INFO - Filling up the DagBag from /opt/airflow/dags/score_missing_dag.py
[2025-06-13T08:31:13.430+0000] {processor.py:840} INFO - DAG(s) 'score_missing_articles_pipeline' retrieved from /opt/airflow/dags/score_missing_dag.py
[2025-06-13T08:31:13.451+0000] {logging_mixin.py:188} INFO - [2025-06-13T08:31:13.450+0000] {dag.py:3036} INFO - Sync 1 DAGs
[2025-06-13T08:31:13.461+0000] {logging_mixin.py:188} INFO - [2025-06-13T08:31:13.461+0000] {dag.py:3823} INFO - Setting next_dagrun for score_missing_articles_pipeline to None, run_after=None
[2025-06-13T08:31:13.477+0000] {processor.py:183} INFO - Processing /opt/airflow/dags/score_missing_dag.py took 4.490 seconds
[2025-06-13T08:31:43.652+0000] {processor.py:161} INFO - Started process (PID=297) to work on /opt/airflow/dags/score_missing_dag.py
[2025-06-13T08:31:43.653+0000] {processor.py:830} INFO - Processing file /opt/airflow/dags/score_missing_dag.py for tasks to queue
[2025-06-13T08:31:43.655+0000] {logging_mixin.py:188} INFO - [2025-06-13T08:31:43.655+0000] {dagbag.py:538} INFO - Filling up the DagBag from /opt/airflow/dags/score_missing_dag.py
[2025-06-13T08:31:47.683+0000] {processor.py:840} INFO - DAG(s) 'score_missing_articles_pipeline' retrieved from /opt/airflow/dags/score_missing_dag.py
[2025-06-13T08:31:47.703+0000] {logging_mixin.py:188} INFO - [2025-06-13T08:31:47.702+0000] {dag.py:3036} INFO - Sync 1 DAGs
[2025-06-13T08:31:47.712+0000] {logging_mixin.py:188} INFO - [2025-06-13T08:31:47.712+0000] {dag.py:3823} INFO - Setting next_dagrun for score_missing_articles_pipeline to None, run_after=None
[2025-06-13T08:31:47.729+0000] {processor.py:183} INFO - Processing /opt/airflow/dags/score_missing_dag.py took 4.081 seconds
[2025-06-13T08:32:18.264+0000] {processor.py:161} INFO - Started process (PID=305) to work on /opt/airflow/dags/score_missing_dag.py
[2025-06-13T08:32:18.266+0000] {processor.py:830} INFO - Processing file /opt/airflow/dags/score_missing_dag.py for tasks to queue
[2025-06-13T08:32:18.268+0000] {logging_mixin.py:188} INFO - [2025-06-13T08:32:18.268+0000] {dagbag.py:538} INFO - Filling up the DagBag from /opt/airflow/dags/score_missing_dag.py
[2025-06-13T08:32:22.365+0000] {processor.py:840} INFO - DAG(s) 'score_missing_articles_pipeline' retrieved from /opt/airflow/dags/score_missing_dag.py
[2025-06-13T08:32:22.384+0000] {logging_mixin.py:188} INFO - [2025-06-13T08:32:22.384+0000] {dag.py:3036} INFO - Sync 1 DAGs
[2025-06-13T08:32:22.394+0000] {logging_mixin.py:188} INFO - [2025-06-13T08:32:22.393+0000] {dag.py:3823} INFO - Setting next_dagrun for score_missing_articles_pipeline to None, run_after=None
[2025-06-13T08:32:22.411+0000] {processor.py:183} INFO - Processing /opt/airflow/dags/score_missing_dag.py took 4.150 seconds
[2025-06-13T08:32:53.213+0000] {processor.py:161} INFO - Started process (PID=313) to work on /opt/airflow/dags/score_missing_dag.py
[2025-06-13T08:32:53.214+0000] {processor.py:830} INFO - Processing file /opt/airflow/dags/score_missing_dag.py for tasks to queue
[2025-06-13T08:32:53.216+0000] {logging_mixin.py:188} INFO - [2025-06-13T08:32:53.216+0000] {dagbag.py:538} INFO - Filling up the DagBag from /opt/airflow/dags/score_missing_dag.py
[2025-06-13T08:32:57.355+0000] {processor.py:840} INFO - DAG(s) 'score_missing_articles_pipeline' retrieved from /opt/airflow/dags/score_missing_dag.py
[2025-06-13T08:32:57.373+0000] {logging_mixin.py:188} INFO - [2025-06-13T08:32:57.373+0000] {dag.py:3036} INFO - Sync 1 DAGs
[2025-06-13T08:32:57.383+0000] {logging_mixin.py:188} INFO - [2025-06-13T08:32:57.382+0000] {dag.py:3823} INFO - Setting next_dagrun for score_missing_articles_pipeline to None, run_after=None
[2025-06-13T08:32:57.398+0000] {processor.py:183} INFO - Processing /opt/airflow/dags/score_missing_dag.py took 4.189 seconds
[2025-06-13T08:33:27.942+0000] {processor.py:161} INFO - Started process (PID=323) to work on /opt/airflow/dags/score_missing_dag.py
[2025-06-13T08:33:27.943+0000] {processor.py:830} INFO - Processing file /opt/airflow/dags/score_missing_dag.py for tasks to queue
[2025-06-13T08:33:27.945+0000] {logging_mixin.py:188} INFO - [2025-06-13T08:33:27.945+0000] {dagbag.py:538} INFO - Filling up the DagBag from /opt/airflow/dags/score_missing_dag.py
[2025-06-13T08:33:32.213+0000] {processor.py:840} INFO - DAG(s) 'score_missing_articles_pipeline' retrieved from /opt/airflow/dags/score_missing_dag.py
[2025-06-13T08:33:32.233+0000] {logging_mixin.py:188} INFO - [2025-06-13T08:33:32.232+0000] {dag.py:3036} INFO - Sync 1 DAGs
[2025-06-13T08:33:32.243+0000] {logging_mixin.py:188} INFO - [2025-06-13T08:33:32.243+0000] {dag.py:3823} INFO - Setting next_dagrun for score_missing_articles_pipeline to None, run_after=None
[2025-06-13T08:33:32.260+0000] {processor.py:183} INFO - Processing /opt/airflow/dags/score_missing_dag.py took 4.322 seconds
[2025-06-13T08:34:02.918+0000] {processor.py:161} INFO - Started process (PID=331) to work on /opt/airflow/dags/score_missing_dag.py
[2025-06-13T08:34:02.919+0000] {processor.py:830} INFO - Processing file /opt/airflow/dags/score_missing_dag.py for tasks to queue
[2025-06-13T08:34:02.921+0000] {logging_mixin.py:188} INFO - [2025-06-13T08:34:02.921+0000] {dagbag.py:538} INFO - Filling up the DagBag from /opt/airflow/dags/score_missing_dag.py
[2025-06-13T08:34:06.942+0000] {processor.py:840} INFO - DAG(s) 'score_missing_articles_pipeline' retrieved from /opt/airflow/dags/score_missing_dag.py
[2025-06-13T08:34:06.961+0000] {logging_mixin.py:188} INFO - [2025-06-13T08:34:06.961+0000] {dag.py:3036} INFO - Sync 1 DAGs
[2025-06-13T08:34:06.971+0000] {logging_mixin.py:188} INFO - [2025-06-13T08:34:06.971+0000] {dag.py:3823} INFO - Setting next_dagrun for score_missing_articles_pipeline to None, run_after=None
[2025-06-13T08:34:06.990+0000] {processor.py:183} INFO - Processing /opt/airflow/dags/score_missing_dag.py took 4.076 seconds
[2025-06-13T08:34:37.701+0000] {processor.py:161} INFO - Started process (PID=343) to work on /opt/airflow/dags/score_missing_dag.py
[2025-06-13T08:34:37.702+0000] {processor.py:830} INFO - Processing file /opt/airflow/dags/score_missing_dag.py for tasks to queue
[2025-06-13T08:34:37.704+0000] {logging_mixin.py:188} INFO - [2025-06-13T08:34:37.704+0000] {dagbag.py:538} INFO - Filling up the DagBag from /opt/airflow/dags/score_missing_dag.py
[2025-06-13T08:34:41.670+0000] {processor.py:840} INFO - DAG(s) 'score_missing_articles_pipeline' retrieved from /opt/airflow/dags/score_missing_dag.py
[2025-06-13T08:34:41.688+0000] {logging_mixin.py:188} INFO - [2025-06-13T08:34:41.688+0000] {dag.py:3036} INFO - Sync 1 DAGs
[2025-06-13T08:34:41.698+0000] {logging_mixin.py:188} INFO - [2025-06-13T08:34:41.698+0000] {dag.py:3823} INFO - Setting next_dagrun for score_missing_articles_pipeline to None, run_after=None
[2025-06-13T08:34:41.714+0000] {processor.py:183} INFO - Processing /opt/airflow/dags/score_missing_dag.py took 4.017 seconds
[2025-06-13T08:35:11.852+0000] {processor.py:161} INFO - Started process (PID=351) to work on /opt/airflow/dags/score_missing_dag.py
[2025-06-13T08:35:11.853+0000] {processor.py:830} INFO - Processing file /opt/airflow/dags/score_missing_dag.py for tasks to queue
[2025-06-13T08:35:11.856+0000] {logging_mixin.py:188} INFO - [2025-06-13T08:35:11.855+0000] {dagbag.py:538} INFO - Filling up the DagBag from /opt/airflow/dags/score_missing_dag.py
[2025-06-13T08:35:16.132+0000] {processor.py:840} INFO - DAG(s) 'score_missing_articles_pipeline' retrieved from /opt/airflow/dags/score_missing_dag.py
[2025-06-13T08:35:16.152+0000] {logging_mixin.py:188} INFO - [2025-06-13T08:35:16.151+0000] {dag.py:3036} INFO - Sync 1 DAGs
[2025-06-13T08:35:16.162+0000] {logging_mixin.py:188} INFO - [2025-06-13T08:35:16.161+0000] {dag.py:3823} INFO - Setting next_dagrun for score_missing_articles_pipeline to None, run_after=None
[2025-06-13T08:35:16.252+0000] {processor.py:183} INFO - Processing /opt/airflow/dags/score_missing_dag.py took 4.405 seconds
[2025-06-13T08:35:46.377+0000] {processor.py:161} INFO - Started process (PID=359) to work on /opt/airflow/dags/score_missing_dag.py
[2025-06-13T08:35:46.378+0000] {processor.py:830} INFO - Processing file /opt/airflow/dags/score_missing_dag.py for tasks to queue
[2025-06-13T08:35:46.381+0000] {logging_mixin.py:188} INFO - [2025-06-13T08:35:46.381+0000] {dagbag.py:538} INFO - Filling up the DagBag from /opt/airflow/dags/score_missing_dag.py
[2025-06-13T08:35:50.506+0000] {processor.py:840} INFO - DAG(s) 'score_missing_articles_pipeline' retrieved from /opt/airflow/dags/score_missing_dag.py
[2025-06-13T08:35:50.527+0000] {logging_mixin.py:188} INFO - [2025-06-13T08:35:50.526+0000] {dag.py:3036} INFO - Sync 1 DAGs
[2025-06-13T08:35:50.537+0000] {logging_mixin.py:188} INFO - [2025-06-13T08:35:50.537+0000] {dag.py:3823} INFO - Setting next_dagrun for score_missing_articles_pipeline to None, run_after=None
[2025-06-13T08:35:50.569+0000] {processor.py:183} INFO - Processing /opt/airflow/dags/score_missing_dag.py took 4.197 seconds
[2025-06-13T08:36:21.153+0000] {processor.py:161} INFO - Started process (PID=367) to work on /opt/airflow/dags/score_missing_dag.py
[2025-06-13T08:36:21.154+0000] {processor.py:830} INFO - Processing file /opt/airflow/dags/score_missing_dag.py for tasks to queue
[2025-06-13T08:36:21.156+0000] {logging_mixin.py:188} INFO - [2025-06-13T08:36:21.156+0000] {dagbag.py:538} INFO - Filling up the DagBag from /opt/airflow/dags/score_missing_dag.py
[2025-06-13T08:36:26.272+0000] {processor.py:840} INFO - DAG(s) 'score_missing_articles_pipeline' retrieved from /opt/airflow/dags/score_missing_dag.py
[2025-06-13T08:36:26.291+0000] {logging_mixin.py:188} INFO - [2025-06-13T08:36:26.290+0000] {dag.py:3036} INFO - Sync 1 DAGs
[2025-06-13T08:36:26.300+0000] {logging_mixin.py:188} INFO - [2025-06-13T08:36:26.300+0000] {dag.py:3823} INFO - Setting next_dagrun for score_missing_articles_pipeline to None, run_after=None
[2025-06-13T08:36:26.321+0000] {processor.py:183} INFO - Processing /opt/airflow/dags/score_missing_dag.py took 5.172 seconds
[2025-06-13T08:36:56.528+0000] {processor.py:161} INFO - Started process (PID=375) to work on /opt/airflow/dags/score_missing_dag.py
[2025-06-13T08:36:56.529+0000] {processor.py:830} INFO - Processing file /opt/airflow/dags/score_missing_dag.py for tasks to queue
[2025-06-13T08:36:56.531+0000] {logging_mixin.py:188} INFO - [2025-06-13T08:36:56.531+0000] {dagbag.py:538} INFO - Filling up the DagBag from /opt/airflow/dags/score_missing_dag.py
[2025-06-13T08:37:01.256+0000] {processor.py:840} INFO - DAG(s) 'score_missing_articles_pipeline' retrieved from /opt/airflow/dags/score_missing_dag.py
[2025-06-13T08:37:01.277+0000] {logging_mixin.py:188} INFO - [2025-06-13T08:37:01.277+0000] {dag.py:3036} INFO - Sync 1 DAGs
[2025-06-13T08:37:01.288+0000] {logging_mixin.py:188} INFO - [2025-06-13T08:37:01.288+0000] {dag.py:3823} INFO - Setting next_dagrun for score_missing_articles_pipeline to None, run_after=None
[2025-06-13T08:37:01.306+0000] {processor.py:183} INFO - Processing /opt/airflow/dags/score_missing_dag.py took 4.783 seconds
[2025-06-13T08:37:31.452+0000] {processor.py:161} INFO - Started process (PID=383) to work on /opt/airflow/dags/score_missing_dag.py
[2025-06-13T08:37:31.453+0000] {processor.py:830} INFO - Processing file /opt/airflow/dags/score_missing_dag.py for tasks to queue
[2025-06-13T08:37:31.456+0000] {logging_mixin.py:188} INFO - [2025-06-13T08:37:31.455+0000] {dagbag.py:538} INFO - Filling up the DagBag from /opt/airflow/dags/score_missing_dag.py
[2025-06-13T08:37:35.805+0000] {processor.py:840} INFO - DAG(s) 'score_missing_articles_pipeline' retrieved from /opt/airflow/dags/score_missing_dag.py
[2025-06-13T08:37:35.829+0000] {logging_mixin.py:188} INFO - [2025-06-13T08:37:35.829+0000] {dag.py:3036} INFO - Sync 1 DAGs
[2025-06-13T08:37:35.840+0000] {logging_mixin.py:188} INFO - [2025-06-13T08:37:35.840+0000] {dag.py:3823} INFO - Setting next_dagrun for score_missing_articles_pipeline to None, run_after=None
[2025-06-13T08:37:35.857+0000] {processor.py:183} INFO - Processing /opt/airflow/dags/score_missing_dag.py took 4.410 seconds
[2025-06-13T08:38:06.497+0000] {processor.py:161} INFO - Started process (PID=391) to work on /opt/airflow/dags/score_missing_dag.py
[2025-06-13T08:38:06.498+0000] {processor.py:830} INFO - Processing file /opt/airflow/dags/score_missing_dag.py for tasks to queue
[2025-06-13T08:38:06.502+0000] {logging_mixin.py:188} INFO - [2025-06-13T08:38:06.501+0000] {dagbag.py:538} INFO - Filling up the DagBag from /opt/airflow/dags/score_missing_dag.py
[2025-06-13T08:38:10.683+0000] {processor.py:840} INFO - DAG(s) 'score_missing_articles_pipeline' retrieved from /opt/airflow/dags/score_missing_dag.py
[2025-06-13T08:38:10.701+0000] {logging_mixin.py:188} INFO - [2025-06-13T08:38:10.701+0000] {dag.py:3036} INFO - Sync 1 DAGs
[2025-06-13T08:38:10.710+0000] {logging_mixin.py:188} INFO - [2025-06-13T08:38:10.710+0000] {dag.py:3823} INFO - Setting next_dagrun for score_missing_articles_pipeline to None, run_after=None
[2025-06-13T08:38:10.725+0000] {processor.py:183} INFO - Processing /opt/airflow/dags/score_missing_dag.py took 4.232 seconds
[2025-06-13T08:38:41.009+0000] {processor.py:161} INFO - Started process (PID=401) to work on /opt/airflow/dags/score_missing_dag.py
[2025-06-13T08:38:41.010+0000] {processor.py:830} INFO - Processing file /opt/airflow/dags/score_missing_dag.py for tasks to queue
[2025-06-13T08:38:41.012+0000] {logging_mixin.py:188} INFO - [2025-06-13T08:38:41.012+0000] {dagbag.py:538} INFO - Filling up the DagBag from /opt/airflow/dags/score_missing_dag.py
[2025-06-13T08:38:44.906+0000] {processor.py:840} INFO - DAG(s) 'score_missing_articles_pipeline' retrieved from /opt/airflow/dags/score_missing_dag.py
[2025-06-13T08:38:44.925+0000] {logging_mixin.py:188} INFO - [2025-06-13T08:38:44.924+0000] {dag.py:3036} INFO - Sync 1 DAGs
[2025-06-13T08:38:44.934+0000] {logging_mixin.py:188} INFO - [2025-06-13T08:38:44.934+0000] {dag.py:3823} INFO - Setting next_dagrun for score_missing_articles_pipeline to None, run_after=None
[2025-06-13T08:38:44.953+0000] {processor.py:183} INFO - Processing /opt/airflow/dags/score_missing_dag.py took 3.947 seconds
[2025-06-13T08:39:15.081+0000] {processor.py:161} INFO - Started process (PID=413) to work on /opt/airflow/dags/score_missing_dag.py
[2025-06-13T08:39:15.083+0000] {processor.py:830} INFO - Processing file /opt/airflow/dags/score_missing_dag.py for tasks to queue
[2025-06-13T08:39:15.086+0000] {logging_mixin.py:188} INFO - [2025-06-13T08:39:15.086+0000] {dagbag.py:538} INFO - Filling up the DagBag from /opt/airflow/dags/score_missing_dag.py
[2025-06-13T08:39:19.425+0000] {processor.py:840} INFO - DAG(s) 'score_missing_articles_pipeline' retrieved from /opt/airflow/dags/score_missing_dag.py
[2025-06-13T08:39:19.444+0000] {logging_mixin.py:188} INFO - [2025-06-13T08:39:19.444+0000] {dag.py:3036} INFO - Sync 1 DAGs
[2025-06-13T08:39:19.454+0000] {logging_mixin.py:188} INFO - [2025-06-13T08:39:19.453+0000] {dag.py:3823} INFO - Setting next_dagrun for score_missing_articles_pipeline to None, run_after=None
[2025-06-13T08:39:19.471+0000] {processor.py:183} INFO - Processing /opt/airflow/dags/score_missing_dag.py took 4.396 seconds
[2025-06-13T08:39:50.341+0000] {processor.py:161} INFO - Started process (PID=421) to work on /opt/airflow/dags/score_missing_dag.py
[2025-06-13T08:39:50.342+0000] {processor.py:830} INFO - Processing file /opt/airflow/dags/score_missing_dag.py for tasks to queue
[2025-06-13T08:39:50.344+0000] {logging_mixin.py:188} INFO - [2025-06-13T08:39:50.344+0000] {dagbag.py:538} INFO - Filling up the DagBag from /opt/airflow/dags/score_missing_dag.py
[2025-06-13T08:39:54.951+0000] {processor.py:840} INFO - DAG(s) 'score_missing_articles_pipeline' retrieved from /opt/airflow/dags/score_missing_dag.py
[2025-06-13T08:39:54.972+0000] {logging_mixin.py:188} INFO - [2025-06-13T08:39:54.971+0000] {dag.py:3036} INFO - Sync 1 DAGs
[2025-06-13T08:39:54.981+0000] {logging_mixin.py:188} INFO - [2025-06-13T08:39:54.981+0000] {dag.py:3823} INFO - Setting next_dagrun for score_missing_articles_pipeline to None, run_after=None
[2025-06-13T08:39:54.999+0000] {processor.py:183} INFO - Processing /opt/airflow/dags/score_missing_dag.py took 4.661 seconds
[2025-06-13T08:40:25.338+0000] {processor.py:161} INFO - Started process (PID=429) to work on /opt/airflow/dags/score_missing_dag.py
[2025-06-13T08:40:25.339+0000] {processor.py:830} INFO - Processing file /opt/airflow/dags/score_missing_dag.py for tasks to queue
[2025-06-13T08:40:25.341+0000] {logging_mixin.py:188} INFO - [2025-06-13T08:40:25.341+0000] {dagbag.py:538} INFO - Filling up the DagBag from /opt/airflow/dags/score_missing_dag.py
[2025-06-13T08:40:29.306+0000] {processor.py:840} INFO - DAG(s) 'score_missing_articles_pipeline' retrieved from /opt/airflow/dags/score_missing_dag.py
[2025-06-13T08:40:29.326+0000] {logging_mixin.py:188} INFO - [2025-06-13T08:40:29.325+0000] {dag.py:3036} INFO - Sync 1 DAGs
[2025-06-13T08:40:29.335+0000] {logging_mixin.py:188} INFO - [2025-06-13T08:40:29.335+0000] {dag.py:3823} INFO - Setting next_dagrun for score_missing_articles_pipeline to None, run_after=None
[2025-06-13T08:40:29.351+0000] {processor.py:183} INFO - Processing /opt/airflow/dags/score_missing_dag.py took 4.017 seconds
[2025-06-13T08:41:00.231+0000] {processor.py:161} INFO - Started process (PID=437) to work on /opt/airflow/dags/score_missing_dag.py
[2025-06-13T08:41:00.233+0000] {processor.py:830} INFO - Processing file /opt/airflow/dags/score_missing_dag.py for tasks to queue
[2025-06-13T08:41:00.235+0000] {logging_mixin.py:188} INFO - [2025-06-13T08:41:00.234+0000] {dagbag.py:538} INFO - Filling up the DagBag from /opt/airflow/dags/score_missing_dag.py
[2025-06-13T08:41:04.306+0000] {processor.py:840} INFO - DAG(s) 'score_missing_articles_pipeline' retrieved from /opt/airflow/dags/score_missing_dag.py
[2025-06-13T08:41:04.326+0000] {logging_mixin.py:188} INFO - [2025-06-13T08:41:04.325+0000] {dag.py:3036} INFO - Sync 1 DAGs
[2025-06-13T08:41:04.336+0000] {logging_mixin.py:188} INFO - [2025-06-13T08:41:04.336+0000] {dag.py:3823} INFO - Setting next_dagrun for score_missing_articles_pipeline to None, run_after=None
[2025-06-13T08:41:04.353+0000] {processor.py:183} INFO - Processing /opt/airflow/dags/score_missing_dag.py took 4.126 seconds
[2025-06-13T08:41:35.310+0000] {processor.py:161} INFO - Started process (PID=445) to work on /opt/airflow/dags/score_missing_dag.py
[2025-06-13T08:41:35.311+0000] {processor.py:830} INFO - Processing file /opt/airflow/dags/score_missing_dag.py for tasks to queue
[2025-06-13T08:41:35.314+0000] {logging_mixin.py:188} INFO - [2025-06-13T08:41:35.313+0000] {dagbag.py:538} INFO - Filling up the DagBag from /opt/airflow/dags/score_missing_dag.py
[2025-06-13T08:41:39.804+0000] {processor.py:840} INFO - DAG(s) 'score_missing_articles_pipeline' retrieved from /opt/airflow/dags/score_missing_dag.py
[2025-06-13T08:41:39.828+0000] {logging_mixin.py:188} INFO - [2025-06-13T08:41:39.827+0000] {dag.py:3036} INFO - Sync 1 DAGs
[2025-06-13T08:41:39.839+0000] {logging_mixin.py:188} INFO - [2025-06-13T08:41:39.839+0000] {dag.py:3823} INFO - Setting next_dagrun for score_missing_articles_pipeline to None, run_after=None
[2025-06-13T08:41:39.865+0000] {processor.py:183} INFO - Processing /opt/airflow/dags/score_missing_dag.py took 4.559 seconds
[2025-06-13T08:42:10.012+0000] {processor.py:161} INFO - Started process (PID=453) to work on /opt/airflow/dags/score_missing_dag.py
[2025-06-13T08:42:10.013+0000] {processor.py:830} INFO - Processing file /opt/airflow/dags/score_missing_dag.py for tasks to queue
[2025-06-13T08:42:10.016+0000] {logging_mixin.py:188} INFO - [2025-06-13T08:42:10.015+0000] {dagbag.py:538} INFO - Filling up the DagBag from /opt/airflow/dags/score_missing_dag.py
[2025-06-13T08:42:13.990+0000] {processor.py:840} INFO - DAG(s) 'score_missing_articles_pipeline' retrieved from /opt/airflow/dags/score_missing_dag.py
[2025-06-13T08:42:14.010+0000] {logging_mixin.py:188} INFO - [2025-06-13T08:42:14.010+0000] {dag.py:3036} INFO - Sync 1 DAGs
[2025-06-13T08:42:14.020+0000] {logging_mixin.py:188} INFO - [2025-06-13T08:42:14.020+0000] {dag.py:3823} INFO - Setting next_dagrun for score_missing_articles_pipeline to None, run_after=None
[2025-06-13T08:42:14.036+0000] {processor.py:183} INFO - Processing /opt/airflow/dags/score_missing_dag.py took 4.028 seconds
[2025-06-13T08:42:44.519+0000] {processor.py:161} INFO - Started process (PID=461) to work on /opt/airflow/dags/score_missing_dag.py
[2025-06-13T08:42:44.520+0000] {processor.py:830} INFO - Processing file /opt/airflow/dags/score_missing_dag.py for tasks to queue
[2025-06-13T08:42:44.523+0000] {logging_mixin.py:188} INFO - [2025-06-13T08:42:44.523+0000] {dagbag.py:538} INFO - Filling up the DagBag from /opt/airflow/dags/score_missing_dag.py
[2025-06-13T08:42:48.793+0000] {processor.py:840} INFO - DAG(s) 'score_missing_articles_pipeline' retrieved from /opt/airflow/dags/score_missing_dag.py
[2025-06-13T08:42:48.812+0000] {logging_mixin.py:188} INFO - [2025-06-13T08:42:48.811+0000] {dag.py:3036} INFO - Sync 1 DAGs
[2025-06-13T08:42:48.822+0000] {logging_mixin.py:188} INFO - [2025-06-13T08:42:48.821+0000] {dag.py:3823} INFO - Setting next_dagrun for score_missing_articles_pipeline to None, run_after=None
[2025-06-13T08:42:48.839+0000] {processor.py:183} INFO - Processing /opt/airflow/dags/score_missing_dag.py took 4.326 seconds
[2025-06-13T08:43:19.504+0000] {processor.py:161} INFO - Started process (PID=471) to work on /opt/airflow/dags/score_missing_dag.py
[2025-06-13T08:43:19.505+0000] {processor.py:830} INFO - Processing file /opt/airflow/dags/score_missing_dag.py for tasks to queue
[2025-06-13T08:43:19.507+0000] {logging_mixin.py:188} INFO - [2025-06-13T08:43:19.507+0000] {dagbag.py:538} INFO - Filling up the DagBag from /opt/airflow/dags/score_missing_dag.py
[2025-06-13T08:43:23.715+0000] {processor.py:840} INFO - DAG(s) 'score_missing_articles_pipeline' retrieved from /opt/airflow/dags/score_missing_dag.py
[2025-06-13T08:43:23.734+0000] {logging_mixin.py:188} INFO - [2025-06-13T08:43:23.733+0000] {dag.py:3036} INFO - Sync 1 DAGs
[2025-06-13T08:43:23.743+0000] {logging_mixin.py:188} INFO - [2025-06-13T08:43:23.743+0000] {dag.py:3823} INFO - Setting next_dagrun for score_missing_articles_pipeline to None, run_after=None
[2025-06-13T08:43:23.760+0000] {processor.py:183} INFO - Processing /opt/airflow/dags/score_missing_dag.py took 4.260 seconds
[2025-06-13T08:43:53.941+0000] {processor.py:161} INFO - Started process (PID=482) to work on /opt/airflow/dags/score_missing_dag.py
[2025-06-13T08:43:53.942+0000] {processor.py:830} INFO - Processing file /opt/airflow/dags/score_missing_dag.py for tasks to queue
[2025-06-13T08:43:53.945+0000] {logging_mixin.py:188} INFO - [2025-06-13T08:43:53.945+0000] {dagbag.py:538} INFO - Filling up the DagBag from /opt/airflow/dags/score_missing_dag.py
[2025-06-13T08:43:58.404+0000] {processor.py:840} INFO - DAG(s) 'score_missing_articles_pipeline' retrieved from /opt/airflow/dags/score_missing_dag.py
[2025-06-13T08:43:58.422+0000] {logging_mixin.py:188} INFO - [2025-06-13T08:43:58.422+0000] {dag.py:3036} INFO - Sync 1 DAGs
[2025-06-13T08:43:58.431+0000] {logging_mixin.py:188} INFO - [2025-06-13T08:43:58.431+0000] {dag.py:3823} INFO - Setting next_dagrun for score_missing_articles_pipeline to None, run_after=None
[2025-06-13T08:43:58.477+0000] {processor.py:183} INFO - Processing /opt/airflow/dags/score_missing_dag.py took 4.540 seconds
[2025-06-13T08:44:28.698+0000] {processor.py:161} INFO - Started process (PID=491) to work on /opt/airflow/dags/score_missing_dag.py
[2025-06-13T08:44:28.699+0000] {processor.py:830} INFO - Processing file /opt/airflow/dags/score_missing_dag.py for tasks to queue
[2025-06-13T08:44:28.701+0000] {logging_mixin.py:188} INFO - [2025-06-13T08:44:28.701+0000] {dagbag.py:538} INFO - Filling up the DagBag from /opt/airflow/dags/score_missing_dag.py
[2025-06-13T08:44:32.827+0000] {processor.py:840} INFO - DAG(s) 'score_missing_articles_pipeline' retrieved from /opt/airflow/dags/score_missing_dag.py
[2025-06-13T08:44:32.853+0000] {logging_mixin.py:188} INFO - [2025-06-13T08:44:32.852+0000] {dag.py:3036} INFO - Sync 1 DAGs
[2025-06-13T08:44:32.862+0000] {logging_mixin.py:188} INFO - [2025-06-13T08:44:32.862+0000] {dag.py:3823} INFO - Setting next_dagrun for score_missing_articles_pipeline to None, run_after=None
[2025-06-13T08:44:32.877+0000] {processor.py:183} INFO - Processing /opt/airflow/dags/score_missing_dag.py took 4.182 seconds
[2025-06-13T08:45:02.960+0000] {processor.py:161} INFO - Started process (PID=499) to work on /opt/airflow/dags/score_missing_dag.py
[2025-06-13T08:45:02.961+0000] {processor.py:830} INFO - Processing file /opt/airflow/dags/score_missing_dag.py for tasks to queue
[2025-06-13T08:45:02.963+0000] {logging_mixin.py:188} INFO - [2025-06-13T08:45:02.963+0000] {dagbag.py:538} INFO - Filling up the DagBag from /opt/airflow/dags/score_missing_dag.py
[2025-06-13T08:45:07.073+0000] {processor.py:840} INFO - DAG(s) 'score_missing_articles_pipeline' retrieved from /opt/airflow/dags/score_missing_dag.py
[2025-06-13T08:45:07.093+0000] {logging_mixin.py:188} INFO - [2025-06-13T08:45:07.093+0000] {dag.py:3036} INFO - Sync 1 DAGs
[2025-06-13T08:45:07.107+0000] {logging_mixin.py:188} INFO - [2025-06-13T08:45:07.106+0000] {dag.py:3823} INFO - Setting next_dagrun for score_missing_articles_pipeline to None, run_after=None
[2025-06-13T08:45:07.124+0000] {processor.py:183} INFO - Processing /opt/airflow/dags/score_missing_dag.py took 4.168 seconds
[2025-06-13T08:45:37.777+0000] {processor.py:161} INFO - Started process (PID=507) to work on /opt/airflow/dags/score_missing_dag.py
[2025-06-13T08:45:37.778+0000] {processor.py:830} INFO - Processing file /opt/airflow/dags/score_missing_dag.py for tasks to queue
[2025-06-13T08:45:37.781+0000] {logging_mixin.py:188} INFO - [2025-06-13T08:45:37.781+0000] {dagbag.py:538} INFO - Filling up the DagBag from /opt/airflow/dags/score_missing_dag.py
[2025-06-13T08:45:41.966+0000] {processor.py:840} INFO - DAG(s) 'score_missing_articles_pipeline' retrieved from /opt/airflow/dags/score_missing_dag.py
[2025-06-13T08:45:41.987+0000] {logging_mixin.py:188} INFO - [2025-06-13T08:45:41.987+0000] {dag.py:3036} INFO - Sync 1 DAGs
[2025-06-13T08:45:41.997+0000] {logging_mixin.py:188} INFO - [2025-06-13T08:45:41.997+0000] {dag.py:3823} INFO - Setting next_dagrun for score_missing_articles_pipeline to None, run_after=None
[2025-06-13T08:45:42.014+0000] {processor.py:183} INFO - Processing /opt/airflow/dags/score_missing_dag.py took 4.241 seconds
[2025-06-13T08:46:12.323+0000] {processor.py:161} INFO - Started process (PID=515) to work on /opt/airflow/dags/score_missing_dag.py
[2025-06-13T08:46:12.324+0000] {processor.py:830} INFO - Processing file /opt/airflow/dags/score_missing_dag.py for tasks to queue
[2025-06-13T08:46:12.330+0000] {logging_mixin.py:188} INFO - [2025-06-13T08:46:12.329+0000] {dagbag.py:538} INFO - Filling up the DagBag from /opt/airflow/dags/score_missing_dag.py
[2025-06-13T08:46:18.168+0000] {processor.py:840} INFO - DAG(s) 'score_missing_articles_pipeline' retrieved from /opt/airflow/dags/score_missing_dag.py
[2025-06-13T08:46:18.195+0000] {logging_mixin.py:188} INFO - [2025-06-13T08:46:18.195+0000] {dag.py:3036} INFO - Sync 1 DAGs
[2025-06-13T08:46:18.205+0000] {logging_mixin.py:188} INFO - [2025-06-13T08:46:18.205+0000] {dag.py:3823} INFO - Setting next_dagrun for score_missing_articles_pipeline to None, run_after=None
[2025-06-13T08:46:18.225+0000] {processor.py:183} INFO - Processing /opt/airflow/dags/score_missing_dag.py took 5.909 seconds
[2025-06-13T08:46:48.667+0000] {processor.py:161} INFO - Started process (PID=523) to work on /opt/airflow/dags/score_missing_dag.py
[2025-06-13T08:46:48.668+0000] {processor.py:830} INFO - Processing file /opt/airflow/dags/score_missing_dag.py for tasks to queue
[2025-06-13T08:46:48.670+0000] {logging_mixin.py:188} INFO - [2025-06-13T08:46:48.670+0000] {dagbag.py:538} INFO - Filling up the DagBag from /opt/airflow/dags/score_missing_dag.py
[2025-06-13T08:46:53.150+0000] {processor.py:840} INFO - DAG(s) 'score_missing_articles_pipeline' retrieved from /opt/airflow/dags/score_missing_dag.py
[2025-06-13T08:46:53.170+0000] {logging_mixin.py:188} INFO - [2025-06-13T08:46:53.170+0000] {dag.py:3036} INFO - Sync 1 DAGs
[2025-06-13T08:46:53.181+0000] {logging_mixin.py:188} INFO - [2025-06-13T08:46:53.181+0000] {dag.py:3823} INFO - Setting next_dagrun for score_missing_articles_pipeline to None, run_after=None
[2025-06-13T08:46:53.199+0000] {processor.py:183} INFO - Processing /opt/airflow/dags/score_missing_dag.py took 4.536 seconds
[2025-06-13T08:47:23.402+0000] {processor.py:161} INFO - Started process (PID=531) to work on /opt/airflow/dags/score_missing_dag.py
[2025-06-13T08:47:23.403+0000] {processor.py:830} INFO - Processing file /opt/airflow/dags/score_missing_dag.py for tasks to queue
[2025-06-13T08:47:23.407+0000] {logging_mixin.py:188} INFO - [2025-06-13T08:47:23.406+0000] {dagbag.py:538} INFO - Filling up the DagBag from /opt/airflow/dags/score_missing_dag.py
[2025-06-13T08:47:27.600+0000] {processor.py:840} INFO - DAG(s) 'score_missing_articles_pipeline' retrieved from /opt/airflow/dags/score_missing_dag.py
[2025-06-13T08:47:27.618+0000] {logging_mixin.py:188} INFO - [2025-06-13T08:47:27.618+0000] {dag.py:3036} INFO - Sync 1 DAGs
[2025-06-13T08:47:27.628+0000] {logging_mixin.py:188} INFO - [2025-06-13T08:47:27.628+0000] {dag.py:3823} INFO - Setting next_dagrun for score_missing_articles_pipeline to None, run_after=None
[2025-06-13T08:47:27.643+0000] {processor.py:183} INFO - Processing /opt/airflow/dags/score_missing_dag.py took 4.245 seconds
[2025-06-13T08:47:57.892+0000] {processor.py:161} INFO - Started process (PID=541) to work on /opt/airflow/dags/score_missing_dag.py
[2025-06-13T08:47:57.894+0000] {processor.py:830} INFO - Processing file /opt/airflow/dags/score_missing_dag.py for tasks to queue
[2025-06-13T08:47:57.897+0000] {logging_mixin.py:188} INFO - [2025-06-13T08:47:57.896+0000] {dagbag.py:538} INFO - Filling up the DagBag from /opt/airflow/dags/score_missing_dag.py
[2025-06-13T08:48:01.841+0000] {processor.py:840} INFO - DAG(s) 'score_missing_articles_pipeline' retrieved from /opt/airflow/dags/score_missing_dag.py
[2025-06-13T08:48:01.861+0000] {logging_mixin.py:188} INFO - [2025-06-13T08:48:01.860+0000] {dag.py:3036} INFO - Sync 1 DAGs
[2025-06-13T08:48:01.870+0000] {logging_mixin.py:188} INFO - [2025-06-13T08:48:01.870+0000] {dag.py:3823} INFO - Setting next_dagrun for score_missing_articles_pipeline to None, run_after=None
[2025-06-13T08:48:01.884+0000] {processor.py:183} INFO - Processing /opt/airflow/dags/score_missing_dag.py took 3.998 seconds
[2025-06-13T08:48:32.139+0000] {processor.py:161} INFO - Started process (PID=551) to work on /opt/airflow/dags/score_missing_dag.py
[2025-06-13T08:48:32.140+0000] {processor.py:830} INFO - Processing file /opt/airflow/dags/score_missing_dag.py for tasks to queue
[2025-06-13T08:48:32.142+0000] {logging_mixin.py:188} INFO - [2025-06-13T08:48:32.142+0000] {dagbag.py:538} INFO - Filling up the DagBag from /opt/airflow/dags/score_missing_dag.py
[2025-06-13T08:48:36.091+0000] {processor.py:840} INFO - DAG(s) 'score_missing_articles_pipeline' retrieved from /opt/airflow/dags/score_missing_dag.py
[2025-06-13T08:48:36.111+0000] {logging_mixin.py:188} INFO - [2025-06-13T08:48:36.110+0000] {dag.py:3036} INFO - Sync 1 DAGs
[2025-06-13T08:48:36.121+0000] {logging_mixin.py:188} INFO - [2025-06-13T08:48:36.121+0000] {dag.py:3823} INFO - Setting next_dagrun for score_missing_articles_pipeline to None, run_after=None
[2025-06-13T08:48:36.138+0000] {processor.py:183} INFO - Processing /opt/airflow/dags/score_missing_dag.py took 4.003 seconds
[2025-06-13T08:49:06.662+0000] {processor.py:161} INFO - Started process (PID=561) to work on /opt/airflow/dags/score_missing_dag.py
[2025-06-13T08:49:06.663+0000] {processor.py:830} INFO - Processing file /opt/airflow/dags/score_missing_dag.py for tasks to queue
[2025-06-13T08:49:06.665+0000] {logging_mixin.py:188} INFO - [2025-06-13T08:49:06.664+0000] {dagbag.py:538} INFO - Filling up the DagBag from /opt/airflow/dags/score_missing_dag.py
[2025-06-13T08:49:10.658+0000] {processor.py:840} INFO - DAG(s) 'score_missing_articles_pipeline' retrieved from /opt/airflow/dags/score_missing_dag.py
[2025-06-13T08:49:10.678+0000] {logging_mixin.py:188} INFO - [2025-06-13T08:49:10.678+0000] {dag.py:3036} INFO - Sync 1 DAGs
[2025-06-13T08:49:10.688+0000] {logging_mixin.py:188} INFO - [2025-06-13T08:49:10.688+0000] {dag.py:3823} INFO - Setting next_dagrun for score_missing_articles_pipeline to None, run_after=None
[2025-06-13T08:49:10.706+0000] {processor.py:183} INFO - Processing /opt/airflow/dags/score_missing_dag.py took 4.049 seconds
[2025-06-13T08:49:40.789+0000] {processor.py:161} INFO - Started process (PID=569) to work on /opt/airflow/dags/score_missing_dag.py
[2025-06-13T08:49:40.790+0000] {processor.py:830} INFO - Processing file /opt/airflow/dags/score_missing_dag.py for tasks to queue
[2025-06-13T08:49:40.793+0000] {logging_mixin.py:188} INFO - [2025-06-13T08:49:40.792+0000] {dagbag.py:538} INFO - Filling up the DagBag from /opt/airflow/dags/score_missing_dag.py
[2025-06-13T08:49:45.691+0000] {processor.py:840} INFO - DAG(s) 'score_missing_articles_pipeline' retrieved from /opt/airflow/dags/score_missing_dag.py
[2025-06-13T08:49:45.711+0000] {logging_mixin.py:188} INFO - [2025-06-13T08:49:45.711+0000] {dag.py:3036} INFO - Sync 1 DAGs
[2025-06-13T08:49:45.720+0000] {logging_mixin.py:188} INFO - [2025-06-13T08:49:45.720+0000] {dag.py:3823} INFO - Setting next_dagrun for score_missing_articles_pipeline to None, run_after=None
[2025-06-13T08:49:45.736+0000] {processor.py:183} INFO - Processing /opt/airflow/dags/score_missing_dag.py took 4.951 seconds
[2025-06-13T08:50:16.267+0000] {processor.py:161} INFO - Started process (PID=577) to work on /opt/airflow/dags/score_missing_dag.py
[2025-06-13T08:50:16.268+0000] {processor.py:830} INFO - Processing file /opt/airflow/dags/score_missing_dag.py for tasks to queue
[2025-06-13T08:50:16.271+0000] {logging_mixin.py:188} INFO - [2025-06-13T08:50:16.271+0000] {dagbag.py:538} INFO - Filling up the DagBag from /opt/airflow/dags/score_missing_dag.py
[2025-06-13T08:50:20.446+0000] {processor.py:840} INFO - DAG(s) 'score_missing_articles_pipeline' retrieved from /opt/airflow/dags/score_missing_dag.py
[2025-06-13T08:50:20.465+0000] {logging_mixin.py:188} INFO - [2025-06-13T08:50:20.465+0000] {dag.py:3036} INFO - Sync 1 DAGs
[2025-06-13T08:50:20.474+0000] {logging_mixin.py:188} INFO - [2025-06-13T08:50:20.474+0000] {dag.py:3823} INFO - Setting next_dagrun for score_missing_articles_pipeline to None, run_after=None
[2025-06-13T08:50:20.493+0000] {processor.py:183} INFO - Processing /opt/airflow/dags/score_missing_dag.py took 4.232 seconds
[2025-06-13T08:50:50.784+0000] {processor.py:161} INFO - Started process (PID=585) to work on /opt/airflow/dags/score_missing_dag.py
[2025-06-13T08:50:50.785+0000] {processor.py:830} INFO - Processing file /opt/airflow/dags/score_missing_dag.py for tasks to queue
[2025-06-13T08:50:50.787+0000] {logging_mixin.py:188} INFO - [2025-06-13T08:50:50.786+0000] {dagbag.py:538} INFO - Filling up the DagBag from /opt/airflow/dags/score_missing_dag.py
[2025-06-13T08:50:54.742+0000] {processor.py:840} INFO - DAG(s) 'score_missing_articles_pipeline' retrieved from /opt/airflow/dags/score_missing_dag.py
[2025-06-13T08:50:54.761+0000] {logging_mixin.py:188} INFO - [2025-06-13T08:50:54.761+0000] {dag.py:3036} INFO - Sync 1 DAGs
[2025-06-13T08:50:54.771+0000] {logging_mixin.py:188} INFO - [2025-06-13T08:50:54.771+0000] {dag.py:3823} INFO - Setting next_dagrun for score_missing_articles_pipeline to None, run_after=None
[2025-06-13T08:50:54.787+0000] {processor.py:183} INFO - Processing /opt/airflow/dags/score_missing_dag.py took 4.007 seconds
[2025-06-13T08:51:24.942+0000] {processor.py:161} INFO - Started process (PID=593) to work on /opt/airflow/dags/score_missing_dag.py
[2025-06-13T08:51:24.944+0000] {processor.py:830} INFO - Processing file /opt/airflow/dags/score_missing_dag.py for tasks to queue
[2025-06-13T08:51:24.946+0000] {logging_mixin.py:188} INFO - [2025-06-13T08:51:24.945+0000] {dagbag.py:538} INFO - Filling up the DagBag from /opt/airflow/dags/score_missing_dag.py
[2025-06-13T08:51:29.221+0000] {processor.py:840} INFO - DAG(s) 'score_missing_articles_pipeline' retrieved from /opt/airflow/dags/score_missing_dag.py
[2025-06-13T08:51:29.242+0000] {logging_mixin.py:188} INFO - [2025-06-13T08:51:29.241+0000] {dag.py:3036} INFO - Sync 1 DAGs
[2025-06-13T08:51:29.252+0000] {logging_mixin.py:188} INFO - [2025-06-13T08:51:29.252+0000] {dag.py:3823} INFO - Setting next_dagrun for score_missing_articles_pipeline to None, run_after=None
[2025-06-13T08:51:29.269+0000] {processor.py:183} INFO - Processing /opt/airflow/dags/score_missing_dag.py took 4.330 seconds
[2025-06-13T08:51:59.790+0000] {processor.py:161} INFO - Started process (PID=601) to work on /opt/airflow/dags/score_missing_dag.py
[2025-06-13T08:51:59.791+0000] {processor.py:830} INFO - Processing file /opt/airflow/dags/score_missing_dag.py for tasks to queue
[2025-06-13T08:51:59.793+0000] {logging_mixin.py:188} INFO - [2025-06-13T08:51:59.793+0000] {dagbag.py:538} INFO - Filling up the DagBag from /opt/airflow/dags/score_missing_dag.py
[2025-06-13T08:52:03.845+0000] {processor.py:840} INFO - DAG(s) 'score_missing_articles_pipeline' retrieved from /opt/airflow/dags/score_missing_dag.py
[2025-06-13T08:52:03.865+0000] {logging_mixin.py:188} INFO - [2025-06-13T08:52:03.865+0000] {dag.py:3036} INFO - Sync 1 DAGs
[2025-06-13T08:52:03.874+0000] {logging_mixin.py:188} INFO - [2025-06-13T08:52:03.874+0000] {dag.py:3823} INFO - Setting next_dagrun for score_missing_articles_pipeline to None, run_after=None
[2025-06-13T08:52:03.890+0000] {processor.py:183} INFO - Processing /opt/airflow/dags/score_missing_dag.py took 4.104 seconds
[2025-06-13T08:52:34.716+0000] {processor.py:161} INFO - Started process (PID=609) to work on /opt/airflow/dags/score_missing_dag.py
[2025-06-13T08:52:34.717+0000] {processor.py:830} INFO - Processing file /opt/airflow/dags/score_missing_dag.py for tasks to queue
[2025-06-13T08:52:34.719+0000] {logging_mixin.py:188} INFO - [2025-06-13T08:52:34.719+0000] {dagbag.py:538} INFO - Filling up the DagBag from /opt/airflow/dags/score_missing_dag.py
[2025-06-13T08:52:38.983+0000] {processor.py:840} INFO - DAG(s) 'score_missing_articles_pipeline' retrieved from /opt/airflow/dags/score_missing_dag.py
[2025-06-13T08:52:39.004+0000] {logging_mixin.py:188} INFO - [2025-06-13T08:52:39.003+0000] {dag.py:3036} INFO - Sync 1 DAGs
[2025-06-13T08:52:39.013+0000] {logging_mixin.py:188} INFO - [2025-06-13T08:52:39.013+0000] {dag.py:3823} INFO - Setting next_dagrun for score_missing_articles_pipeline to None, run_after=None
[2025-06-13T08:52:39.030+0000] {processor.py:183} INFO - Processing /opt/airflow/dags/score_missing_dag.py took 4.318 seconds
[2025-06-13T08:53:09.456+0000] {processor.py:161} INFO - Started process (PID=621) to work on /opt/airflow/dags/score_missing_dag.py
[2025-06-13T08:53:09.457+0000] {processor.py:830} INFO - Processing file /opt/airflow/dags/score_missing_dag.py for tasks to queue
[2025-06-13T08:53:09.459+0000] {logging_mixin.py:188} INFO - [2025-06-13T08:53:09.459+0000] {dagbag.py:538} INFO - Filling up the DagBag from /opt/airflow/dags/score_missing_dag.py
[2025-06-13T08:53:13.628+0000] {processor.py:840} INFO - DAG(s) 'score_missing_articles_pipeline' retrieved from /opt/airflow/dags/score_missing_dag.py
[2025-06-13T08:53:13.646+0000] {logging_mixin.py:188} INFO - [2025-06-13T08:53:13.646+0000] {dag.py:3036} INFO - Sync 1 DAGs
[2025-06-13T08:53:13.655+0000] {logging_mixin.py:188} INFO - [2025-06-13T08:53:13.655+0000] {dag.py:3823} INFO - Setting next_dagrun for score_missing_articles_pipeline to None, run_after=None
[2025-06-13T08:53:13.671+0000] {processor.py:183} INFO - Processing /opt/airflow/dags/score_missing_dag.py took 4.219 seconds
[2025-06-13T08:53:44.237+0000] {processor.py:161} INFO - Started process (PID=631) to work on /opt/airflow/dags/score_missing_dag.py
[2025-06-13T08:53:44.238+0000] {processor.py:830} INFO - Processing file /opt/airflow/dags/score_missing_dag.py for tasks to queue
[2025-06-13T08:53:44.240+0000] {logging_mixin.py:188} INFO - [2025-06-13T08:53:44.240+0000] {dagbag.py:538} INFO - Filling up the DagBag from /opt/airflow/dags/score_missing_dag.py
[2025-06-13T08:53:48.625+0000] {processor.py:840} INFO - DAG(s) 'score_missing_articles_pipeline' retrieved from /opt/airflow/dags/score_missing_dag.py
[2025-06-13T08:53:48.659+0000] {logging_mixin.py:188} INFO - [2025-06-13T08:53:48.659+0000] {dag.py:3036} INFO - Sync 1 DAGs
[2025-06-13T08:53:48.669+0000] {logging_mixin.py:188} INFO - [2025-06-13T08:53:48.669+0000] {dag.py:3823} INFO - Setting next_dagrun for score_missing_articles_pipeline to None, run_after=None
[2025-06-13T08:53:48.685+0000] {processor.py:183} INFO - Processing /opt/airflow/dags/score_missing_dag.py took 4.454 seconds
[2025-06-13T08:54:19.166+0000] {processor.py:161} INFO - Started process (PID=639) to work on /opt/airflow/dags/score_missing_dag.py
[2025-06-13T08:54:19.167+0000] {processor.py:830} INFO - Processing file /opt/airflow/dags/score_missing_dag.py for tasks to queue
[2025-06-13T08:54:19.170+0000] {logging_mixin.py:188} INFO - [2025-06-13T08:54:19.170+0000] {dagbag.py:538} INFO - Filling up the DagBag from /opt/airflow/dags/score_missing_dag.py
[2025-06-13T08:54:23.207+0000] {processor.py:840} INFO - DAG(s) 'score_missing_articles_pipeline' retrieved from /opt/airflow/dags/score_missing_dag.py
[2025-06-13T08:54:23.227+0000] {logging_mixin.py:188} INFO - [2025-06-13T08:54:23.227+0000] {dag.py:3036} INFO - Sync 1 DAGs
[2025-06-13T08:54:23.237+0000] {logging_mixin.py:188} INFO - [2025-06-13T08:54:23.236+0000] {dag.py:3823} INFO - Setting next_dagrun for score_missing_articles_pipeline to None, run_after=None
[2025-06-13T08:54:23.254+0000] {processor.py:183} INFO - Processing /opt/airflow/dags/score_missing_dag.py took 4.092 seconds
[2025-06-13T08:54:53.734+0000] {processor.py:161} INFO - Started process (PID=647) to work on /opt/airflow/dags/score_missing_dag.py
[2025-06-13T08:54:53.735+0000] {processor.py:830} INFO - Processing file /opt/airflow/dags/score_missing_dag.py for tasks to queue
[2025-06-13T08:54:53.738+0000] {logging_mixin.py:188} INFO - [2025-06-13T08:54:53.738+0000] {dagbag.py:538} INFO - Filling up the DagBag from /opt/airflow/dags/score_missing_dag.py
[2025-06-13T08:54:57.955+0000] {processor.py:840} INFO - DAG(s) 'score_missing_articles_pipeline' retrieved from /opt/airflow/dags/score_missing_dag.py
[2025-06-13T08:54:57.977+0000] {logging_mixin.py:188} INFO - [2025-06-13T08:54:57.976+0000] {dag.py:3036} INFO - Sync 1 DAGs
[2025-06-13T08:54:57.986+0000] {logging_mixin.py:188} INFO - [2025-06-13T08:54:57.986+0000] {dag.py:3823} INFO - Setting next_dagrun for score_missing_articles_pipeline to None, run_after=None
[2025-06-13T08:54:58.005+0000] {processor.py:183} INFO - Processing /opt/airflow/dags/score_missing_dag.py took 4.275 seconds
[2025-06-13T08:55:28.141+0000] {processor.py:161} INFO - Started process (PID=655) to work on /opt/airflow/dags/score_missing_dag.py
[2025-06-13T08:55:28.142+0000] {processor.py:830} INFO - Processing file /opt/airflow/dags/score_missing_dag.py for tasks to queue
[2025-06-13T08:55:28.144+0000] {logging_mixin.py:188} INFO - [2025-06-13T08:55:28.144+0000] {dagbag.py:538} INFO - Filling up the DagBag from /opt/airflow/dags/score_missing_dag.py
[2025-06-13T08:55:32.274+0000] {processor.py:840} INFO - DAG(s) 'score_missing_articles_pipeline' retrieved from /opt/airflow/dags/score_missing_dag.py
[2025-06-13T08:55:32.294+0000] {logging_mixin.py:188} INFO - [2025-06-13T08:55:32.293+0000] {dag.py:3036} INFO - Sync 1 DAGs
[2025-06-13T08:55:32.306+0000] {logging_mixin.py:188} INFO - [2025-06-13T08:55:32.305+0000] {dag.py:3823} INFO - Setting next_dagrun for score_missing_articles_pipeline to None, run_after=None
[2025-06-13T08:55:32.323+0000] {processor.py:183} INFO - Processing /opt/airflow/dags/score_missing_dag.py took 4.188 seconds
[2025-06-13T08:56:02.660+0000] {processor.py:161} INFO - Started process (PID=663) to work on /opt/airflow/dags/score_missing_dag.py
[2025-06-13T08:56:02.661+0000] {processor.py:830} INFO - Processing file /opt/airflow/dags/score_missing_dag.py for tasks to queue
[2025-06-13T08:56:02.663+0000] {logging_mixin.py:188} INFO - [2025-06-13T08:56:02.663+0000] {dagbag.py:538} INFO - Filling up the DagBag from /opt/airflow/dags/score_missing_dag.py
[2025-06-13T08:56:06.559+0000] {processor.py:840} INFO - DAG(s) 'score_missing_articles_pipeline' retrieved from /opt/airflow/dags/score_missing_dag.py
[2025-06-13T08:56:06.581+0000] {logging_mixin.py:188} INFO - [2025-06-13T08:56:06.581+0000] {dag.py:3036} INFO - Sync 1 DAGs
[2025-06-13T08:56:06.594+0000] {logging_mixin.py:188} INFO - [2025-06-13T08:56:06.593+0000] {dag.py:3823} INFO - Setting next_dagrun for score_missing_articles_pipeline to None, run_after=None
[2025-06-13T08:56:06.615+0000] {processor.py:183} INFO - Processing /opt/airflow/dags/score_missing_dag.py took 3.959 seconds
[2025-06-13T08:56:37.116+0000] {processor.py:161} INFO - Started process (PID=671) to work on /opt/airflow/dags/score_missing_dag.py
[2025-06-13T08:56:37.118+0000] {processor.py:830} INFO - Processing file /opt/airflow/dags/score_missing_dag.py for tasks to queue
[2025-06-13T08:56:37.119+0000] {logging_mixin.py:188} INFO - [2025-06-13T08:56:37.119+0000] {dagbag.py:538} INFO - Filling up the DagBag from /opt/airflow/dags/score_missing_dag.py
[2025-06-13T08:56:41.019+0000] {processor.py:840} INFO - DAG(s) 'score_missing_articles_pipeline' retrieved from /opt/airflow/dags/score_missing_dag.py
[2025-06-13T08:56:41.039+0000] {logging_mixin.py:188} INFO - [2025-06-13T08:56:41.038+0000] {dag.py:3036} INFO - Sync 1 DAGs
[2025-06-13T08:56:41.049+0000] {logging_mixin.py:188} INFO - [2025-06-13T08:56:41.049+0000] {dag.py:3823} INFO - Setting next_dagrun for score_missing_articles_pipeline to None, run_after=None
[2025-06-13T08:56:41.066+0000] {processor.py:183} INFO - Processing /opt/airflow/dags/score_missing_dag.py took 3.954 seconds
[2025-06-13T08:57:11.460+0000] {processor.py:161} INFO - Started process (PID=679) to work on /opt/airflow/dags/score_missing_dag.py
[2025-06-13T08:57:11.461+0000] {processor.py:830} INFO - Processing file /opt/airflow/dags/score_missing_dag.py for tasks to queue
[2025-06-13T08:57:11.463+0000] {logging_mixin.py:188} INFO - [2025-06-13T08:57:11.463+0000] {dagbag.py:538} INFO - Filling up the DagBag from /opt/airflow/dags/score_missing_dag.py
[2025-06-13T08:57:15.459+0000] {processor.py:840} INFO - DAG(s) 'score_missing_articles_pipeline' retrieved from /opt/airflow/dags/score_missing_dag.py
[2025-06-13T08:57:15.477+0000] {logging_mixin.py:188} INFO - [2025-06-13T08:57:15.476+0000] {dag.py:3036} INFO - Sync 1 DAGs
[2025-06-13T08:57:15.485+0000] {logging_mixin.py:188} INFO - [2025-06-13T08:57:15.485+0000] {dag.py:3823} INFO - Setting next_dagrun for score_missing_articles_pipeline to None, run_after=None
[2025-06-13T08:57:15.502+0000] {processor.py:183} INFO - Processing /opt/airflow/dags/score_missing_dag.py took 4.046 seconds
[2025-06-13T08:57:46.089+0000] {processor.py:161} INFO - Started process (PID=691) to work on /opt/airflow/dags/score_missing_dag.py
[2025-06-13T08:57:46.090+0000] {processor.py:830} INFO - Processing file /opt/airflow/dags/score_missing_dag.py for tasks to queue
[2025-06-13T08:57:46.092+0000] {logging_mixin.py:188} INFO - [2025-06-13T08:57:46.092+0000] {dagbag.py:538} INFO - Filling up the DagBag from /opt/airflow/dags/score_missing_dag.py
[2025-06-13T08:57:50.151+0000] {processor.py:840} INFO - DAG(s) 'score_missing_articles_pipeline' retrieved from /opt/airflow/dags/score_missing_dag.py
[2025-06-13T08:57:50.171+0000] {logging_mixin.py:188} INFO - [2025-06-13T08:57:50.170+0000] {dag.py:3036} INFO - Sync 1 DAGs
[2025-06-13T08:57:50.181+0000] {logging_mixin.py:188} INFO - [2025-06-13T08:57:50.180+0000] {dag.py:3823} INFO - Setting next_dagrun for score_missing_articles_pipeline to None, run_after=None
[2025-06-13T08:57:50.198+0000] {processor.py:183} INFO - Processing /opt/airflow/dags/score_missing_dag.py took 4.115 seconds
[2025-06-13T08:58:20.596+0000] {processor.py:161} INFO - Started process (PID=699) to work on /opt/airflow/dags/score_missing_dag.py
[2025-06-13T08:58:20.597+0000] {processor.py:830} INFO - Processing file /opt/airflow/dags/score_missing_dag.py for tasks to queue
[2025-06-13T08:58:20.599+0000] {logging_mixin.py:188} INFO - [2025-06-13T08:58:20.599+0000] {dagbag.py:538} INFO - Filling up the DagBag from /opt/airflow/dags/score_missing_dag.py
[2025-06-13T08:58:24.548+0000] {processor.py:840} INFO - DAG(s) 'score_missing_articles_pipeline' retrieved from /opt/airflow/dags/score_missing_dag.py
[2025-06-13T08:58:24.567+0000] {logging_mixin.py:188} INFO - [2025-06-13T08:58:24.567+0000] {dag.py:3036} INFO - Sync 1 DAGs
[2025-06-13T08:58:24.576+0000] {logging_mixin.py:188} INFO - [2025-06-13T08:58:24.576+0000] {dag.py:3823} INFO - Setting next_dagrun for score_missing_articles_pipeline to None, run_after=None
[2025-06-13T08:58:24.594+0000] {processor.py:183} INFO - Processing /opt/airflow/dags/score_missing_dag.py took 4.003 seconds
[2025-06-13T08:58:55.161+0000] {processor.py:161} INFO - Started process (PID=709) to work on /opt/airflow/dags/score_missing_dag.py
[2025-06-13T08:58:55.162+0000] {processor.py:830} INFO - Processing file /opt/airflow/dags/score_missing_dag.py for tasks to queue
[2025-06-13T08:58:55.164+0000] {logging_mixin.py:188} INFO - [2025-06-13T08:58:55.164+0000] {dagbag.py:538} INFO - Filling up the DagBag from /opt/airflow/dags/score_missing_dag.py
[2025-06-13T08:58:59.323+0000] {processor.py:840} INFO - DAG(s) 'score_missing_articles_pipeline' retrieved from /opt/airflow/dags/score_missing_dag.py
[2025-06-13T08:58:59.342+0000] {logging_mixin.py:188} INFO - [2025-06-13T08:58:59.342+0000] {dag.py:3036} INFO - Sync 1 DAGs
[2025-06-13T08:58:59.351+0000] {logging_mixin.py:188} INFO - [2025-06-13T08:58:59.351+0000] {dag.py:3823} INFO - Setting next_dagrun for score_missing_articles_pipeline to None, run_after=None
[2025-06-13T08:58:59.368+0000] {processor.py:183} INFO - Processing /opt/airflow/dags/score_missing_dag.py took 4.212 seconds
[2025-06-13T08:59:30.046+0000] {processor.py:161} INFO - Started process (PID=717) to work on /opt/airflow/dags/score_missing_dag.py
[2025-06-13T08:59:30.047+0000] {processor.py:830} INFO - Processing file /opt/airflow/dags/score_missing_dag.py for tasks to queue
[2025-06-13T08:59:30.049+0000] {logging_mixin.py:188} INFO - [2025-06-13T08:59:30.048+0000] {dagbag.py:538} INFO - Filling up the DagBag from /opt/airflow/dags/score_missing_dag.py
[2025-06-13T08:59:34.128+0000] {processor.py:840} INFO - DAG(s) 'score_missing_articles_pipeline' retrieved from /opt/airflow/dags/score_missing_dag.py
[2025-06-13T08:59:34.148+0000] {logging_mixin.py:188} INFO - [2025-06-13T08:59:34.148+0000] {dag.py:3036} INFO - Sync 1 DAGs
[2025-06-13T08:59:34.158+0000] {logging_mixin.py:188} INFO - [2025-06-13T08:59:34.157+0000] {dag.py:3823} INFO - Setting next_dagrun for score_missing_articles_pipeline to None, run_after=None
[2025-06-13T08:59:34.173+0000] {processor.py:183} INFO - Processing /opt/airflow/dags/score_missing_dag.py took 4.131 seconds
[2025-06-13T09:00:04.777+0000] {processor.py:161} INFO - Started process (PID=725) to work on /opt/airflow/dags/score_missing_dag.py
[2025-06-13T09:00:04.778+0000] {processor.py:830} INFO - Processing file /opt/airflow/dags/score_missing_dag.py for tasks to queue
[2025-06-13T09:00:04.781+0000] {logging_mixin.py:188} INFO - [2025-06-13T09:00:04.781+0000] {dagbag.py:538} INFO - Filling up the DagBag from /opt/airflow/dags/score_missing_dag.py
[2025-06-13T09:00:08.798+0000] {processor.py:840} INFO - DAG(s) 'score_missing_articles_pipeline' retrieved from /opt/airflow/dags/score_missing_dag.py
[2025-06-13T09:00:08.820+0000] {logging_mixin.py:188} INFO - [2025-06-13T09:00:08.820+0000] {dag.py:3036} INFO - Sync 1 DAGs
[2025-06-13T09:00:08.830+0000] {logging_mixin.py:188} INFO - [2025-06-13T09:00:08.830+0000] {dag.py:3823} INFO - Setting next_dagrun for score_missing_articles_pipeline to None, run_after=None
[2025-06-13T09:00:08.852+0000] {processor.py:183} INFO - Processing /opt/airflow/dags/score_missing_dag.py took 4.079 seconds
[2025-06-13T09:00:39.303+0000] {processor.py:161} INFO - Started process (PID=733) to work on /opt/airflow/dags/score_missing_dag.py
[2025-06-13T09:00:39.304+0000] {processor.py:830} INFO - Processing file /opt/airflow/dags/score_missing_dag.py for tasks to queue
[2025-06-13T09:00:39.306+0000] {logging_mixin.py:188} INFO - [2025-06-13T09:00:39.306+0000] {dagbag.py:538} INFO - Filling up the DagBag from /opt/airflow/dags/score_missing_dag.py
[2025-06-13T09:00:43.462+0000] {processor.py:840} INFO - DAG(s) 'score_missing_articles_pipeline' retrieved from /opt/airflow/dags/score_missing_dag.py
[2025-06-13T09:00:43.482+0000] {logging_mixin.py:188} INFO - [2025-06-13T09:00:43.481+0000] {dag.py:3036} INFO - Sync 1 DAGs
[2025-06-13T09:00:43.492+0000] {logging_mixin.py:188} INFO - [2025-06-13T09:00:43.492+0000] {dag.py:3823} INFO - Setting next_dagrun for score_missing_articles_pipeline to None, run_after=None
[2025-06-13T09:00:43.508+0000] {processor.py:183} INFO - Processing /opt/airflow/dags/score_missing_dag.py took 4.210 seconds
[2025-06-13T09:01:13.683+0000] {processor.py:161} INFO - Started process (PID=741) to work on /opt/airflow/dags/score_missing_dag.py
[2025-06-13T09:01:13.684+0000] {processor.py:830} INFO - Processing file /opt/airflow/dags/score_missing_dag.py for tasks to queue
[2025-06-13T09:01:13.686+0000] {logging_mixin.py:188} INFO - [2025-06-13T09:01:13.686+0000] {dagbag.py:538} INFO - Filling up the DagBag from /opt/airflow/dags/score_missing_dag.py
[2025-06-13T09:01:17.700+0000] {processor.py:840} INFO - DAG(s) 'score_missing_articles_pipeline' retrieved from /opt/airflow/dags/score_missing_dag.py
[2025-06-13T09:01:17.719+0000] {logging_mixin.py:188} INFO - [2025-06-13T09:01:17.719+0000] {dag.py:3036} INFO - Sync 1 DAGs
[2025-06-13T09:01:17.728+0000] {logging_mixin.py:188} INFO - [2025-06-13T09:01:17.728+0000] {dag.py:3823} INFO - Setting next_dagrun for score_missing_articles_pipeline to None, run_after=None
[2025-06-13T09:01:17.745+0000] {processor.py:183} INFO - Processing /opt/airflow/dags/score_missing_dag.py took 4.066 seconds
[2025-06-13T09:01:48.209+0000] {processor.py:161} INFO - Started process (PID=749) to work on /opt/airflow/dags/score_missing_dag.py
[2025-06-13T09:01:48.210+0000] {processor.py:830} INFO - Processing file /opt/airflow/dags/score_missing_dag.py for tasks to queue
[2025-06-13T09:01:48.212+0000] {logging_mixin.py:188} INFO - [2025-06-13T09:01:48.211+0000] {dagbag.py:538} INFO - Filling up the DagBag from /opt/airflow/dags/score_missing_dag.py
[2025-06-13T09:01:52.284+0000] {processor.py:840} INFO - DAG(s) 'score_missing_articles_pipeline' retrieved from /opt/airflow/dags/score_missing_dag.py
[2025-06-13T09:01:52.305+0000] {logging_mixin.py:188} INFO - [2025-06-13T09:01:52.305+0000] {dag.py:3036} INFO - Sync 1 DAGs
[2025-06-13T09:01:52.315+0000] {logging_mixin.py:188} INFO - [2025-06-13T09:01:52.314+0000] {dag.py:3823} INFO - Setting next_dagrun for score_missing_articles_pipeline to None, run_after=None
[2025-06-13T09:01:52.331+0000] {processor.py:183} INFO - Processing /opt/airflow/dags/score_missing_dag.py took 4.125 seconds
[2025-06-13T09:02:23.238+0000] {processor.py:161} INFO - Started process (PID=757) to work on /opt/airflow/dags/score_missing_dag.py
[2025-06-13T09:02:23.239+0000] {processor.py:830} INFO - Processing file /opt/airflow/dags/score_missing_dag.py for tasks to queue
[2025-06-13T09:02:23.242+0000] {logging_mixin.py:188} INFO - [2025-06-13T09:02:23.241+0000] {dagbag.py:538} INFO - Filling up the DagBag from /opt/airflow/dags/score_missing_dag.py
[2025-06-13T09:02:27.277+0000] {processor.py:840} INFO - DAG(s) 'score_missing_articles_pipeline' retrieved from /opt/airflow/dags/score_missing_dag.py
[2025-06-13T09:02:27.299+0000] {logging_mixin.py:188} INFO - [2025-06-13T09:02:27.298+0000] {dag.py:3036} INFO - Sync 1 DAGs
[2025-06-13T09:02:27.311+0000] {logging_mixin.py:188} INFO - [2025-06-13T09:02:27.311+0000] {dag.py:3823} INFO - Setting next_dagrun for score_missing_articles_pipeline to None, run_after=None
[2025-06-13T09:02:27.331+0000] {processor.py:183} INFO - Processing /opt/airflow/dags/score_missing_dag.py took 4.096 seconds
[2025-06-13T09:02:57.850+0000] {processor.py:161} INFO - Started process (PID=769) to work on /opt/airflow/dags/score_missing_dag.py
[2025-06-13T09:02:57.851+0000] {processor.py:830} INFO - Processing file /opt/airflow/dags/score_missing_dag.py for tasks to queue
[2025-06-13T09:02:57.853+0000] {logging_mixin.py:188} INFO - [2025-06-13T09:02:57.853+0000] {dagbag.py:538} INFO - Filling up the DagBag from /opt/airflow/dags/score_missing_dag.py
[2025-06-13T09:03:01.849+0000] {processor.py:840} INFO - DAG(s) 'score_missing_articles_pipeline' retrieved from /opt/airflow/dags/score_missing_dag.py
[2025-06-13T09:03:01.871+0000] {logging_mixin.py:188} INFO - [2025-06-13T09:03:01.870+0000] {dag.py:3036} INFO - Sync 1 DAGs
[2025-06-13T09:03:01.881+0000] {logging_mixin.py:188} INFO - [2025-06-13T09:03:01.880+0000] {dag.py:3823} INFO - Setting next_dagrun for score_missing_articles_pipeline to None, run_after=None
[2025-06-13T09:03:01.898+0000] {processor.py:183} INFO - Processing /opt/airflow/dags/score_missing_dag.py took 4.053 seconds
[2025-06-13T09:03:32.209+0000] {processor.py:161} INFO - Started process (PID=777) to work on /opt/airflow/dags/score_missing_dag.py
[2025-06-13T09:03:32.210+0000] {processor.py:830} INFO - Processing file /opt/airflow/dags/score_missing_dag.py for tasks to queue
[2025-06-13T09:03:32.213+0000] {logging_mixin.py:188} INFO - [2025-06-13T09:03:32.212+0000] {dagbag.py:538} INFO - Filling up the DagBag from /opt/airflow/dags/score_missing_dag.py
[2025-06-13T09:03:36.120+0000] {processor.py:840} INFO - DAG(s) 'score_missing_articles_pipeline' retrieved from /opt/airflow/dags/score_missing_dag.py
[2025-06-13T09:03:36.139+0000] {logging_mixin.py:188} INFO - [2025-06-13T09:03:36.139+0000] {dag.py:3036} INFO - Sync 1 DAGs
[2025-06-13T09:03:36.149+0000] {logging_mixin.py:188} INFO - [2025-06-13T09:03:36.148+0000] {dag.py:3823} INFO - Setting next_dagrun for score_missing_articles_pipeline to None, run_after=None
[2025-06-13T09:03:36.165+0000] {processor.py:183} INFO - Processing /opt/airflow/dags/score_missing_dag.py took 3.960 seconds
[2025-06-13T09:04:06.273+0000] {processor.py:161} INFO - Started process (PID=787) to work on /opt/airflow/dags/score_missing_dag.py
[2025-06-13T09:04:06.274+0000] {processor.py:830} INFO - Processing file /opt/airflow/dags/score_missing_dag.py for tasks to queue
[2025-06-13T09:04:06.276+0000] {logging_mixin.py:188} INFO - [2025-06-13T09:04:06.276+0000] {dagbag.py:538} INFO - Filling up the DagBag from /opt/airflow/dags/score_missing_dag.py
[2025-06-13T09:04:10.395+0000] {processor.py:840} INFO - DAG(s) 'score_missing_articles_pipeline' retrieved from /opt/airflow/dags/score_missing_dag.py
[2025-06-13T09:04:10.416+0000] {logging_mixin.py:188} INFO - [2025-06-13T09:04:10.415+0000] {dag.py:3036} INFO - Sync 1 DAGs
[2025-06-13T09:04:10.426+0000] {logging_mixin.py:188} INFO - [2025-06-13T09:04:10.426+0000] {dag.py:3823} INFO - Setting next_dagrun for score_missing_articles_pipeline to None, run_after=None
[2025-06-13T09:04:10.444+0000] {processor.py:183} INFO - Processing /opt/airflow/dags/score_missing_dag.py took 4.175 seconds
[2025-06-13T09:04:40.878+0000] {processor.py:161} INFO - Started process (PID=795) to work on /opt/airflow/dags/score_missing_dag.py
[2025-06-13T09:04:40.880+0000] {processor.py:830} INFO - Processing file /opt/airflow/dags/score_missing_dag.py for tasks to queue
[2025-06-13T09:04:40.881+0000] {logging_mixin.py:188} INFO - [2025-06-13T09:04:40.881+0000] {dagbag.py:538} INFO - Filling up the DagBag from /opt/airflow/dags/score_missing_dag.py
[2025-06-13T09:04:44.867+0000] {processor.py:840} INFO - DAG(s) 'score_missing_articles_pipeline' retrieved from /opt/airflow/dags/score_missing_dag.py
[2025-06-13T09:04:44.892+0000] {logging_mixin.py:188} INFO - [2025-06-13T09:04:44.892+0000] {dag.py:3036} INFO - Sync 1 DAGs
[2025-06-13T09:04:44.903+0000] {logging_mixin.py:188} INFO - [2025-06-13T09:04:44.903+0000] {dag.py:3823} INFO - Setting next_dagrun for score_missing_articles_pipeline to None, run_after=None
[2025-06-13T09:04:44.921+0000] {processor.py:183} INFO - Processing /opt/airflow/dags/score_missing_dag.py took 4.047 seconds
[2025-06-13T09:05:15.379+0000] {processor.py:161} INFO - Started process (PID=803) to work on /opt/airflow/dags/score_missing_dag.py
[2025-06-13T09:05:15.380+0000] {processor.py:830} INFO - Processing file /opt/airflow/dags/score_missing_dag.py for tasks to queue
[2025-06-13T09:05:15.384+0000] {logging_mixin.py:188} INFO - [2025-06-13T09:05:15.383+0000] {dagbag.py:538} INFO - Filling up the DagBag from /opt/airflow/dags/score_missing_dag.py
[2025-06-13T09:05:19.389+0000] {processor.py:840} INFO - DAG(s) 'score_missing_articles_pipeline' retrieved from /opt/airflow/dags/score_missing_dag.py
[2025-06-13T09:05:19.409+0000] {logging_mixin.py:188} INFO - [2025-06-13T09:05:19.408+0000] {dag.py:3036} INFO - Sync 1 DAGs
[2025-06-13T09:05:19.418+0000] {logging_mixin.py:188} INFO - [2025-06-13T09:05:19.418+0000] {dag.py:3823} INFO - Setting next_dagrun for score_missing_articles_pipeline to None, run_after=None
[2025-06-13T09:05:19.437+0000] {processor.py:183} INFO - Processing /opt/airflow/dags/score_missing_dag.py took 4.063 seconds
[2025-06-13T09:05:49.968+0000] {processor.py:161} INFO - Started process (PID=811) to work on /opt/airflow/dags/score_missing_dag.py
[2025-06-13T09:05:49.969+0000] {processor.py:830} INFO - Processing file /opt/airflow/dags/score_missing_dag.py for tasks to queue
[2025-06-13T09:05:49.972+0000] {logging_mixin.py:188} INFO - [2025-06-13T09:05:49.971+0000] {dagbag.py:538} INFO - Filling up the DagBag from /opt/airflow/dags/score_missing_dag.py
[2025-06-13T09:05:53.964+0000] {processor.py:840} INFO - DAG(s) 'score_missing_articles_pipeline' retrieved from /opt/airflow/dags/score_missing_dag.py
[2025-06-13T09:05:53.984+0000] {logging_mixin.py:188} INFO - [2025-06-13T09:05:53.983+0000] {dag.py:3036} INFO - Sync 1 DAGs
[2025-06-13T09:05:53.994+0000] {logging_mixin.py:188} INFO - [2025-06-13T09:05:53.993+0000] {dag.py:3823} INFO - Setting next_dagrun for score_missing_articles_pipeline to None, run_after=None
[2025-06-13T09:05:54.010+0000] {processor.py:183} INFO - Processing /opt/airflow/dags/score_missing_dag.py took 4.046 seconds
[2025-06-13T09:06:24.533+0000] {processor.py:161} INFO - Started process (PID=819) to work on /opt/airflow/dags/score_missing_dag.py
[2025-06-13T09:06:24.534+0000] {processor.py:830} INFO - Processing file /opt/airflow/dags/score_missing_dag.py for tasks to queue
[2025-06-13T09:06:24.536+0000] {logging_mixin.py:188} INFO - [2025-06-13T09:06:24.536+0000] {dagbag.py:538} INFO - Filling up the DagBag from /opt/airflow/dags/score_missing_dag.py
[2025-06-13T09:06:28.593+0000] {processor.py:840} INFO - DAG(s) 'score_missing_articles_pipeline' retrieved from /opt/airflow/dags/score_missing_dag.py
[2025-06-13T09:06:28.613+0000] {logging_mixin.py:188} INFO - [2025-06-13T09:06:28.613+0000] {dag.py:3036} INFO - Sync 1 DAGs
[2025-06-13T09:06:28.624+0000] {logging_mixin.py:188} INFO - [2025-06-13T09:06:28.624+0000] {dag.py:3823} INFO - Setting next_dagrun for score_missing_articles_pipeline to None, run_after=None
[2025-06-13T09:06:28.640+0000] {processor.py:183} INFO - Processing /opt/airflow/dags/score_missing_dag.py took 4.111 seconds
[2025-06-13T09:06:59.271+0000] {processor.py:161} INFO - Started process (PID=827) to work on /opt/airflow/dags/score_missing_dag.py
[2025-06-13T09:06:59.272+0000] {processor.py:830} INFO - Processing file /opt/airflow/dags/score_missing_dag.py for tasks to queue
[2025-06-13T09:06:59.274+0000] {logging_mixin.py:188} INFO - [2025-06-13T09:06:59.274+0000] {dagbag.py:538} INFO - Filling up the DagBag from /opt/airflow/dags/score_missing_dag.py
[2025-06-13T09:07:03.317+0000] {processor.py:840} INFO - DAG(s) 'score_missing_articles_pipeline' retrieved from /opt/airflow/dags/score_missing_dag.py
[2025-06-13T09:07:03.336+0000] {logging_mixin.py:188} INFO - [2025-06-13T09:07:03.336+0000] {dag.py:3036} INFO - Sync 1 DAGs
[2025-06-13T09:07:03.346+0000] {logging_mixin.py:188} INFO - [2025-06-13T09:07:03.346+0000] {dag.py:3823} INFO - Setting next_dagrun for score_missing_articles_pipeline to None, run_after=None
[2025-06-13T09:07:03.363+0000] {processor.py:183} INFO - Processing /opt/airflow/dags/score_missing_dag.py took 4.096 seconds
[2025-06-13T09:07:34.088+0000] {processor.py:161} INFO - Started process (PID=835) to work on /opt/airflow/dags/score_missing_dag.py
[2025-06-13T09:07:34.089+0000] {processor.py:830} INFO - Processing file /opt/airflow/dags/score_missing_dag.py for tasks to queue
[2025-06-13T09:07:34.092+0000] {logging_mixin.py:188} INFO - [2025-06-13T09:07:34.092+0000] {dagbag.py:538} INFO - Filling up the DagBag from /opt/airflow/dags/score_missing_dag.py
