[2025-06-12T16:22:05.758+0000] {taskinstance.py:1956} INFO - Dependencies all met for dep_context=non-requeueable deps ti=<TaskInstance: score_missing_articles_pipeline.score_missing_articles manual__2025-06-12T16:22:00.026001+00:00 [queued]>
[2025-06-12T16:22:05.764+0000] {taskinstance.py:1956} INFO - Dependencies all met for dep_context=requeueable deps ti=<TaskInstance: score_missing_articles_pipeline.score_missing_articles manual__2025-06-12T16:22:00.026001+00:00 [queued]>
[2025-06-12T16:22:05.765+0000] {taskinstance.py:2170} INFO - Starting attempt 1 of 2
[2025-06-12T16:22:05.775+0000] {taskinstance.py:2191} INFO - Executing <Task(PythonOperator): score_missing_articles> on 2025-06-12 16:22:00.026001+00:00
[2025-06-12T16:22:05.785+0000] {standard_task_runner.py:60} INFO - Started process 90 to run task
[2025-06-12T16:22:05.789+0000] {standard_task_runner.py:87} INFO - Running: ['***', 'tasks', 'run', 'score_missing_articles_pipeline', 'score_missing_articles', 'manual__2025-06-12T16:22:00.026001+00:00', '--job-id', '337', '--raw', '--subdir', 'DAGS_FOLDER/score_missing_dag.py', '--cfg-path', '/tmp/tmp_osfuee3']
[2025-06-12T16:22:05.792+0000] {standard_task_runner.py:88} INFO - Job 337: Subtask score_missing_articles
[2025-06-12T16:22:05.845+0000] {task_command.py:423} INFO - Running <TaskInstance: score_missing_articles_pipeline.score_missing_articles manual__2025-06-12T16:22:00.026001+00:00 [running]> on host ae5839759441
[2025-06-12T16:22:05.910+0000] {taskinstance.py:2480} INFO - Exporting env vars: AIRFLOW_CTX_DAG_OWNER='***' AIRFLOW_CTX_DAG_ID='score_missing_articles_pipeline' AIRFLOW_CTX_TASK_ID='score_missing_articles' AIRFLOW_CTX_EXECUTION_DATE='2025-06-12T16:22:00.026001+00:00' AIRFLOW_CTX_TRY_NUMBER='1' AIRFLOW_CTX_DAG_RUN_ID='manual__2025-06-12T16:22:00.026001+00:00'
[2025-06-12T16:22:05.911+0000] {score_missing_articles.py:19} INFO - Initialisation du client BigQuery...
[2025-06-12T16:22:05.954+0000] {score_missing_articles.py:32} INFO - Chargement des modèles de langage...
[2025-06-12T16:22:07.662+0000] {score_missing_articles.py:41} INFO - Modèle ClassCat/gpt2-base-french chargé.
[2025-06-12T16:22:12.369+0000] {score_missing_articles.py:41} INFO - Modèle asi/gpt-fr-cased-base chargé.
[2025-06-12T16:22:14.854+0000] {score_missing_articles.py:41} INFO - Modèle asi/gpt-fr-cased-small chargé.
[2025-06-12T16:22:16.202+0000] {score_missing_articles.py:41} INFO - Modèle dbddv01/gpt2-french-small chargé.
[2025-06-12T16:22:16.202+0000] {score_missing_articles.py:48} INFO - Exécution de la requête BigQuery pour récupérer les articles à scorer...
[2025-06-12T16:22:19.008+0000] {score_missing_articles.py:55} INFO - Traitement de l'article d959b1d47d3bb08c58f23d07fb154f27...
[2025-06-12T16:22:19.366+0000] {log.py:232} WARNING - `loss_type=None` was set in the config but it is unrecognised.Using the default loss: `ForCausalLMLoss`.
[2025-06-12T16:22:19.389+0000] {score_missing_articles.py:62} INFO - score_cat => score=166.1425
[2025-06-12T16:22:21.821+0000] {score_missing_articles.py:62} INFO - score_base => score=13.3848
[2025-06-12T16:22:22.264+0000] {score_missing_articles.py:62} INFO - score_small => score=26.6274
[2025-06-12T16:22:22.806+0000] {score_missing_articles.py:62} INFO - score_dbdd => score=80.9587
[2025-06-12T16:22:22.807+0000] {score_missing_articles.py:55} INFO - Traitement de l'article 1bc06bd46e9f15df1252f8c2d907a8a9...
[2025-06-12T16:22:23.190+0000] {score_missing_articles.py:62} INFO - score_cat => score=101.6580
[2025-06-12T16:22:25.215+0000] {score_missing_articles.py:62} INFO - score_base => score=10.4666
[2025-06-12T16:22:25.512+0000] {score_missing_articles.py:62} INFO - score_small => score=19.9796
[2025-06-12T16:22:25.831+0000] {score_missing_articles.py:62} INFO - score_dbdd => score=60.8932
[2025-06-12T16:22:25.832+0000] {score_missing_articles.py:55} INFO - Traitement de l'article 82bd5cc7e38f60a8fa36ff89631747c6...
[2025-06-12T16:22:27.288+0000] {score_missing_articles.py:62} INFO - score_cat => score=307.6060
[2025-06-12T16:22:37.135+0000] {score_missing_articles.py:62} INFO - score_base => score=16.8673
[2025-06-12T16:22:38.557+0000] {score_missing_articles.py:62} INFO - score_small => score=37.1652
[2025-06-12T16:22:40.089+0000] {score_missing_articles.py:62} INFO - score_dbdd => score=122.9397
[2025-06-12T16:22:40.090+0000] {score_missing_articles.py:55} INFO - Traitement de l'article 5af7250901b97ed710743f2f9ce01f05...
[2025-06-12T16:22:40.634+0000] {score_missing_articles.py:62} INFO - score_cat => score=317.3820
[2025-06-12T16:22:43.957+0000] {score_missing_articles.py:62} INFO - score_base => score=16.5056
[2025-06-12T16:22:44.441+0000] {score_missing_articles.py:62} INFO - score_small => score=39.1850
[2025-06-12T16:22:44.929+0000] {score_missing_articles.py:62} INFO - score_dbdd => score=95.3659
[2025-06-12T16:22:44.930+0000] {score_missing_articles.py:55} INFO - Traitement de l'article d17655f54f3061e2c8b279e21d561a09...
[2025-06-12T16:22:46.256+0000] {score_missing_articles.py:62} INFO - score_cat => score=463.4673
[2025-06-12T16:22:55.266+0000] {score_missing_articles.py:62} INFO - score_base => score=16.5884
[2025-06-12T16:22:56.640+0000] {score_missing_articles.py:62} INFO - score_small => score=36.0216
[2025-06-12T16:22:58.056+0000] {score_missing_articles.py:62} INFO - score_dbdd => score=151.7258
[2025-06-12T16:22:58.057+0000] {score_missing_articles.py:55} INFO - Traitement de l'article f783564c8e12a40725fdf4d37b58be19...
[2025-06-12T16:22:58.481+0000] {score_missing_articles.py:62} INFO - score_cat => score=206.4920
[2025-06-12T16:23:01.232+0000] {score_missing_articles.py:62} INFO - score_base => score=18.9457
[2025-06-12T16:23:01.652+0000] {score_missing_articles.py:62} INFO - score_small => score=40.3421
[2025-06-12T16:23:02.105+0000] {score_missing_articles.py:62} INFO - score_dbdd => score=111.0987
[2025-06-12T16:23:02.105+0000] {score_missing_articles.py:55} INFO - Traitement de l'article 46a998e6badddd0b55fc3d8244cb3464...
[2025-06-12T16:23:02.677+0000] {score_missing_articles.py:62} INFO - score_cat => score=181.0665
[2025-06-12T16:23:06.574+0000] {score_missing_articles.py:62} INFO - score_base => score=18.0033
[2025-06-12T16:23:07.086+0000] {score_missing_articles.py:62} INFO - score_small => score=33.0687
[2025-06-12T16:23:07.612+0000] {score_missing_articles.py:62} INFO - score_dbdd => score=77.7086
[2025-06-12T16:23:07.612+0000] {score_missing_articles.py:55} INFO - Traitement de l'article 679555aeeb9c4d000e2d3992c7318dad...
[2025-06-12T16:23:07.996+0000] {score_missing_articles.py:62} INFO - score_cat => score=250.1968
[2025-06-12T16:23:10.653+0000] {score_missing_articles.py:62} INFO - score_base => score=17.9602
[2025-06-12T16:23:11.042+0000] {score_missing_articles.py:62} INFO - score_small => score=33.6778
[2025-06-12T16:23:11.452+0000] {score_missing_articles.py:62} INFO - score_dbdd => score=107.5806
[2025-06-12T16:23:11.452+0000] {score_missing_articles.py:55} INFO - Traitement de l'article ebaca0a9107850efb530ba5bf39c080f...
[2025-06-12T16:23:11.871+0000] {score_missing_articles.py:62} INFO - score_cat => score=170.1074
[2025-06-12T16:23:14.779+0000] {score_missing_articles.py:62} INFO - score_base => score=10.9883
[2025-06-12T16:23:15.190+0000] {score_missing_articles.py:62} INFO - score_small => score=26.6463
[2025-06-12T16:23:15.665+0000] {score_missing_articles.py:62} INFO - score_dbdd => score=88.4187
[2025-06-12T16:23:15.667+0000] {score_missing_articles.py:55} INFO - Traitement de l'article ef8abffe3b0f399076f3590e02acb24f...
[2025-06-12T16:23:17.155+0000] {score_missing_articles.py:62} INFO - score_cat => score=539.9918
[2025-06-12T16:23:26.200+0000] {score_missing_articles.py:62} INFO - score_base => score=17.7503
[2025-06-12T16:23:27.516+0000] {score_missing_articles.py:62} INFO - score_small => score=33.2254
[2025-06-12T16:23:28.766+0000] {score_missing_articles.py:62} INFO - score_dbdd => score=130.5115
[2025-06-12T16:23:28.766+0000] {score_missing_articles.py:55} INFO - Traitement de l'article e7b1eb0aaad654e730cc36caa5f7de42...
[2025-06-12T16:23:29.580+0000] {score_missing_articles.py:62} INFO - score_cat => score=398.3849
[2025-06-12T16:23:35.740+0000] {score_missing_articles.py:62} INFO - score_base => score=15.5373
[2025-06-12T16:23:36.650+0000] {score_missing_articles.py:62} INFO - score_small => score=30.9023
[2025-06-12T16:23:37.558+0000] {score_missing_articles.py:62} INFO - score_dbdd => score=120.5643
[2025-06-12T16:23:37.559+0000] {score_missing_articles.py:55} INFO - Traitement de l'article beebe83d1abb9913ee24a8f2bb437e85...
[2025-06-12T16:23:38.134+0000] {score_missing_articles.py:62} INFO - score_cat => score=224.7215
[2025-06-12T16:23:41.971+0000] {score_missing_articles.py:62} INFO - score_base => score=14.2477
[2025-06-12T16:23:42.572+0000] {score_missing_articles.py:62} INFO - score_small => score=26.5636
[2025-06-12T16:23:43.199+0000] {score_missing_articles.py:62} INFO - score_dbdd => score=66.0968
[2025-06-12T16:23:43.200+0000] {score_missing_articles.py:55} INFO - Traitement de l'article fd22504ef37f353668fa327859e534f3...
[2025-06-12T16:23:43.581+0000] {score_missing_articles.py:62} INFO - score_cat => score=262.7591
[2025-06-12T16:23:46.274+0000] {score_missing_articles.py:62} INFO - score_base => score=20.7267
[2025-06-12T16:23:46.648+0000] {score_missing_articles.py:62} INFO - score_small => score=45.8433
[2025-06-12T16:23:47.045+0000] {score_missing_articles.py:62} INFO - score_dbdd => score=167.3062
[2025-06-12T16:23:47.047+0000] {score_missing_articles.py:55} INFO - Traitement de l'article c581e450adbbb9e7d10158d0d236839e...
[2025-06-12T16:23:47.253+0000] {score_missing_articles.py:62} INFO - score_cat => score=90.4597
[2025-06-12T16:23:48.709+0000] {score_missing_articles.py:62} INFO - score_base => score=11.0939
[2025-06-12T16:23:48.917+0000] {score_missing_articles.py:62} INFO - score_small => score=21.0205
[2025-06-12T16:23:49.132+0000] {score_missing_articles.py:62} INFO - score_dbdd => score=52.1037
[2025-06-12T16:23:49.133+0000] {score_missing_articles.py:55} INFO - Traitement de l'article 09d80fbec578c299201b0e575c021188...
[2025-06-12T16:23:49.522+0000] {score_missing_articles.py:62} INFO - score_cat => score=192.9164
[2025-06-12T16:23:52.081+0000] {score_missing_articles.py:62} INFO - score_base => score=21.4512
[2025-06-12T16:23:52.463+0000] {score_missing_articles.py:62} INFO - score_small => score=42.6739
[2025-06-12T16:23:52.856+0000] {score_missing_articles.py:62} INFO - score_dbdd => score=147.0555
[2025-06-12T16:23:52.858+0000] {score_missing_articles.py:55} INFO - Traitement de l'article 7bf1c23ace9f8ece9f7907262348233e...
[2025-06-12T16:23:54.166+0000] {score_missing_articles.py:62} INFO - score_cat => score=409.9693
[2025-06-12T16:24:03.346+0000] {score_missing_articles.py:62} INFO - score_base => score=13.1638
[2025-06-12T16:24:04.652+0000] {score_missing_articles.py:62} INFO - score_small => score=23.4779
[2025-06-12T16:24:06.104+0000] {score_missing_articles.py:62} INFO - score_dbdd => score=92.0831
[2025-06-12T16:24:06.104+0000] {score_missing_articles.py:55} INFO - Traitement de l'article 9445f40fb5a71b5c72ff030df2151464...
[2025-06-12T16:24:06.905+0000] {score_missing_articles.py:62} INFO - score_cat => score=246.6053
[2025-06-12T16:24:11.720+0000] {score_missing_articles.py:62} INFO - score_base => score=15.4539
[2025-06-12T16:24:12.410+0000] {score_missing_articles.py:62} INFO - score_small => score=35.8086
[2025-06-12T16:24:13.107+0000] {score_missing_articles.py:62} INFO - score_dbdd => score=113.1772
[2025-06-12T16:24:13.107+0000] {score_missing_articles.py:55} INFO - Traitement de l'article b9380d484c126eb86f26be25cdb22c5a...
[2025-06-12T16:24:14.405+0000] {score_missing_articles.py:62} INFO - score_cat => score=325.9336
[2025-06-12T16:24:23.030+0000] {score_missing_articles.py:62} INFO - score_base => score=16.2541
[2025-06-12T16:24:24.325+0000] {score_missing_articles.py:62} INFO - score_small => score=28.4585
[2025-06-12T16:24:25.709+0000] {score_missing_articles.py:62} INFO - score_dbdd => score=80.6796
[2025-06-12T16:24:25.710+0000] {score_missing_articles.py:55} INFO - Traitement de l'article 570532815825fbbef28d37cf2ed06608...
[2025-06-12T16:24:26.156+0000] {score_missing_articles.py:62} INFO - score_cat => score=116.6886
[2025-06-12T16:24:29.213+0000] {score_missing_articles.py:62} INFO - score_base => score=9.5423
[2025-06-12T16:24:29.649+0000] {score_missing_articles.py:62} INFO - score_small => score=19.3235
[2025-06-12T16:24:30.093+0000] {score_missing_articles.py:62} INFO - score_dbdd => score=50.6364
[2025-06-12T16:24:30.094+0000] {score_missing_articles.py:55} INFO - Traitement de l'article c0b72136f8d53541b481f6e29d43e2ac...
[2025-06-12T16:24:30.878+0000] {score_missing_articles.py:62} INFO - score_cat => score=425.8155
[2025-06-12T16:24:36.051+0000] {score_missing_articles.py:62} INFO - score_base => score=25.0936
[2025-06-12T16:24:36.895+0000] {score_missing_articles.py:62} INFO - score_small => score=45.4625
[2025-06-12T16:24:37.709+0000] {score_missing_articles.py:62} INFO - score_dbdd => score=119.7196
[2025-06-12T16:24:37.709+0000] {score_missing_articles.py:55} INFO - Traitement de l'article 2023d8a51802cd5271c4fd835471dbc1...
[2025-06-12T16:24:38.465+0000] {score_missing_articles.py:62} INFO - score_cat => score=239.2444
[2025-06-12T16:24:43.392+0000] {score_missing_articles.py:62} INFO - score_base => score=16.0820
[2025-06-12T16:24:44.135+0000] {score_missing_articles.py:62} INFO - score_small => score=35.0099
[2025-06-12T16:24:44.811+0000] {score_missing_articles.py:62} INFO - score_dbdd => score=96.8132
[2025-06-12T16:24:44.812+0000] {score_missing_articles.py:55} INFO - Traitement de l'article baa76545715a617503636631b607e917...
[2025-06-12T16:24:45.247+0000] {score_missing_articles.py:62} INFO - score_cat => score=176.3305
[2025-06-12T16:24:48.253+0000] {score_missing_articles.py:62} INFO - score_base => score=13.2374
[2025-06-12T16:24:48.796+0000] {score_missing_articles.py:62} INFO - score_small => score=31.8456
[2025-06-12T16:24:49.295+0000] {score_missing_articles.py:62} INFO - score_dbdd => score=97.2384
[2025-06-12T16:24:49.296+0000] {score_missing_articles.py:55} INFO - Traitement de l'article b0d2843040d904d703bcf0fb237447c1...
[2025-06-12T16:24:50.638+0000] {score_missing_articles.py:62} INFO - score_cat => score=305.2409
[2025-06-12T16:24:59.116+0000] {score_missing_articles.py:62} INFO - score_base => score=20.8267
[2025-06-12T16:25:00.437+0000] {score_missing_articles.py:62} INFO - score_small => score=33.5209
[2025-06-12T16:25:01.776+0000] {score_missing_articles.py:62} INFO - score_dbdd => score=114.3741
[2025-06-12T16:25:01.777+0000] {score_missing_articles.py:55} INFO - Traitement de l'article ab15aeff0411c7a3ee455da077d53c57...
[2025-06-12T16:25:02.174+0000] {score_missing_articles.py:62} INFO - score_cat => score=303.9936
[2025-06-12T16:25:04.809+0000] {score_missing_articles.py:62} INFO - score_base => score=12.9409
[2025-06-12T16:25:05.186+0000] {score_missing_articles.py:62} INFO - score_small => score=30.0129
[2025-06-12T16:25:05.659+0000] {score_missing_articles.py:62} INFO - score_dbdd => score=111.6438
[2025-06-12T16:25:05.661+0000] {score_missing_articles.py:55} INFO - Traitement de l'article 4bc0fd151d88dc1c0f534f4674a3869c...
[2025-06-12T16:25:06.314+0000] {score_missing_articles.py:62} INFO - score_cat => score=335.0670
[2025-06-12T16:25:10.398+0000] {score_missing_articles.py:62} INFO - score_base => score=19.5936
[2025-06-12T16:25:11.087+0000] {score_missing_articles.py:62} INFO - score_small => score=41.6503
[2025-06-12T16:25:11.794+0000] {score_missing_articles.py:62} INFO - score_dbdd => score=137.3536
[2025-06-12T16:25:11.795+0000] {score_missing_articles.py:55} INFO - Traitement de l'article 3de1882e2ef27bf5df41a5690183c835...
[2025-06-12T16:25:12.400+0000] {score_missing_articles.py:62} INFO - score_cat => score=210.7558
[2025-06-12T16:25:16.105+0000] {score_missing_articles.py:62} INFO - score_base => score=13.5926
[2025-06-12T16:25:16.638+0000] {score_missing_articles.py:62} INFO - score_small => score=24.9220
[2025-06-12T16:25:17.225+0000] {score_missing_articles.py:62} INFO - score_dbdd => score=61.1344
[2025-06-12T16:25:17.226+0000] {score_missing_articles.py:55} INFO - Traitement de l'article 97db832b100d77f725112de78542fd23...
[2025-06-12T16:25:18.753+0000] {score_missing_articles.py:62} INFO - score_cat => score=362.7543
[2025-06-12T16:25:27.738+0000] {score_missing_articles.py:62} INFO - score_base => score=16.5967
[2025-06-12T16:25:29.041+0000] {score_missing_articles.py:62} INFO - score_small => score=31.5391
[2025-06-12T16:25:30.362+0000] {score_missing_articles.py:62} INFO - score_dbdd => score=101.1130
[2025-06-12T16:25:30.363+0000] {score_missing_articles.py:55} INFO - Traitement de l'article 88b275b47792c5d8026501569f636240...
[2025-06-12T16:25:31.076+0000] {score_missing_articles.py:62} INFO - score_cat => score=323.4886
[2025-06-12T16:25:35.494+0000] {score_missing_articles.py:62} INFO - score_base => score=20.5775
[2025-06-12T16:25:36.172+0000] {score_missing_articles.py:62} INFO - score_small => score=36.0243
[2025-06-12T16:25:36.906+0000] {score_missing_articles.py:62} INFO - score_dbdd => score=135.6041
[2025-06-12T16:25:36.907+0000] {score_missing_articles.py:55} INFO - Traitement de l'article b9a7a6865e69449e9f39c639681b1a91...
[2025-06-12T16:25:37.188+0000] {score_missing_articles.py:62} INFO - score_cat => score=110.0433
[2025-06-12T16:25:38.998+0000] {score_missing_articles.py:62} INFO - score_base => score=7.9151
[2025-06-12T16:25:39.271+0000] {score_missing_articles.py:62} INFO - score_small => score=26.7475
[2025-06-12T16:25:39.559+0000] {score_missing_articles.py:62} INFO - score_dbdd => score=67.2870
[2025-06-12T16:25:39.559+0000] {score_missing_articles.py:55} INFO - Traitement de l'article 5ee1a94452b0c78a3c704f5c79d78fd5...
[2025-06-12T16:25:40.864+0000] {score_missing_articles.py:62} INFO - score_cat => score=406.5005
[2025-06-12T16:25:49.598+0000] {score_missing_articles.py:62} INFO - score_base => score=23.6512
[2025-06-12T16:25:50.883+0000] {score_missing_articles.py:62} INFO - score_small => score=42.9857
[2025-06-12T16:25:52.161+0000] {score_missing_articles.py:62} INFO - score_dbdd => score=151.3460
[2025-06-12T16:25:52.162+0000] {score_missing_articles.py:55} INFO - Traitement de l'article 3f7c79650a9c7b3ce9651bef46181c59...
[2025-06-12T16:25:53.475+0000] {score_missing_articles.py:62} INFO - score_cat => score=582.3178
[2025-06-12T16:26:02.905+0000] {score_missing_articles.py:62} INFO - score_base => score=17.8414
[2025-06-12T16:26:04.273+0000] {score_missing_articles.py:62} INFO - score_small => score=33.3524
[2025-06-12T16:26:05.698+0000] {score_missing_articles.py:62} INFO - score_dbdd => score=132.4753
[2025-06-12T16:26:05.699+0000] {score_missing_articles.py:55} INFO - Traitement de l'article 626f46c6500b298cfa9fa05e3edd5d02...
[2025-06-12T16:26:06.524+0000] {score_missing_articles.py:62} INFO - score_cat => score=246.0003
[2025-06-12T16:26:11.549+0000] {score_missing_articles.py:62} INFO - score_base => score=14.9870
[2025-06-12T16:26:12.399+0000] {score_missing_articles.py:62} INFO - score_small => score=26.2980
[2025-06-12T16:26:13.312+0000] {score_missing_articles.py:62} INFO - score_dbdd => score=83.5317
[2025-06-12T16:26:13.312+0000] {score_missing_articles.py:55} INFO - Traitement de l'article 0685198d93d79d74feab4f4123d7d7e3...
[2025-06-12T16:26:14.508+0000] {score_missing_articles.py:62} INFO - score_cat => score=674.7722
[2025-06-12T16:26:22.012+0000] {score_missing_articles.py:62} INFO - score_base => score=28.9159
[2025-06-12T16:26:23.239+0000] {score_missing_articles.py:62} INFO - score_small => score=68.5592
[2025-06-12T16:26:24.270+0000] {score_missing_articles.py:62} INFO - score_dbdd => score=183.1235
[2025-06-12T16:26:24.271+0000] {score_missing_articles.py:55} INFO - Traitement de l'article ed9ae3fde834e627b26fbd41006e8d0b...
[2025-06-12T16:26:24.569+0000] {score_missing_articles.py:62} INFO - score_cat => score=213.5537
[2025-06-12T16:26:27.152+0000] {score_missing_articles.py:62} INFO - score_base => score=13.5446
[2025-06-12T16:26:27.562+0000] {score_missing_articles.py:62} INFO - score_small => score=18.4673
[2025-06-12T16:26:27.947+0000] {score_missing_articles.py:62} INFO - score_dbdd => score=55.2953
[2025-06-12T16:26:27.948+0000] {score_missing_articles.py:55} INFO - Traitement de l'article 49aa14b89c530be770d618a1ce9e9f87...
[2025-06-12T16:26:29.338+0000] {score_missing_articles.py:62} INFO - score_cat => score=415.9263
[2025-06-12T16:26:38.395+0000] {score_missing_articles.py:62} INFO - score_base => score=18.5572
[2025-06-12T16:26:39.972+0000] {score_missing_articles.py:62} INFO - score_small => score=35.3456
[2025-06-12T16:26:41.378+0000] {score_missing_articles.py:62} INFO - score_dbdd => score=111.4642
[2025-06-12T16:26:41.379+0000] {score_missing_articles.py:55} INFO - Traitement de l'article e48e8dead1a8a91255622ce53944a865...
[2025-06-12T16:26:42.011+0000] {score_missing_articles.py:62} INFO - score_cat => score=130.7985
[2025-06-12T16:26:46.513+0000] {score_missing_articles.py:62} INFO - score_base => score=14.0358
[2025-06-12T16:26:47.175+0000] {score_missing_articles.py:62} INFO - score_small => score=21.5526
[2025-06-12T16:26:47.987+0000] {score_missing_articles.py:62} INFO - score_dbdd => score=50.1975
[2025-06-12T16:26:47.988+0000] {score_missing_articles.py:55} INFO - Traitement de l'article 9f233f55af07120cb70ce8a1a630de4e...
[2025-06-12T16:26:49.338+0000] {score_missing_articles.py:62} INFO - score_cat => score=311.2974
[2025-06-12T16:26:58.023+0000] {score_missing_articles.py:62} INFO - score_base => score=17.8682
[2025-06-12T16:26:59.483+0000] {score_missing_articles.py:62} INFO - score_small => score=32.2750
[2025-06-12T16:27:00.846+0000] {score_missing_articles.py:62} INFO - score_dbdd => score=85.7838
[2025-06-12T16:27:00.847+0000] {score_missing_articles.py:55} INFO - Traitement de l'article f9bae5016afe3aaa550a8d00b4386916...
[2025-06-12T16:27:02.085+0000] {score_missing_articles.py:62} INFO - score_cat => score=209.8552
[2025-06-12T16:27:10.724+0000] {score_missing_articles.py:62} INFO - score_base => score=12.6135
[2025-06-12T16:27:11.963+0000] {score_missing_articles.py:62} INFO - score_small => score=19.6340
[2025-06-12T16:27:13.198+0000] {score_missing_articles.py:62} INFO - score_dbdd => score=57.2611
[2025-06-12T16:27:13.199+0000] {score_missing_articles.py:55} INFO - Traitement de l'article d4a926e091253dd38c3188c3d24bd54e...
[2025-06-12T16:27:14.085+0000] {score_missing_articles.py:62} INFO - score_cat => score=363.9951
[2025-06-12T16:27:21.485+0000] {score_missing_articles.py:62} INFO - score_base => score=20.8307
[2025-06-12T16:27:22.485+0000] {score_missing_articles.py:62} INFO - score_small => score=40.0650
[2025-06-12T16:27:23.542+0000] {score_missing_articles.py:62} INFO - score_dbdd => score=88.8207
[2025-06-12T16:27:23.543+0000] {score_missing_articles.py:55} INFO - Traitement de l'article 2fc7a985938921a19b855d6675544c29...
[2025-06-12T16:27:24.598+0000] {score_missing_articles.py:62} INFO - score_cat => score=239.5112
[2025-06-12T16:27:31.303+0000] {score_missing_articles.py:62} INFO - score_base => score=16.0467
[2025-06-12T16:27:32.366+0000] {score_missing_articles.py:62} INFO - score_small => score=30.6811
[2025-06-12T16:27:33.324+0000] {score_missing_articles.py:62} INFO - score_dbdd => score=98.3770
[2025-06-12T16:27:33.325+0000] {score_missing_articles.py:55} INFO - Traitement de l'article 01631aa83c0c677aa529f7d94cfb90b3...
[2025-06-12T16:27:33.962+0000] {score_missing_articles.py:62} INFO - score_cat => score=283.4806
[2025-06-12T16:27:38.682+0000] {score_missing_articles.py:62} INFO - score_base => score=14.4263
[2025-06-12T16:27:39.425+0000] {score_missing_articles.py:62} INFO - score_small => score=30.1557
[2025-06-12T16:27:40.186+0000] {score_missing_articles.py:62} INFO - score_dbdd => score=92.8955
[2025-06-12T16:27:40.187+0000] {score_missing_articles.py:55} INFO - Traitement de l'article 4c8def08682560e3fb9328a82bc2726e...
[2025-06-12T16:27:41.112+0000] {score_missing_articles.py:62} INFO - score_cat => score=400.8392
[2025-06-12T16:27:47.690+0000] {score_missing_articles.py:62} INFO - score_base => score=18.6144
[2025-06-12T16:27:48.549+0000] {score_missing_articles.py:62} INFO - score_small => score=37.1514
[2025-06-12T16:27:49.438+0000] {score_missing_articles.py:62} INFO - score_dbdd => score=149.3435
[2025-06-12T16:27:49.439+0000] {score_missing_articles.py:55} INFO - Traitement de l'article 2b3677b8c529497c2148c9a5e10e368e...
[2025-06-12T16:27:50.405+0000] {score_missing_articles.py:62} INFO - score_cat => score=187.8074
[2025-06-12T16:27:56.231+0000] {score_missing_articles.py:62} INFO - score_base => score=13.0753
[2025-06-12T16:27:57.107+0000] {score_missing_articles.py:62} INFO - score_small => score=22.4476
[2025-06-12T16:27:57.993+0000] {score_missing_articles.py:62} INFO - score_dbdd => score=65.5614
[2025-06-12T16:27:57.993+0000] {score_missing_articles.py:55} INFO - Traitement de l'article 7128e934ca69d85950687bd81400e145...
[2025-06-12T16:27:59.474+0000] {score_missing_articles.py:62} INFO - score_cat => score=299.3855
[2025-06-12T16:28:09.164+0000] {score_missing_articles.py:62} INFO - score_base => score=19.5629
[2025-06-12T16:28:10.683+0000] {score_missing_articles.py:62} INFO - score_small => score=34.1733
[2025-06-12T16:28:12.045+0000] {score_missing_articles.py:62} INFO - score_dbdd => score=96.8785
[2025-06-12T16:28:12.045+0000] {score_missing_articles.py:55} INFO - Traitement de l'article 544148a722401bf809b48c65e4a80d76...
[2025-06-12T16:28:12.501+0000] {score_missing_articles.py:62} INFO - score_cat => score=148.3002
[2025-06-12T16:28:15.394+0000] {score_missing_articles.py:62} INFO - score_base => score=9.7004
[2025-06-12T16:28:15.842+0000] {score_missing_articles.py:62} INFO - score_small => score=19.4366
[2025-06-12T16:28:16.298+0000] {score_missing_articles.py:62} INFO - score_dbdd => score=58.8505
[2025-06-12T16:28:16.299+0000] {score_missing_articles.py:55} INFO - Traitement de l'article 41879c6d75e88b92bee41d0afe88aa74...
[2025-06-12T16:28:17.207+0000] {score_missing_articles.py:62} INFO - score_cat => score=342.3513
[2025-06-12T16:28:23.510+0000] {score_missing_articles.py:62} INFO - score_base => score=16.7182
[2025-06-12T16:28:24.804+0000] {score_missing_articles.py:62} INFO - score_small => score=27.7139
[2025-06-12T16:28:25.958+0000] {score_missing_articles.py:62} INFO - score_dbdd => score=120.8110
[2025-06-12T16:28:25.958+0000] {score_missing_articles.py:55} INFO - Traitement de l'article 467fcc3d5d591a19d5c0e3cd29076c08...
[2025-06-12T16:28:26.438+0000] {score_missing_articles.py:62} INFO - score_cat => score=172.5846
[2025-06-12T16:28:30.323+0000] {score_missing_articles.py:62} INFO - score_base => score=11.2721
[2025-06-12T16:28:30.781+0000] {score_missing_articles.py:62} INFO - score_small => score=18.7414
[2025-06-12T16:28:31.193+0000] {score_missing_articles.py:62} INFO - score_dbdd => score=48.1802
[2025-06-12T16:28:31.194+0000] {score_missing_articles.py:55} INFO - Traitement de l'article 011fe080ea25ec2b0ff96d909a9b6374...
[2025-06-12T16:28:32.533+0000] {score_missing_articles.py:62} INFO - score_cat => score=852.4285
[2025-06-12T16:28:41.525+0000] {score_missing_articles.py:62} INFO - score_base => score=23.6429
[2025-06-12T16:28:42.894+0000] {score_missing_articles.py:62} INFO - score_small => score=58.5928
[2025-06-12T16:28:44.311+0000] {score_missing_articles.py:62} INFO - score_dbdd => score=211.1251
[2025-06-12T16:28:44.312+0000] {score_missing_articles.py:55} INFO - Traitement de l'article fcec22b5833f91cf1b24a937d6524c7f...
[2025-06-12T16:28:45.030+0000] {score_missing_articles.py:62} INFO - score_cat => score=289.4646
[2025-06-12T16:28:49.667+0000] {score_missing_articles.py:62} INFO - score_base => score=13.7088
[2025-06-12T16:28:50.310+0000] {score_missing_articles.py:62} INFO - score_small => score=22.8054
[2025-06-12T16:28:50.996+0000] {score_missing_articles.py:62} INFO - score_dbdd => score=78.3718
[2025-06-12T16:28:50.997+0000] {score_missing_articles.py:55} INFO - Traitement de l'article 7da13955b4b4153365ab0e6f62f24bc9...
[2025-06-12T16:28:51.352+0000] {score_missing_articles.py:62} INFO - score_cat => score=213.9905
[2025-06-12T16:28:53.794+0000] {score_missing_articles.py:62} INFO - score_base => score=15.4101
[2025-06-12T16:28:54.144+0000] {score_missing_articles.py:62} INFO - score_small => score=27.9410
[2025-06-12T16:28:54.481+0000] {score_missing_articles.py:62} INFO - score_dbdd => score=72.7635
[2025-06-12T16:28:54.482+0000] {score_missing_articles.py:55} INFO - Traitement de l'article 34c8a5b058bc991131163c3b26af1447...
[2025-06-12T16:28:55.007+0000] {score_missing_articles.py:62} INFO - score_cat => score=212.0020
[2025-06-12T16:28:58.686+0000] {score_missing_articles.py:62} INFO - score_base => score=15.2374
[2025-06-12T16:28:59.204+0000] {score_missing_articles.py:62} INFO - score_small => score=26.3551
[2025-06-12T16:28:59.723+0000] {score_missing_articles.py:62} INFO - score_dbdd => score=74.4516
[2025-06-12T16:28:59.724+0000] {score_missing_articles.py:55} INFO - Traitement de l'article 5e140b04214eeae6d68e60ca2ddd5060...
[2025-06-12T16:29:00.462+0000] {score_missing_articles.py:62} INFO - score_cat => score=387.1064
[2025-06-12T16:29:05.298+0000] {score_missing_articles.py:62} INFO - score_base => score=17.8584
[2025-06-12T16:29:06.063+0000] {score_missing_articles.py:62} INFO - score_small => score=36.9623
[2025-06-12T16:29:06.824+0000] {score_missing_articles.py:62} INFO - score_dbdd => score=123.8336
[2025-06-12T16:29:06.825+0000] {score_missing_articles.py:55} INFO - Traitement de l'article e7feb17cff4504c2426b4eee81015d04...
[2025-06-12T16:29:07.217+0000] {score_missing_articles.py:62} INFO - score_cat => score=139.8207
[2025-06-12T16:29:09.594+0000] {score_missing_articles.py:62} INFO - score_base => score=13.1756
[2025-06-12T16:29:09.938+0000] {score_missing_articles.py:62} INFO - score_small => score=27.2248
[2025-06-12T16:29:10.315+0000] {score_missing_articles.py:62} INFO - score_dbdd => score=80.9844
[2025-06-12T16:29:10.315+0000] {score_missing_articles.py:55} INFO - Traitement de l'article f87475982c3e7989b385c7a0ce4afc41...
[2025-06-12T16:29:11.474+0000] {score_missing_articles.py:62} INFO - score_cat => score=450.0003
[2025-06-12T16:29:18.885+0000] {score_missing_articles.py:62} INFO - score_base => score=16.7423
[2025-06-12T16:29:20.027+0000] {score_missing_articles.py:62} INFO - score_small => score=31.2964
[2025-06-12T16:29:21.334+0000] {score_missing_articles.py:62} INFO - score_dbdd => score=102.5144
[2025-06-12T16:29:21.335+0000] {score_missing_articles.py:55} INFO - Traitement de l'article da496131550291e90c2256214c4840d2...
[2025-06-12T16:29:21.856+0000] {score_missing_articles.py:62} INFO - score_cat => score=234.7803
[2025-06-12T16:29:25.232+0000] {score_missing_articles.py:62} INFO - score_base => score=11.4191
[2025-06-12T16:29:25.722+0000] {score_missing_articles.py:62} INFO - score_small => score=22.3027
[2025-06-12T16:29:26.282+0000] {score_missing_articles.py:62} INFO - score_dbdd => score=80.8439
[2025-06-12T16:29:26.282+0000] {score_missing_articles.py:55} INFO - Traitement de l'article 568b41dcb3de5ac1dbd4a12fd0652491...
[2025-06-12T16:29:27.550+0000] {score_missing_articles.py:62} INFO - score_cat => score=429.7874
[2025-06-12T16:29:34.852+0000] {score_missing_articles.py:62} INFO - score_base => score=20.8815
[2025-06-12T16:29:36.033+0000] {score_missing_articles.py:62} INFO - score_small => score=41.5625
[2025-06-12T16:29:37.163+0000] {score_missing_articles.py:62} INFO - score_dbdd => score=145.2486
[2025-06-12T16:29:37.163+0000] {score_missing_articles.py:55} INFO - Traitement de l'article bae2141707c740d469c4aaa9b3d79c7b...
[2025-06-12T16:29:38.310+0000] {score_missing_articles.py:62} INFO - score_cat => score=267.1473
[2025-06-12T16:29:46.340+0000] {score_missing_articles.py:62} INFO - score_base => score=15.0627
[2025-06-12T16:29:47.508+0000] {score_missing_articles.py:62} INFO - score_small => score=28.7972
[2025-06-12T16:29:48.734+0000] {score_missing_articles.py:62} INFO - score_dbdd => score=67.7367
[2025-06-12T16:29:48.734+0000] {score_missing_articles.py:55} INFO - Traitement de l'article 65dfaa25a7f9258290bbb1a05f3490b7...
[2025-06-12T16:29:49.117+0000] {score_missing_articles.py:62} INFO - score_cat => score=320.5987
[2025-06-12T16:29:51.772+0000] {score_missing_articles.py:62} INFO - score_base => score=29.3293
[2025-06-12T16:29:52.163+0000] {score_missing_articles.py:62} INFO - score_small => score=58.0997
[2025-06-12T16:29:52.562+0000] {score_missing_articles.py:62} INFO - score_dbdd => score=150.8773
[2025-06-12T16:29:52.563+0000] {score_missing_articles.py:55} INFO - Traitement de l'article e46516f9015c25baea5ed9a6818a8868...
[2025-06-12T16:29:53.068+0000] {score_missing_articles.py:62} INFO - score_cat => score=178.8775
[2025-06-12T16:29:56.654+0000] {score_missing_articles.py:62} INFO - score_base => score=10.5981
[2025-06-12T16:29:57.202+0000] {score_missing_articles.py:62} INFO - score_small => score=27.3829
[2025-06-12T16:29:57.770+0000] {score_missing_articles.py:62} INFO - score_dbdd => score=92.8190
[2025-06-12T16:29:57.770+0000] {score_missing_articles.py:55} INFO - Traitement de l'article 1e1903163163e37888c9885b66e26cd6...
[2025-06-12T16:29:58.287+0000] {score_missing_articles.py:62} INFO - score_cat => score=192.6795
[2025-06-12T16:30:01.943+0000] {score_missing_articles.py:62} INFO - score_base => score=12.8106
[2025-06-12T16:30:02.495+0000] {score_missing_articles.py:62} INFO - score_small => score=27.0233
[2025-06-12T16:30:03.088+0000] {score_missing_articles.py:62} INFO - score_dbdd => score=77.3289
[2025-06-12T16:30:03.088+0000] {score_missing_articles.py:55} INFO - Traitement de l'article 7a4fb7526f1e67ef0653d2c9ff7a3d9c...
[2025-06-12T16:30:03.673+0000] {score_missing_articles.py:62} INFO - score_cat => score=311.3455
[2025-06-12T16:30:07.541+0000] {score_missing_articles.py:62} INFO - score_base => score=15.3705
[2025-06-12T16:30:08.084+0000] {score_missing_articles.py:62} INFO - score_small => score=29.2940
[2025-06-12T16:30:08.615+0000] {score_missing_articles.py:62} INFO - score_dbdd => score=113.8641
[2025-06-12T16:30:08.616+0000] {score_missing_articles.py:55} INFO - Traitement de l'article d63722155c6bf99143df1b22857acd44...
[2025-06-12T16:30:09.551+0000] {score_missing_articles.py:62} INFO - score_cat => score=343.4314
[2025-06-12T16:30:15.459+0000] {score_missing_articles.py:62} INFO - score_base => score=16.4221
[2025-06-12T16:30:16.405+0000] {score_missing_articles.py:62} INFO - score_small => score=28.6193
[2025-06-12T16:30:17.407+0000] {score_missing_articles.py:62} INFO - score_dbdd => score=102.4412
[2025-06-12T16:30:17.408+0000] {score_missing_articles.py:55} INFO - Traitement de l'article f6ac1ce9af9f619bd9684fd361a4de72...
[2025-06-12T16:30:17.661+0000] {score_missing_articles.py:62} INFO - score_cat => score=239.5518
[2025-06-12T16:30:19.598+0000] {score_missing_articles.py:62} INFO - score_base => score=23.7526
[2025-06-12T16:30:19.882+0000] {score_missing_articles.py:62} INFO - score_small => score=57.6545
[2025-06-12T16:30:20.165+0000] {score_missing_articles.py:62} INFO - score_dbdd => score=162.6446
[2025-06-12T16:30:20.165+0000] {score_missing_articles.py:55} INFO - Traitement de l'article 885145847c73534061e29b233af2b24c...
[2025-06-12T16:30:20.776+0000] {score_missing_articles.py:62} INFO - score_cat => score=280.8876
[2025-06-12T16:30:25.040+0000] {score_missing_articles.py:62} INFO - score_base => score=18.7359
[2025-06-12T16:30:25.614+0000] {score_missing_articles.py:62} INFO - score_small => score=29.3516
[2025-06-12T16:30:26.257+0000] {score_missing_articles.py:62} INFO - score_dbdd => score=121.6829
[2025-06-12T16:30:26.258+0000] {score_missing_articles.py:55} INFO - Traitement de l'article 5875465845eb07870f7835c0e8c9670d...
[2025-06-12T16:30:26.707+0000] {score_missing_articles.py:62} INFO - score_cat => score=188.9969
[2025-06-12T16:30:29.896+0000] {score_missing_articles.py:62} INFO - score_base => score=11.9354
[2025-06-12T16:30:30.346+0000] {score_missing_articles.py:62} INFO - score_small => score=27.8875
[2025-06-12T16:30:30.830+0000] {score_missing_articles.py:62} INFO - score_dbdd => score=75.6505
[2025-06-12T16:30:30.831+0000] {score_missing_articles.py:55} INFO - Traitement de l'article 128526c89546abbb72a6aba8b2a6e6bb...
[2025-06-12T16:30:31.493+0000] {score_missing_articles.py:62} INFO - score_cat => score=156.8780
[2025-06-12T16:30:35.484+0000] {score_missing_articles.py:62} INFO - score_base => score=13.0769
[2025-06-12T16:30:36.106+0000] {score_missing_articles.py:62} INFO - score_small => score=22.6020
[2025-06-12T16:30:36.729+0000] {score_missing_articles.py:62} INFO - score_dbdd => score=66.6647
[2025-06-12T16:30:36.730+0000] {score_missing_articles.py:55} INFO - Traitement de l'article 1838c34c5fc10e30815ddcd5df0b5d7b...
[2025-06-12T16:30:37.711+0000] {score_missing_articles.py:62} INFO - score_cat => score=292.4782
[2025-06-12T16:30:44.438+0000] {score_missing_articles.py:62} INFO - score_base => score=15.6133
[2025-06-12T16:30:45.460+0000] {score_missing_articles.py:62} INFO - score_small => score=28.1116
[2025-06-12T16:30:46.544+0000] {score_missing_articles.py:62} INFO - score_dbdd => score=77.9367
[2025-06-12T16:30:46.545+0000] {score_missing_articles.py:55} INFO - Traitement de l'article e7bac5c6ac0778362d75f8053a3d7354...
[2025-06-12T16:30:47.292+0000] {score_missing_articles.py:62} INFO - score_cat => score=223.8082
[2025-06-12T16:30:51.889+0000] {score_missing_articles.py:62} INFO - score_base => score=17.6809
[2025-06-12T16:30:52.582+0000] {score_missing_articles.py:62} INFO - score_small => score=34.4065
[2025-06-12T16:30:53.320+0000] {score_missing_articles.py:62} INFO - score_dbdd => score=76.5593
[2025-06-12T16:30:53.320+0000] {score_missing_articles.py:55} INFO - Traitement de l'article 4a56b929cad2d95fd6b3e28548a203da...
[2025-06-12T16:30:53.568+0000] {score_missing_articles.py:62} INFO - score_cat => score=104.8500
[2025-06-12T16:30:55.299+0000] {score_missing_articles.py:62} INFO - score_base => score=10.8703
[2025-06-12T16:30:55.554+0000] {score_missing_articles.py:62} INFO - score_small => score=23.7275
[2025-06-12T16:30:55.817+0000] {score_missing_articles.py:62} INFO - score_dbdd => score=91.1391
[2025-06-12T16:30:55.817+0000] {score_missing_articles.py:55} INFO - Traitement de l'article b80fbd034850503d85a9b6800f3188cd...
[2025-06-12T16:30:56.463+0000] {score_missing_articles.py:62} INFO - score_cat => score=276.6452
[2025-06-12T16:31:00.596+0000] {score_missing_articles.py:62} INFO - score_base => score=21.6711
[2025-06-12T16:31:01.242+0000] {score_missing_articles.py:62} INFO - score_small => score=49.9542
[2025-06-12T16:31:01.877+0000] {score_missing_articles.py:62} INFO - score_dbdd => score=119.5052
[2025-06-12T16:31:01.877+0000] {score_missing_articles.py:55} INFO - Traitement de l'article 1d38e3116933e6b2188f08d990f8cf18...
[2025-06-12T16:31:02.129+0000] {score_missing_articles.py:62} INFO - score_cat => score=143.3417
[2025-06-12T16:31:03.815+0000] {score_missing_articles.py:62} INFO - score_base => score=17.4485
[2025-06-12T16:31:04.048+0000] {score_missing_articles.py:62} INFO - score_small => score=41.2523
[2025-06-12T16:31:04.306+0000] {score_missing_articles.py:62} INFO - score_dbdd => score=151.9356
[2025-06-12T16:31:04.307+0000] {score_missing_articles.py:55} INFO - Traitement de l'article 59fa0147c0b5bc0839d0e2ef7d68b877...
[2025-06-12T16:31:05.019+0000] {score_missing_articles.py:62} INFO - score_cat => score=323.8839
[2025-06-12T16:31:09.763+0000] {score_missing_articles.py:62} INFO - score_base => score=17.1619
[2025-06-12T16:31:10.491+0000] {score_missing_articles.py:62} INFO - score_small => score=31.4598
[2025-06-12T16:31:11.215+0000] {score_missing_articles.py:62} INFO - score_dbdd => score=119.1322
[2025-06-12T16:31:11.216+0000] {score_missing_articles.py:55} INFO - Traitement de l'article 96355577ec57b21e3f5fa980abc6432f...
[2025-06-12T16:31:12.308+0000] {score_missing_articles.py:62} INFO - score_cat => score=458.3312
[2025-06-12T16:31:19.680+0000] {score_missing_articles.py:62} INFO - score_base => score=25.1734
[2025-06-12T16:31:20.830+0000] {score_missing_articles.py:62} INFO - score_small => score=39.7004
[2025-06-12T16:31:21.976+0000] {score_missing_articles.py:62} INFO - score_dbdd => score=119.7016
[2025-06-12T16:31:21.977+0000] {score_missing_articles.py:55} INFO - Traitement de l'article 704dabfa262b0743669ac6ef325f986c...
[2025-06-12T16:31:23.264+0000] {score_missing_articles.py:62} INFO - score_cat => score=322.0694
[2025-06-12T16:31:30.984+0000] {score_missing_articles.py:62} INFO - score_base => score=19.6125
[2025-06-12T16:31:32.054+0000] {score_missing_articles.py:62} INFO - score_small => score=45.7957
[2025-06-12T16:31:33.190+0000] {score_missing_articles.py:62} INFO - score_dbdd => score=127.3751
[2025-06-12T16:31:33.191+0000] {score_missing_articles.py:55} INFO - Traitement de l'article 77bbc9cccfb61158934e3cc0cd1af5d8...
[2025-06-12T16:31:33.859+0000] {score_missing_articles.py:62} INFO - score_cat => score=174.6642
[2025-06-12T16:31:38.172+0000] {score_missing_articles.py:62} INFO - score_base => score=15.9824
[2025-06-12T16:31:38.781+0000] {score_missing_articles.py:62} INFO - score_small => score=29.8252
[2025-06-12T16:31:39.554+0000] {score_missing_articles.py:62} INFO - score_dbdd => score=80.3570
[2025-06-12T16:31:39.555+0000] {score_missing_articles.py:55} INFO - Traitement de l'article 19a76e8c2d7248d188158ab4e5bbe102...
[2025-06-12T16:31:40.482+0000] {score_missing_articles.py:62} INFO - score_cat => score=483.7264
[2025-06-12T16:31:46.326+0000] {score_missing_articles.py:62} INFO - score_base => score=23.8404
[2025-06-12T16:31:47.303+0000] {score_missing_articles.py:62} INFO - score_small => score=50.1659
[2025-06-12T16:31:48.209+0000] {score_missing_articles.py:62} INFO - score_dbdd => score=151.0400
[2025-06-12T16:31:48.210+0000] {score_missing_articles.py:55} INFO - Traitement de l'article f6a734c02e1d487dff043d61b52a7968...
[2025-06-12T16:31:48.712+0000] {score_missing_articles.py:62} INFO - score_cat => score=239.3413
[2025-06-12T16:31:52.181+0000] {score_missing_articles.py:62} INFO - score_base => score=13.7594
[2025-06-12T16:31:52.689+0000] {score_missing_articles.py:62} INFO - score_small => score=24.8608
[2025-06-12T16:31:53.219+0000] {score_missing_articles.py:62} INFO - score_dbdd => score=82.1851
[2025-06-12T16:31:53.220+0000] {score_missing_articles.py:55} INFO - Traitement de l'article 73e5f896d57b46bb29b080208fdcdf33...
[2025-06-12T16:31:53.816+0000] {score_missing_articles.py:62} INFO - score_cat => score=264.1175
[2025-06-12T16:31:58.025+0000] {score_missing_articles.py:62} INFO - score_base => score=17.9806
[2025-06-12T16:31:58.689+0000] {score_missing_articles.py:62} INFO - score_small => score=30.3333
[2025-06-12T16:31:59.376+0000] {score_missing_articles.py:62} INFO - score_dbdd => score=129.7536
[2025-06-12T16:31:59.377+0000] {score_missing_articles.py:55} INFO - Traitement de l'article 4aa1fe329bbf66ba3aa204385936a4e7...
[2025-06-12T16:32:00.752+0000] {score_missing_articles.py:62} INFO - score_cat => score=338.8767
[2025-06-12T16:32:09.473+0000] {score_missing_articles.py:62} INFO - score_base => score=14.5956
[2025-06-12T16:32:10.695+0000] {score_missing_articles.py:62} INFO - score_small => score=28.1644
[2025-06-12T16:32:11.907+0000] {score_missing_articles.py:62} INFO - score_dbdd => score=92.9847
[2025-06-12T16:32:11.908+0000] {score_missing_articles.py:55} INFO - Traitement de l'article bd4208b3d77706ef81dec5e9cffd2c48...
[2025-06-12T16:32:12.379+0000] {score_missing_articles.py:62} INFO - score_cat => score=306.6831
[2025-06-12T16:32:15.589+0000] {score_missing_articles.py:62} INFO - score_base => score=18.9870
[2025-06-12T16:32:16.090+0000] {score_missing_articles.py:62} INFO - score_small => score=39.6885
[2025-06-12T16:32:16.569+0000] {score_missing_articles.py:62} INFO - score_dbdd => score=133.3055
[2025-06-12T16:32:16.570+0000] {score_missing_articles.py:55} INFO - Traitement de l'article 3f067d029fa72e158be5ca57f527f9d7...
[2025-06-12T16:32:17.786+0000] {score_missing_articles.py:62} INFO - score_cat => score=271.5383
[2025-06-12T16:32:26.113+0000] {score_missing_articles.py:62} INFO - score_base => score=19.2930
[2025-06-12T16:32:27.371+0000] {score_missing_articles.py:62} INFO - score_small => score=32.1611
[2025-06-12T16:32:28.700+0000] {score_missing_articles.py:62} INFO - score_dbdd => score=77.7371
[2025-06-12T16:32:28.700+0000] {score_missing_articles.py:55} INFO - Traitement de l'article cdd14d7c09483691c517782bf4dc7d3c...
[2025-06-12T16:32:29.273+0000] {score_missing_articles.py:62} INFO - score_cat => score=239.6949
[2025-06-12T16:32:33.031+0000] {score_missing_articles.py:62} INFO - score_base => score=15.1750
[2025-06-12T16:32:33.569+0000] {score_missing_articles.py:62} INFO - score_small => score=31.1554
[2025-06-12T16:32:34.125+0000] {score_missing_articles.py:62} INFO - score_dbdd => score=85.6234
[2025-06-12T16:32:34.126+0000] {score_missing_articles.py:55} INFO - Traitement de l'article 20e72cd1f36515a2a4f2a53720c29c34...
[2025-06-12T16:32:34.472+0000] {score_missing_articles.py:62} INFO - score_cat => score=172.7731
[2025-06-12T16:32:36.769+0000] {score_missing_articles.py:62} INFO - score_base => score=18.5515
[2025-06-12T16:32:37.105+0000] {score_missing_articles.py:62} INFO - score_small => score=37.5569
[2025-06-12T16:32:37.478+0000] {score_missing_articles.py:62} INFO - score_dbdd => score=71.8059
[2025-06-12T16:32:37.479+0000] {score_missing_articles.py:55} INFO - Traitement de l'article 43cdcf37735e054f293c072caf3f9455...
[2025-06-12T16:32:38.895+0000] {score_missing_articles.py:62} INFO - score_cat => score=310.4512
[2025-06-12T16:32:47.279+0000] {score_missing_articles.py:62} INFO - score_base => score=13.0552
[2025-06-12T16:32:48.527+0000] {score_missing_articles.py:62} INFO - score_small => score=30.4367
[2025-06-12T16:32:49.799+0000] {score_missing_articles.py:62} INFO - score_dbdd => score=136.8267
[2025-06-12T16:32:49.799+0000] {score_missing_articles.py:55} INFO - Traitement de l'article fa87e509a6cc043f1096b348b507be65...
[2025-06-12T16:32:50.505+0000] {score_missing_articles.py:62} INFO - score_cat => score=268.3339
[2025-06-12T16:32:54.957+0000] {score_missing_articles.py:62} INFO - score_base => score=16.1164
[2025-06-12T16:32:55.607+0000] {score_missing_articles.py:62} INFO - score_small => score=29.9838
[2025-06-12T16:32:56.334+0000] {score_missing_articles.py:62} INFO - score_dbdd => score=87.5953
[2025-06-12T16:32:56.334+0000] {score_missing_articles.py:55} INFO - Traitement de l'article 151fb9c179af53ba26f5792a7a6cd574...
[2025-06-12T16:32:57.086+0000] {score_missing_articles.py:62} INFO - score_cat => score=234.3468
[2025-06-12T16:33:02.016+0000] {score_missing_articles.py:62} INFO - score_base => score=20.9715
[2025-06-12T16:33:02.759+0000] {score_missing_articles.py:62} INFO - score_small => score=40.4820
[2025-06-12T16:33:03.501+0000] {score_missing_articles.py:62} INFO - score_dbdd => score=126.5538
[2025-06-12T16:33:03.501+0000] {score_missing_articles.py:55} INFO - Traitement de l'article 26c88a9d057d5cfb66eadfdf77f1a937...
[2025-06-12T16:33:04.751+0000] {score_missing_articles.py:62} INFO - score_cat => score=462.9283
[2025-06-12T16:33:13.027+0000] {score_missing_articles.py:62} INFO - score_base => score=18.0667
[2025-06-12T16:33:14.272+0000] {score_missing_articles.py:62} INFO - score_small => score=37.5243
[2025-06-12T16:33:15.576+0000] {score_missing_articles.py:62} INFO - score_dbdd => score=138.0015
[2025-06-12T16:33:15.577+0000] {score_missing_articles.py:55} INFO - Traitement de l'article 577c5115d4b86c61dd0590b1c1ff2d1e...
[2025-06-12T16:33:16.721+0000] {score_missing_articles.py:62} INFO - score_cat => score=294.6369
[2025-06-12T16:33:24.123+0000] {score_missing_articles.py:62} INFO - score_base => score=16.5539
[2025-06-12T16:33:25.224+0000] {score_missing_articles.py:62} INFO - score_small => score=29.9474
[2025-06-12T16:33:26.298+0000] {score_missing_articles.py:62} INFO - score_dbdd => score=63.9273
[2025-06-12T16:33:26.299+0000] {score_missing_articles.py:55} INFO - Traitement de l'article b9fdf1ab7566366e102d28df1fa24149...
[2025-06-12T16:33:26.819+0000] {score_missing_articles.py:62} INFO - score_cat => score=366.3376
[2025-06-12T16:33:30.430+0000] {score_missing_articles.py:62} INFO - score_base => score=26.7643
[2025-06-12T16:33:30.994+0000] {score_missing_articles.py:62} INFO - score_small => score=70.2513
[2025-06-12T16:33:31.612+0000] {score_missing_articles.py:62} INFO - score_dbdd => score=187.9215
[2025-06-12T16:33:31.613+0000] {score_missing_articles.py:55} INFO - Traitement de l'article e40e48d83f3f4e00a1d532dce63063a0...
[2025-06-12T16:33:32.425+0000] {score_missing_articles.py:62} INFO - score_cat => score=171.4119
[2025-06-12T16:33:37.200+0000] {score_missing_articles.py:62} INFO - score_base => score=10.7170
[2025-06-12T16:33:37.974+0000] {score_missing_articles.py:62} INFO - score_small => score=19.7472
[2025-06-12T16:33:38.772+0000] {score_missing_articles.py:62} INFO - score_dbdd => score=65.8289
[2025-06-12T16:33:38.773+0000] {score_missing_articles.py:55} INFO - Traitement de l'article faf2b8ea5c075e7a395ff3d87f074953...
[2025-06-12T16:33:40.057+0000] {score_missing_articles.py:62} INFO - score_cat => score=473.7509
[2025-06-12T16:33:48.452+0000] {score_missing_articles.py:62} INFO - score_base => score=19.3665
[2025-06-12T16:33:49.731+0000] {score_missing_articles.py:62} INFO - score_small => score=41.7257
[2025-06-12T16:33:50.998+0000] {score_missing_articles.py:62} INFO - score_dbdd => score=123.7010
[2025-06-12T16:33:50.998+0000] {score_missing_articles.py:55} INFO - Traitement de l'article dbf80cb4f171055f68f3fca4928c3ef7...
[2025-06-12T16:33:52.281+0000] {score_missing_articles.py:62} INFO - score_cat => score=886.9084
[2025-06-12T16:34:01.046+0000] {score_missing_articles.py:62} INFO - score_base => score=14.3043
[2025-06-12T16:34:02.418+0000] {score_missing_articles.py:62} INFO - score_small => score=44.3785
[2025-06-12T16:34:03.800+0000] {score_missing_articles.py:62} INFO - score_dbdd => score=61.2165
[2025-06-12T16:34:03.801+0000] {score_missing_articles.py:55} INFO - Traitement de l'article daeff4a032cd5291ee6a74cdb87facb5...
[2025-06-12T16:34:05.142+0000] {score_missing_articles.py:62} INFO - score_cat => score=458.8337
[2025-06-12T16:34:13.494+0000] {score_missing_articles.py:62} INFO - score_base => score=16.9000
[2025-06-12T16:34:14.737+0000] {score_missing_articles.py:62} INFO - score_small => score=27.6495
[2025-06-12T16:34:16.191+0000] {score_missing_articles.py:62} INFO - score_dbdd => score=97.1733
[2025-06-12T16:34:16.192+0000] {score_missing_articles.py:55} INFO - Traitement de l'article 56863276c70cdf1237f5e55916911cfd...
[2025-06-12T16:34:17.588+0000] {score_missing_articles.py:62} INFO - score_cat => score=368.7655
[2025-06-12T16:34:25.629+0000] {score_missing_articles.py:62} INFO - score_base => score=20.4034
[2025-06-12T16:34:27.005+0000] {score_missing_articles.py:62} INFO - score_small => score=37.5588
[2025-06-12T16:34:28.229+0000] {score_missing_articles.py:62} INFO - score_dbdd => score=113.8841
[2025-06-12T16:34:28.230+0000] {score_missing_articles.py:55} INFO - Traitement de l'article 514aa9500c10a776de765b948ab52fee...
[2025-06-12T16:34:28.592+0000] {score_missing_articles.py:62} INFO - score_cat => score=255.5179
[2025-06-12T16:34:31.072+0000] {score_missing_articles.py:62} INFO - score_base => score=17.5676
[2025-06-12T16:34:31.438+0000] {score_missing_articles.py:62} INFO - score_small => score=37.6421
[2025-06-12T16:34:31.885+0000] {score_missing_articles.py:62} INFO - score_dbdd => score=104.5824
[2025-06-12T16:34:31.886+0000] {score_missing_articles.py:55} INFO - Traitement de l'article 853d08d1f7a2927d87c569e5b05a93ae...
[2025-06-12T16:34:32.972+0000] {score_missing_articles.py:62} INFO - score_cat => score=547.8532
[2025-06-12T16:34:40.313+0000] {score_missing_articles.py:62} INFO - score_base => score=20.4655
[2025-06-12T16:34:41.546+0000] {score_missing_articles.py:62} INFO - score_small => score=46.3889
[2025-06-12T16:34:42.687+0000] {score_missing_articles.py:62} INFO - score_dbdd => score=115.3078
[2025-06-12T16:34:42.688+0000] {score_missing_articles.py:55} INFO - Traitement de l'article ce969678f7632d519d4c6259c0ff2c52...
[2025-06-12T16:34:43.326+0000] {score_missing_articles.py:62} INFO - score_cat => score=237.6371
[2025-06-12T16:34:47.807+0000] {score_missing_articles.py:62} INFO - score_base => score=12.3442
[2025-06-12T16:34:48.471+0000] {score_missing_articles.py:62} INFO - score_small => score=24.9347
[2025-06-12T16:34:49.170+0000] {score_missing_articles.py:62} INFO - score_dbdd => score=87.7877
[2025-06-12T16:34:49.171+0000] {score_missing_articles.py:55} INFO - Traitement de l'article 82573976ee51663f95092d72c3b5451c...
[2025-06-12T16:34:49.568+0000] {score_missing_articles.py:62} INFO - score_cat => score=282.9015
[2025-06-12T16:34:52.395+0000] {score_missing_articles.py:62} INFO - score_base => score=17.2772
[2025-06-12T16:34:52.823+0000] {score_missing_articles.py:62} INFO - score_small => score=39.2689
[2025-06-12T16:34:53.259+0000] {score_missing_articles.py:62} INFO - score_dbdd => score=160.2248
[2025-06-12T16:34:53.260+0000] {score_missing_articles.py:55} INFO - Traitement de l'article e9588e23224a778d729f5ca7f046247a...
[2025-06-12T16:34:54.498+0000] {score_missing_articles.py:62} INFO - score_cat => score=261.0663
[2025-06-12T16:35:02.999+0000] {score_missing_articles.py:62} INFO - score_base => score=11.0060
[2025-06-12T16:35:04.388+0000] {score_missing_articles.py:62} INFO - score_small => score=22.1678
[2025-06-12T16:35:05.588+0000] {score_missing_articles.py:62} INFO - score_dbdd => score=70.4822
[2025-06-12T16:35:05.589+0000] {score_missing_articles.py:55} INFO - Traitement de l'article 123058480396c16b463026c04101174d...
[2025-06-12T16:35:05.960+0000] {score_missing_articles.py:62} INFO - score_cat => score=265.2714
[2025-06-12T16:35:08.581+0000] {score_missing_articles.py:62} INFO - score_base => score=14.4142
[2025-06-12T16:35:08.978+0000] {score_missing_articles.py:62} INFO - score_small => score=28.7565
[2025-06-12T16:35:09.354+0000] {score_missing_articles.py:62} INFO - score_dbdd => score=112.3135
[2025-06-12T16:35:09.355+0000] {score_missing_articles.py:55} INFO - Traitement de l'article 93807bbd1ed9983168a6d0af753cfab8...
[2025-06-12T16:35:09.702+0000] {score_missing_articles.py:62} INFO - score_cat => score=302.8496
[2025-06-12T16:35:12.180+0000] {score_missing_articles.py:62} INFO - score_base => score=20.2172
[2025-06-12T16:35:12.552+0000] {score_missing_articles.py:62} INFO - score_small => score=45.2255
[2025-06-12T16:35:12.960+0000] {score_missing_articles.py:62} INFO - score_dbdd => score=150.1668
[2025-06-12T16:35:12.962+0000] {score_missing_articles.py:55} INFO - Traitement de l'article 17378809576657204ffb520959fb9607...
[2025-06-12T16:35:13.508+0000] {score_missing_articles.py:62} INFO - score_cat => score=289.3017
[2025-06-12T16:35:17.348+0000] {score_missing_articles.py:62} INFO - score_base => score=13.2842
[2025-06-12T16:35:17.936+0000] {score_missing_articles.py:62} INFO - score_small => score=27.6093
[2025-06-12T16:35:18.537+0000] {score_missing_articles.py:62} INFO - score_dbdd => score=97.1446
[2025-06-12T16:35:18.538+0000] {score_missing_articles.py:55} INFO - Traitement de l'article 5baa74facc4034c497301bcb5ef09eb6...
[2025-06-12T16:35:19.239+0000] {score_missing_articles.py:62} INFO - score_cat => score=302.3792
[2025-06-12T16:35:24.010+0000] {score_missing_articles.py:62} INFO - score_base => score=21.1511
[2025-06-12T16:35:24.621+0000] {score_missing_articles.py:62} INFO - score_small => score=37.8896
[2025-06-12T16:35:25.257+0000] {score_missing_articles.py:62} INFO - score_dbdd => score=90.4089
[2025-06-12T16:35:25.258+0000] {score_missing_articles.py:55} INFO - Traitement de l'article b3c1fba95917dd43176d3d3ddda998ea...
[2025-06-12T16:35:25.727+0000] {score_missing_articles.py:62} INFO - score_cat => score=192.4904
[2025-06-12T16:35:29.103+0000] {score_missing_articles.py:62} INFO - score_base => score=11.0743
[2025-06-12T16:35:29.570+0000] {score_missing_articles.py:62} INFO - score_small => score=17.7328
[2025-06-12T16:35:30.063+0000] {score_missing_articles.py:62} INFO - score_dbdd => score=50.1822
[2025-06-12T16:35:30.063+0000] {score_missing_articles.py:55} INFO - Traitement de l'article 6c9dd693aed2eaecf9cc466f610b1013...
[2025-06-12T16:35:30.699+0000] {score_missing_articles.py:62} INFO - score_cat => score=394.5122
[2025-06-12T16:35:34.720+0000] {score_missing_articles.py:62} INFO - score_base => score=20.3526
[2025-06-12T16:35:35.349+0000] {score_missing_articles.py:62} INFO - score_small => score=42.9945
[2025-06-12T16:35:36.036+0000] {score_missing_articles.py:62} INFO - score_dbdd => score=111.0638
[2025-06-12T16:35:36.037+0000] {score_missing_articles.py:55} INFO - Traitement de l'article 6eb7a5ed2459e470b5863a7a5ae713be...
[2025-06-12T16:35:36.756+0000] {score_missing_articles.py:62} INFO - score_cat => score=201.4601
[2025-06-12T16:35:41.046+0000] {score_missing_articles.py:62} INFO - score_base => score=14.4813
[2025-06-12T16:35:41.681+0000] {score_missing_articles.py:62} INFO - score_small => score=28.1411
[2025-06-12T16:35:42.395+0000] {score_missing_articles.py:62} INFO - score_dbdd => score=78.4477
[2025-06-12T16:35:42.395+0000] {score_missing_articles.py:55} INFO - Traitement de l'article 83caf0d0bb2e7f1adf1c2a910a231cee...
[2025-06-12T16:35:43.597+0000] {score_missing_articles.py:62} INFO - score_cat => score=495.0156
[2025-06-12T16:35:51.221+0000] {score_missing_articles.py:62} INFO - score_base => score=20.6695
[2025-06-12T16:35:52.433+0000] {score_missing_articles.py:62} INFO - score_small => score=40.0133
[2025-06-12T16:35:53.703+0000] {score_missing_articles.py:62} INFO - score_dbdd => score=128.8391
[2025-06-12T16:35:53.704+0000] {score_missing_articles.py:55} INFO - Traitement de l'article 32f02a53458defbde60dd10a190acaeb...
[2025-06-12T16:35:54.669+0000] {score_missing_articles.py:62} INFO - score_cat => score=376.4852
[2025-06-12T16:36:00.828+0000] {score_missing_articles.py:62} INFO - score_base => score=18.3915
[2025-06-12T16:36:01.707+0000] {score_missing_articles.py:62} INFO - score_small => score=36.0043
[2025-06-12T16:36:02.696+0000] {score_missing_articles.py:62} INFO - score_dbdd => score=146.2567
[2025-06-12T16:36:02.696+0000] {score_missing_articles.py:55} INFO - Traitement de l'article 66905a0696086e51556b42ee8cbcfecb...
[2025-06-12T16:36:03.148+0000] {score_missing_articles.py:62} INFO - score_cat => score=171.1698
[2025-06-12T16:36:06.054+0000] {score_missing_articles.py:62} INFO - score_base => score=12.1279
[2025-06-12T16:36:06.501+0000] {score_missing_articles.py:62} INFO - score_small => score=27.7005
[2025-06-12T16:36:06.968+0000] {score_missing_articles.py:62} INFO - score_dbdd => score=77.6873
[2025-06-12T16:36:06.969+0000] {score_missing_articles.py:55} INFO - Traitement de l'article ca7f50c4f09a7fc943749ac6ab24085a...
[2025-06-12T16:36:07.359+0000] {score_missing_articles.py:62} INFO - score_cat => score=295.0573
[2025-06-12T16:36:10.148+0000] {score_missing_articles.py:62} INFO - score_base => score=14.5322
[2025-06-12T16:36:10.529+0000] {score_missing_articles.py:62} INFO - score_small => score=30.6321
[2025-06-12T16:36:10.948+0000] {score_missing_articles.py:62} INFO - score_dbdd => score=122.7282
[2025-06-12T16:36:10.949+0000] {score_missing_articles.py:55} INFO - Traitement de l'article f784a8713d5b79e72ef4898d65c1fc49...
[2025-06-12T16:36:11.823+0000] {score_missing_articles.py:62} INFO - score_cat => score=314.9471
[2025-06-12T16:36:17.851+0000] {score_missing_articles.py:62} INFO - score_base => score=17.6726
[2025-06-12T16:36:18.806+0000] {score_missing_articles.py:62} INFO - score_small => score=42.9124
[2025-06-12T16:36:19.759+0000] {score_missing_articles.py:62} INFO - score_dbdd => score=98.9701
[2025-06-12T16:36:19.759+0000] {score_missing_articles.py:55} INFO - Traitement de l'article d99ef274eacf7f7b09d7e0ea957d54bd...
[2025-06-12T16:36:20.039+0000] {score_missing_articles.py:62} INFO - score_cat => score=90.0231
[2025-06-12T16:36:22.078+0000] {score_missing_articles.py:62} INFO - score_base => score=12.0659
[2025-06-12T16:36:22.368+0000] {score_missing_articles.py:62} INFO - score_small => score=20.7360
[2025-06-12T16:36:22.706+0000] {score_missing_articles.py:62} INFO - score_dbdd => score=78.2690
[2025-06-12T16:36:22.707+0000] {score_missing_articles.py:55} INFO - Traitement de l'article ea166f5928f04924771db0ff3be2a52d...
[2025-06-12T16:36:23.581+0000] {score_missing_articles.py:62} INFO - score_cat => score=337.0059
[2025-06-12T16:36:28.732+0000] {score_missing_articles.py:62} INFO - score_base => score=16.5032
[2025-06-12T16:36:29.572+0000] {score_missing_articles.py:62} INFO - score_small => score=27.5652
[2025-06-12T16:36:30.459+0000] {score_missing_articles.py:62} INFO - score_dbdd => score=91.3274
[2025-06-12T16:36:30.459+0000] {score_missing_articles.py:55} INFO - Traitement de l'article 8f2d8b2682dddecdce0e548a0ce7085e...
[2025-06-12T16:36:31.732+0000] {score_missing_articles.py:62} INFO - score_cat => score=633.6801
[2025-06-12T16:36:39.929+0000] {score_missing_articles.py:62} INFO - score_base => score=18.4892
[2025-06-12T16:36:41.182+0000] {score_missing_articles.py:62} INFO - score_small => score=36.4768
[2025-06-12T16:36:42.387+0000] {score_missing_articles.py:62} INFO - score_dbdd => score=126.5169
[2025-06-12T16:36:42.387+0000] {score_missing_articles.py:55} INFO - Traitement de l'article 03892c938183c74e39c6c345e6506f59...
[2025-06-12T16:36:42.948+0000] {score_missing_articles.py:62} INFO - score_cat => score=176.9624
[2025-06-12T16:36:46.815+0000] {score_missing_articles.py:62} INFO - score_base => score=19.1485
[2025-06-12T16:36:47.427+0000] {score_missing_articles.py:62} INFO - score_small => score=34.3599
[2025-06-12T16:36:48.041+0000] {score_missing_articles.py:62} INFO - score_dbdd => score=103.1240
[2025-06-12T16:36:48.042+0000] {score_missing_articles.py:55} INFO - Traitement de l'article f0e7730b0547b7942e7e71c718f69d81...
[2025-06-12T16:36:48.459+0000] {score_missing_articles.py:62} INFO - score_cat => score=349.2566
[2025-06-12T16:36:51.224+0000] {score_missing_articles.py:62} INFO - score_base => score=24.5001
[2025-06-12T16:36:51.636+0000] {score_missing_articles.py:62} INFO - score_small => score=55.4623
[2025-06-12T16:36:52.077+0000] {score_missing_articles.py:62} INFO - score_dbdd => score=172.2964
[2025-06-12T16:36:52.077+0000] {score_missing_articles.py:55} INFO - Traitement de l'article cb67399b818e7aedcfb82ab5724a313a...
[2025-06-12T16:36:52.887+0000] {score_missing_articles.py:62} INFO - score_cat => score=299.2361
[2025-06-12T16:36:57.887+0000] {score_missing_articles.py:62} INFO - score_base => score=16.6035
[2025-06-12T16:36:58.893+0000] {score_missing_articles.py:62} INFO - score_small => score=32.6691
[2025-06-12T16:36:59.894+0000] {score_missing_articles.py:62} INFO - score_dbdd => score=105.0273
[2025-06-12T16:36:59.894+0000] {score_missing_articles.py:55} INFO - Traitement de l'article 2aff37c1c2b3dddb129c5d9c81e8b788...
[2025-06-12T16:37:00.266+0000] {score_missing_articles.py:62} INFO - score_cat => score=104.3014
[2025-06-12T16:37:02.758+0000] {score_missing_articles.py:62} INFO - score_base => score=11.6133
[2025-06-12T16:37:03.078+0000] {score_missing_articles.py:62} INFO - score_small => score=21.7918
[2025-06-12T16:37:03.434+0000] {score_missing_articles.py:62} INFO - score_dbdd => score=88.4194
[2025-06-12T16:37:03.435+0000] {score_missing_articles.py:55} INFO - Traitement de l'article 29aabff56e546b5426d780dff8442884...
[2025-06-12T16:37:04.306+0000] {score_missing_articles.py:62} INFO - score_cat => score=207.4226
[2025-06-12T16:37:10.273+0000] {score_missing_articles.py:62} INFO - score_base => score=19.8418
[2025-06-12T16:37:11.620+0000] {score_missing_articles.py:62} INFO - score_small => score=34.5397
[2025-06-12T16:37:12.585+0000] {score_missing_articles.py:62} INFO - score_dbdd => score=92.3857
[2025-06-12T16:37:12.586+0000] {score_missing_articles.py:55} INFO - Traitement de l'article e043813d4edeb4cadca0dcc18a2c74e3...
[2025-06-12T16:37:13.847+0000] {score_missing_articles.py:62} INFO - score_cat => score=384.1115
[2025-06-12T16:37:22.555+0000] {score_missing_articles.py:62} INFO - score_base => score=17.3127
[2025-06-12T16:37:23.976+0000] {score_missing_articles.py:62} INFO - score_small => score=32.4902
[2025-06-12T16:37:25.439+0000] {score_missing_articles.py:62} INFO - score_dbdd => score=117.3768
[2025-06-12T16:37:25.440+0000] {score_missing_articles.py:55} INFO - Traitement de l'article dcfd05807a6b5b23cbe529e8b13387f2...
[2025-06-12T16:37:25.881+0000] {score_missing_articles.py:62} INFO - score_cat => score=286.7391
[2025-06-12T16:37:28.870+0000] {score_missing_articles.py:62} INFO - score_base => score=17.2433
[2025-06-12T16:37:29.313+0000] {score_missing_articles.py:62} INFO - score_small => score=33.8018
[2025-06-12T16:37:29.773+0000] {score_missing_articles.py:62} INFO - score_dbdd => score=104.8864
[2025-06-12T16:37:29.774+0000] {score_missing_articles.py:55} INFO - Traitement de l'article c47721e73a583ef7cdf77f1b8c87ec84...
[2025-06-12T16:37:30.961+0000] {score_missing_articles.py:62} INFO - score_cat => score=361.2388
[2025-06-12T16:37:38.702+0000] {score_missing_articles.py:62} INFO - score_base => score=15.1722
[2025-06-12T16:37:40.046+0000] {score_missing_articles.py:62} INFO - score_small => score=29.3817
[2025-06-12T16:37:41.343+0000] {score_missing_articles.py:62} INFO - score_dbdd => score=83.2583
[2025-06-12T16:37:41.344+0000] {score_missing_articles.py:55} INFO - Traitement de l'article 07b414a5efe2c1666ab11e6afbea655a...
[2025-06-12T16:37:41.742+0000] {score_missing_articles.py:62} INFO - score_cat => score=130.7023
[2025-06-12T16:37:44.565+0000] {score_missing_articles.py:62} INFO - score_base => score=17.5370
[2025-06-12T16:37:44.979+0000] {score_missing_articles.py:62} INFO - score_small => score=32.8531
[2025-06-12T16:37:45.440+0000] {score_missing_articles.py:62} INFO - score_dbdd => score=85.7745
[2025-06-12T16:37:45.441+0000] {score_missing_articles.py:55} INFO - Traitement de l'article dd37eb15b3eb482b911df45e5a285f7f...
[2025-06-12T16:37:45.830+0000] {score_missing_articles.py:62} INFO - score_cat => score=188.5754
[2025-06-12T16:37:48.556+0000] {score_missing_articles.py:62} INFO - score_base => score=11.0452
[2025-06-12T16:37:48.972+0000] {score_missing_articles.py:62} INFO - score_small => score=26.7642
[2025-06-12T16:37:49.493+0000] {score_missing_articles.py:62} INFO - score_dbdd => score=104.5113
[2025-06-12T16:37:49.493+0000] {score_missing_articles.py:55} INFO - Traitement de l'article 84e823c4e35d25d1febf1787587c5401...
[2025-06-12T16:37:49.944+0000] {score_missing_articles.py:62} INFO - score_cat => score=197.8497
[2025-06-12T16:37:53.115+0000] {score_missing_articles.py:62} INFO - score_base => score=11.8890
[2025-06-12T16:37:53.596+0000] {score_missing_articles.py:62} INFO - score_small => score=21.9061
[2025-06-12T16:37:54.044+0000] {score_missing_articles.py:62} INFO - score_dbdd => score=85.7032
[2025-06-12T16:37:54.045+0000] {score_missing_articles.py:55} INFO - Traitement de l'article da390d9b5148933c090b127b7dccc0d7...
[2025-06-12T16:37:54.434+0000] {score_missing_articles.py:62} INFO - score_cat => score=439.4348
[2025-06-12T16:37:57.398+0000] {score_missing_articles.py:62} INFO - score_base => score=44.9049
[2025-06-12T16:37:57.788+0000] {score_missing_articles.py:62} INFO - score_small => score=87.6217
[2025-06-12T16:37:58.168+0000] {score_missing_articles.py:62} INFO - score_dbdd => score=323.7602
[2025-06-12T16:37:58.168+0000] {score_missing_articles.py:55} INFO - Traitement de l'article f9eecaadf058d66b2e915f52ba8e0bde...
[2025-06-12T16:37:58.552+0000] {score_missing_articles.py:62} INFO - score_cat => score=199.5339
[2025-06-12T16:38:01.407+0000] {score_missing_articles.py:62} INFO - score_base => score=14.6077
[2025-06-12T16:38:01.798+0000] {score_missing_articles.py:62} INFO - score_small => score=32.9162
[2025-06-12T16:38:02.193+0000] {score_missing_articles.py:62} INFO - score_dbdd => score=73.9729
[2025-06-12T16:38:02.195+0000] {score_missing_articles.py:55} INFO - Traitement de l'article 37018d82f8004f2ec03516111a948da5...
[2025-06-12T16:38:03.378+0000] {score_missing_articles.py:62} INFO - score_cat => score=285.9874
[2025-06-12T16:38:11.315+0000] {score_missing_articles.py:62} INFO - score_base => score=15.7929
[2025-06-12T16:38:12.544+0000] {score_missing_articles.py:62} INFO - score_small => score=24.8366
[2025-06-12T16:38:13.825+0000] {score_missing_articles.py:62} INFO - score_dbdd => score=63.8358
[2025-06-12T16:38:13.826+0000] {score_missing_articles.py:55} INFO - Traitement de l'article d96514dc0d9cd8220fae924f0a5e6dbf...
[2025-06-12T16:38:14.305+0000] {score_missing_articles.py:62} INFO - score_cat => score=299.9125
[2025-06-12T16:38:17.285+0000] {score_missing_articles.py:62} INFO - score_base => score=17.7704
[2025-06-12T16:38:17.718+0000] {score_missing_articles.py:62} INFO - score_small => score=41.1166
[2025-06-12T16:38:18.321+0000] {score_missing_articles.py:62} INFO - score_dbdd => score=175.2316
[2025-06-12T16:38:18.322+0000] {score_missing_articles.py:55} INFO - Traitement de l'article 23bfa3c36e3a8a5ad90afcddd5ad75a7...
[2025-06-12T16:38:19.132+0000] {score_missing_articles.py:62} INFO - score_cat => score=236.0859
[2025-06-12T16:38:24.110+0000] {score_missing_articles.py:62} INFO - score_base => score=14.8659
[2025-06-12T16:38:24.896+0000] {score_missing_articles.py:62} INFO - score_small => score=27.3757
[2025-06-12T16:38:25.700+0000] {score_missing_articles.py:62} INFO - score_dbdd => score=93.9498
[2025-06-12T16:38:25.701+0000] {score_missing_articles.py:55} INFO - Traitement de l'article 4504858a0dc62a25fae54d169da53b1b...
[2025-06-12T16:38:27.000+0000] {score_missing_articles.py:62} INFO - score_cat => score=426.3453
[2025-06-12T16:38:34.464+0000] {score_missing_articles.py:62} INFO - score_base => score=16.2955
[2025-06-12T16:38:35.559+0000] {score_missing_articles.py:62} INFO - score_small => score=41.8021
[2025-06-12T16:38:36.793+0000] {score_missing_articles.py:62} INFO - score_dbdd => score=113.2446
[2025-06-12T16:38:36.793+0000] {score_missing_articles.py:55} INFO - Traitement de l'article 9254a68a8d0521e743a57424a2fd3697...
[2025-06-12T16:38:37.721+0000] {score_missing_articles.py:62} INFO - score_cat => score=498.7649
[2025-06-12T16:38:44.073+0000] {score_missing_articles.py:62} INFO - score_base => score=38.9754
[2025-06-12T16:38:45.065+0000] {score_missing_articles.py:62} INFO - score_small => score=75.9400
[2025-06-12T16:38:45.954+0000] {score_missing_articles.py:62} INFO - score_dbdd => score=230.2690
[2025-06-12T16:38:45.954+0000] {score_missing_articles.py:55} INFO - Traitement de l'article afcb0a25cbadeeca4ef771296e80d491...
[2025-06-12T16:38:46.885+0000] {score_missing_articles.py:62} INFO - score_cat => score=447.4096
[2025-06-12T16:38:52.414+0000] {score_missing_articles.py:62} INFO - score_base => score=12.9189
[2025-06-12T16:38:53.277+0000] {score_missing_articles.py:62} INFO - score_small => score=25.3160
[2025-06-12T16:38:54.253+0000] {score_missing_articles.py:62} INFO - score_dbdd => score=66.1803
[2025-06-12T16:38:54.253+0000] {score_missing_articles.py:55} INFO - Traitement de l'article aa331fe6c449f297d1747af09c5fb932...
[2025-06-12T16:38:54.674+0000] {score_missing_articles.py:62} INFO - score_cat => score=266.0747
[2025-06-12T16:38:57.761+0000] {score_missing_articles.py:62} INFO - score_base => score=15.3391
[2025-06-12T16:38:58.210+0000] {score_missing_articles.py:62} INFO - score_small => score=33.0542
[2025-06-12T16:38:58.666+0000] {score_missing_articles.py:62} INFO - score_dbdd => score=104.6374
[2025-06-12T16:38:58.667+0000] {score_missing_articles.py:55} INFO - Traitement de l'article 169d6fe260e1da1f0c05135564703b03...
[2025-06-12T16:38:59.454+0000] {score_missing_articles.py:62} INFO - score_cat => score=347.9464
[2025-06-12T16:39:04.797+0000] {score_missing_articles.py:62} INFO - score_base => score=11.6627
[2025-06-12T16:39:05.628+0000] {score_missing_articles.py:62} INFO - score_small => score=25.0747
[2025-06-12T16:39:06.532+0000] {score_missing_articles.py:62} INFO - score_dbdd => score=94.3332
[2025-06-12T16:39:06.532+0000] {score_missing_articles.py:55} INFO - Traitement de l'article ba739c06477c969bb323ad333cf8a84f...
[2025-06-12T16:39:07.043+0000] {score_missing_articles.py:62} INFO - score_cat => score=199.5513
[2025-06-12T16:39:11.246+0000] {score_missing_articles.py:62} INFO - score_base => score=16.0715
[2025-06-12T16:39:11.775+0000] {score_missing_articles.py:62} INFO - score_small => score=34.4955
[2025-06-12T16:39:12.312+0000] {score_missing_articles.py:62} INFO - score_dbdd => score=95.2597
[2025-06-12T16:39:12.313+0000] {score_missing_articles.py:55} INFO - Traitement de l'article 435871e851541dfb12198f371ca9882c...
[2025-06-12T16:39:12.762+0000] {score_missing_articles.py:62} INFO - score_cat => score=176.8419
[2025-06-12T16:39:15.255+0000] {score_missing_articles.py:62} INFO - score_base => score=12.2949
[2025-06-12T16:39:15.612+0000] {score_missing_articles.py:62} INFO - score_small => score=26.3118
[2025-06-12T16:39:15.975+0000] {score_missing_articles.py:62} INFO - score_dbdd => score=105.4960
[2025-06-12T16:39:15.976+0000] {score_missing_articles.py:55} INFO - Traitement de l'article ab73ea10f45bbd541a87bc083b5b6621...
[2025-06-12T16:39:16.430+0000] {score_missing_articles.py:62} INFO - score_cat => score=269.7340
[2025-06-12T16:39:19.496+0000] {score_missing_articles.py:62} INFO - score_base => score=18.1158
[2025-06-12T16:39:19.923+0000] {score_missing_articles.py:62} INFO - score_small => score=52.3375
[2025-06-12T16:39:20.343+0000] {score_missing_articles.py:62} INFO - score_dbdd => score=109.8899
[2025-06-12T16:39:20.344+0000] {score_missing_articles.py:55} INFO - Traitement de l'article ee7482795a70a034716fd40e18a7cf9b...
[2025-06-12T16:39:20.961+0000] {score_missing_articles.py:62} INFO - score_cat => score=293.8879
[2025-06-12T16:39:25.221+0000] {score_missing_articles.py:62} INFO - score_base => score=18.4364
[2025-06-12T16:39:25.866+0000] {score_missing_articles.py:62} INFO - score_small => score=40.0094
[2025-06-12T16:39:26.541+0000] {score_missing_articles.py:62} INFO - score_dbdd => score=112.4191
[2025-06-12T16:39:26.541+0000] {score_missing_articles.py:55} INFO - Traitement de l'article d986c2aff834744a61ffb0e4ba52220f...
[2025-06-12T16:39:27.177+0000] {score_missing_articles.py:62} INFO - score_cat => score=239.6449
[2025-06-12T16:39:31.617+0000] {score_missing_articles.py:62} INFO - score_base => score=13.3487
[2025-06-12T16:39:32.341+0000] {score_missing_articles.py:62} INFO - score_small => score=25.8210
[2025-06-12T16:39:33.115+0000] {score_missing_articles.py:62} INFO - score_dbdd => score=76.0318
[2025-06-12T16:39:33.115+0000] {score_missing_articles.py:55} INFO - Traitement de l'article 5d00a48ca7cc238d2d8184201d522e82...
[2025-06-12T16:39:33.760+0000] {score_missing_articles.py:62} INFO - score_cat => score=225.3161
[2025-06-12T16:39:38.096+0000] {score_missing_articles.py:62} INFO - score_base => score=13.3121
[2025-06-12T16:39:38.713+0000] {score_missing_articles.py:62} INFO - score_small => score=27.6107
[2025-06-12T16:39:39.348+0000] {score_missing_articles.py:62} INFO - score_dbdd => score=83.0969
[2025-06-12T16:39:39.349+0000] {score_missing_articles.py:55} INFO - Traitement de l'article afd95d3e9a5130735352d94bee8990e2...
[2025-06-12T16:39:40.146+0000] {score_missing_articles.py:62} INFO - score_cat => score=529.9218
[2025-06-12T16:39:45.406+0000] {score_missing_articles.py:62} INFO - score_base => score=19.6717
[2025-06-12T16:39:46.289+0000] {score_missing_articles.py:62} INFO - score_small => score=46.2780
[2025-06-12T16:39:47.234+0000] {score_missing_articles.py:62} INFO - score_dbdd => score=138.9051
[2025-06-12T16:39:47.234+0000] {score_missing_articles.py:55} INFO - Traitement de l'article 95f7f042d6dd688efc56cc300424f9c3...
[2025-06-12T16:39:47.851+0000] {score_missing_articles.py:62} INFO - score_cat => score=181.3563
[2025-06-12T16:39:51.622+0000] {score_missing_articles.py:62} INFO - score_base => score=12.9561
[2025-06-12T16:39:52.151+0000] {score_missing_articles.py:62} INFO - score_small => score=23.4248
[2025-06-12T16:39:52.701+0000] {score_missing_articles.py:62} INFO - score_dbdd => score=65.1892
[2025-06-12T16:39:52.702+0000] {score_missing_articles.py:55} INFO - Traitement de l'article b7d973c96ba2d4355ff80de0d68bdd1e...
[2025-06-12T16:39:53.276+0000] {score_missing_articles.py:62} INFO - score_cat => score=257.4907
[2025-06-12T16:39:57.360+0000] {score_missing_articles.py:62} INFO - score_base => score=13.3796
[2025-06-12T16:39:57.982+0000] {score_missing_articles.py:62} INFO - score_small => score=31.5679
[2025-06-12T16:39:58.578+0000] {score_missing_articles.py:62} INFO - score_dbdd => score=121.8369
[2025-06-12T16:39:58.579+0000] {score_missing_articles.py:55} INFO - Traitement de l'article 0972ee5ef6afb844faec9b19ad814f2e...
[2025-06-12T16:39:59.250+0000] {score_missing_articles.py:62} INFO - score_cat => score=529.9685
[2025-06-12T16:40:03.504+0000] {score_missing_articles.py:62} INFO - score_base => score=29.9443
[2025-06-12T16:40:04.103+0000] {score_missing_articles.py:62} INFO - score_small => score=55.1856
[2025-06-12T16:40:04.762+0000] {score_missing_articles.py:62} INFO - score_dbdd => score=152.5326
[2025-06-12T16:40:04.763+0000] {score_missing_articles.py:55} INFO - Traitement de l'article fca8bf18ce975bae6cf3bcde742e69d7...
[2025-06-12T16:40:05.172+0000] {score_missing_articles.py:62} INFO - score_cat => score=210.8427
[2025-06-12T16:40:08.145+0000] {score_missing_articles.py:62} INFO - score_base => score=13.2520
[2025-06-12T16:40:08.565+0000] {score_missing_articles.py:62} INFO - score_small => score=26.2096
[2025-06-12T16:40:08.996+0000] {score_missing_articles.py:62} INFO - score_dbdd => score=67.0160
[2025-06-12T16:40:08.997+0000] {score_missing_articles.py:55} INFO - Traitement de l'article b15935451be25519d3d4406757c47a30...
[2025-06-12T16:40:09.680+0000] {score_missing_articles.py:62} INFO - score_cat => score=310.4503
[2025-06-12T16:40:14.027+0000] {score_missing_articles.py:62} INFO - score_base => score=16.2104
[2025-06-12T16:40:14.658+0000] {score_missing_articles.py:62} INFO - score_small => score=33.7379
[2025-06-12T16:40:15.373+0000] {score_missing_articles.py:62} INFO - score_dbdd => score=80.6501
[2025-06-12T16:40:15.374+0000] {score_missing_articles.py:55} INFO - Traitement de l'article 80a61a847a4403b84bcfc70cc74fbf53...
[2025-06-12T16:40:15.792+0000] {score_missing_articles.py:62} INFO - score_cat => score=236.0811
[2025-06-12T16:40:18.823+0000] {score_missing_articles.py:62} INFO - score_base => score=16.4208
[2025-06-12T16:40:19.273+0000] {score_missing_articles.py:62} INFO - score_small => score=34.1286
[2025-06-12T16:40:19.707+0000] {score_missing_articles.py:62} INFO - score_dbdd => score=92.6626
[2025-06-12T16:40:19.708+0000] {score_missing_articles.py:55} INFO - Traitement de l'article 74494297921840f992d274adb28450e2...
[2025-06-12T16:40:20.356+0000] {score_missing_articles.py:62} INFO - score_cat => score=387.2743
[2025-06-12T16:40:24.185+0000] {score_missing_articles.py:62} INFO - score_base => score=21.2686
[2025-06-12T16:40:24.758+0000] {score_missing_articles.py:62} INFO - score_small => score=37.7247
[2025-06-12T16:40:25.385+0000] {score_missing_articles.py:62} INFO - score_dbdd => score=95.2997
[2025-06-12T16:40:25.386+0000] {score_missing_articles.py:55} INFO - Traitement de l'article 7850ebebe83eb3b5529c16d8e3228a22...
[2025-06-12T16:40:26.054+0000] {score_missing_articles.py:62} INFO - score_cat => score=344.4590
[2025-06-12T16:40:30.662+0000] {score_missing_articles.py:62} INFO - score_base => score=16.7360
[2025-06-12T16:40:31.377+0000] {score_missing_articles.py:62} INFO - score_small => score=34.4589
[2025-06-12T16:40:32.094+0000] {score_missing_articles.py:62} INFO - score_dbdd => score=111.8002
[2025-06-12T16:40:32.095+0000] {score_missing_articles.py:55} INFO - Traitement de l'article 9ac9c857013d059dcfab1f6d38e04733...
[2025-06-12T16:40:32.559+0000] {score_missing_articles.py:62} INFO - score_cat => score=255.5698
[2025-06-12T16:40:35.940+0000] {score_missing_articles.py:62} INFO - score_base => score=11.5196
[2025-06-12T16:40:36.432+0000] {score_missing_articles.py:62} INFO - score_small => score=26.9589
[2025-06-12T16:40:36.921+0000] {score_missing_articles.py:62} INFO - score_dbdd => score=56.7366
[2025-06-12T16:40:36.921+0000] {score_missing_articles.py:55} INFO - Traitement de l'article e925e94de684d24a50fe4d5b2552cc29...
[2025-06-12T16:40:37.694+0000] {score_missing_articles.py:62} INFO - score_cat => score=363.1361
[2025-06-12T16:40:42.693+0000] {score_missing_articles.py:62} INFO - score_base => score=15.2521
[2025-06-12T16:40:43.412+0000] {score_missing_articles.py:62} INFO - score_small => score=27.8023
[2025-06-12T16:40:44.146+0000] {score_missing_articles.py:62} INFO - score_dbdd => score=66.7465
[2025-06-12T16:40:44.147+0000] {score_missing_articles.py:55} INFO - Traitement de l'article 27ba3a563f389ce485af03cfd5a28fa4...
[2025-06-12T16:40:44.558+0000] {score_missing_articles.py:62} INFO - score_cat => score=120.9017
[2025-06-12T16:40:47.711+0000] {score_missing_articles.py:62} INFO - score_base => score=17.3882
[2025-06-12T16:40:48.175+0000] {score_missing_articles.py:62} INFO - score_small => score=26.1805
[2025-06-12T16:40:48.585+0000] {score_missing_articles.py:62} INFO - score_dbdd => score=58.9272
[2025-06-12T16:40:48.586+0000] {score_missing_articles.py:55} INFO - Traitement de l'article 27995efa1291a71b39c3809ae57e644e...
[2025-06-12T16:40:48.998+0000] {score_missing_articles.py:62} INFO - score_cat => score=320.3469
[2025-06-12T16:40:51.807+0000] {score_missing_articles.py:62} INFO - score_base => score=12.4566
[2025-06-12T16:40:52.201+0000] {score_missing_articles.py:62} INFO - score_small => score=23.4872
[2025-06-12T16:40:52.588+0000] {score_missing_articles.py:62} INFO - score_dbdd => score=57.3042
[2025-06-12T16:40:52.589+0000] {score_missing_articles.py:55} INFO - Traitement de l'article 370f8893d1409e3f3e646b3f6e7a8967...
[2025-06-12T16:40:52.874+0000] {score_missing_articles.py:62} INFO - score_cat => score=213.0537
[2025-06-12T16:40:54.829+0000] {score_missing_articles.py:62} INFO - score_base => score=33.6189
[2025-06-12T16:40:55.139+0000] {score_missing_articles.py:62} INFO - score_small => score=47.8188
[2025-06-12T16:40:55.454+0000] {score_missing_articles.py:62} INFO - score_dbdd => score=209.6433
[2025-06-12T16:40:55.455+0000] {score_missing_articles.py:55} INFO - Traitement de l'article 03400e8c143bc599e6ac251b234068c5...
[2025-06-12T16:40:55.771+0000] {score_missing_articles.py:62} INFO - score_cat => score=207.2393
[2025-06-12T16:40:57.769+0000] {score_missing_articles.py:62} INFO - score_base => score=16.3300
[2025-06-12T16:40:58.038+0000] {score_missing_articles.py:62} INFO - score_small => score=34.7219
[2025-06-12T16:40:58.338+0000] {score_missing_articles.py:62} INFO - score_dbdd => score=87.5897
[2025-06-12T16:40:58.339+0000] {score_missing_articles.py:55} INFO - Traitement de l'article 6905ac8f70536ab71cbcb2825e3a9979...
[2025-06-12T16:40:59.607+0000] {score_missing_articles.py:62} INFO - score_cat => score=382.1032
[2025-06-12T16:41:07.688+0000] {score_missing_articles.py:62} INFO - score_base => score=15.6710
[2025-06-12T16:41:09.125+0000] {score_missing_articles.py:62} INFO - score_small => score=33.0794
[2025-06-12T16:41:10.467+0000] {score_missing_articles.py:62} INFO - score_dbdd => score=147.4740
[2025-06-12T16:41:10.468+0000] {score_missing_articles.py:55} INFO - Traitement de l'article e625e12c186319475a8110bed32b8ffd...
[2025-06-12T16:41:11.000+0000] {score_missing_articles.py:62} INFO - score_cat => score=322.0296
[2025-06-12T16:41:14.475+0000] {score_missing_articles.py:62} INFO - score_base => score=19.5910
[2025-06-12T16:41:14.956+0000] {score_missing_articles.py:62} INFO - score_small => score=38.3268
[2025-06-12T16:41:15.464+0000] {score_missing_articles.py:62} INFO - score_dbdd => score=109.0618
[2025-06-12T16:41:15.465+0000] {score_missing_articles.py:55} INFO - Traitement de l'article cb1a4d2bcd15ab0c68a052940e62d838...
[2025-06-12T16:41:16.014+0000] {score_missing_articles.py:62} INFO - score_cat => score=636.9388
[2025-06-12T16:41:19.872+0000] {score_missing_articles.py:62} INFO - score_base => score=18.5143
[2025-06-12T16:41:20.424+0000] {score_missing_articles.py:62} INFO - score_small => score=37.4254
[2025-06-12T16:41:20.970+0000] {score_missing_articles.py:62} INFO - score_dbdd => score=111.0283
[2025-06-12T16:41:20.971+0000] {score_missing_articles.py:55} INFO - Traitement de l'article 34d82e451857393a659558257e6580a5...
[2025-06-12T16:41:22.260+0000] {score_missing_articles.py:62} INFO - score_cat => score=238.9041
[2025-06-12T16:41:30.088+0000] {score_missing_articles.py:62} INFO - score_base => score=14.0587
[2025-06-12T16:41:31.335+0000] {score_missing_articles.py:62} INFO - score_small => score=26.3964
[2025-06-12T16:41:32.681+0000] {score_missing_articles.py:62} INFO - score_dbdd => score=71.3818
[2025-06-12T16:41:32.682+0000] {score_missing_articles.py:55} INFO - Traitement de l'article f31e97851c0875e46a7146d48c05cce4...
[2025-06-12T16:41:33.149+0000] {score_missing_articles.py:62} INFO - score_cat => score=233.5202
[2025-06-12T16:41:36.306+0000] {score_missing_articles.py:62} INFO - score_base => score=15.4086
[2025-06-12T16:41:36.791+0000] {score_missing_articles.py:62} INFO - score_small => score=23.7393
[2025-06-12T16:41:37.266+0000] {score_missing_articles.py:62} INFO - score_dbdd => score=69.9644
[2025-06-12T16:41:37.267+0000] {score_missing_articles.py:55} INFO - Traitement de l'article 30f83a7cc71cd06bfae05e8ab5548e39...
[2025-06-12T16:41:37.700+0000] {score_missing_articles.py:62} INFO - score_cat => score=160.7287
[2025-06-12T16:41:40.557+0000] {score_missing_articles.py:62} INFO - score_base => score=11.0131
[2025-06-12T16:41:40.952+0000] {score_missing_articles.py:62} INFO - score_small => score=22.4611
[2025-06-12T16:41:41.377+0000] {score_missing_articles.py:62} INFO - score_dbdd => score=54.9199
[2025-06-12T16:41:41.378+0000] {score_missing_articles.py:55} INFO - Traitement de l'article 2b7ac4f7c527b01921cb737c37eb82b9...
[2025-06-12T16:41:42.211+0000] {score_missing_articles.py:62} INFO - score_cat => score=397.3148
[2025-06-12T16:41:47.904+0000] {score_missing_articles.py:62} INFO - score_base => score=18.8310
[2025-06-12T16:41:48.878+0000] {score_missing_articles.py:62} INFO - score_small => score=36.1693
[2025-06-12T16:41:49.778+0000] {score_missing_articles.py:62} INFO - score_dbdd => score=149.2791
[2025-06-12T16:41:49.779+0000] {score_missing_articles.py:55} INFO - Traitement de l'article a218f1da0353ca97312793711e4e1450...
[2025-06-12T16:41:50.369+0000] {score_missing_articles.py:62} INFO - score_cat => score=269.2711
[2025-06-12T16:41:54.131+0000] {score_missing_articles.py:62} INFO - score_base => score=13.9528
[2025-06-12T16:41:54.711+0000] {score_missing_articles.py:62} INFO - score_small => score=25.2029
[2025-06-12T16:41:55.285+0000] {score_missing_articles.py:62} INFO - score_dbdd => score=115.8008
[2025-06-12T16:41:55.286+0000] {score_missing_articles.py:55} INFO - Traitement de l'article 575781c5cd964b10bf271a7eaf0f8a3b...
[2025-06-12T16:41:56.602+0000] {score_missing_articles.py:62} INFO - score_cat => score=406.6360
[2025-06-12T16:42:04.673+0000] {score_missing_articles.py:62} INFO - score_base => score=16.1897
[2025-06-12T16:42:05.828+0000] {score_missing_articles.py:62} INFO - score_small => score=31.8996
[2025-06-12T16:42:07.025+0000] {score_missing_articles.py:62} INFO - score_dbdd => score=90.0425
[2025-06-12T16:42:07.025+0000] {score_missing_articles.py:55} INFO - Traitement de l'article 920f5e760441d5e99dfee2e41b438152...
[2025-06-12T16:42:07.728+0000] {score_missing_articles.py:62} INFO - score_cat => score=336.0886
[2025-06-12T16:42:12.574+0000] {score_missing_articles.py:62} INFO - score_base => score=15.5048
[2025-06-12T16:42:13.292+0000] {score_missing_articles.py:62} INFO - score_small => score=30.4170
[2025-06-12T16:42:14.057+0000] {score_missing_articles.py:62} INFO - score_dbdd => score=120.1003
[2025-06-12T16:42:14.058+0000] {score_missing_articles.py:55} INFO - Traitement de l'article 874678e129213007c783bd53a1b4ad77...
[2025-06-12T16:42:14.613+0000] {score_missing_articles.py:62} INFO - score_cat => score=263.6400
[2025-06-12T16:42:18.658+0000] {score_missing_articles.py:62} INFO - score_base => score=11.9213
[2025-06-12T16:42:19.253+0000] {score_missing_articles.py:62} INFO - score_small => score=27.2625
[2025-06-12T16:42:19.821+0000] {score_missing_articles.py:62} INFO - score_dbdd => score=88.4303
[2025-06-12T16:42:19.822+0000] {score_missing_articles.py:55} INFO - Traitement de l'article 403c9311ce2b14316ecfd236bb62b876...
[2025-06-12T16:42:20.807+0000] {score_missing_articles.py:62} INFO - score_cat => score=264.0121
[2025-06-12T16:42:27.833+0000] {score_missing_articles.py:62} INFO - score_base => score=16.7461
[2025-06-12T16:42:28.950+0000] {score_missing_articles.py:62} INFO - score_small => score=28.3834
[2025-06-12T16:42:30.085+0000] {score_missing_articles.py:62} INFO - score_dbdd => score=70.2804
[2025-06-12T16:42:30.086+0000] {score_missing_articles.py:55} INFO - Traitement de l'article 642f2e9bdbb2cf6dcd2b373ac01763ea...
[2025-06-12T16:42:31.333+0000] {score_missing_articles.py:62} INFO - score_cat => score=327.0258
[2025-06-12T16:42:39.201+0000] {score_missing_articles.py:62} INFO - score_base => score=17.3617
[2025-06-12T16:42:40.515+0000] {score_missing_articles.py:62} INFO - score_small => score=32.0161
[2025-06-12T16:42:41.842+0000] {score_missing_articles.py:62} INFO - score_dbdd => score=99.8366
[2025-06-12T16:42:41.843+0000] {score_missing_articles.py:55} INFO - Traitement de l'article a95ba517b1a10d7702dc318042458d7c...
[2025-06-12T16:42:42.627+0000] {score_missing_articles.py:62} INFO - score_cat => score=235.5408
[2025-06-12T16:42:47.524+0000] {score_missing_articles.py:62} INFO - score_base => score=18.2631
[2025-06-12T16:42:48.224+0000] {score_missing_articles.py:62} INFO - score_small => score=33.4837
[2025-06-12T16:42:48.946+0000] {score_missing_articles.py:62} INFO - score_dbdd => score=94.5028
[2025-06-12T16:42:48.946+0000] {score_missing_articles.py:55} INFO - Traitement de l'article 51c0151bd99d0891ec110b254f5e56a4...
[2025-06-12T16:42:49.607+0000] {score_missing_articles.py:62} INFO - score_cat => score=249.4385
[2025-06-12T16:42:54.039+0000] {score_missing_articles.py:62} INFO - score_base => score=11.8291
[2025-06-12T16:42:54.685+0000] {score_missing_articles.py:62} INFO - score_small => score=22.6998
[2025-06-12T16:42:55.353+0000] {score_missing_articles.py:62} INFO - score_dbdd => score=58.3719
[2025-06-12T16:42:55.354+0000] {score_missing_articles.py:55} INFO - Traitement de l'article 9ac0fc52cc1a6e9c03f404c6bb16a261...
[2025-06-12T16:42:55.732+0000] {score_missing_articles.py:62} INFO - score_cat => score=122.6794
[2025-06-12T16:42:58.409+0000] {score_missing_articles.py:62} INFO - score_base => score=13.3537
[2025-06-12T16:42:58.787+0000] {score_missing_articles.py:62} INFO - score_small => score=24.6668
[2025-06-12T16:42:59.175+0000] {score_missing_articles.py:62} INFO - score_dbdd => score=85.6923
[2025-06-12T16:42:59.176+0000] {score_missing_articles.py:55} INFO - Traitement de l'article 8a3c15794697c800e554434c95b4a693...
[2025-06-12T16:43:00.274+0000] {score_missing_articles.py:62} INFO - score_cat => score=388.9070
[2025-06-12T16:43:07.950+0000] {score_missing_articles.py:62} INFO - score_base => score=17.3669
[2025-06-12T16:43:09.120+0000] {score_missing_articles.py:62} INFO - score_small => score=33.1748
[2025-06-12T16:43:10.318+0000] {score_missing_articles.py:62} INFO - score_dbdd => score=133.7626
[2025-06-12T16:43:10.318+0000] {score_missing_articles.py:55} INFO - Traitement de l'article e2694a04f04e0aafb15fff27931a054a...
[2025-06-12T16:43:11.070+0000] {score_missing_articles.py:62} INFO - score_cat => score=299.8410
[2025-06-12T16:43:16.086+0000] {score_missing_articles.py:62} INFO - score_base => score=17.0487
[2025-06-12T16:43:16.838+0000] {score_missing_articles.py:62} INFO - score_small => score=35.2667
[2025-06-12T16:43:17.622+0000] {score_missing_articles.py:62} INFO - score_dbdd => score=119.6219
[2025-06-12T16:43:17.622+0000] {score_missing_articles.py:55} INFO - Traitement de l'article e29714432d0be1c207e6a970a3cfcc80...
[2025-06-12T16:43:18.419+0000] {score_missing_articles.py:62} INFO - score_cat => score=233.4387
[2025-06-12T16:43:22.835+0000] {score_missing_articles.py:62} INFO - score_base => score=16.8796
[2025-06-12T16:43:23.526+0000] {score_missing_articles.py:62} INFO - score_small => score=28.2292
[2025-06-12T16:43:24.280+0000] {score_missing_articles.py:62} INFO - score_dbdd => score=63.3643
[2025-06-12T16:43:24.281+0000] {score_missing_articles.py:55} INFO - Traitement de l'article 95e392d4e31dc6bda6447b2cbcb44e59...
[2025-06-12T16:43:25.585+0000] {score_missing_articles.py:62} INFO - score_cat => score=397.3614
[2025-06-12T16:43:33.766+0000] {score_missing_articles.py:62} INFO - score_base => score=24.1957
[2025-06-12T16:43:34.965+0000] {score_missing_articles.py:62} INFO - score_small => score=44.8348
[2025-06-12T16:43:36.243+0000] {score_missing_articles.py:62} INFO - score_dbdd => score=130.8729
[2025-06-12T16:43:36.244+0000] {score_missing_articles.py:55} INFO - Traitement de l'article c747f11f0c2c2e98d0c3a8f070cadaeb...
[2025-06-12T16:43:36.986+0000] {score_missing_articles.py:62} INFO - score_cat => score=313.7670
[2025-06-12T16:43:41.812+0000] {score_missing_articles.py:62} INFO - score_base => score=16.9925
[2025-06-12T16:43:42.587+0000] {score_missing_articles.py:62} INFO - score_small => score=34.0503
[2025-06-12T16:43:43.387+0000] {score_missing_articles.py:62} INFO - score_dbdd => score=121.2917
[2025-06-12T16:43:43.387+0000] {score_missing_articles.py:55} INFO - Traitement de l'article a17d60806e14b28d163874a182b70a33...
[2025-06-12T16:43:44.751+0000] {score_missing_articles.py:62} INFO - score_cat => score=376.1249
[2025-06-12T16:43:52.560+0000] {score_missing_articles.py:62} INFO - score_base => score=17.2207
[2025-06-12T16:43:53.861+0000] {score_missing_articles.py:62} INFO - score_small => score=31.6566
[2025-06-12T16:43:55.169+0000] {score_missing_articles.py:62} INFO - score_dbdd => score=114.0888
[2025-06-12T16:43:55.170+0000] {score_missing_articles.py:55} INFO - Traitement de l'article f2c203cec474b11f9c00e49fc414a4de...
[2025-06-12T16:43:56.396+0000] {score_missing_articles.py:62} INFO - score_cat => score=589.2730
[2025-06-12T16:44:04.137+0000] {score_missing_articles.py:62} INFO - score_base => score=24.2598
[2025-06-12T16:44:05.301+0000] {score_missing_articles.py:62} INFO - score_small => score=62.0216
[2025-06-12T16:44:06.601+0000] {score_missing_articles.py:62} INFO - score_dbdd => score=199.5452
[2025-06-12T16:44:06.602+0000] {score_missing_articles.py:55} INFO - Traitement de l'article 8144785b848060105040d832ac303a1b...
[2025-06-12T16:44:07.117+0000] {score_missing_articles.py:62} INFO - score_cat => score=154.6961
[2025-06-12T16:44:10.121+0000] {score_missing_articles.py:62} INFO - score_base => score=15.1093
[2025-06-12T16:44:10.602+0000] {score_missing_articles.py:62} INFO - score_small => score=33.3551
[2025-06-12T16:44:11.075+0000] {score_missing_articles.py:62} INFO - score_dbdd => score=91.3096
[2025-06-12T16:44:11.076+0000] {score_missing_articles.py:55} INFO - Traitement de l'article c1115dcbaed85fb5d6d70106c653a5ae...
[2025-06-12T16:44:11.660+0000] {score_missing_articles.py:62} INFO - score_cat => score=289.2828
[2025-06-12T16:44:15.568+0000] {score_missing_articles.py:62} INFO - score_base => score=17.2402
[2025-06-12T16:44:16.172+0000] {score_missing_articles.py:62} INFO - score_small => score=28.5757
[2025-06-12T16:44:16.796+0000] {score_missing_articles.py:62} INFO - score_dbdd => score=92.0073
[2025-06-12T16:44:16.797+0000] {score_missing_articles.py:55} INFO - Traitement de l'article d92855e5b605cc0c94ba300b067043a9...
[2025-06-12T16:44:18.086+0000] {score_missing_articles.py:62} INFO - score_cat => score=394.3315
[2025-06-12T16:44:26.620+0000] {score_missing_articles.py:62} INFO - score_base => score=18.4048
[2025-06-12T16:44:27.812+0000] {score_missing_articles.py:62} INFO - score_small => score=36.5413
[2025-06-12T16:44:29.075+0000] {score_missing_articles.py:62} INFO - score_dbdd => score=104.2946
[2025-06-12T16:44:29.075+0000] {score_missing_articles.py:55} INFO - Traitement de l'article f9acf5a45bf6a63bf2917c76d136dae0...
[2025-06-12T16:44:30.310+0000] {score_missing_articles.py:62} INFO - score_cat => score=626.7773
[2025-06-12T16:44:38.270+0000] {score_missing_articles.py:62} INFO - score_base => score=22.9352
[2025-06-12T16:44:39.531+0000] {score_missing_articles.py:62} INFO - score_small => score=47.8290
[2025-06-12T16:44:40.735+0000] {score_missing_articles.py:62} INFO - score_dbdd => score=149.1475
[2025-06-12T16:44:40.736+0000] {score_missing_articles.py:55} INFO - Traitement de l'article b82c72c83b323a2535bd0c73635b19e6...
[2025-06-12T16:44:41.475+0000] {score_missing_articles.py:62} INFO - score_cat => score=247.8587
[2025-06-12T16:44:46.567+0000] {score_missing_articles.py:62} INFO - score_base => score=13.9901
[2025-06-12T16:44:47.397+0000] {score_missing_articles.py:62} INFO - score_small => score=23.5040
[2025-06-12T16:44:48.171+0000] {score_missing_articles.py:62} INFO - score_dbdd => score=48.1856
[2025-06-12T16:44:48.172+0000] {score_missing_articles.py:55} INFO - Traitement de l'article 2bacec2970125fa3fcbfc39026794768...
[2025-06-12T16:44:48.640+0000] {score_missing_articles.py:62} INFO - score_cat => score=191.4573
[2025-06-12T16:44:51.905+0000] {score_missing_articles.py:62} INFO - score_base => score=10.2223
[2025-06-12T16:44:52.458+0000] {score_missing_articles.py:62} INFO - score_small => score=18.3918
[2025-06-12T16:44:53.024+0000] {score_missing_articles.py:62} INFO - score_dbdd => score=47.5912
[2025-06-12T16:44:53.025+0000] {score_missing_articles.py:73} INFO - 185 lignes à mettre à jour dans BigQuery.
[2025-06-12T16:45:21.946+0000] {score_missing_articles.py:88} INFO - Mise à jour BigQuery terminée.
[2025-06-12T16:45:22.243+0000] {python.py:201} INFO - Done. Returned value was: None
[2025-06-12T16:45:22.254+0000] {taskinstance.py:1138} INFO - Marking task as SUCCESS. dag_id=score_missing_articles_pipeline, task_id=score_missing_articles, execution_date=20250612T162200, start_date=20250612T162205, end_date=20250612T164522
[2025-06-12T16:45:22.555+0000] {local_task_job_runner.py:234} INFO - Task exited with return code 0
[2025-06-12T16:45:22.568+0000] {taskinstance.py:3280} INFO - 0 downstream tasks scheduled from follow-on schedule check
