[2025-06-09T19:56:50.447+0000] {taskinstance.py:1956} INFO - Dependencies all met for dep_context=non-requeueable deps ti=<TaskInstance: news_ingestion_pipeline.scrape_content manual__2025-06-09T19:56:39.095996+00:00 [queued]>
[2025-06-09T19:56:50.454+0000] {taskinstance.py:1956} INFO - Dependencies all met for dep_context=requeueable deps ti=<TaskInstance: news_ingestion_pipeline.scrape_content manual__2025-06-09T19:56:39.095996+00:00 [queued]>
[2025-06-09T19:56:50.454+0000] {taskinstance.py:2170} INFO - Starting attempt 1 of 2
[2025-06-09T19:56:50.466+0000] {taskinstance.py:2191} INFO - Executing <Task(PythonOperator): scrape_content> on 2025-06-09 19:56:39.095996+00:00
[2025-06-09T19:56:50.471+0000] {standard_task_runner.py:60} INFO - Started process 63 to run task
[2025-06-09T19:56:50.475+0000] {standard_task_runner.py:87} INFO - Running: ['***', 'tasks', 'run', 'news_ingestion_pipeline', 'scrape_content', 'manual__2025-06-09T19:56:39.095996+00:00', '--job-id', '128', '--raw', '--subdir', 'DAGS_FOLDER/rss_scrap_dag.py', '--cfg-path', '/tmp/tmp4u4s53ya']
[2025-06-09T19:56:50.478+0000] {standard_task_runner.py:88} INFO - Job 128: Subtask scrape_content
[2025-06-09T19:56:50.528+0000] {task_command.py:423} INFO - Running <TaskInstance: news_ingestion_pipeline.scrape_content manual__2025-06-09T19:56:39.095996+00:00 [running]> on host 44e96206a18a
[2025-06-09T19:56:50.591+0000] {taskinstance.py:2480} INFO - Exporting env vars: AIRFLOW_CTX_DAG_OWNER='***' AIRFLOW_CTX_DAG_ID='news_ingestion_pipeline' AIRFLOW_CTX_TASK_ID='scrape_content' AIRFLOW_CTX_EXECUTION_DATE='2025-06-09T19:56:39.095996+00:00' AIRFLOW_CTX_TRY_NUMBER='1' AIRFLOW_CTX_DAG_RUN_ID='manual__2025-06-09T19:56:39.095996+00:00'
[2025-06-09T19:56:50.604+0000] {rss_scrap.py:37} INFO - Scraping : https://www.franceinfo.fr/environnement/maprimrenov-suppression-des-zones-a-faibles-emissions-emmanuel-macron-denonce-le-detricotage-de-plusieurs-mesures-ecologiques_7298379.html#xtor=RSS-3-[lestitres]
[2025-06-09T19:56:51.049+0000] {rss_scrap.py:37} INFO - Scraping : https://www.franceinfo.fr/roland-garros/videos/video-roland-garros-2025-revivez-la-finale-spectaculaire-remportee-par-coco-gauff-face-a-aryna-sabalenka_7298340.html#xtor=RSS-3-[lestitres]
[2025-06-09T19:56:52.451+0000] {rss_scrap.py:37} INFO - Scraping : https://www.franceinfo.fr/monde/proche-orient/guerre/guerre-au-proche-orient-le-bateau-humanitaire-madleen-se-rapproche-de-gaza-apres-avoir-atteint-la-cote-egyptienne_7298373.html#xtor=RSS-3-[lestitres]
[2025-06-09T19:56:52.897+0000] {rss_scrap.py:37} INFO - Scraping : https://www.franceinfo.fr/economie/bitcoin/enlevements-dans-le-milieu-des-cryptomonnaies-les-entrepreneurs-vont-pouvoir-plus-facilement-demander-la-protection-de-leurs-adresses-personnelles_7298289.html#xtor=RSS-3-[lestitres]
[2025-06-09T19:56:53.228+0000] {rss_scrap.py:37} INFO - Scraping : https://www.franceinfo.fr/societe/antisemitisme/coup-de-chaise-en-pleine-rue-suspect-hospitalise-sous-contrainte-ce-que-l-on-sait-de-l-agression-d-un-rabbin-a-neuilly-sur-seine_7297809.html#xtor=RSS-3-[lestitres]
[2025-06-09T19:56:53.769+0000] {rss_scrap.py:37} INFO - Scraping : https://www.franceinfo.fr/monde/usa/presidentielle/donald-trump/il-en-paiera-les-consequences-donald-trump-menace-elon-musk-s-il-decidait-de-se-retourner-contre-lui_7298421.html#xtor=RSS-3-[lestitres]
[2025-06-09T19:56:54.152+0000] {rss_scrap.py:37} INFO - Scraping : https://www.franceinfo.fr/politique/elisabeth-borne-invite-a-eviter-la-surenchere-de-mesures-eculees-apres-chaque-chaque-actualite-dramatique_7298343.html#xtor=RSS-3-[lestitres]
[2025-06-09T19:56:54.999+0000] {rss_scrap.py:37} INFO - Scraping : https://www.franceinfo.fr/monde/syrie/chute-de-bachar-al-assad/luxe-secret-et-montagnes-de-billets-l-exil-dore-du-dictateur-syrien-dechu-bachar-al-assad-a-moscou-six-mois-apres-la-chute-du-regime_7224126.html#xtor=RSS-3-[lestitres]
[2025-06-09T19:56:55.366+0000] {rss_scrap.py:37} INFO - Scraping : https://www.franceinfo.fr/monde/europe/manifestations-en-ukraine/je-suis-si-heureuse-qu-il-soit-en-vie-en-ukraine-le-combat-d-anna-au-cote-de-son-mari-ampute-apres-une-attaque-de-drone_7296402.html#xtor=RSS-3-[lestitres]
[2025-06-09T19:56:55.729+0000] {rss_scrap.py:37} INFO - Scraping : https://www.franceinfo.fr/economie/retraite/reforme-des-retraites/retraites-ce-qu-on-nous-a-presente-comme-une-solution-miracle-ne-marche-pas-assure-le-depute-lfi-eric-coquerel_7298031.html#xtor=RSS-3-[lestitres]
[2025-06-09T19:56:56.066+0000] {rss_scrap.py:37} INFO - Scraping : https://www.franceinfo.fr/france/normandie/calvados/calvados-une-enquete-ouverte-apres-la-disparition-en-mer-d-un-plaisancier_7298286.html#xtor=RSS-3-[lestitres]
[2025-06-09T19:56:56.512+0000] {rss_scrap.py:37} INFO - Scraping : https://www.franceinfo.fr/societe/lgbt/reportage-pride-des-banlieues-a-la-courneuve-un-defile-pour-la-tolerance-et-pour-denoncer-la-precarite-et-le-racisme_7298259.html#xtor=RSS-3-[lestitres]
[2025-06-09T19:56:56.917+0000] {rss_scrap.py:37} INFO - Scraping : https://www.franceinfo.fr/politique/emmanuel-macron/qu-est-ce-que-ca-apporterait-probablement-pas-une-majorite-la-classe-politique-divisee-sur-une-nouvelle-dissolution-de-l-assemblee_7291038.html#xtor=RSS-3-[lestitres]
[2025-06-09T19:56:57.405+0000] {rss_scrap.py:37} INFO - Scraping : https://www.franceinfo.fr/france/ile-de-france/un-homme-qui-comparaissait-pour-tentative-de-meurtre-s-est-evade-du-tribunal-de-versailles_7298082.html#xtor=RSS-3-[lestitres]
[2025-06-09T19:56:57.723+0000] {rss_scrap.py:37} INFO - Scraping : https://www.franceinfo.fr/culture/livres/reportage-gaza-et-l-ukraine-planent-sur-l-ouverture-du-festival-etonnants-voyageurs-a-saint-malo_7298181.html#xtor=RSS-3-[lestitres]
[2025-06-09T19:56:58.023+0000] {rss_scrap.py:37} INFO - Scraping : https://www.franceinfo.fr/faits-divers/incendie-mortel-a-reims-le-depart-du-feu-provoque-par-une-trottinette-electrique-selon-le-procureur_7297851.html#xtor=RSS-3-[lestitres]
[2025-06-09T19:56:58.370+0000] {rss_scrap.py:37} INFO - Scraping : https://www.franceinfo.fr/faits-divers/un-trafic-de-cocaine-entre-la-france-et-le-bresil-demantele-annonce-la-gendarmerie-nationale_7297905.html#xtor=RSS-3-[lestitres]
[2025-06-09T19:56:58.709+0000] {rss_scrap.py:37} INFO - Scraping : https://www.franceinfo.fr/culture/musique/rock/le-concert-d-adieu-de-black-sabbath-et-ses-invites-debut-juillet-sera-accessible-en-ligne-moyennant-27-euros_7298130.html#xtor=RSS-3-[lestitres]
[2025-06-09T19:56:58.990+0000] {rss_scrap.py:37} INFO - Scraping : https://www.franceinfo.fr/france/auvergne-rhone-alpes/triathlon-alpsman-mort-d-un-concurrent-sur-l-epreuve-cycliste-apres-une-collision-avec-un-camion-la-zone-n-etait-pas-particulierement-accidentogene_7298142.html#xtor=RSS-3-[lestitres]
[2025-06-09T19:56:59.837+0000] {rss_scrap.py:37} INFO - Scraping : https://www.franceinfo.fr/societe/education/admission-post-bac/entretien-passer-le-bac-a-13-ans-dans-ma-tete-c-etait-assez-normal-se-souvient-pierre-antoine_7297830.html#xtor=RSS-3-[lestitres]
[2025-06-09T19:57:00.704+0000] {rss_scrap.py:37} INFO - Scraping : https://www.franceinfo.fr/monde/europe/union-europeenne/reportage-je-ne-vois-pas-mon-avenir-ici-en-hongrie-viktor-orban-interdit-les-symboles-lgbt-sur-les-batiments-publics_7298322.html#xtor=RSS-3-[lestitres]
[2025-06-09T19:57:01.140+0000] {rss_scrap.py:37} INFO - Scraping : https://www.franceinfo.fr/economie/seine-maritime-l-etat-entre-au-capital-du-projet-de-reprise-de-la-papeterie-chapelle-darblay-a-hauteur-de-27-millions-d-euros_7298088.html#xtor=RSS-3-[lestitres]
[2025-06-09T19:57:01.451+0000] {rss_scrap.py:37} INFO - Scraping : https://www.franceinfo.fr/france/occitanie/haute-garonne/haute-garonne-16-tonnes-de-viande-avariee-decouvertes-dans-un-supermarche-de-toulouse_7298118.html#xtor=RSS-3-[lestitres]
[2025-06-09T19:57:01.804+0000] {rss_scrap.py:37} INFO - Scraping : https://www.franceinfo.fr/culture/livres/les-sept-romans-immanquables-a-lire-avant-l-ete_7294065.html#xtor=RSS-3-[lestitres]
[2025-06-09T19:57:02.151+0000] {rss_scrap.py:37} INFO - Scraping : https://www.franceinfo.fr/monde/emmanuel-macron-se-rendra-le-15-juin-au-groenland-territoire-autonome-du-danemark-convoite-par-donald-trump_7297908.html#xtor=RSS-3-[lestitres]
[2025-06-09T19:57:02.492+0000] {rss_scrap.py:37} INFO - Scraping : https://www.franceinfo.fr/sports/foot/ligue-des-nations/je-vote-pour-dembele-repond-kylian-mbappe-a-propos-de-la-course-au-ballon-d-or-avec-lamine-yamal_7297959.html#xtor=RSS-3-[lestitres]
[2025-06-09T19:57:03.225+0000] {rss_scrap.py:37} INFO - Scraping : https://www.franceinfo.fr/sports/rugby/top-14/top-14-acces-direct-en-demi-finales-course-a-la-phase-finale-maintien-les-enjeux-de-la-26e-et-derniere-journee-de-la-phase-reguliere_7293444.html#xtor=RSS-3-[lestitres]
[2025-06-09T19:57:03.524+0000] {rss_scrap.py:37} INFO - Scraping : https://www.franceinfo.fr/societe/harcelement-sexuel/j-ai-ete-sdf-pendant-quelque-temps-apres-le-harcelement-chez-ubisoft-la-double-peine-pour-les-victimes-confrontees-a-la-precarite_7296243.html#xtor=RSS-3-[lestitres]
[2025-06-09T19:57:03.852+0000] {rss_scrap.py:37} INFO - Scraping : https://www.franceinfo.fr/culture/arts-expos/nuit-blanche-2025-six-propositions-immanquables-samedi-a-paris_7291788.html#xtor=RSS-3-[lestitres]
[2025-06-09T19:57:04.176+0000] {rss_scrap.py:37} INFO - Scraping : https://www.franceinfo.fr/roland-garros/directs/direct-finale-de-roland-garros-2025-carlos-alcaraz-parviendra-t-il-a-defendre-son-titre-contre-jannik-sinner-suivez-et-commentez-le-choc-avec-nous_7299639.html#xtor=RSS-3-[lestitres]
[2025-06-09T19:57:04.518+0000] {rss_scrap.py:37} INFO - Scraping : https://www.franceinfo.fr/monde/proche-orient/guerre/direct-guerre-a-gaza-le-ministre-de-la-defense-israelien-ordonne-a-l-armee-d-empecher-le-navire-humanitaire-de-greta-thunberg-et-rima-hassan-d-atteindre-les-cotes_7299888.html#xtor=RSS-3-[lestitres]
[2025-06-09T19:57:05.045+0000] {rss_scrap.py:37} INFO - Scraping : https://www.franceinfo.fr/monde/europe/manifestations-en-ukraine/info-franceinfo-le-groupe-automobile-renault-va-produire-des-drones-en-ukraine_7299834.html#xtor=RSS-3-[lestitres]
[2025-06-09T19:57:05.403+0000] {rss_scrap.py:37} INFO - Scraping : https://www.franceinfo.fr/sports/foot/ligue-des-nations/ligue-des-nations-l-equipe-de-france-remporte-sans-briller-la-petite-finale-contre-l-allemagne_7299924.html#xtor=RSS-3-[lestitres]
[2025-06-09T19:57:05.690+0000] {rss_scrap.py:37} INFO - Scraping : https://www.franceinfo.fr/environnement/catastrophes-naturelles/seismes/un-seisme-de-magnitude-6-5-frappe-la-colombie-dont-la-capitale-bogota_7299960.html#xtor=RSS-3-[lestitres]
[2025-06-09T19:57:06.053+0000] {rss_scrap.py:37} INFO - Scraping : https://www.franceinfo.fr/faits-divers/terrorisme/attentat-raciste-a-puget-sur-argens/reportage-je-condamne-cet-acte-immonde-et-inhumain-a-marseille-une-marche-blanche-en-hommage-a-hichem-miraoui-victime-de-l-attentat-raciste-de-puget-sur-argens_7299915.html#xtor=RSS-3-[lestitres]
[2025-06-09T19:57:06.797+0000] {rss_scrap.py:37} INFO - Scraping : https://www.franceinfo.fr/environnement/biodiversite/protection-des-oceans/unoc-conference-sur-l-ocean/reportage-merous-par-centaines-dialogue-avec-les-pecheurs-la-reserve-marine-de-banyuls-cerbere-un-modele-a-suivre-pour-proteger-la-mer_7293420.html#xtor=RSS-3-[lestitres]
[2025-06-09T19:57:07.186+0000] {rss_scrap.py:37} INFO - Scraping : https://www.franceinfo.fr/societe/violences-faites-aux-femmes/l-acteur-et-chanteur-jared-leto-accuse-de-harcelement-ou-d-agression-sexuelle-par-plusieurs-femmes-parfois-mineures-au-moment-des-faits_7299864.html#xtor=RSS-3-[lestitres]
[2025-06-09T19:57:07.541+0000] {rss_scrap.py:37} INFO - Scraping : https://www.franceinfo.fr/sports/cyclisme/criterium-du-dauphine/criterium-du-dauphine-tadej-pogacar-s-impose-au-sprint-sur-la-premiere-etape-devant-jonas-vingegaard-et-s-empare-du-maillot-jaune_7299909.html#xtor=RSS-3-[lestitres]
[2025-06-09T19:57:07.879+0000] {rss_scrap.py:37} INFO - Scraping : https://www.franceinfo.fr/environnement/energie/suspension-maprimerenov-le-guichet-rouvrira-au-plus-tard-a-la-fin-du-mois-de-septembre-annonce-le-ministre-de-l-economie-eric-lombard_7299819.html#xtor=RSS-3-[lestitres]
[2025-06-09T19:57:08.230+0000] {rss_scrap.py:37} INFO - Scraping : https://www.franceinfo.fr/environnement/pollution/pollution-des-mers-et-des-oceans/mission-info-comment-le-plastique-menace-t-il-nos-oceans_7295661.html#xtor=RSS-3-[lestitres]
[2025-06-09T19:57:08.541+0000] {rss_scrap.py:37} INFO - Scraping : https://www.franceinfo.fr/monde/europe/manifestations-en-ukraine/reportage-guerre-en-ukraine-cremes-anti-age-cosmetiques-soins-capillaires-les-produits-de-beaute-une-autre-maniere-de-resister_7284099.html#xtor=RSS-3-[lestitres]
[2025-06-09T19:57:08.860+0000] {rss_scrap.py:37} INFO - Scraping : https://www.franceinfo.fr/faits-divers/terrorisme/attentat-raciste-a-puget-sur-argens/hichem-miraoui-victime-de-l-attentat-raciste-a-puget-sur-argens-un-coiffeur-super-gentil-pour-qui-deux-marches-blanches-sont-organisees-dimanche_7293285.html#xtor=RSS-3-[lestitres]
[2025-06-09T19:57:09.174+0000] {rss_scrap.py:37} INFO - Scraping : https://www.franceinfo.fr/france/auvergne-rhone-alpes/loire/saint-etienne/marche-des-fiertes-a-saint-etienne-un-homme-agresse-sexuellement-un-groupe-de-femmes-et-tient-des-propos-homophobes_7299897.html#xtor=RSS-3-[lestitres]
[2025-06-09T19:57:09.463+0000] {rss_scrap.py:37} INFO - Scraping : https://www.franceinfo.fr/culture/livres/reportage-festival-etonnants-voyageurs-sur-les-traces-d-aristote-a-saint-malo-avec-simon-parcot_7299903.html#xtor=RSS-3-[lestitres]
[2025-06-09T19:57:09.742+0000] {rss_scrap.py:37} INFO - Scraping : https://www.franceinfo.fr/roland-garros/videos/video-roland-garros-2025-les-championnes-olympiques-italiennes-jasmine-paolini-et-sara-errani-titrees-en-double-dames_7299879.html#xtor=RSS-3-[lestitres]
[2025-06-09T19:57:10.099+0000] {rss_scrap.py:37} INFO - Scraping : https://www.franceinfo.fr/culture/cinema/festival-annecy/festival-d-annecy-2025-maya-donne-moi-un-autre-titre-la-suite-des-dessins-animes-loufoques-de-michel-gondry-a-sa-fille_7299597.html#xtor=RSS-3-[lestitres]
[2025-06-09T19:57:10.493+0000] {rss_scrap.py:37} INFO - Scraping : https://www.franceinfo.fr/france/hauts-de-france/pas-de-calais/pas-de-calais-appeles-pour-des-violences-conjugales-des-policiers-tuent-un-homme-menacant-a-wingles_7299942.html#xtor=RSS-3-[lestitres]
[2025-06-09T19:57:10.866+0000] {rss_scrap.py:37} INFO - Scraping : https://www.franceinfo.fr/economie/budget/budget-2026-le-compte-n-y-est-pas-concernant-les-economies-a-realiser-recadre-amelie-de-montchalin_7299681.html#xtor=RSS-3-[lestitres]
[2025-06-09T19:57:11.390+0000] {rss_scrap.py:37} INFO - Scraping : https://www.franceinfo.fr/economie/retraite/reforme-des-retraites/repousser-l-age-de-depart-au-dela-de-64-ans-pourquoi-le-rapport-du-conseil-d-orientation-des-retraites-relance-le-debat-et-herisse-les-syndicats_7298184.html#xtor=RSS-3-[lestitres]
[2025-06-09T19:57:11.712+0000] {rss_scrap.py:37} INFO - Scraping : https://www.franceinfo.fr/environnement/biodiversite/protection-des-oceans/unoc-conference-sur-l-ocean/l-ocean-va-mal-avant-la-conference-de-l-onu-a-nice-le-barometre-starfish-livre-son-premier-bulletin-annuel-sur-l-etat-de-sante-des-mers_7298025.html#xtor=RSS-3-[lestitres]
[2025-06-09T19:57:12.102+0000] {rss_scrap.py:37} INFO - Scraping : https://www.franceinfo.fr/monde/usa/presidentielle/donald-trump/donald-trump-deploie-la-garde-nationale-a-los-angeles-apres-des-affrontements-entre-la-population-et-la-police-de-l-immigration_7299528.html#xtor=RSS-3-[lestitres]
[2025-06-09T19:57:12.744+0000] {rss_scrap.py:37} INFO - Scraping : https://www.franceinfo.fr/replay-radio/le-choix-franceinfo/reportage-j-ai-le-droit-de-voter-et-de-participer-au-changement-des-femmes-syriennes-de-retour-a-damas-pour-peser-sur-le-renouveau-du-pays_7271253.html#xtor=RSS-3-[lestitres]
[2025-06-09T19:57:13.224+0000] {rss_scrap.py:37} INFO - Scraping : https://www.franceinfo.fr/environnement/biodiversite/protection-des-oceans/unoc-conference-sur-l-ocean/dans-le-documentaire-l-appel-de-l-ocean-le-naturaliste-david-attenborough-alerte-sur-les-ravages-de-la-peche-industrielle_7265535.html#xtor=RSS-3-[lestitres]
[2025-06-09T19:57:13.558+0000] {rss_scrap.py:37} INFO - Scraping : https://www.franceinfo.fr/monde/usa/khaby-lame-tiktokeur-le-plus-suivi-au-monde-brievement-arrete-aux-etats-unis-apres-l-expiration-de-son-visa_7299738.html#xtor=RSS-3-[lestitres]
[2025-06-09T19:57:13.893+0000] {rss_scrap.py:37} INFO - Scraping : https://www.franceinfo.fr/environnement/biodiversite/protection-des-oceans/unoc-conference-sur-l-ocean/sommet-sur-l-ocean-a-nice-a-quoi-doit-servir-l-unoc-3-la-conference-de-l-onu-qui-commence-lundi_7295631.html#xtor=RSS-3-[lestitres]
[2025-06-09T19:57:14.329+0000] {rss_scrap.py:37} INFO - Scraping : https://www.franceinfo.fr/faits-divers/jeune-de-17-ans-tue-a-dax-un-suspect-mineur-s-est-rendu-a-la-police-a-bordeaux_7299606.html#xtor=RSS-3-[lestitres]
[2025-06-09T19:57:14.732+0000] {rss_scrap.py:37} INFO - Scraping : https://www.franceinfo.fr/environnement/biodiversite/protection-des-oceans/unoc-conference-sur-l-ocean/chalutage-dans-les-aires-marines-protegees-des-ong-demandent-a-emmanuel-macron-l-interdiction-de-cette-peche-et-pas-seulement-sa-limitation_7299651.html#xtor=RSS-3-[lestitres]
[2025-06-09T19:57:15.177+0000] {rss_scrap.py:37} INFO - Scraping : https://www.franceinfo.fr/faits-divers/terrorisme/attentat-raciste-a-puget-sur-argens/reportage-c-etait-un-super-garcon-les-habitants-de-puget-sur-argens-ont-marche-pour-hichem-un-enfant-au-grand-c-ur-adopte-par-le-village_7299891.html#xtor=RSS-3-[lestitres]
[2025-06-09T19:57:15.599+0000] {rss_scrap.py:37} INFO - Scraping : https://www.franceinfo.fr/monde/europe/manifestations-en-ukraine/guerre-en-ukraine-l-armee-russe-annonce-attaquer-la-region-ukrainienne-de-dnipropetrovsk_7299708.html#xtor=RSS-3-[lestitres]
[2025-06-09T19:57:15.966+0000] {rss_scrap.py:37} INFO - Scraping : https://www.franceinfo.fr/monde/europe/manifestations-en-ukraine/guerre-en-ukraine-l-echange-de-prisonniers-avec-la-russie-se-tiendra-bien-la-semaine-prochaine-annonce-kiev_7299912.html#xtor=RSS-3-[lestitres]
[2025-06-09T19:57:16.298+0000] {rss_scrap.py:37} INFO - Scraping : https://www.franceinfo.fr/environnement/biodiversite/protection-des-oceans/unoc-conference-sur-l-ocean/remettre-en-cause-la-priorite-donnee-au-climat-est-une-enorme-erreur-juge-emmanuel-macron-a-la-veille-de-la-conference-de-l-onu-sur-l-ocean_7300125.html#xtor=RSS-3-[lestitres]
[2025-06-09T19:57:17.457+0000] {rss_scrap.py:37} INFO - Scraping : https://www.franceinfo.fr/france/hauts-de-france/nord/nord-une-enquete-pour-meurtre-ouverte-apres-la-decouverte-du-corps-d-une-femme-enterree-dans-le-jardin-familial-son-compagnon-en-garde-a-vue_7300071.html#xtor=RSS-3-[lestitres]
[2025-06-09T19:57:17.775+0000] {rss_scrap.py:37} INFO - Scraping : https://www.franceinfo.fr/environnement/biodiversite/protection-des-oceans/unoc-conference-sur-l-ocean/sommet-sur-l-ocean-a-nice-la-france-promet-d-interdire-le-chalutage-de-fond-dans-4-des-eaux-autour-de-l-hexagone-et-decoit-les-ong_7300002.html#xtor=RSS-3-[lestitres]
[2025-06-09T19:57:18.202+0000] {rss_scrap.py:37} INFO - Scraping : https://www.franceinfo.fr/economie/retraite/reforme-des-retraites/video-repousser-l-age-de-depart-a-la-retraite-au-dela-de-64-ans-sophie-binet-denonce-un-tableau-pas-acceptable_7300152.html#xtor=RSS-3-[lestitres]
[2025-06-09T19:57:18.538+0000] {rss_scrap.py:37} INFO - Scraping : https://www.franceinfo.fr/roland-garros/carlos-alcaraz-conserve-son-titre-a-roland-garros-apres-avoir-renverse-jannik-sinner-au-terme-de-la-plus-longue-finale-de-l-histoire-a-paris_7300155.html#xtor=RSS-3-[lestitres]
[2025-06-09T19:57:18.840+0000] {rss_scrap.py:37} INFO - Scraping : https://www.franceinfo.fr/monde/proche-orient/israel-palestine/direct-guerre-a-gaza-israel-dit-avoir-avoir-deroute-le-navire-humanitaire-de-greta-thunberg-et-rima-hassan-lfi-denonce-l-arrestation-illegale-des-12-passagers_7301100.html#xtor=RSS-3-[lestitres]
[2025-06-09T19:57:19.222+0000] {rss_scrap.py:37} INFO - Scraping : https://www.franceinfo.fr/environnement/biodiversite/protection-des-oceans/unoc-conference-sur-l-ocean/conference-des-nations-unies-sur-l-ocean-a-nice-quatre-questions-sur-le-traite-pour-proteger-la-haute-mer_7300257.html#xtor=RSS-3-[lestitres]
[2025-06-09T19:57:19.551+0000] {rss_scrap.py:37} INFO - Scraping : https://www.franceinfo.fr/societe/harcelement/info-france-2-violences-au-sein-du-8e-regiment-de-parachutistes-de-castres-de-nouveaux-temoignages-mettent-en-cause-la-hierarchie-dans-le-suicide-d-un-soldat_7301577.html#xtor=RSS-3-[lestitres]
[2025-06-09T19:57:19.882+0000] {rss_scrap.py:37} INFO - Scraping : https://www.franceinfo.fr/politique/front-national/reportage-au-meeting-des-patriotes-pour-l-europe-dans-le-loiret-des-invites-aux-discours-xenophobes-et-un-rn-offensif-sur-l-union-europeenne_7301778.html#xtor=RSS-3-[lestitres]
[2025-06-09T19:57:20.190+0000] {rss_scrap.py:37} INFO - Scraping : https://www.franceinfo.fr/economie/transports/les-chauffeurs-de-taxi-et-de-vtc-se-mobilisent-avec-des-revendications-differentes-et-annoncent-des-actions-des-mardi_7301826.html#xtor=RSS-3-[lestitres]
[2025-06-09T19:57:20.577+0000] {rss_scrap.py:37} INFO - Scraping : https://www.franceinfo.fr/monde/europe/manifestations-en-ukraine/guerre-en-ukraine-un-nouveau-groupe-de-prisonniers-de-guerre-a-ete-echange-entre-moscou-et-kiev_7301598.html#xtor=RSS-3-[lestitres]
[2025-06-09T19:57:20.950+0000] {rss_scrap.py:37} INFO - Scraping : https://www.franceinfo.fr/politique/parlement-francais/assemblee-nationale/dissolution/recit-franceinfo-les-enfants-la-fete-est-finie-un-an-apres-l-annonce-d-emmanuel-macron-les-leaders-politiques-racontent-le-choc-de-la-dissolution_7301184.html#xtor=RSS-3-[lestitres]
[2025-06-09T19:57:21.369+0000] {rss_scrap.py:37} INFO - Scraping : https://www.franceinfo.fr/sports/cyclisme/criterium-du-dauphine/direct-criterium-du-dauphine-2025-tadej-pogacar-jonas-vingegaard-remco-evenepoel-mathieu-van-der-poel-la-der-de-romain-bardet-suivez-la-course-cycliste_7301394.html#xtor=RSS-3-[lestitres]
[2025-06-09T19:57:21.649+0000] {rss_scrap.py:37} INFO - Scraping : https://www.franceinfo.fr/culture/livres/l-ecrivain-britannique-frederick-forsyth-l-un-des-maitres-du-roman-d-espionnage-est-mort-a-86-ans_7301862.html#xtor=RSS-3-[lestitres]
[2025-06-09T19:57:22.035+0000] {rss_scrap.py:37} INFO - Scraping : https://www.franceinfo.fr/faits-divers/site-illegal-de-dons-sauvages-de-gametes-l-homme-soupconne-d-etre-l-administrateur-sera-juge-le-18-novembre-2025_7301922.html#xtor=RSS-3-[lestitres]
[2025-06-09T19:57:22.352+0000] {rss_scrap.py:37} INFO - Scraping : https://www.franceinfo.fr/monde/europe/le-premier-ministre-hongrois-viktor-orban-dit-esperer-la-victoire-de-marine-le-pen-a-la-presidentielle-de-2027_7301541.html#xtor=RSS-3-[lestitres]
[2025-06-09T19:57:22.688+0000] {rss_scrap.py:37} INFO - Scraping : https://www.franceinfo.fr/societe/pornographie/c-est-impossible-de-les-contraindre-comment-les-reseaux-sociaux-comme-x-arrivent-a-eviter-la-legislation-sur-les-sites-pornographiques_7301613.html#xtor=RSS-3-[lestitres]
[2025-06-09T19:57:23.090+0000] {rss_scrap.py:37} INFO - Scraping : https://www.franceinfo.fr/monde/italie/en-italie-un-referendum-sur-la-naturalisation-et-le-droit-du-travail-fait-chou-blanc-faute-de-votants_7301697.html#xtor=RSS-3-[lestitres]
[2025-06-09T19:57:23.406+0000] {rss_scrap.py:37} INFO - Scraping : https://www.franceinfo.fr/france/mayotte/unoc-2025-la-hausse-du-niveau-des-mers-drame-humain-et-obligation-d-agir-dans-les-outre-mer_7301358.html#xtor=RSS-3-[lestitres]
[2025-06-09T19:57:23.901+0000] {rss_scrap.py:37} INFO - Scraping : https://www.franceinfo.fr/politique/front-national/viktor-orban-invite-une-contre-manifestation-organisee-ce-que-l-on-sait-du-rassemblement-de-l-extreme-droite-europeenne-autour-de-marine-le-pen-et-jordan-bardella-dans-le-loiret_7301385.html#xtor=RSS-3-[lestitres]
[2025-06-09T19:57:24.259+0000] {rss_scrap.py:37} INFO - Scraping : https://www.franceinfo.fr/monde/usa/presidentielle/donald-trump/reportage-je-suis-fiere-de-voir-ma-ville-se-rebeller-a-los-angeles-l-arrivee-de-la-garde-nationale-ne-calme-pas-les-esprits_7301205.html#xtor=RSS-3-[lestitres]
[2025-06-09T19:57:24.599+0000] {rss_scrap.py:37} INFO - Scraping : https://www.franceinfo.fr/replay-radio/d-un-monde-a-l-autre/la-milice-wagner-annonce-quitter-le-mali-et-l-organisation-russe-africa-corps-prend-la-releve_7273041.html#xtor=RSS-3-[lestitres]
[2025-06-09T19:57:24.949+0000] {rss_scrap.py:37} INFO - Scraping : https://www.franceinfo.fr/culture/patrimoine/une-fabuleuse-collection-d-un-millier-de-pieces-d-or-aux-encheres-mardi-et-mercredi-a-l-hotel-drouot-a-paris_7301694.html#xtor=RSS-3-[lestitres]
[2025-06-09T19:57:25.233+0000] {rss_scrap.py:37} INFO - Scraping : https://www.franceinfo.fr/environnement/biodiversite/protection-des-oceans/unoc-conference-sur-l-ocean/reportage-certains-sont-en-train-de-vendre-leur-pirogue-au-senegal-les-chalutiers-chinois-menacent-l-economie-locale-et-la-biodiversite_7300188.html#xtor=RSS-3-[lestitres]
[2025-06-09T19:57:25.583+0000] {rss_scrap.py:37} INFO - Scraping : https://www.franceinfo.fr/faits-divers/police/un-jeune-homme-tue-par-balle-apres-une-soiree-a-fleury-merogis-en-essonne-les-tireurs-en-fuite_7301616.html#xtor=RSS-3-[lestitres]
[2025-06-09T19:57:25.983+0000] {rss_scrap.py:37} INFO - Scraping : https://www.franceinfo.fr/faits-divers/accident/deux-des-trois-speleologues-coinces-dans-une-grotte-en-isere-en-ont-ete-extraits-l-operation-de-secours-toujours-en-cours_7301211.html#xtor=RSS-3-[lestitres]
[2025-06-09T19:57:33.084+0000] {rss_scrap.py:15} WARNING - ❌ Erreur avec https://www.franceinfo.fr/faits-divers/accident/deux-des-trois-speleologues-coinces-dans-une-grotte-en-isere-en-ont-ete-extraits-l-operation-de-secours-toujours-en-cours_7301211.html#xtor=RSS-3-[lestitres] : Article `download()` failed with HTTPSConnectionPool(host='www.franceinfo.fr', port=443): Read timed out. (read timeout=7) on URL https://www.franceinfo.fr/faits-divers/accident/deux-des-trois-speleologues-coinces-dans-une-grotte-en-isere-en-ont-ete-extraits-l-operation-de-secours-toujours-en-cours_7301211.html#xtor=RSS-3-[lestitres]
[2025-06-09T19:57:33.085+0000] {rss_scrap.py:37} INFO - Scraping : https://www.franceinfo.fr/faits-divers/l-emplacement-de-l-ancienne-synagogue-de-strasbourg-a-nouveau-victime-de-degradation_7301511.html#xtor=RSS-3-[lestitres]
[2025-06-09T19:57:33.471+0000] {rss_scrap.py:37} INFO - Scraping : https://www.franceinfo.fr/culture/cinema/l-actrice-kim-novak-sera-recompensee-d-un-lion-d-or-pour-sa-carriere-a-la-prochaine-mostra-de-venise_7301646.html#xtor=RSS-3-[lestitres]
[2025-06-09T19:57:33.786+0000] {rss_scrap.py:37} INFO - Scraping : https://www.franceinfo.fr/culture/cinema/sorties-de-films/dragons-un-film-de-fantasy-spectaculaire-et-enleve-pour-toute-la-famille_7288959.html#xtor=RSS-3-[lestitres]
[2025-06-09T19:57:34.087+0000] {rss_scrap.py:37} INFO - Scraping : https://www.franceinfo.fr/environnement/biodiversite/protection-des-oceans/sommet-sur-les-oceans-l-ocean-est-le-parent-pauvre-de-la-recherche-scientifique-et-pourtant-c-est-extremement-important-souligne-thomas-pesquet_7301295.html#xtor=RSS-3-[lestitres]
[2025-06-09T19:57:34.475+0000] {rss_scrap.py:37} INFO - Scraping : https://www.franceinfo.fr/culture/livres/interview-soit-on-courbe-l-echine-soit-on-leve-la-tete-et-on-affirme-ce-que-nous-sommes-jean-michel-le-boulanger-president-du-festival-etonnants-voyageurs_7301520.html#xtor=RSS-3-[lestitres]
[2025-06-09T19:57:34.827+0000] {rss_scrap.py:37} INFO - Scraping : https://www.franceinfo.fr/societe/lgbt/reportage-on-sent-qu-il-y-a-davantage-de-danger-dans-l-amerique-de-trump-la-communaute-trans-obligee-de-se-battre_7300239.html#xtor=RSS-3-[lestitres]
[2025-06-09T19:57:35.191+0000] {rss_scrap.py:37} INFO - Scraping : https://www.franceinfo.fr/culture/musique/pop/billie-eilish-un-documentaire-a-voir-sur-france-tv-evoque-les-liens-qu-entretient-la-chanteuse-americaine-avec-ses-fans-francais_7296135.html#xtor=RSS-3-[lestitres]
[2025-06-09T19:57:35.511+0000] {rss_scrap.py:37} INFO - Scraping : https://www.franceinfo.fr/replay-radio/aujourd-hui-c-est-demain/un-quatrieme-feu-stop-sur-les-voitures-place-a-l-avant_7273023.html#xtor=RSS-3-[lestitres]
[2025-06-09T19:57:35.843+0000] {rss_scrap.py:37} INFO - Scraping : https://www.franceinfo.fr/economie/lundi-de-pentecote-on-vous-explique-comment-marche-et-combien-rapporte-la-journee-de-solidarite_7299921.html#xtor=RSS-3-[lestitres]
[2025-06-09T19:57:36.208+0000] {rss_scrap.py:45} INFO - 94 articles enrichis avec le champ 'content'.
[2025-06-09T19:57:36.254+0000] {python.py:201} INFO - Done. Returned value was: None
[2025-06-09T19:57:36.262+0000] {taskinstance.py:1138} INFO - Marking task as SUCCESS. dag_id=news_ingestion_pipeline, task_id=scrape_content, execution_date=20250609T195639, start_date=20250609T195650, end_date=20250609T195736
[2025-06-09T19:57:36.314+0000] {local_task_job_runner.py:234} INFO - Task exited with return code 0
[2025-06-09T19:57:36.332+0000] {taskinstance.py:3280} INFO - 1 downstream tasks scheduled from follow-on schedule check
