[2025-06-08T19:57:41.415+0000] {taskinstance.py:1956} INFO - Dependencies all met for dep_context=non-requeueable deps ti=<TaskInstance: news_ingestion_pipeline.scrape_content manual__2025-06-08T19:57:33.868110+00:00 [queued]>
[2025-06-08T19:57:41.422+0000] {taskinstance.py:1956} INFO - Dependencies all met for dep_context=requeueable deps ti=<TaskInstance: news_ingestion_pipeline.scrape_content manual__2025-06-08T19:57:33.868110+00:00 [queued]>
[2025-06-08T19:57:41.423+0000] {taskinstance.py:2170} INFO - Starting attempt 1 of 2
[2025-06-08T19:57:41.436+0000] {taskinstance.py:2191} INFO - Executing <Task(PythonOperator): scrape_content> on 2025-06-08 19:57:33.868110+00:00
[2025-06-08T19:57:41.442+0000] {standard_task_runner.py:60} INFO - Started process 198 to run task
[2025-06-08T19:57:41.446+0000] {standard_task_runner.py:87} INFO - Running: ['***', 'tasks', 'run', 'news_ingestion_pipeline', 'scrape_content', 'manual__2025-06-08T19:57:33.868110+00:00', '--job-id', '106', '--raw', '--subdir', 'DAGS_FOLDER/rss_scrap_dag.py', '--cfg-path', '/tmp/tmpua1ia11o']
[2025-06-08T19:57:41.450+0000] {standard_task_runner.py:88} INFO - Job 106: Subtask scrape_content
[2025-06-08T19:57:41.503+0000] {task_command.py:423} INFO - Running <TaskInstance: news_ingestion_pipeline.scrape_content manual__2025-06-08T19:57:33.868110+00:00 [running]> on host 44e96206a18a
[2025-06-08T19:57:41.566+0000] {taskinstance.py:2480} INFO - Exporting env vars: AIRFLOW_CTX_DAG_OWNER='***' AIRFLOW_CTX_DAG_ID='news_ingestion_pipeline' AIRFLOW_CTX_TASK_ID='scrape_content' AIRFLOW_CTX_EXECUTION_DATE='2025-06-08T19:57:33.868110+00:00' AIRFLOW_CTX_TRY_NUMBER='1' AIRFLOW_CTX_DAG_RUN_ID='manual__2025-06-08T19:57:33.868110+00:00'
[2025-06-08T19:57:41.579+0000] {rss_scrap.py:37} INFO - Scraping : https://www.franceinfo.fr/environnement/maprimrenov-suppression-des-zones-a-faibles-emissions-emmanuel-macron-denonce-le-detricotage-de-plusieurs-mesures-ecologiques_7298379.html#xtor=RSS-3-[lestitres]
[2025-06-08T19:57:41.919+0000] {rss_scrap.py:37} INFO - Scraping : https://www.franceinfo.fr/roland-garros/videos/video-roland-garros-2025-revivez-la-finale-spectaculaire-remportee-par-coco-gauff-face-a-aryna-sabalenka_7298340.html#xtor=RSS-3-[lestitres]
[2025-06-08T19:57:42.225+0000] {rss_scrap.py:37} INFO - Scraping : https://www.franceinfo.fr/monde/proche-orient/guerre/guerre-au-proche-orient-le-bateau-humanitaire-madleen-se-rapproche-de-gaza-apres-avoir-atteint-la-cote-egyptienne_7298373.html#xtor=RSS-3-[lestitres]
[2025-06-08T19:57:42.676+0000] {rss_scrap.py:37} INFO - Scraping : https://www.franceinfo.fr/economie/bitcoin/enlevements-dans-le-milieu-des-cryptomonnaies-les-entrepreneurs-vont-pouvoir-plus-facilement-demander-la-protection-de-leurs-adresses-personnelles_7298289.html#xtor=RSS-3-[lestitres]
[2025-06-08T19:57:42.974+0000] {rss_scrap.py:37} INFO - Scraping : https://www.franceinfo.fr/societe/antisemitisme/coup-de-chaise-en-pleine-rue-suspect-hospitalise-sous-contrainte-ce-que-l-on-sait-de-l-agression-d-un-rabbin-a-neuilly-sur-seine_7297809.html#xtor=RSS-3-[lestitres]
[2025-06-08T19:57:43.294+0000] {rss_scrap.py:37} INFO - Scraping : https://www.franceinfo.fr/monde/usa/presidentielle/donald-trump/il-en-paiera-les-consequences-donald-trump-menace-elon-musk-s-il-decidait-de-se-retourner-contre-lui_7298421.html#xtor=RSS-3-[lestitres]
[2025-06-08T19:57:43.624+0000] {rss_scrap.py:37} INFO - Scraping : https://www.franceinfo.fr/politique/elisabeth-borne-invite-a-eviter-la-surenchere-de-mesures-eculees-apres-chaque-chaque-actualite-dramatique_7298343.html#xtor=RSS-3-[lestitres]
[2025-06-08T19:57:44.029+0000] {rss_scrap.py:37} INFO - Scraping : https://www.franceinfo.fr/monde/syrie/chute-de-bachar-al-assad/luxe-secret-et-montagnes-de-billets-l-exil-dore-du-dictateur-syrien-dechu-bachar-al-assad-a-moscou-six-mois-apres-la-chute-du-regime_7224126.html#xtor=RSS-3-[lestitres]
[2025-06-08T19:57:44.388+0000] {rss_scrap.py:37} INFO - Scraping : https://www.franceinfo.fr/monde/europe/manifestations-en-ukraine/je-suis-si-heureuse-qu-il-soit-en-vie-en-ukraine-le-combat-d-anna-au-cote-de-son-mari-ampute-apres-une-attaque-de-drone_7296402.html#xtor=RSS-3-[lestitres]
[2025-06-08T19:57:44.703+0000] {rss_scrap.py:37} INFO - Scraping : https://www.franceinfo.fr/economie/retraite/reforme-des-retraites/retraites-ce-qu-on-nous-a-presente-comme-une-solution-miracle-ne-marche-pas-assure-le-depute-lfi-eric-coquerel_7298031.html#xtor=RSS-3-[lestitres]
[2025-06-08T19:57:45.037+0000] {rss_scrap.py:37} INFO - Scraping : https://www.franceinfo.fr/france/normandie/calvados/calvados-une-enquete-ouverte-apres-la-disparition-en-mer-d-un-plaisancier_7298286.html#xtor=RSS-3-[lestitres]
[2025-06-08T19:57:45.400+0000] {rss_scrap.py:37} INFO - Scraping : https://www.franceinfo.fr/societe/lgbt/reportage-pride-des-banlieues-a-la-courneuve-un-defile-pour-la-tolerance-et-pour-denoncer-la-precarite-et-le-racisme_7298259.html#xtor=RSS-3-[lestitres]
[2025-06-08T19:57:45.720+0000] {rss_scrap.py:37} INFO - Scraping : https://www.franceinfo.fr/politique/emmanuel-macron/qu-est-ce-que-ca-apporterait-probablement-pas-une-majorite-la-classe-politique-divisee-sur-une-nouvelle-dissolution-de-l-assemblee_7291038.html#xtor=RSS-3-[lestitres]
[2025-06-08T19:57:46.107+0000] {rss_scrap.py:37} INFO - Scraping : https://www.franceinfo.fr/france/ile-de-france/un-homme-qui-comparaissait-pour-tentative-de-meurtre-s-est-evade-du-tribunal-de-versailles_7298082.html#xtor=RSS-3-[lestitres]
[2025-06-08T19:57:46.487+0000] {rss_scrap.py:37} INFO - Scraping : https://www.franceinfo.fr/culture/livres/reportage-gaza-et-l-ukraine-planent-sur-l-ouverture-du-festival-etonnants-voyageurs-a-saint-malo_7298181.html#xtor=RSS-3-[lestitres]
[2025-06-08T19:57:46.787+0000] {rss_scrap.py:37} INFO - Scraping : https://www.franceinfo.fr/faits-divers/incendie-mortel-a-reims-le-depart-du-feu-provoque-par-une-trottinette-electrique-selon-le-procureur_7297851.html#xtor=RSS-3-[lestitres]
[2025-06-08T19:57:47.101+0000] {rss_scrap.py:37} INFO - Scraping : https://www.franceinfo.fr/faits-divers/un-trafic-de-cocaine-entre-la-france-et-le-bresil-demantele-annonce-la-gendarmerie-nationale_7297905.html#xtor=RSS-3-[lestitres]
[2025-06-08T19:57:47.461+0000] {rss_scrap.py:37} INFO - Scraping : https://www.franceinfo.fr/culture/musique/rock/le-concert-d-adieu-de-black-sabbath-et-ses-invites-debut-juillet-sera-accessible-en-ligne-moyennant-27-euros_7298130.html#xtor=RSS-3-[lestitres]
[2025-06-08T19:57:47.890+0000] {rss_scrap.py:37} INFO - Scraping : https://www.franceinfo.fr/france/auvergne-rhone-alpes/triathlon-alpsman-mort-d-un-concurrent-sur-l-epreuve-cycliste-apres-une-collision-avec-un-camion-la-zone-n-etait-pas-particulierement-accidentogene_7298142.html#xtor=RSS-3-[lestitres]
[2025-06-08T19:57:48.547+0000] {rss_scrap.py:37} INFO - Scraping : https://www.franceinfo.fr/societe/education/admission-post-bac/entretien-passer-le-bac-a-13-ans-dans-ma-tete-c-etait-assez-normal-se-souvient-pierre-antoine_7297830.html#xtor=RSS-3-[lestitres]
[2025-06-08T19:57:49.001+0000] {rss_scrap.py:37} INFO - Scraping : https://www.franceinfo.fr/monde/europe/union-europeenne/reportage-je-ne-vois-pas-mon-avenir-ici-en-hongrie-viktor-orban-interdit-les-symboles-lgbt-sur-les-batiments-publics_7298322.html#xtor=RSS-3-[lestitres]
[2025-06-08T19:57:49.574+0000] {rss_scrap.py:37} INFO - Scraping : https://www.franceinfo.fr/economie/seine-maritime-l-etat-entre-au-capital-du-projet-de-reprise-de-la-papeterie-chapelle-darblay-a-hauteur-de-27-millions-d-euros_7298088.html#xtor=RSS-3-[lestitres]
[2025-06-08T19:57:50.105+0000] {rss_scrap.py:37} INFO - Scraping : https://www.franceinfo.fr/france/occitanie/haute-garonne/haute-garonne-16-tonnes-de-viande-avariee-decouvertes-dans-un-supermarche-de-toulouse_7298118.html#xtor=RSS-3-[lestitres]
[2025-06-08T19:57:50.748+0000] {rss_scrap.py:37} INFO - Scraping : https://www.franceinfo.fr/culture/livres/les-sept-romans-immanquables-a-lire-avant-l-ete_7294065.html#xtor=RSS-3-[lestitres]
[2025-06-08T19:57:51.117+0000] {rss_scrap.py:37} INFO - Scraping : https://www.franceinfo.fr/monde/emmanuel-macron-se-rendra-le-15-juin-au-groenland-territoire-autonome-du-danemark-convoite-par-donald-trump_7297908.html#xtor=RSS-3-[lestitres]
[2025-06-08T19:57:51.434+0000] {rss_scrap.py:37} INFO - Scraping : https://www.franceinfo.fr/sports/foot/ligue-des-nations/je-vote-pour-dembele-repond-kylian-mbappe-a-propos-de-la-course-au-ballon-d-or-avec-lamine-yamal_7297959.html#xtor=RSS-3-[lestitres]
[2025-06-08T19:57:51.764+0000] {rss_scrap.py:37} INFO - Scraping : https://www.franceinfo.fr/sports/rugby/top-14/top-14-acces-direct-en-demi-finales-course-a-la-phase-finale-maintien-les-enjeux-de-la-26e-et-derniere-journee-de-la-phase-reguliere_7293444.html#xtor=RSS-3-[lestitres]
[2025-06-08T19:57:52.264+0000] {rss_scrap.py:37} INFO - Scraping : https://www.franceinfo.fr/societe/harcelement-sexuel/j-ai-ete-sdf-pendant-quelque-temps-apres-le-harcelement-chez-ubisoft-la-double-peine-pour-les-victimes-confrontees-a-la-precarite_7296243.html#xtor=RSS-3-[lestitres]
[2025-06-08T19:57:52.603+0000] {rss_scrap.py:37} INFO - Scraping : https://www.franceinfo.fr/culture/arts-expos/nuit-blanche-2025-six-propositions-immanquables-samedi-a-paris_7291788.html#xtor=RSS-3-[lestitres]
[2025-06-08T19:57:52.922+0000] {rss_scrap.py:37} INFO - Scraping : https://www.franceinfo.fr/roland-garros/directs/direct-finale-de-roland-garros-2025-carlos-alcaraz-parviendra-t-il-a-defendre-son-titre-contre-jannik-sinner-suivez-et-commentez-le-choc-avec-nous_7299639.html#xtor=RSS-3-[lestitres]
[2025-06-08T19:57:53.366+0000] {rss_scrap.py:37} INFO - Scraping : https://www.franceinfo.fr/monde/proche-orient/guerre/direct-guerre-a-gaza-le-ministre-de-la-defense-israelien-ordonne-a-l-armee-d-empecher-le-navire-humanitaire-de-greta-thunberg-et-rima-hassan-d-atteindre-les-cotes_7299888.html#xtor=RSS-3-[lestitres]
[2025-06-08T19:57:53.814+0000] {rss_scrap.py:37} INFO - Scraping : https://www.franceinfo.fr/monde/europe/manifestations-en-ukraine/info-franceinfo-le-groupe-automobile-renault-va-produire-des-drones-en-ukraine_7299834.html#xtor=RSS-3-[lestitres]
[2025-06-08T19:57:54.147+0000] {rss_scrap.py:37} INFO - Scraping : https://www.franceinfo.fr/sports/foot/ligue-des-nations/ligue-des-nations-l-equipe-de-france-remporte-sans-briller-la-petite-finale-contre-l-allemagne_7299924.html#xtor=RSS-3-[lestitres]
[2025-06-08T19:57:54.465+0000] {rss_scrap.py:37} INFO - Scraping : https://www.franceinfo.fr/environnement/catastrophes-naturelles/seismes/un-seisme-de-magnitude-6-5-frappe-la-colombie-dont-la-capitale-bogota_7299960.html#xtor=RSS-3-[lestitres]
[2025-06-08T19:57:54.889+0000] {rss_scrap.py:37} INFO - Scraping : https://www.franceinfo.fr/faits-divers/terrorisme/attentat-raciste-a-puget-sur-argens/reportage-je-condamne-cet-acte-immonde-et-inhumain-a-marseille-une-marche-blanche-en-hommage-a-hichem-miraoui-victime-de-l-attentat-raciste-de-puget-sur-argens_7299915.html#xtor=RSS-3-[lestitres]
[2025-06-08T19:57:55.593+0000] {rss_scrap.py:37} INFO - Scraping : https://www.franceinfo.fr/environnement/biodiversite/protection-des-oceans/unoc-conference-sur-l-ocean/reportage-merous-par-centaines-dialogue-avec-les-pecheurs-la-reserve-marine-de-banyuls-cerbere-un-modele-a-suivre-pour-proteger-la-mer_7293420.html#xtor=RSS-3-[lestitres]
[2025-06-08T19:57:56.121+0000] {rss_scrap.py:37} INFO - Scraping : https://www.franceinfo.fr/societe/violences-faites-aux-femmes/l-acteur-et-chanteur-jared-leto-accuse-de-harcelement-ou-d-agression-sexuelle-par-plusieurs-femmes-parfois-mineures-au-moment-des-faits_7299864.html#xtor=RSS-3-[lestitres]
[2025-06-08T19:57:56.480+0000] {rss_scrap.py:37} INFO - Scraping : https://www.franceinfo.fr/sports/cyclisme/criterium-du-dauphine/criterium-du-dauphine-tadej-pogacar-s-impose-au-sprint-sur-la-premiere-etape-devant-jonas-vingegaard-et-s-empare-du-maillot-jaune_7299909.html#xtor=RSS-3-[lestitres]
[2025-06-08T19:57:56.590+0000] {local_task_job_runner.py:302} WARNING - State of this instance has been externally set to None. Terminating instance.
[2025-06-08T19:57:56.593+0000] {process_utils.py:131} INFO - Sending 15 to group 198. PIDs of all processes in the group: [198]
[2025-06-08T19:57:56.594+0000] {process_utils.py:86} INFO - Sending the signal 15 to group 198
[2025-06-08T19:57:56.594+0000] {taskinstance.py:2450} ERROR - Received SIGTERM. Terminating subprocesses.
[2025-06-08T19:57:56.595+0000] {rss_scrap.py:15} WARNING - ❌ Erreur avec https://www.franceinfo.fr/sports/cyclisme/criterium-du-dauphine/criterium-du-dauphine-tadej-pogacar-s-impose-au-sprint-sur-la-premiere-etape-devant-jonas-vingegaard-et-s-empare-du-maillot-jaune_7299909.html#xtor=RSS-3-[lestitres] : Task received SIGTERM signal
[2025-06-08T19:57:56.596+0000] {rss_scrap.py:37} INFO - Scraping : https://www.franceinfo.fr/environnement/energie/suspension-maprimerenov-le-guichet-rouvrira-au-plus-tard-a-la-fin-du-mois-de-septembre-annonce-le-ministre-de-l-economie-eric-lombard_7299819.html#xtor=RSS-3-[lestitres]
[2025-06-08T19:57:57.015+0000] {rss_scrap.py:37} INFO - Scraping : https://www.franceinfo.fr/environnement/pollution/pollution-des-mers-et-des-oceans/mission-info-comment-le-plastique-menace-t-il-nos-oceans_7295661.html#xtor=RSS-3-[lestitres]
[2025-06-08T19:57:57.404+0000] {rss_scrap.py:37} INFO - Scraping : https://www.franceinfo.fr/monde/europe/manifestations-en-ukraine/reportage-guerre-en-ukraine-cremes-anti-age-cosmetiques-soins-capillaires-les-produits-de-beaute-une-autre-maniere-de-resister_7284099.html#xtor=RSS-3-[lestitres]
[2025-06-08T19:57:57.800+0000] {rss_scrap.py:37} INFO - Scraping : https://www.franceinfo.fr/faits-divers/terrorisme/attentat-raciste-a-puget-sur-argens/hichem-miraoui-victime-de-l-attentat-raciste-a-puget-sur-argens-un-coiffeur-super-gentil-pour-qui-deux-marches-blanches-sont-organisees-dimanche_7293285.html#xtor=RSS-3-[lestitres]
[2025-06-08T19:57:58.179+0000] {rss_scrap.py:37} INFO - Scraping : https://www.franceinfo.fr/france/auvergne-rhone-alpes/loire/saint-etienne/marche-des-fiertes-a-saint-etienne-un-homme-agresse-sexuellement-un-groupe-de-femmes-et-tient-des-propos-homophobes_7299897.html#xtor=RSS-3-[lestitres]
[2025-06-08T19:57:58.539+0000] {rss_scrap.py:37} INFO - Scraping : https://www.franceinfo.fr/culture/livres/reportage-festival-etonnants-voyageurs-sur-les-traces-d-aristote-a-saint-malo-avec-simon-parcot_7299903.html#xtor=RSS-3-[lestitres]
[2025-06-08T19:57:58.812+0000] {rss_scrap.py:37} INFO - Scraping : https://www.franceinfo.fr/roland-garros/videos/video-roland-garros-2025-les-championnes-olympiques-italiennes-jasmine-paolini-et-sara-errani-titrees-en-double-dames_7299879.html#xtor=RSS-3-[lestitres]
[2025-06-08T19:57:59.090+0000] {rss_scrap.py:37} INFO - Scraping : https://www.franceinfo.fr/culture/cinema/festival-annecy/festival-d-annecy-2025-maya-donne-moi-un-autre-titre-la-suite-des-dessins-animes-loufoques-de-michel-gondry-a-sa-fille_7299597.html#xtor=RSS-3-[lestitres]
[2025-06-08T19:57:59.397+0000] {rss_scrap.py:37} INFO - Scraping : https://www.franceinfo.fr/france/hauts-de-france/pas-de-calais/pas-de-calais-appeles-pour-des-violences-conjugales-des-policiers-tuent-un-homme-menacant-a-wingles_7299942.html#xtor=RSS-3-[lestitres]
[2025-06-08T19:57:59.724+0000] {rss_scrap.py:37} INFO - Scraping : https://www.franceinfo.fr/economie/budget/budget-2026-le-compte-n-y-est-pas-concernant-les-economies-a-realiser-recadre-amelie-de-montchalin_7299681.html#xtor=RSS-3-[lestitres]
[2025-06-08T19:58:00.036+0000] {rss_scrap.py:37} INFO - Scraping : https://www.franceinfo.fr/economie/retraite/reforme-des-retraites/repousser-l-age-de-depart-au-dela-de-64-ans-pourquoi-le-rapport-du-conseil-d-orientation-des-retraites-relance-le-debat-et-herisse-les-syndicats_7298184.html#xtor=RSS-3-[lestitres]
[2025-06-08T19:58:00.552+0000] {rss_scrap.py:37} INFO - Scraping : https://www.franceinfo.fr/environnement/biodiversite/protection-des-oceans/unoc-conference-sur-l-ocean/l-ocean-va-mal-avant-la-conference-de-l-onu-a-nice-le-barometre-starfish-livre-son-premier-bulletin-annuel-sur-l-etat-de-sante-des-mers_7298025.html#xtor=RSS-3-[lestitres]
[2025-06-08T19:58:00.931+0000] {rss_scrap.py:37} INFO - Scraping : https://www.franceinfo.fr/monde/usa/presidentielle/donald-trump/donald-trump-deploie-la-garde-nationale-a-los-angeles-apres-des-affrontements-entre-la-population-et-la-police-de-l-immigration_7299528.html#xtor=RSS-3-[lestitres]
[2025-06-08T19:58:01.257+0000] {rss_scrap.py:37} INFO - Scraping : https://www.franceinfo.fr/replay-radio/le-choix-franceinfo/reportage-j-ai-le-droit-de-voter-et-de-participer-au-changement-des-femmes-syriennes-de-retour-a-damas-pour-peser-sur-le-renouveau-du-pays_7271253.html#xtor=RSS-3-[lestitres]
[2025-06-08T19:58:01.580+0000] {rss_scrap.py:37} INFO - Scraping : https://www.franceinfo.fr/environnement/biodiversite/protection-des-oceans/unoc-conference-sur-l-ocean/dans-le-documentaire-l-appel-de-l-ocean-le-naturaliste-david-attenborough-alerte-sur-les-ravages-de-la-peche-industrielle_7265535.html#xtor=RSS-3-[lestitres]
[2025-06-08T19:58:01.956+0000] {rss_scrap.py:37} INFO - Scraping : https://www.franceinfo.fr/monde/usa/khaby-lame-tiktokeur-le-plus-suivi-au-monde-brievement-arrete-aux-etats-unis-apres-l-expiration-de-son-visa_7299738.html#xtor=RSS-3-[lestitres]
[2025-06-08T19:58:02.427+0000] {rss_scrap.py:37} INFO - Scraping : https://www.franceinfo.fr/environnement/biodiversite/protection-des-oceans/unoc-conference-sur-l-ocean/sommet-sur-l-ocean-a-nice-a-quoi-doit-servir-l-unoc-3-la-conference-de-l-onu-qui-commence-lundi_7295631.html#xtor=RSS-3-[lestitres]
[2025-06-08T19:58:02.771+0000] {rss_scrap.py:37} INFO - Scraping : https://www.franceinfo.fr/faits-divers/jeune-de-17-ans-tue-a-dax-un-suspect-mineur-s-est-rendu-a-la-police-a-bordeaux_7299606.html#xtor=RSS-3-[lestitres]
[2025-06-08T19:58:03.103+0000] {rss_scrap.py:37} INFO - Scraping : https://www.franceinfo.fr/environnement/biodiversite/protection-des-oceans/unoc-conference-sur-l-ocean/chalutage-dans-les-aires-marines-protegees-des-ong-demandent-a-emmanuel-macron-l-interdiction-de-cette-peche-et-pas-seulement-sa-limitation_7299651.html#xtor=RSS-3-[lestitres]
[2025-06-08T19:58:03.505+0000] {rss_scrap.py:37} INFO - Scraping : https://www.franceinfo.fr/faits-divers/terrorisme/attentat-raciste-a-puget-sur-argens/reportage-c-etait-un-super-garcon-les-habitants-de-puget-sur-argens-ont-marche-pour-hichem-un-enfant-au-grand-c-ur-adopte-par-le-village_7299891.html#xtor=RSS-3-[lestitres]
[2025-06-08T19:58:03.822+0000] {rss_scrap.py:37} INFO - Scraping : https://www.franceinfo.fr/monde/europe/manifestations-en-ukraine/guerre-en-ukraine-l-armee-russe-annonce-attaquer-la-region-ukrainienne-de-dnipropetrovsk_7299708.html#xtor=RSS-3-[lestitres]
[2025-06-08T19:58:04.152+0000] {rss_scrap.py:37} INFO - Scraping : https://www.franceinfo.fr/monde/europe/manifestations-en-ukraine/guerre-en-ukraine-l-echange-de-prisonniers-avec-la-russie-se-tiendra-bien-la-semaine-prochaine-annonce-kiev_7299912.html#xtor=RSS-3-[lestitres]
[2025-06-08T19:58:04.472+0000] {rss_scrap.py:37} INFO - Scraping : https://www.franceinfo.fr/environnement/biodiversite/protection-des-oceans/unoc-conference-sur-l-ocean/remettre-en-cause-la-priorite-donnee-au-climat-est-une-enorme-erreur-juge-emmanuel-macron-a-la-veille-de-la-conference-de-l-onu-sur-l-ocean_7300125.html#xtor=RSS-3-[lestitres]
[2025-06-08T19:58:04.851+0000] {rss_scrap.py:37} INFO - Scraping : https://www.franceinfo.fr/france/hauts-de-france/nord/nord-une-enquete-pour-meurtre-ouverte-apres-la-decouverte-du-corps-d-une-femme-enterree-dans-le-jardin-familial-son-compagnon-en-garde-a-vue_7300071.html#xtor=RSS-3-[lestitres]
[2025-06-08T19:58:05.164+0000] {rss_scrap.py:37} INFO - Scraping : https://www.franceinfo.fr/environnement/biodiversite/protection-des-oceans/unoc-conference-sur-l-ocean/sommet-sur-l-ocean-a-nice-la-france-promet-d-interdire-le-chalutage-de-fond-dans-4-des-eaux-autour-de-l-hexagone-et-decoit-les-ong_7300002.html#xtor=RSS-3-[lestitres]
[2025-06-08T19:58:05.735+0000] {rss_scrap.py:37} INFO - Scraping : https://www.franceinfo.fr/economie/retraite/reforme-des-retraites/video-repousser-l-age-de-depart-a-la-retraite-au-dela-de-64-ans-sophie-binet-denonce-un-tableau-pas-acceptable_7300152.html#xtor=RSS-3-[lestitres]
[2025-06-08T19:58:06.113+0000] {rss_scrap.py:37} INFO - Scraping : https://www.franceinfo.fr/roland-garros/carlos-alcaraz-conserve-son-titre-a-roland-garros-apres-avoir-renverse-jannik-sinner-au-terme-de-la-plus-longue-finale-de-l-histoire-a-paris_7300155.html#xtor=RSS-3-[lestitres]
[2025-06-08T19:58:06.434+0000] {rss_scrap.py:45} INFO - 64 articles enrichis avec le champ 'content'.
[2025-06-08T19:58:06.443+0000] {taskinstance.py:2698} ERROR - Task failed with exception
Traceback (most recent call last):
  File "/home/airflow/.local/lib/python3.10/site-packages/airflow/models/taskinstance.py", line 433, in _execute_task
    result = execute_callable(context=context, **execute_callable_kwargs)
  File "/home/airflow/.local/lib/python3.10/site-packages/airflow/operators/python.py", line 199, in execute
    return_value = self.execute_callable()
  File "/home/airflow/.local/lib/python3.10/site-packages/airflow/operators/python.py", line 216, in execute_callable
    return self.python_callable(*self.op_args, **self.op_kwargs)
  File "/opt/airflow/dags/rss_scrap_dag.py", line 56, in step_3_scrape_content
    context["ti"].xcom_push(key="enriched_articles", value=enriched)
  File "/home/airflow/.local/lib/python3.10/site-packages/airflow/utils/session.py", line 79, in wrapper
    return func(*args, session=session, **kwargs)
  File "/home/airflow/.local/lib/python3.10/site-packages/airflow/models/taskinstance.py", line 2980, in xcom_push
    XCom.set(
  File "/home/airflow/.local/lib/python3.10/site-packages/airflow/utils/session.py", line 76, in wrapper
    return func(*args, **kwargs)
  File "/home/airflow/.local/lib/python3.10/site-packages/airflow/models/xcom.py", line 224, in set
    raise ValueError(f"DAG run not found on DAG {dag_id!r} with ID {run_id!r}")
ValueError: DAG run not found on DAG 'news_ingestion_pipeline' with ID 'manual__2025-06-08T19:57:33.868110+00:00'
[2025-06-08T19:58:06.454+0000] {taskinstance.py:1138} INFO - Marking task as FAILED. dag_id=news_ingestion_pipeline, task_id=scrape_content, execution_date=20250608T195733, start_date=20250608T195741, end_date=20250608T195806
[2025-06-08T19:58:06.469+0000] {standard_task_runner.py:107} ERROR - Failed to execute job 106 for task scrape_content ((psycopg2.errors.ForeignKeyViolation) insert or update on table "task_fail" violates foreign key constraint "task_fail_ti_fkey"
DETAIL:  Key (dag_id, task_id, run_id, map_index)=(news_ingestion_pipeline, scrape_content, manual__2025-06-08T19:57:33.868110+00:00, -1) is not present in table "task_instance".

[SQL: INSERT INTO task_fail (task_id, dag_id, run_id, map_index, start_date, end_date, duration) VALUES (%(task_id)s, %(dag_id)s, %(run_id)s, %(map_index)s, %(start_date)s, %(end_date)s, %(duration)s) RETURNING task_fail.id]
[parameters: {'task_id': 'scrape_content', 'dag_id': 'news_ingestion_pipeline', 'run_id': 'manual__2025-06-08T19:57:33.868110+00:00', 'map_index': -1, 'start_date': datetime.datetime(2025, 6, 8, 19, 57, 41, 415731, tzinfo=Timezone('UTC')), 'end_date': datetime.datetime(2025, 6, 8, 19, 58, 6, 453708, tzinfo=Timezone('UTC')), 'duration': 25}]
(Background on this error at: https://sqlalche.me/e/14/gkpj); 198)
[2025-06-08T19:58:06.509+0000] {process_utils.py:79} INFO - Process psutil.Process(pid=198, status='terminated', exitcode=1, started='19:57:41') (198) terminated with exit code 1
