[2025-06-06T12:04:32.620+0000] {processor.py:161} INFO - Started process (PID=33) to work on /opt/airflow/dags/rss_to_bq.py
[2025-06-06T12:04:32.622+0000] {processor.py:830} INFO - Processing file /opt/airflow/dags/rss_to_bq.py for tasks to queue
[2025-06-06T12:04:32.624+0000] {logging_mixin.py:188} INFO - [2025-06-06T12:04:32.624+0000] {dagbag.py:538} INFO - Filling up the DagBag from /opt/airflow/dags/rss_to_bq.py
[2025-06-06T12:04:32.663+0000] {processor.py:840} INFO - DAG(s) 'rss_to_bq' retrieved from /opt/airflow/dags/rss_to_bq.py
[2025-06-06T12:04:32.851+0000] {logging_mixin.py:188} INFO - [2025-06-06T12:04:32.850+0000] {override.py:1769} INFO - Created Permission View: can read on DAG:rss_to_bq
[2025-06-06T12:04:32.861+0000] {logging_mixin.py:188} INFO - [2025-06-06T12:04:32.860+0000] {override.py:1769} INFO - Created Permission View: can edit on DAG:rss_to_bq
[2025-06-06T12:04:32.867+0000] {logging_mixin.py:188} INFO - [2025-06-06T12:04:32.867+0000] {override.py:1769} INFO - Created Permission View: can delete on DAG:rss_to_bq
[2025-06-06T12:04:32.868+0000] {logging_mixin.py:188} INFO - [2025-06-06T12:04:32.868+0000] {dag.py:3036} INFO - Sync 1 DAGs
[2025-06-06T12:04:32.878+0000] {logging_mixin.py:188} INFO - [2025-06-06T12:04:32.878+0000] {dag.py:3058} INFO - Creating ORM DAG for rss_to_bq
[2025-06-06T12:04:32.888+0000] {logging_mixin.py:188} INFO - [2025-06-06T12:04:32.888+0000] {dag.py:3823} INFO - Setting next_dagrun for rss_to_bq to 2025-06-06 00:00:00+00:00, run_after=2025-06-07 00:00:00+00:00
[2025-06-06T12:04:32.908+0000] {processor.py:183} INFO - Processing /opt/airflow/dags/rss_to_bq.py took 0.291 seconds
[2025-06-06T12:05:03.069+0000] {processor.py:161} INFO - Started process (PID=34) to work on /opt/airflow/dags/rss_to_bq.py
[2025-06-06T12:05:03.071+0000] {processor.py:830} INFO - Processing file /opt/airflow/dags/rss_to_bq.py for tasks to queue
[2025-06-06T12:05:03.073+0000] {logging_mixin.py:188} INFO - [2025-06-06T12:05:03.073+0000] {dagbag.py:538} INFO - Filling up the DagBag from /opt/airflow/dags/rss_to_bq.py
[2025-06-06T12:05:03.095+0000] {processor.py:840} INFO - DAG(s) 'rss_to_bq' retrieved from /opt/airflow/dags/rss_to_bq.py
[2025-06-06T12:05:03.119+0000] {logging_mixin.py:188} INFO - [2025-06-06T12:05:03.119+0000] {dag.py:3036} INFO - Sync 1 DAGs
[2025-06-06T12:05:03.139+0000] {logging_mixin.py:188} INFO - [2025-06-06T12:05:03.139+0000] {dag.py:3823} INFO - Setting next_dagrun for rss_to_bq to 2025-06-06 00:00:00+00:00, run_after=2025-06-07 00:00:00+00:00
[2025-06-06T12:05:03.157+0000] {processor.py:183} INFO - Processing /opt/airflow/dags/rss_to_bq.py took 0.092 seconds
[2025-06-06T12:05:33.225+0000] {processor.py:161} INFO - Started process (PID=35) to work on /opt/airflow/dags/rss_to_bq.py
[2025-06-06T12:05:33.226+0000] {processor.py:830} INFO - Processing file /opt/airflow/dags/rss_to_bq.py for tasks to queue
[2025-06-06T12:05:33.228+0000] {logging_mixin.py:188} INFO - [2025-06-06T12:05:33.228+0000] {dagbag.py:538} INFO - Filling up the DagBag from /opt/airflow/dags/rss_to_bq.py
[2025-06-06T12:05:33.252+0000] {processor.py:840} INFO - DAG(s) 'rss_to_bq' retrieved from /opt/airflow/dags/rss_to_bq.py
[2025-06-06T12:05:33.279+0000] {logging_mixin.py:188} INFO - [2025-06-06T12:05:33.278+0000] {dag.py:3036} INFO - Sync 1 DAGs
[2025-06-06T12:05:33.298+0000] {logging_mixin.py:188} INFO - [2025-06-06T12:05:33.298+0000] {dag.py:3823} INFO - Setting next_dagrun for rss_to_bq to 2025-06-06 00:00:00+00:00, run_after=2025-06-07 00:00:00+00:00
[2025-06-06T12:05:33.436+0000] {processor.py:183} INFO - Processing /opt/airflow/dags/rss_to_bq.py took 0.216 seconds
[2025-06-06T12:06:03.596+0000] {processor.py:161} INFO - Started process (PID=36) to work on /opt/airflow/dags/rss_to_bq.py
[2025-06-06T12:06:03.597+0000] {processor.py:830} INFO - Processing file /opt/airflow/dags/rss_to_bq.py for tasks to queue
[2025-06-06T12:06:03.600+0000] {logging_mixin.py:188} INFO - [2025-06-06T12:06:03.600+0000] {dagbag.py:538} INFO - Filling up the DagBag from /opt/airflow/dags/rss_to_bq.py
[2025-06-06T12:06:03.623+0000] {processor.py:840} INFO - DAG(s) 'rss_to_bq' retrieved from /opt/airflow/dags/rss_to_bq.py
[2025-06-06T12:06:03.648+0000] {logging_mixin.py:188} INFO - [2025-06-06T12:06:03.647+0000] {dag.py:3036} INFO - Sync 1 DAGs
[2025-06-06T12:06:03.668+0000] {logging_mixin.py:188} INFO - [2025-06-06T12:06:03.668+0000] {dag.py:3823} INFO - Setting next_dagrun for rss_to_bq to 2025-06-06 00:00:00+00:00, run_after=2025-06-07 00:00:00+00:00
[2025-06-06T12:06:03.689+0000] {processor.py:183} INFO - Processing /opt/airflow/dags/rss_to_bq.py took 0.097 seconds
[2025-06-06T12:06:33.758+0000] {processor.py:161} INFO - Started process (PID=37) to work on /opt/airflow/dags/rss_to_bq.py
[2025-06-06T12:06:33.759+0000] {processor.py:830} INFO - Processing file /opt/airflow/dags/rss_to_bq.py for tasks to queue
[2025-06-06T12:06:33.762+0000] {logging_mixin.py:188} INFO - [2025-06-06T12:06:33.761+0000] {dagbag.py:538} INFO - Filling up the DagBag from /opt/airflow/dags/rss_to_bq.py
[2025-06-06T12:06:33.784+0000] {processor.py:840} INFO - DAG(s) 'rss_to_bq' retrieved from /opt/airflow/dags/rss_to_bq.py
[2025-06-06T12:06:33.810+0000] {logging_mixin.py:188} INFO - [2025-06-06T12:06:33.810+0000] {dag.py:3036} INFO - Sync 1 DAGs
[2025-06-06T12:06:33.833+0000] {logging_mixin.py:188} INFO - [2025-06-06T12:06:33.832+0000] {dag.py:3823} INFO - Setting next_dagrun for rss_to_bq to 2025-06-06 00:00:00+00:00, run_after=2025-06-07 00:00:00+00:00
[2025-06-06T12:06:33.852+0000] {processor.py:183} INFO - Processing /opt/airflow/dags/rss_to_bq.py took 0.097 seconds
[2025-06-06T12:07:04.019+0000] {processor.py:161} INFO - Started process (PID=38) to work on /opt/airflow/dags/rss_to_bq.py
[2025-06-06T12:07:04.020+0000] {processor.py:830} INFO - Processing file /opt/airflow/dags/rss_to_bq.py for tasks to queue
[2025-06-06T12:07:04.022+0000] {logging_mixin.py:188} INFO - [2025-06-06T12:07:04.021+0000] {dagbag.py:538} INFO - Filling up the DagBag from /opt/airflow/dags/rss_to_bq.py
[2025-06-06T12:07:04.044+0000] {processor.py:840} INFO - DAG(s) 'rss_to_bq' retrieved from /opt/airflow/dags/rss_to_bq.py
[2025-06-06T12:07:04.068+0000] {logging_mixin.py:188} INFO - [2025-06-06T12:07:04.067+0000] {dag.py:3036} INFO - Sync 1 DAGs
[2025-06-06T12:07:04.090+0000] {logging_mixin.py:188} INFO - [2025-06-06T12:07:04.090+0000] {dag.py:3823} INFO - Setting next_dagrun for rss_to_bq to 2025-06-06 00:00:00+00:00, run_after=2025-06-07 00:00:00+00:00
[2025-06-06T12:07:04.108+0000] {processor.py:183} INFO - Processing /opt/airflow/dags/rss_to_bq.py took 0.093 seconds
[2025-06-06T12:07:34.193+0000] {processor.py:161} INFO - Started process (PID=39) to work on /opt/airflow/dags/rss_to_bq.py
[2025-06-06T12:07:34.194+0000] {processor.py:830} INFO - Processing file /opt/airflow/dags/rss_to_bq.py for tasks to queue
[2025-06-06T12:07:34.197+0000] {logging_mixin.py:188} INFO - [2025-06-06T12:07:34.196+0000] {dagbag.py:538} INFO - Filling up the DagBag from /opt/airflow/dags/rss_to_bq.py
[2025-06-06T12:07:34.218+0000] {processor.py:840} INFO - DAG(s) 'rss_to_bq' retrieved from /opt/airflow/dags/rss_to_bq.py
[2025-06-06T12:07:34.242+0000] {logging_mixin.py:188} INFO - [2025-06-06T12:07:34.242+0000] {dag.py:3036} INFO - Sync 1 DAGs
[2025-06-06T12:07:34.261+0000] {logging_mixin.py:188} INFO - [2025-06-06T12:07:34.261+0000] {dag.py:3823} INFO - Setting next_dagrun for rss_to_bq to 2025-06-06 00:00:00+00:00, run_after=2025-06-07 00:00:00+00:00
[2025-06-06T12:07:34.281+0000] {processor.py:183} INFO - Processing /opt/airflow/dags/rss_to_bq.py took 0.092 seconds
[2025-06-06T12:08:04.444+0000] {processor.py:161} INFO - Started process (PID=40) to work on /opt/airflow/dags/rss_to_bq.py
[2025-06-06T12:08:04.445+0000] {processor.py:830} INFO - Processing file /opt/airflow/dags/rss_to_bq.py for tasks to queue
[2025-06-06T12:08:04.447+0000] {logging_mixin.py:188} INFO - [2025-06-06T12:08:04.447+0000] {dagbag.py:538} INFO - Filling up the DagBag from /opt/airflow/dags/rss_to_bq.py
[2025-06-06T12:08:04.471+0000] {processor.py:840} INFO - DAG(s) 'rss_to_bq' retrieved from /opt/airflow/dags/rss_to_bq.py
[2025-06-06T12:08:04.494+0000] {logging_mixin.py:188} INFO - [2025-06-06T12:08:04.494+0000] {dag.py:3036} INFO - Sync 1 DAGs
[2025-06-06T12:08:04.513+0000] {logging_mixin.py:188} INFO - [2025-06-06T12:08:04.513+0000] {dag.py:3823} INFO - Setting next_dagrun for rss_to_bq to 2025-06-06 00:00:00+00:00, run_after=2025-06-07 00:00:00+00:00
[2025-06-06T12:08:04.532+0000] {processor.py:183} INFO - Processing /opt/airflow/dags/rss_to_bq.py took 0.091 seconds
[2025-06-06T12:08:14.509+0000] {processor.py:161} INFO - Started process (PID=41) to work on /opt/airflow/dags/rss_to_bq.py
[2025-06-06T12:08:14.510+0000] {processor.py:830} INFO - Processing file /opt/airflow/dags/rss_to_bq.py for tasks to queue
[2025-06-06T12:08:14.513+0000] {logging_mixin.py:188} INFO - [2025-06-06T12:08:14.512+0000] {dagbag.py:538} INFO - Filling up the DagBag from /opt/airflow/dags/rss_to_bq.py
[2025-06-06T12:08:14.540+0000] {processor.py:840} INFO - DAG(s) 'rss_to_bq' retrieved from /opt/airflow/dags/rss_to_bq.py
[2025-06-06T12:08:14.565+0000] {logging_mixin.py:188} INFO - [2025-06-06T12:08:14.565+0000] {dag.py:3036} INFO - Sync 1 DAGs
[2025-06-06T12:08:14.586+0000] {logging_mixin.py:188} INFO - [2025-06-06T12:08:14.586+0000] {dag.py:3823} INFO - Setting next_dagrun for rss_to_bq to 2025-06-06 00:00:00+00:00, run_after=2025-06-07 00:00:00+00:00
[2025-06-06T12:08:14.607+0000] {processor.py:183} INFO - Processing /opt/airflow/dags/rss_to_bq.py took 0.102 seconds
[2025-06-06T12:08:44.774+0000] {processor.py:161} INFO - Started process (PID=42) to work on /opt/airflow/dags/rss_to_bq.py
[2025-06-06T12:08:44.776+0000] {processor.py:830} INFO - Processing file /opt/airflow/dags/rss_to_bq.py for tasks to queue
[2025-06-06T12:08:44.778+0000] {logging_mixin.py:188} INFO - [2025-06-06T12:08:44.778+0000] {dagbag.py:538} INFO - Filling up the DagBag from /opt/airflow/dags/rss_to_bq.py
[2025-06-06T12:08:44.802+0000] {processor.py:840} INFO - DAG(s) 'rss_to_bq' retrieved from /opt/airflow/dags/rss_to_bq.py
[2025-06-06T12:08:44.829+0000] {logging_mixin.py:188} INFO - [2025-06-06T12:08:44.829+0000] {dag.py:3036} INFO - Sync 1 DAGs
[2025-06-06T12:08:44.849+0000] {logging_mixin.py:188} INFO - [2025-06-06T12:08:44.849+0000] {dag.py:3823} INFO - Setting next_dagrun for rss_to_bq to 2025-06-06 00:00:00+00:00, run_after=2025-06-07 00:00:00+00:00
[2025-06-06T12:08:44.902+0000] {processor.py:183} INFO - Processing /opt/airflow/dags/rss_to_bq.py took 0.131 seconds
[2025-06-06T12:09:14.949+0000] {processor.py:161} INFO - Started process (PID=43) to work on /opt/airflow/dags/rss_to_bq.py
[2025-06-06T12:09:14.950+0000] {processor.py:830} INFO - Processing file /opt/airflow/dags/rss_to_bq.py for tasks to queue
[2025-06-06T12:09:14.953+0000] {logging_mixin.py:188} INFO - [2025-06-06T12:09:14.953+0000] {dagbag.py:538} INFO - Filling up the DagBag from /opt/airflow/dags/rss_to_bq.py
[2025-06-06T12:09:14.978+0000] {processor.py:840} INFO - DAG(s) 'rss_to_bq' retrieved from /opt/airflow/dags/rss_to_bq.py
[2025-06-06T12:09:15.009+0000] {logging_mixin.py:188} INFO - [2025-06-06T12:09:15.009+0000] {dag.py:3036} INFO - Sync 1 DAGs
[2025-06-06T12:09:15.037+0000] {logging_mixin.py:188} INFO - [2025-06-06T12:09:15.037+0000] {dag.py:3823} INFO - Setting next_dagrun for rss_to_bq to 2025-06-06 00:00:00+00:00, run_after=2025-06-07 00:00:00+00:00
[2025-06-06T12:09:15.057+0000] {processor.py:183} INFO - Processing /opt/airflow/dags/rss_to_bq.py took 0.113 seconds
[2025-06-06T12:09:45.254+0000] {processor.py:161} INFO - Started process (PID=44) to work on /opt/airflow/dags/rss_to_bq.py
[2025-06-06T12:09:45.256+0000] {processor.py:830} INFO - Processing file /opt/airflow/dags/rss_to_bq.py for tasks to queue
[2025-06-06T12:09:45.258+0000] {logging_mixin.py:188} INFO - [2025-06-06T12:09:45.258+0000] {dagbag.py:538} INFO - Filling up the DagBag from /opt/airflow/dags/rss_to_bq.py
[2025-06-06T12:09:45.282+0000] {processor.py:840} INFO - DAG(s) 'rss_to_bq' retrieved from /opt/airflow/dags/rss_to_bq.py
[2025-06-06T12:09:45.312+0000] {logging_mixin.py:188} INFO - [2025-06-06T12:09:45.312+0000] {dag.py:3036} INFO - Sync 1 DAGs
[2025-06-06T12:09:45.334+0000] {logging_mixin.py:188} INFO - [2025-06-06T12:09:45.334+0000] {dag.py:3823} INFO - Setting next_dagrun for rss_to_bq to 2025-06-06 00:00:00+00:00, run_after=2025-06-07 00:00:00+00:00
[2025-06-06T12:09:45.353+0000] {processor.py:183} INFO - Processing /opt/airflow/dags/rss_to_bq.py took 0.102 seconds
[2025-06-06T12:10:15.431+0000] {processor.py:161} INFO - Started process (PID=45) to work on /opt/airflow/dags/rss_to_bq.py
[2025-06-06T12:10:15.432+0000] {processor.py:830} INFO - Processing file /opt/airflow/dags/rss_to_bq.py for tasks to queue
[2025-06-06T12:10:15.435+0000] {logging_mixin.py:188} INFO - [2025-06-06T12:10:15.435+0000] {dagbag.py:538} INFO - Filling up the DagBag from /opt/airflow/dags/rss_to_bq.py
[2025-06-06T12:10:15.463+0000] {processor.py:840} INFO - DAG(s) 'rss_to_bq' retrieved from /opt/airflow/dags/rss_to_bq.py
[2025-06-06T12:10:15.498+0000] {logging_mixin.py:188} INFO - [2025-06-06T12:10:15.497+0000] {dag.py:3036} INFO - Sync 1 DAGs
[2025-06-06T12:10:15.517+0000] {logging_mixin.py:188} INFO - [2025-06-06T12:10:15.517+0000] {dag.py:3823} INFO - Setting next_dagrun for rss_to_bq to 2025-06-06 00:00:00+00:00, run_after=2025-06-07 00:00:00+00:00
[2025-06-06T12:10:15.534+0000] {processor.py:183} INFO - Processing /opt/airflow/dags/rss_to_bq.py took 0.107 seconds
[2025-06-06T12:10:45.668+0000] {processor.py:161} INFO - Started process (PID=46) to work on /opt/airflow/dags/rss_to_bq.py
[2025-06-06T12:10:45.669+0000] {processor.py:830} INFO - Processing file /opt/airflow/dags/rss_to_bq.py for tasks to queue
[2025-06-06T12:10:45.672+0000] {logging_mixin.py:188} INFO - [2025-06-06T12:10:45.671+0000] {dagbag.py:538} INFO - Filling up the DagBag from /opt/airflow/dags/rss_to_bq.py
[2025-06-06T12:10:45.694+0000] {processor.py:840} INFO - DAG(s) 'rss_to_bq' retrieved from /opt/airflow/dags/rss_to_bq.py
[2025-06-06T12:10:45.718+0000] {logging_mixin.py:188} INFO - [2025-06-06T12:10:45.717+0000] {dag.py:3036} INFO - Sync 1 DAGs
[2025-06-06T12:10:45.736+0000] {logging_mixin.py:188} INFO - [2025-06-06T12:10:45.736+0000] {dag.py:3823} INFO - Setting next_dagrun for rss_to_bq to 2025-06-06 00:00:00+00:00, run_after=2025-06-07 00:00:00+00:00
[2025-06-06T12:10:45.755+0000] {processor.py:183} INFO - Processing /opt/airflow/dags/rss_to_bq.py took 0.090 seconds
[2025-06-06T12:11:15.833+0000] {processor.py:161} INFO - Started process (PID=47) to work on /opt/airflow/dags/rss_to_bq.py
[2025-06-06T12:11:15.834+0000] {processor.py:830} INFO - Processing file /opt/airflow/dags/rss_to_bq.py for tasks to queue
[2025-06-06T12:11:15.836+0000] {logging_mixin.py:188} INFO - [2025-06-06T12:11:15.836+0000] {dagbag.py:538} INFO - Filling up the DagBag from /opt/airflow/dags/rss_to_bq.py
[2025-06-06T12:11:15.869+0000] {processor.py:840} INFO - DAG(s) 'rss_to_bq' retrieved from /opt/airflow/dags/rss_to_bq.py
[2025-06-06T12:11:15.907+0000] {logging_mixin.py:188} INFO - [2025-06-06T12:11:15.907+0000] {dag.py:3036} INFO - Sync 1 DAGs
[2025-06-06T12:11:15.927+0000] {logging_mixin.py:188} INFO - [2025-06-06T12:11:15.927+0000] {dag.py:3823} INFO - Setting next_dagrun for rss_to_bq to 2025-06-06 00:00:00+00:00, run_after=2025-06-07 00:00:00+00:00
[2025-06-06T12:11:15.944+0000] {processor.py:183} INFO - Processing /opt/airflow/dags/rss_to_bq.py took 0.116 seconds
[2025-06-06T12:11:46.062+0000] {processor.py:161} INFO - Started process (PID=48) to work on /opt/airflow/dags/rss_to_bq.py
[2025-06-06T12:11:46.063+0000] {processor.py:830} INFO - Processing file /opt/airflow/dags/rss_to_bq.py for tasks to queue
[2025-06-06T12:11:46.066+0000] {logging_mixin.py:188} INFO - [2025-06-06T12:11:46.065+0000] {dagbag.py:538} INFO - Filling up the DagBag from /opt/airflow/dags/rss_to_bq.py
[2025-06-06T12:11:46.088+0000] {processor.py:840} INFO - DAG(s) 'rss_to_bq' retrieved from /opt/airflow/dags/rss_to_bq.py
[2025-06-06T12:11:46.111+0000] {logging_mixin.py:188} INFO - [2025-06-06T12:11:46.111+0000] {dag.py:3036} INFO - Sync 1 DAGs
[2025-06-06T12:11:46.131+0000] {logging_mixin.py:188} INFO - [2025-06-06T12:11:46.131+0000] {dag.py:3823} INFO - Setting next_dagrun for rss_to_bq to 2025-06-06 00:00:00+00:00, run_after=2025-06-07 00:00:00+00:00
[2025-06-06T12:11:46.150+0000] {processor.py:183} INFO - Processing /opt/airflow/dags/rss_to_bq.py took 0.091 seconds
[2025-06-06T12:12:16.249+0000] {processor.py:161} INFO - Started process (PID=49) to work on /opt/airflow/dags/rss_to_bq.py
[2025-06-06T12:12:16.250+0000] {processor.py:830} INFO - Processing file /opt/airflow/dags/rss_to_bq.py for tasks to queue
[2025-06-06T12:12:16.252+0000] {logging_mixin.py:188} INFO - [2025-06-06T12:12:16.252+0000] {dagbag.py:538} INFO - Filling up the DagBag from /opt/airflow/dags/rss_to_bq.py
[2025-06-06T12:12:16.271+0000] {processor.py:840} INFO - DAG(s) 'rss_to_bq' retrieved from /opt/airflow/dags/rss_to_bq.py
[2025-06-06T12:12:16.295+0000] {logging_mixin.py:188} INFO - [2025-06-06T12:12:16.295+0000] {dag.py:3036} INFO - Sync 1 DAGs
[2025-06-06T12:12:16.314+0000] {logging_mixin.py:188} INFO - [2025-06-06T12:12:16.314+0000] {dag.py:3823} INFO - Setting next_dagrun for rss_to_bq to 2025-06-06 00:00:00+00:00, run_after=2025-06-07 00:00:00+00:00
[2025-06-06T12:12:16.332+0000] {processor.py:183} INFO - Processing /opt/airflow/dags/rss_to_bq.py took 0.087 seconds
[2025-06-06T12:12:46.459+0000] {processor.py:161} INFO - Started process (PID=50) to work on /opt/airflow/dags/rss_to_bq.py
[2025-06-06T12:12:46.460+0000] {processor.py:830} INFO - Processing file /opt/airflow/dags/rss_to_bq.py for tasks to queue
[2025-06-06T12:12:46.463+0000] {logging_mixin.py:188} INFO - [2025-06-06T12:12:46.462+0000] {dagbag.py:538} INFO - Filling up the DagBag from /opt/airflow/dags/rss_to_bq.py
[2025-06-06T12:12:46.484+0000] {processor.py:840} INFO - DAG(s) 'rss_to_bq' retrieved from /opt/airflow/dags/rss_to_bq.py
[2025-06-06T12:12:46.513+0000] {logging_mixin.py:188} INFO - [2025-06-06T12:12:46.513+0000] {dag.py:3036} INFO - Sync 1 DAGs
[2025-06-06T12:12:46.534+0000] {logging_mixin.py:188} INFO - [2025-06-06T12:12:46.534+0000] {dag.py:3823} INFO - Setting next_dagrun for rss_to_bq to 2025-06-06 00:00:00+00:00, run_after=2025-06-07 00:00:00+00:00
[2025-06-06T12:12:46.552+0000] {processor.py:183} INFO - Processing /opt/airflow/dags/rss_to_bq.py took 0.097 seconds
[2025-06-06T12:13:16.665+0000] {processor.py:161} INFO - Started process (PID=51) to work on /opt/airflow/dags/rss_to_bq.py
[2025-06-06T12:13:16.667+0000] {processor.py:830} INFO - Processing file /opt/airflow/dags/rss_to_bq.py for tasks to queue
[2025-06-06T12:13:16.669+0000] {logging_mixin.py:188} INFO - [2025-06-06T12:13:16.668+0000] {dagbag.py:538} INFO - Filling up the DagBag from /opt/airflow/dags/rss_to_bq.py
[2025-06-06T12:13:16.690+0000] {processor.py:840} INFO - DAG(s) 'rss_to_bq' retrieved from /opt/airflow/dags/rss_to_bq.py
[2025-06-06T12:13:16.715+0000] {logging_mixin.py:188} INFO - [2025-06-06T12:13:16.714+0000] {dag.py:3036} INFO - Sync 1 DAGs
[2025-06-06T12:13:16.733+0000] {logging_mixin.py:188} INFO - [2025-06-06T12:13:16.733+0000] {dag.py:3823} INFO - Setting next_dagrun for rss_to_bq to 2025-06-06 00:00:00+00:00, run_after=2025-06-07 00:00:00+00:00
[2025-06-06T12:13:16.751+0000] {processor.py:183} INFO - Processing /opt/airflow/dags/rss_to_bq.py took 0.090 seconds
[2025-06-06T12:13:46.888+0000] {processor.py:161} INFO - Started process (PID=52) to work on /opt/airflow/dags/rss_to_bq.py
[2025-06-06T12:13:46.889+0000] {processor.py:830} INFO - Processing file /opt/airflow/dags/rss_to_bq.py for tasks to queue
[2025-06-06T12:13:46.891+0000] {logging_mixin.py:188} INFO - [2025-06-06T12:13:46.891+0000] {dagbag.py:538} INFO - Filling up the DagBag from /opt/airflow/dags/rss_to_bq.py
[2025-06-06T12:13:46.910+0000] {processor.py:840} INFO - DAG(s) 'rss_to_bq' retrieved from /opt/airflow/dags/rss_to_bq.py
[2025-06-06T12:13:46.933+0000] {logging_mixin.py:188} INFO - [2025-06-06T12:13:46.933+0000] {dag.py:3036} INFO - Sync 1 DAGs
[2025-06-06T12:13:46.952+0000] {logging_mixin.py:188} INFO - [2025-06-06T12:13:46.952+0000] {dag.py:3823} INFO - Setting next_dagrun for rss_to_bq to 2025-06-06 00:00:00+00:00, run_after=2025-06-07 00:00:00+00:00
[2025-06-06T12:13:46.971+0000] {processor.py:183} INFO - Processing /opt/airflow/dags/rss_to_bq.py took 0.086 seconds
[2025-06-06T12:14:17.059+0000] {processor.py:161} INFO - Started process (PID=53) to work on /opt/airflow/dags/rss_to_bq.py
[2025-06-06T12:14:17.061+0000] {processor.py:830} INFO - Processing file /opt/airflow/dags/rss_to_bq.py for tasks to queue
[2025-06-06T12:14:17.063+0000] {logging_mixin.py:188} INFO - [2025-06-06T12:14:17.062+0000] {dagbag.py:538} INFO - Filling up the DagBag from /opt/airflow/dags/rss_to_bq.py
[2025-06-06T12:14:17.085+0000] {processor.py:840} INFO - DAG(s) 'rss_to_bq' retrieved from /opt/airflow/dags/rss_to_bq.py
[2025-06-06T12:14:17.109+0000] {logging_mixin.py:188} INFO - [2025-06-06T12:14:17.108+0000] {dag.py:3036} INFO - Sync 1 DAGs
[2025-06-06T12:14:17.127+0000] {logging_mixin.py:188} INFO - [2025-06-06T12:14:17.127+0000] {dag.py:3823} INFO - Setting next_dagrun for rss_to_bq to 2025-06-06 00:00:00+00:00, run_after=2025-06-07 00:00:00+00:00
[2025-06-06T12:14:17.146+0000] {processor.py:183} INFO - Processing /opt/airflow/dags/rss_to_bq.py took 0.091 seconds
