[2025-06-08T19:52:52.632+0000] {taskinstance.py:1956} INFO - Dependencies all met for dep_context=non-requeueable deps ti=<TaskInstance: news_ingestion_pipeline.scrape_content manual__2025-06-08T19:52:43.382463+00:00 [queued]>
[2025-06-08T19:52:52.640+0000] {taskinstance.py:1956} INFO - Dependencies all met for dep_context=requeueable deps ti=<TaskInstance: news_ingestion_pipeline.scrape_content manual__2025-06-08T19:52:43.382463+00:00 [queued]>
[2025-06-08T19:52:52.641+0000] {taskinstance.py:2170} INFO - Starting attempt 1 of 2
[2025-06-08T19:52:52.657+0000] {taskinstance.py:2191} INFO - Executing <Task(PythonOperator): scrape_content> on 2025-06-08 19:52:43.382463+00:00
[2025-06-08T19:52:52.664+0000] {standard_task_runner.py:60} INFO - Started process 123 to run task
[2025-06-08T19:52:52.668+0000] {standard_task_runner.py:87} INFO - Running: ['***', 'tasks', 'run', 'news_ingestion_pipeline', 'scrape_content', 'manual__2025-06-08T19:52:43.382463+00:00', '--job-id', '81', '--raw', '--subdir', 'DAGS_FOLDER/rss_scrap_dag.py', '--cfg-path', '/tmp/tmpmdju_vfw']
[2025-06-08T19:52:52.672+0000] {standard_task_runner.py:88} INFO - Job 81: Subtask scrape_content
[2025-06-08T19:52:52.732+0000] {task_command.py:423} INFO - Running <TaskInstance: news_ingestion_pipeline.scrape_content manual__2025-06-08T19:52:43.382463+00:00 [running]> on host 44e96206a18a
[2025-06-08T19:52:52.801+0000] {taskinstance.py:2480} INFO - Exporting env vars: AIRFLOW_CTX_DAG_OWNER='***' AIRFLOW_CTX_DAG_ID='news_ingestion_pipeline' AIRFLOW_CTX_TASK_ID='scrape_content' AIRFLOW_CTX_EXECUTION_DATE='2025-06-08T19:52:43.382463+00:00' AIRFLOW_CTX_TRY_NUMBER='1' AIRFLOW_CTX_DAG_RUN_ID='manual__2025-06-08T19:52:43.382463+00:00'
[2025-06-08T19:52:52.816+0000] {rss_scrap.py:37} INFO - Scraping : https://www.franceinfo.fr/environnement/maprimrenov-suppression-des-zones-a-faibles-emissions-emmanuel-macron-denonce-le-detricotage-de-plusieurs-mesures-ecologiques_7298379.html#xtor=RSS-3-[lestitres]
[2025-06-08T19:52:53.368+0000] {rss_scrap.py:37} INFO - Scraping : https://www.franceinfo.fr/roland-garros/videos/video-roland-garros-2025-revivez-la-finale-spectaculaire-remportee-par-coco-gauff-face-a-aryna-sabalenka_7298340.html#xtor=RSS-3-[lestitres]
[2025-06-08T19:52:53.714+0000] {rss_scrap.py:37} INFO - Scraping : https://www.franceinfo.fr/monde/proche-orient/guerre/guerre-au-proche-orient-le-bateau-humanitaire-madleen-se-rapproche-de-gaza-apres-avoir-atteint-la-cote-egyptienne_7298373.html#xtor=RSS-3-[lestitres]
[2025-06-08T19:52:54.095+0000] {rss_scrap.py:37} INFO - Scraping : https://www.franceinfo.fr/economie/bitcoin/enlevements-dans-le-milieu-des-cryptomonnaies-les-entrepreneurs-vont-pouvoir-plus-facilement-demander-la-protection-de-leurs-adresses-personnelles_7298289.html#xtor=RSS-3-[lestitres]
[2025-06-08T19:52:54.478+0000] {rss_scrap.py:37} INFO - Scraping : https://www.franceinfo.fr/societe/antisemitisme/coup-de-chaise-en-pleine-rue-suspect-hospitalise-sous-contrainte-ce-que-l-on-sait-de-l-agression-d-un-rabbin-a-neuilly-sur-seine_7297809.html#xtor=RSS-3-[lestitres]
[2025-06-08T19:52:54.986+0000] {rss_scrap.py:37} INFO - Scraping : https://www.franceinfo.fr/monde/usa/presidentielle/donald-trump/il-en-paiera-les-consequences-donald-trump-menace-elon-musk-s-il-decidait-de-se-retourner-contre-lui_7298421.html#xtor=RSS-3-[lestitres]
[2025-06-08T19:52:55.319+0000] {rss_scrap.py:37} INFO - Scraping : https://www.franceinfo.fr/politique/elisabeth-borne-invite-a-eviter-la-surenchere-de-mesures-eculees-apres-chaque-chaque-actualite-dramatique_7298343.html#xtor=RSS-3-[lestitres]
[2025-06-08T19:52:55.815+0000] {rss_scrap.py:37} INFO - Scraping : https://www.franceinfo.fr/monde/syrie/chute-de-bachar-al-assad/luxe-secret-et-montagnes-de-billets-l-exil-dore-du-dictateur-syrien-dechu-bachar-al-assad-a-moscou-six-mois-apres-la-chute-du-regime_7224126.html#xtor=RSS-3-[lestitres]
[2025-06-08T19:52:56.230+0000] {rss_scrap.py:37} INFO - Scraping : https://www.franceinfo.fr/monde/europe/manifestations-en-ukraine/je-suis-si-heureuse-qu-il-soit-en-vie-en-ukraine-le-combat-d-anna-au-cote-de-son-mari-ampute-apres-une-attaque-de-drone_7296402.html#xtor=RSS-3-[lestitres]
[2025-06-08T19:52:56.635+0000] {rss_scrap.py:37} INFO - Scraping : https://www.franceinfo.fr/economie/retraite/reforme-des-retraites/retraites-ce-qu-on-nous-a-presente-comme-une-solution-miracle-ne-marche-pas-assure-le-depute-lfi-eric-coquerel_7298031.html#xtor=RSS-3-[lestitres]
[2025-06-08T19:52:56.993+0000] {rss_scrap.py:37} INFO - Scraping : https://www.franceinfo.fr/france/normandie/calvados/calvados-une-enquete-ouverte-apres-la-disparition-en-mer-d-un-plaisancier_7298286.html#xtor=RSS-3-[lestitres]
[2025-06-08T19:52:57.359+0000] {rss_scrap.py:37} INFO - Scraping : https://www.franceinfo.fr/societe/lgbt/reportage-pride-des-banlieues-a-la-courneuve-un-defile-pour-la-tolerance-et-pour-denoncer-la-precarite-et-le-racisme_7298259.html#xtor=RSS-3-[lestitres]
[2025-06-08T19:52:57.722+0000] {rss_scrap.py:37} INFO - Scraping : https://www.franceinfo.fr/politique/emmanuel-macron/qu-est-ce-que-ca-apporterait-probablement-pas-une-majorite-la-classe-politique-divisee-sur-une-nouvelle-dissolution-de-l-assemblee_7291038.html#xtor=RSS-3-[lestitres]
[2025-06-08T19:52:58.089+0000] {rss_scrap.py:37} INFO - Scraping : https://www.franceinfo.fr/france/ile-de-france/un-homme-qui-comparaissait-pour-tentative-de-meurtre-s-est-evade-du-tribunal-de-versailles_7298082.html#xtor=RSS-3-[lestitres]
[2025-06-08T19:52:58.407+0000] {rss_scrap.py:37} INFO - Scraping : https://www.franceinfo.fr/culture/livres/reportage-gaza-et-l-ukraine-planent-sur-l-ouverture-du-festival-etonnants-voyageurs-a-saint-malo_7298181.html#xtor=RSS-3-[lestitres]
[2025-06-08T19:52:58.789+0000] {rss_scrap.py:37} INFO - Scraping : https://www.franceinfo.fr/faits-divers/incendie-mortel-a-reims-le-depart-du-feu-provoque-par-une-trottinette-electrique-selon-le-procureur_7297851.html#xtor=RSS-3-[lestitres]
[2025-06-08T19:52:59.169+0000] {rss_scrap.py:37} INFO - Scraping : https://www.franceinfo.fr/faits-divers/un-trafic-de-cocaine-entre-la-france-et-le-bresil-demantele-annonce-la-gendarmerie-nationale_7297905.html#xtor=RSS-3-[lestitres]
[2025-06-08T19:52:59.718+0000] {rss_scrap.py:37} INFO - Scraping : https://www.franceinfo.fr/culture/musique/rock/le-concert-d-adieu-de-black-sabbath-et-ses-invites-debut-juillet-sera-accessible-en-ligne-moyennant-27-euros_7298130.html#xtor=RSS-3-[lestitres]
[2025-06-08T19:53:00.168+0000] {rss_scrap.py:37} INFO - Scraping : https://www.franceinfo.fr/france/auvergne-rhone-alpes/triathlon-alpsman-mort-d-un-concurrent-sur-l-epreuve-cycliste-apres-une-collision-avec-un-camion-la-zone-n-etait-pas-particulierement-accidentogene_7298142.html#xtor=RSS-3-[lestitres]
[2025-06-08T19:53:01.073+0000] {rss_scrap.py:37} INFO - Scraping : https://www.franceinfo.fr/societe/education/admission-post-bac/entretien-passer-le-bac-a-13-ans-dans-ma-tete-c-etait-assez-normal-se-souvient-pierre-antoine_7297830.html#xtor=RSS-3-[lestitres]
[2025-06-08T19:53:01.460+0000] {rss_scrap.py:37} INFO - Scraping : https://www.franceinfo.fr/monde/europe/union-europeenne/reportage-je-ne-vois-pas-mon-avenir-ici-en-hongrie-viktor-orban-interdit-les-symboles-lgbt-sur-les-batiments-publics_7298322.html#xtor=RSS-3-[lestitres]
[2025-06-08T19:53:01.818+0000] {rss_scrap.py:37} INFO - Scraping : https://www.franceinfo.fr/economie/seine-maritime-l-etat-entre-au-capital-du-projet-de-reprise-de-la-papeterie-chapelle-darblay-a-hauteur-de-27-millions-d-euros_7298088.html#xtor=RSS-3-[lestitres]
[2025-06-08T19:53:02.480+0000] {rss_scrap.py:37} INFO - Scraping : https://www.franceinfo.fr/france/occitanie/haute-garonne/haute-garonne-16-tonnes-de-viande-avariee-decouvertes-dans-un-supermarche-de-toulouse_7298118.html#xtor=RSS-3-[lestitres]
[2025-06-08T19:53:02.855+0000] {rss_scrap.py:37} INFO - Scraping : https://www.franceinfo.fr/culture/livres/les-sept-romans-immanquables-a-lire-avant-l-ete_7294065.html#xtor=RSS-3-[lestitres]
[2025-06-08T19:53:03.258+0000] {rss_scrap.py:37} INFO - Scraping : https://www.franceinfo.fr/monde/emmanuel-macron-se-rendra-le-15-juin-au-groenland-territoire-autonome-du-danemark-convoite-par-donald-trump_7297908.html#xtor=RSS-3-[lestitres]
[2025-06-08T19:53:03.683+0000] {rss_scrap.py:37} INFO - Scraping : https://www.franceinfo.fr/sports/foot/ligue-des-nations/je-vote-pour-dembele-repond-kylian-mbappe-a-propos-de-la-course-au-ballon-d-or-avec-lamine-yamal_7297959.html#xtor=RSS-3-[lestitres]
[2025-06-08T19:53:04.021+0000] {rss_scrap.py:37} INFO - Scraping : https://www.franceinfo.fr/sports/rugby/top-14/top-14-acces-direct-en-demi-finales-course-a-la-phase-finale-maintien-les-enjeux-de-la-26e-et-derniere-journee-de-la-phase-reguliere_7293444.html#xtor=RSS-3-[lestitres]
[2025-06-08T19:53:04.388+0000] {rss_scrap.py:37} INFO - Scraping : https://www.franceinfo.fr/societe/harcelement-sexuel/j-ai-ete-sdf-pendant-quelque-temps-apres-le-harcelement-chez-ubisoft-la-double-peine-pour-les-victimes-confrontees-a-la-precarite_7296243.html#xtor=RSS-3-[lestitres]
[2025-06-08T19:53:04.790+0000] {rss_scrap.py:37} INFO - Scraping : https://www.franceinfo.fr/culture/arts-expos/nuit-blanche-2025-six-propositions-immanquables-samedi-a-paris_7291788.html#xtor=RSS-3-[lestitres]
[2025-06-08T19:53:05.119+0000] {rss_scrap.py:37} INFO - Scraping : https://www.franceinfo.fr/roland-garros/directs/direct-finale-de-roland-garros-2025-carlos-alcaraz-parviendra-t-il-a-defendre-son-titre-contre-jannik-sinner-suivez-et-commentez-le-choc-avec-nous_7299639.html#xtor=RSS-3-[lestitres]
[2025-06-08T19:53:05.455+0000] {rss_scrap.py:37} INFO - Scraping : https://www.franceinfo.fr/monde/proche-orient/guerre/direct-guerre-a-gaza-le-ministre-de-la-defense-israelien-ordonne-a-l-armee-d-empecher-le-navire-humanitaire-de-greta-thunberg-et-rima-hassan-d-atteindre-les-cotes_7299888.html#xtor=RSS-3-[lestitres]
[2025-06-08T19:53:05.897+0000] {rss_scrap.py:37} INFO - Scraping : https://www.franceinfo.fr/monde/europe/manifestations-en-ukraine/info-franceinfo-le-groupe-automobile-renault-va-produire-des-drones-en-ukraine_7299834.html#xtor=RSS-3-[lestitres]
[2025-06-08T19:53:06.223+0000] {rss_scrap.py:37} INFO - Scraping : https://www.franceinfo.fr/sports/foot/ligue-des-nations/ligue-des-nations-l-equipe-de-france-remporte-sans-briller-la-petite-finale-contre-l-allemagne_7299924.html#xtor=RSS-3-[lestitres]
[2025-06-08T19:53:06.494+0000] {rss_scrap.py:37} INFO - Scraping : https://www.franceinfo.fr/environnement/catastrophes-naturelles/seismes/un-seisme-de-magnitude-6-5-frappe-la-colombie-dont-la-capitale-bogota_7299960.html#xtor=RSS-3-[lestitres]
[2025-06-08T19:53:06.912+0000] {rss_scrap.py:37} INFO - Scraping : https://www.franceinfo.fr/faits-divers/terrorisme/attentat-raciste-a-puget-sur-argens/reportage-je-condamne-cet-acte-immonde-et-inhumain-a-marseille-une-marche-blanche-en-hommage-a-hichem-miraoui-victime-de-l-attentat-raciste-de-puget-sur-argens_7299915.html#xtor=RSS-3-[lestitres]
[2025-06-08T19:53:07.790+0000] {rss_scrap.py:37} INFO - Scraping : https://www.franceinfo.fr/environnement/biodiversite/protection-des-oceans/unoc-conference-sur-l-ocean/reportage-merous-par-centaines-dialogue-avec-les-pecheurs-la-reserve-marine-de-banyuls-cerbere-un-modele-a-suivre-pour-proteger-la-mer_7293420.html#xtor=RSS-3-[lestitres]
[2025-06-08T19:53:08.407+0000] {rss_scrap.py:37} INFO - Scraping : https://www.franceinfo.fr/societe/violences-faites-aux-femmes/l-acteur-et-chanteur-jared-leto-accuse-de-harcelement-ou-d-agression-sexuelle-par-plusieurs-femmes-parfois-mineures-au-moment-des-faits_7299864.html#xtor=RSS-3-[lestitres]
[2025-06-08T19:53:08.769+0000] {rss_scrap.py:37} INFO - Scraping : https://www.franceinfo.fr/sports/cyclisme/criterium-du-dauphine/criterium-du-dauphine-tadej-pogacar-s-impose-au-sprint-sur-la-premiere-etape-devant-jonas-vingegaard-et-s-empare-du-maillot-jaune_7299909.html#xtor=RSS-3-[lestitres]
[2025-06-08T19:53:09.062+0000] {rss_scrap.py:37} INFO - Scraping : https://www.franceinfo.fr/environnement/energie/suspension-maprimerenov-le-guichet-rouvrira-au-plus-tard-a-la-fin-du-mois-de-septembre-annonce-le-ministre-de-l-economie-eric-lombard_7299819.html#xtor=RSS-3-[lestitres]
[2025-06-08T19:53:09.412+0000] {rss_scrap.py:37} INFO - Scraping : https://www.franceinfo.fr/environnement/pollution/pollution-des-mers-et-des-oceans/mission-info-comment-le-plastique-menace-t-il-nos-oceans_7295661.html#xtor=RSS-3-[lestitres]
[2025-06-08T19:53:09.746+0000] {rss_scrap.py:37} INFO - Scraping : https://www.franceinfo.fr/monde/europe/manifestations-en-ukraine/reportage-guerre-en-ukraine-cremes-anti-age-cosmetiques-soins-capillaires-les-produits-de-beaute-une-autre-maniere-de-resister_7284099.html#xtor=RSS-3-[lestitres]
[2025-06-08T19:53:10.089+0000] {rss_scrap.py:37} INFO - Scraping : https://www.franceinfo.fr/faits-divers/terrorisme/attentat-raciste-a-puget-sur-argens/hichem-miraoui-victime-de-l-attentat-raciste-a-puget-sur-argens-un-coiffeur-super-gentil-pour-qui-deux-marches-blanches-sont-organisees-dimanche_7293285.html#xtor=RSS-3-[lestitres]
[2025-06-08T19:53:10.437+0000] {rss_scrap.py:37} INFO - Scraping : https://www.franceinfo.fr/france/auvergne-rhone-alpes/loire/saint-etienne/marche-des-fiertes-a-saint-etienne-un-homme-agresse-sexuellement-un-groupe-de-femmes-et-tient-des-propos-homophobes_7299897.html#xtor=RSS-3-[lestitres]
[2025-06-08T19:53:10.773+0000] {rss_scrap.py:37} INFO - Scraping : https://www.franceinfo.fr/culture/livres/reportage-festival-etonnants-voyageurs-sur-les-traces-d-aristote-a-saint-malo-avec-simon-parcot_7299903.html#xtor=RSS-3-[lestitres]
[2025-06-08T19:53:11.072+0000] {rss_scrap.py:37} INFO - Scraping : https://www.franceinfo.fr/roland-garros/videos/video-roland-garros-2025-les-championnes-olympiques-italiennes-jasmine-paolini-et-sara-errani-titrees-en-double-dames_7299879.html#xtor=RSS-3-[lestitres]
[2025-06-08T19:53:11.364+0000] {rss_scrap.py:37} INFO - Scraping : https://www.franceinfo.fr/culture/cinema/festival-annecy/festival-d-annecy-2025-maya-donne-moi-un-autre-titre-la-suite-des-dessins-animes-loufoques-de-michel-gondry-a-sa-fille_7299597.html#xtor=RSS-3-[lestitres]
[2025-06-08T19:53:11.665+0000] {rss_scrap.py:37} INFO - Scraping : https://www.franceinfo.fr/france/hauts-de-france/pas-de-calais/pas-de-calais-appeles-pour-des-violences-conjugales-des-policiers-tuent-un-homme-menacant-a-wingles_7299942.html#xtor=RSS-3-[lestitres]
[2025-06-08T19:53:11.997+0000] {rss_scrap.py:37} INFO - Scraping : https://www.franceinfo.fr/economie/budget/budget-2026-le-compte-n-y-est-pas-concernant-les-economies-a-realiser-recadre-amelie-de-montchalin_7299681.html#xtor=RSS-3-[lestitres]
[2025-06-08T19:53:12.366+0000] {rss_scrap.py:37} INFO - Scraping : https://www.franceinfo.fr/economie/retraite/reforme-des-retraites/repousser-l-age-de-depart-au-dela-de-64-ans-pourquoi-le-rapport-du-conseil-d-orientation-des-retraites-relance-le-debat-et-herisse-les-syndicats_7298184.html#xtor=RSS-3-[lestitres]
[2025-06-08T19:53:12.742+0000] {rss_scrap.py:37} INFO - Scraping : https://www.franceinfo.fr/environnement/biodiversite/protection-des-oceans/unoc-conference-sur-l-ocean/l-ocean-va-mal-avant-la-conference-de-l-onu-a-nice-le-barometre-starfish-livre-son-premier-bulletin-annuel-sur-l-etat-de-sante-des-mers_7298025.html#xtor=RSS-3-[lestitres]
[2025-06-08T19:53:13.083+0000] {rss_scrap.py:37} INFO - Scraping : https://www.franceinfo.fr/monde/usa/presidentielle/donald-trump/donald-trump-deploie-la-garde-nationale-a-los-angeles-apres-des-affrontements-entre-la-population-et-la-police-de-l-immigration_7299528.html#xtor=RSS-3-[lestitres]
[2025-06-08T19:53:13.405+0000] {rss_scrap.py:37} INFO - Scraping : https://www.franceinfo.fr/replay-radio/le-choix-franceinfo/reportage-j-ai-le-droit-de-voter-et-de-participer-au-changement-des-femmes-syriennes-de-retour-a-damas-pour-peser-sur-le-renouveau-du-pays_7271253.html#xtor=RSS-3-[lestitres]
[2025-06-08T19:53:13.792+0000] {rss_scrap.py:37} INFO - Scraping : https://www.franceinfo.fr/environnement/biodiversite/protection-des-oceans/unoc-conference-sur-l-ocean/dans-le-documentaire-l-appel-de-l-ocean-le-naturaliste-david-attenborough-alerte-sur-les-ravages-de-la-peche-industrielle_7265535.html#xtor=RSS-3-[lestitres]
[2025-06-08T19:53:14.152+0000] {rss_scrap.py:37} INFO - Scraping : https://www.franceinfo.fr/monde/usa/khaby-lame-tiktokeur-le-plus-suivi-au-monde-brievement-arrete-aux-etats-unis-apres-l-expiration-de-son-visa_7299738.html#xtor=RSS-3-[lestitres]
[2025-06-08T19:53:14.456+0000] {rss_scrap.py:37} INFO - Scraping : https://www.franceinfo.fr/environnement/biodiversite/protection-des-oceans/unoc-conference-sur-l-ocean/sommet-sur-l-ocean-a-nice-a-quoi-doit-servir-l-unoc-3-la-conference-de-l-onu-qui-commence-lundi_7295631.html#xtor=RSS-3-[lestitres]
[2025-06-08T19:53:14.836+0000] {rss_scrap.py:37} INFO - Scraping : https://www.franceinfo.fr/faits-divers/jeune-de-17-ans-tue-a-dax-un-suspect-mineur-s-est-rendu-a-la-police-a-bordeaux_7299606.html#xtor=RSS-3-[lestitres]
[2025-06-08T19:53:15.187+0000] {rss_scrap.py:37} INFO - Scraping : https://www.franceinfo.fr/environnement/biodiversite/protection-des-oceans/unoc-conference-sur-l-ocean/chalutage-dans-les-aires-marines-protegees-des-ong-demandent-a-emmanuel-macron-l-interdiction-de-cette-peche-et-pas-seulement-sa-limitation_7299651.html#xtor=RSS-3-[lestitres]
[2025-06-08T19:53:15.520+0000] {rss_scrap.py:37} INFO - Scraping : https://www.franceinfo.fr/faits-divers/terrorisme/attentat-raciste-a-puget-sur-argens/reportage-c-etait-un-super-garcon-les-habitants-de-puget-sur-argens-ont-marche-pour-hichem-un-enfant-au-grand-c-ur-adopte-par-le-village_7299891.html#xtor=RSS-3-[lestitres]
[2025-06-08T19:53:15.953+0000] {rss_scrap.py:37} INFO - Scraping : https://www.franceinfo.fr/monde/europe/manifestations-en-ukraine/guerre-en-ukraine-l-armee-russe-annonce-attaquer-la-region-ukrainienne-de-dnipropetrovsk_7299708.html#xtor=RSS-3-[lestitres]
[2025-06-08T19:53:16.281+0000] {rss_scrap.py:37} INFO - Scraping : https://www.franceinfo.fr/monde/europe/manifestations-en-ukraine/guerre-en-ukraine-l-echange-de-prisonniers-avec-la-russie-se-tiendra-bien-la-semaine-prochaine-annonce-kiev_7299912.html#xtor=RSS-3-[lestitres]
[2025-06-08T19:53:16.656+0000] {rss_scrap.py:37} INFO - Scraping : https://www.franceinfo.fr/environnement/biodiversite/protection-des-oceans/unoc-conference-sur-l-ocean/remettre-en-cause-la-priorite-donnee-au-climat-est-une-enorme-erreur-juge-emmanuel-macron-a-la-veille-de-la-conference-de-l-onu-sur-l-ocean_7300125.html#xtor=RSS-3-[lestitres]
[2025-06-08T19:53:17.005+0000] {rss_scrap.py:37} INFO - Scraping : https://www.franceinfo.fr/france/hauts-de-france/nord/nord-une-enquete-pour-meurtre-ouverte-apres-la-decouverte-du-corps-d-une-femme-enterree-dans-le-jardin-familial-son-compagnon-en-garde-a-vue_7300071.html#xtor=RSS-3-[lestitres]
[2025-06-08T19:53:17.339+0000] {rss_scrap.py:37} INFO - Scraping : https://www.franceinfo.fr/environnement/biodiversite/protection-des-oceans/unoc-conference-sur-l-ocean/sommet-sur-l-ocean-a-nice-la-france-promet-d-interdire-le-chalutage-de-fond-dans-4-des-eaux-autour-de-l-hexagone-et-decoit-les-ong_7300002.html#xtor=RSS-3-[lestitres]
[2025-06-08T19:53:17.720+0000] {rss_scrap.py:37} INFO - Scraping : https://www.franceinfo.fr/economie/retraite/reforme-des-retraites/video-repousser-l-age-de-depart-a-la-retraite-au-dela-de-64-ans-sophie-binet-denonce-un-tableau-pas-acceptable_7300152.html#xtor=RSS-3-[lestitres]
[2025-06-08T19:53:18.054+0000] {rss_scrap.py:37} INFO - Scraping : https://www.franceinfo.fr/roland-garros/carlos-alcaraz-conserve-son-titre-a-roland-garros-apres-avoir-renverse-jannik-sinner-au-terme-de-la-plus-longue-finale-de-l-histoire-a-paris_7300155.html#xtor=RSS-3-[lestitres]
[2025-06-08T19:53:18.355+0000] {rss_scrap.py:45} INFO - 65 articles enrichis avec le champ 'content'.
[2025-06-08T19:53:18.387+0000] {python.py:201} INFO - Done. Returned value was: None
[2025-06-08T19:53:18.403+0000] {taskinstance.py:1138} INFO - Marking task as SUCCESS. dag_id=news_ingestion_pipeline, task_id=scrape_content, execution_date=20250608T195243, start_date=20250608T195252, end_date=20250608T195318
[2025-06-08T19:53:18.441+0000] {local_task_job_runner.py:234} INFO - Task exited with return code 0
[2025-06-08T19:53:18.457+0000] {taskinstance.py:3280} INFO - 1 downstream tasks scheduled from follow-on schedule check
